
===========================================================================
report_checks -unconstrained
===========================================================================
======================= Fastest Corner ===================================

Startpoint: _330_ (rising edge-triggered flip-flop clocked by clk)
Endpoint: _340_ (rising edge-triggered flip-flop clocked by clk)
Path Group: clk
Path Type: max
Corner: Fastest

Fanout     Cap    Slew   Delay    Time   Description
-----------------------------------------------------------------------------
                          0.00    0.00   clock clk (rise edge)
                          0.00    0.00   clock source latency
     1    0.02    0.00    0.00    0.00 ^ clk (in)
                                         clk (net)
                  0.00    0.00    0.00 ^ clkbuf_0_clk/A (sky130_fd_sc_hd__clkbuf_16)
     4    0.04    0.05    0.09    0.09 ^ clkbuf_0_clk/X (sky130_fd_sc_hd__clkbuf_16)
                                         clknet_0_clk (net)
                  0.05    0.00    0.09 ^ clkbuf_2_3__f_clk/A (sky130_fd_sc_hd__clkbuf_16)
     9    0.03    0.04    0.10    0.19 ^ clkbuf_2_3__f_clk/X (sky130_fd_sc_hd__clkbuf_16)
                                         clknet_2_3__leaf_clk (net)
                  0.04    0.00    0.19 ^ _330_/CLK (sky130_fd_sc_hd__dfrtp_4)
    14    0.05    0.08    0.35    0.53 v _330_/Q (sky130_fd_sc_hd__dfrtp_4)
                                         one_second_counter[0] (net)
                  0.08    0.00    0.54 v _177_/D (sky130_fd_sc_hd__and4_2)
    14    0.05    0.10    0.24    0.78 v _177_/X (sky130_fd_sc_hd__and4_2)
                                         _075_ (net)
                  0.10    0.00    0.78 v _179_/A (sky130_fd_sc_hd__and2_2)
    10    0.05    0.09    0.20    0.98 v _179_/X (sky130_fd_sc_hd__and2_2)
                                         _077_ (net)
                  0.09    0.00    0.98 v _184_/A2 (sky130_fd_sc_hd__o31a_1)
     2    0.03    0.10    0.26    1.25 v _184_/X (sky130_fd_sc_hd__o31a_1)
                                         _082_ (net)
                  0.10    0.00    1.25 v _186_/A2 (sky130_fd_sc_hd__o211ai_2)
     2    0.02    0.20    0.20    1.45 ^ _186_/Y (sky130_fd_sc_hd__o211ai_2)
                                         _084_ (net)
                  0.20    0.00    1.45 ^ _187_/A2 (sky130_fd_sc_hd__a21bo_2)
    18    0.06    0.25    0.26    1.71 ^ _187_/X (sky130_fd_sc_hd__a21bo_2)
                                         _085_ (net)
                  0.25    0.00    1.72 ^ _202_/A (sky130_fd_sc_hd__buf_2)
    20    0.07    0.24    0.25    1.96 ^ _202_/X (sky130_fd_sc_hd__buf_2)
                                         _095_ (net)
                  0.24    0.00    1.97 ^ _225_/A (sky130_fd_sc_hd__and3_1)
     2    0.03    0.20    0.24    2.20 ^ _225_/X (sky130_fd_sc_hd__and3_1)
                                         _112_ (net)
                  0.20    0.00    2.21 ^ _226_/A (sky130_fd_sc_hd__clkbuf_1)
     1    0.02    0.17    0.16    2.36 ^ _226_/X (sky130_fd_sc_hd__clkbuf_1)
                                         _001_ (net)
                  0.17    0.00    2.36 ^ _340_/D (sky130_fd_sc_hd__dfrtp_2)
                                  2.36   data arrival time

                         10.00   10.00   clock clk (rise edge)
                          0.00   10.00   clock source latency
     1    0.02    0.00    0.00   10.00 ^ clk (in)
                                         clk (net)
                  0.00    0.00   10.00 ^ clkbuf_0_clk/A (sky130_fd_sc_hd__clkbuf_16)
     4    0.04    0.05    0.09   10.09 ^ clkbuf_0_clk/X (sky130_fd_sc_hd__clkbuf_16)
                                         clknet_0_clk (net)
                  0.05    0.00   10.09 ^ clkbuf_2_3__f_clk/A (sky130_fd_sc_hd__clkbuf_16)
     9    0.03    0.04    0.10   10.19 ^ clkbuf_2_3__f_clk/X (sky130_fd_sc_hd__clkbuf_16)
                                         clknet_2_3__leaf_clk (net)
                  0.04    0.00   10.19 ^ _340_/CLK (sky130_fd_sc_hd__dfrtp_2)
                          0.00   10.19   clock reconvergence pessimism
                         -0.05   10.14   library setup time
                                 10.14   data required time
-----------------------------------------------------------------------------
                                 10.14   data required time
                                 -2.36   data arrival time
-----------------------------------------------------------------------------
                                  7.78   slack (MET)



======================= Slowest Corner ===================================

Startpoint: _342_ (rising edge-triggered flip-flop clocked by clk)
Endpoint: _340_ (rising edge-triggered flip-flop clocked by clk)
Path Group: clk
Path Type: max
Corner: Slowest

Fanout     Cap    Slew   Delay    Time   Description
-----------------------------------------------------------------------------
                          0.00    0.00   clock clk (rise edge)
                          0.00    0.00   clock source latency
     1    0.02    0.00    0.00    0.00 ^ clk (in)
                                         clk (net)
                  0.00    0.00    0.00 ^ clkbuf_0_clk/A (sky130_fd_sc_hd__clkbuf_16)
     4    0.04    0.10    0.22    0.22 ^ clkbuf_0_clk/X (sky130_fd_sc_hd__clkbuf_16)
                                         clknet_0_clk (net)
                  0.10    0.00    0.22 ^ clkbuf_2_1__f_clk/A (sky130_fd_sc_hd__clkbuf_16)
     9    0.03    0.08    0.25    0.47 ^ clkbuf_2_1__f_clk/X (sky130_fd_sc_hd__clkbuf_16)
                                         clknet_2_1__leaf_clk (net)
                  0.08    0.00    0.47 ^ _342_/CLK (sky130_fd_sc_hd__dfrtp_4)
    10    0.05    0.23    1.15    1.62 v _342_/Q (sky130_fd_sc_hd__dfrtp_4)
                                         one_second_counter[12] (net)
                  0.23    0.00    1.62 v _180_/C (sky130_fd_sc_hd__and4_1)
     4    0.03    0.26    0.64    2.25 v _180_/X (sky130_fd_sc_hd__and4_1)
                                         _078_ (net)
                  0.26    0.00    2.26 v _181_/D (sky130_fd_sc_hd__or4_1)
     1    0.00    0.21    1.07    3.32 v _181_/X (sky130_fd_sc_hd__or4_1)
                                         _079_ (net)
                  0.21    0.00    3.32 v _184_/A3 (sky130_fd_sc_hd__o31a_1)
     2    0.03    0.27    0.70    4.02 v _184_/X (sky130_fd_sc_hd__o31a_1)
                                         _082_ (net)
                  0.27    0.00    4.03 v _186_/A2 (sky130_fd_sc_hd__o211ai_2)
     2    0.02    0.43    0.49    4.52 ^ _186_/Y (sky130_fd_sc_hd__o211ai_2)
                                         _084_ (net)
                  0.43    0.00    4.52 ^ _187_/A2 (sky130_fd_sc_hd__a21bo_2)
    18    0.06    0.52    0.74    5.26 ^ _187_/X (sky130_fd_sc_hd__a21bo_2)
                                         _085_ (net)
                  0.52    0.00    5.26 ^ _202_/A (sky130_fd_sc_hd__buf_2)
    20    0.07    0.50    0.70    5.95 ^ _202_/X (sky130_fd_sc_hd__buf_2)
                                         _095_ (net)
                  0.50    0.00    5.96 ^ _225_/A (sky130_fd_sc_hd__and3_1)
     2    0.03    0.42    0.71    6.67 ^ _225_/X (sky130_fd_sc_hd__and3_1)
                                         _112_ (net)
                  0.42    0.00    6.67 ^ _226_/A (sky130_fd_sc_hd__clkbuf_1)
     1    0.02    0.36    0.48    7.15 ^ _226_/X (sky130_fd_sc_hd__clkbuf_1)
                                         _001_ (net)
                  0.36    0.00    7.15 ^ _340_/D (sky130_fd_sc_hd__dfrtp_2)
                                  7.15   data arrival time

                         10.00   10.00   clock clk (rise edge)
                          0.00   10.00   clock source latency
     1    0.02    0.00    0.00   10.00 ^ clk (in)
                                         clk (net)
                  0.00    0.00   10.00 ^ clkbuf_0_clk/A (sky130_fd_sc_hd__clkbuf_16)
     4    0.04    0.10    0.22   10.22 ^ clkbuf_0_clk/X (sky130_fd_sc_hd__clkbuf_16)
                                         clknet_0_clk (net)
                  0.10    0.00   10.22 ^ clkbuf_2_3__f_clk/A (sky130_fd_sc_hd__clkbuf_16)
     9    0.03    0.08    0.25   10.47 ^ clkbuf_2_3__f_clk/X (sky130_fd_sc_hd__clkbuf_16)
                                         clknet_2_3__leaf_clk (net)
                  0.08    0.00   10.47 ^ _340_/CLK (sky130_fd_sc_hd__dfrtp_2)
                          0.00   10.47   clock reconvergence pessimism
                         -0.21   10.26   library setup time
                                 10.26   data required time
-----------------------------------------------------------------------------
                                 10.26   data required time
                                 -7.15   data arrival time
-----------------------------------------------------------------------------
                                  3.11   slack (MET)



======================= Typical Corner ===================================

Startpoint: _342_ (rising edge-triggered flip-flop clocked by clk)
Endpoint: _340_ (rising edge-triggered flip-flop clocked by clk)
Path Group: clk
Path Type: max
Corner: Typical

Fanout     Cap    Slew   Delay    Time   Description
-----------------------------------------------------------------------------
                          0.00    0.00   clock clk (rise edge)
                          0.00    0.00   clock source latency
     1    0.02    0.00    0.00    0.00 ^ clk (in)
                                         clk (net)
                  0.00    0.00    0.00 ^ clkbuf_0_clk/A (sky130_fd_sc_hd__clkbuf_16)
     4    0.04    0.06    0.13    0.13 ^ clkbuf_0_clk/X (sky130_fd_sc_hd__clkbuf_16)
                                         clknet_0_clk (net)
                  0.06    0.00    0.13 ^ clkbuf_2_1__f_clk/A (sky130_fd_sc_hd__clkbuf_16)
     9    0.03    0.05    0.14    0.27 ^ clkbuf_2_1__f_clk/X (sky130_fd_sc_hd__clkbuf_16)
                                         clknet_2_1__leaf_clk (net)
                  0.05    0.00    0.27 ^ _342_/CLK (sky130_fd_sc_hd__dfrtp_4)
    10    0.05    0.12    0.56    0.83 v _342_/Q (sky130_fd_sc_hd__dfrtp_4)
                                         one_second_counter[12] (net)
                  0.12    0.00    0.83 v _180_/C (sky130_fd_sc_hd__and4_1)
     4    0.03    0.13    0.31    1.14 v _180_/X (sky130_fd_sc_hd__and4_1)
                                         _078_ (net)
                  0.13    0.00    1.14 v _181_/D (sky130_fd_sc_hd__or4_1)
     1    0.00    0.10    0.44    1.58 v _181_/X (sky130_fd_sc_hd__or4_1)
                                         _079_ (net)
                  0.10    0.00    1.58 v _184_/A3 (sky130_fd_sc_hd__o31a_1)
     2    0.03    0.15    0.36    1.94 v _184_/X (sky130_fd_sc_hd__o31a_1)
                                         _082_ (net)
                  0.15    0.00    1.94 v _186_/A2 (sky130_fd_sc_hd__o211ai_2)
     2    0.02    0.27    0.29    2.23 ^ _186_/Y (sky130_fd_sc_hd__o211ai_2)
                                         _084_ (net)
                  0.27    0.00    2.23 ^ _187_/A2 (sky130_fd_sc_hd__a21bo_2)
    18    0.06    0.33    0.40    2.63 ^ _187_/X (sky130_fd_sc_hd__a21bo_2)
                                         _085_ (net)
                  0.33    0.00    2.63 ^ _202_/A (sky130_fd_sc_hd__buf_2)
    20    0.06    0.32    0.38    3.01 ^ _202_/X (sky130_fd_sc_hd__buf_2)
                                         _095_ (net)
                  0.32    0.00    3.02 ^ _225_/A (sky130_fd_sc_hd__and3_1)
     2    0.03    0.27    0.37    3.39 ^ _225_/X (sky130_fd_sc_hd__and3_1)
                                         _112_ (net)
                  0.27    0.00    3.39 ^ _226_/A (sky130_fd_sc_hd__clkbuf_1)
     1    0.02    0.23    0.25    3.64 ^ _226_/X (sky130_fd_sc_hd__clkbuf_1)
                                         _001_ (net)
                  0.23    0.00    3.64 ^ _340_/D (sky130_fd_sc_hd__dfrtp_2)
                                  3.64   data arrival time

                         10.00   10.00   clock clk (rise edge)
                          0.00   10.00   clock source latency
     1    0.02    0.00    0.00   10.00 ^ clk (in)
                                         clk (net)
                  0.00    0.00   10.00 ^ clkbuf_0_clk/A (sky130_fd_sc_hd__clkbuf_16)
     4    0.04    0.06    0.13   10.13 ^ clkbuf_0_clk/X (sky130_fd_sc_hd__clkbuf_16)
                                         clknet_0_clk (net)
                  0.06    0.00   10.13 ^ clkbuf_2_3__f_clk/A (sky130_fd_sc_hd__clkbuf_16)
     9    0.03    0.05    0.14   10.27 ^ clkbuf_2_3__f_clk/X (sky130_fd_sc_hd__clkbuf_16)
                                         clknet_2_3__leaf_clk (net)
                  0.05    0.00   10.27 ^ _340_/CLK (sky130_fd_sc_hd__dfrtp_2)
                          0.00   10.27   clock reconvergence pessimism
                         -0.11   10.17   library setup time
                                 10.17   data required time
-----------------------------------------------------------------------------
                                 10.17   data required time
                                 -3.64   data arrival time
-----------------------------------------------------------------------------
                                  6.52   slack (MET)




===========================================================================
report_checks --slack_max -0.01
============================================================================
======================= Fastest Corner ===================================

No paths found.

======================= Slowest Corner ===================================

No paths found.

======================= Typical Corner ===================================

No paths found.


===========================================================================
 report_check_types -max_slew -max_cap -max_fanout -violators
============================================================================
======================= Fastest Corner ===================================


max slew violations count Fastest: 0
max fanout violations count Fastest: 0
max cap violations count Fastest: 0
======================= Slowest Corner ===================================


max slew violations count Slowest: 0
max fanout violations count Slowest: 0
max cap violations count Slowest: 0
======================= Typical Corner ===================================


max slew violations count Typical: 0
max fanout violations count Typical: 0
max cap violations count Typical: 0

===========================================================================
report_parasitic_annotation -report_unannotated
============================================================================
Found 11 unannotated drivers.
 clkload0/Y
 clkload1/X
 clkload2/X
 project3_10/LO
 project3_11/LO
 project3_12/LO
 project3_13/LO
 project3_14/LO
 project3_15/LO
 project3_16/LO
 project3_9/HI
Found 0 partially unannotated drivers.

===========================================================================
max slew violation count 0
max fanout violation count 0
max cap violation count 0
============================================================================

===========================================================================
check_setup -verbose -unconstrained_endpoints -multiple_clock -no_clock -no_input_delay -loops -generated_clocks
===========================================================================
Warning: There is 1 input port missing set_input_delay.
  rst
Warning: There are 15 unconstrained endpoints.
  an0
  an1
  an2
  an3
  an4
  an5
  an6
  an7
  seg0
  seg1
  seg2
  seg3
  seg4
  seg5
  seg6
