
===========================================================================
 report_power
============================================================================
======================= Fastest Corner ===================================

Group                  Internal  Switching    Leakage      Total
                          Power      Power      Power      Power (Watts)
----------------------------------------------------------------
Sequential             1.51e-04   0.00e+00   3.00e-08   1.51e-04  46.3%
Combinational          2.74e-14   1.50e-13   8.30e-10   8.30e-10   0.0%
Clock                  1.11e-04   6.41e-05   9.28e-10   1.75e-04  53.7%
Macro                  0.00e+00   0.00e+00   0.00e+00   0.00e+00   0.0%
Pad                    0.00e+00   0.00e+00   0.00e+00   0.00e+00   0.0%
----------------------------------------------------------------
Total                  2.62e-04   6.41e-05   3.18e-08   3.26e-04 100.0%
                          80.3%      19.7%       0.0%

======================= Slowest Corner ===================================

Group                  Internal  Switching    Leakage      Total
                          Power      Power      Power      Power (Watts)
----------------------------------------------------------------
Sequential             9.95e-05   0.00e+00   6.06e-07   1.00e-04  45.1%
Combinational          1.76e-14   1.00e-13   7.32e-07   7.32e-07   0.3%
Clock                  7.92e-05   4.17e-05   1.13e-07   1.21e-04  54.5%
Macro                  0.00e+00   0.00e+00   0.00e+00   0.00e+00   0.0%
Pad                    0.00e+00   0.00e+00   0.00e+00   0.00e+00   0.0%
----------------------------------------------------------------
Total                  1.79e-04   4.17e-05   1.45e-06   2.22e-04 100.0%
                          80.6%      18.8%       0.7%

======================= Typical Corner ===================================

Group                  Internal  Switching    Leakage      Total
                          Power      Power      Power      Power (Watts)
----------------------------------------------------------------
Sequential             1.30e-04   0.00e+00   2.97e-08   1.30e-04  46.2%
Combinational          2.16e-14   1.28e-13   6.31e-10   6.31e-10   0.0%
Clock                  9.70e-05   5.37e-05   6.47e-10   1.51e-04  53.8%
Macro                  0.00e+00   0.00e+00   0.00e+00   0.00e+00   0.0%
Pad                    0.00e+00   0.00e+00   0.00e+00   0.00e+00   0.0%
----------------------------------------------------------------
Total                  2.26e-04   5.37e-05   3.10e-08   2.80e-04 100.0%
                          80.8%      19.2%       0.0%

