
===========================================================================
 report_power
============================================================================
======================= Fastest Corner ===================================

Group                  Internal  Switching    Leakage      Total
                          Power      Power      Power      Power (Watts)
----------------------------------------------------------------
Sequential             6.01e-03   8.52e-04   1.49e-08   6.86e-03  44.8%
Combinational          2.70e-03   2.00e-03   2.21e-08   4.70e-03  30.7%
Clock                  1.58e-03   2.16e-03   1.63e-08   3.74e-03  24.5%
Macro                  0.00e+00   0.00e+00   0.00e+00   0.00e+00   0.0%
Pad                    0.00e+00   0.00e+00   0.00e+00   0.00e+00   0.0%
----------------------------------------------------------------
Total                  1.03e-02   5.00e-03   5.33e-08   1.53e-02 100.0%
                          67.3%      32.7%       0.0%

======================= Slowest Corner ===================================

Group                  Internal  Switching    Leakage      Total
                          Power      Power      Power      Power (Watts)
----------------------------------------------------------------
Sequential             4.07e-03   5.44e-04   1.48e-05   4.63e-03  44.5%
Combinational          1.91e-03   1.31e-03   3.06e-05   3.25e-03  31.2%
Clock                  1.14e-03   1.39e-03   1.86e-06   2.53e-03  24.3%
Macro                  0.00e+00   0.00e+00   0.00e+00   0.00e+00   0.0%
Pad                    0.00e+00   0.00e+00   0.00e+00   0.00e+00   0.0%
----------------------------------------------------------------
Total                  7.13e-03   3.24e-03   4.73e-05   1.04e-02 100.0%
                          68.4%      31.1%       0.5%

======================= Typical Corner ===================================

Group                  Internal  Switching    Leakage      Total
                          Power      Power      Power      Power (Watts)
----------------------------------------------------------------
Sequential             5.20e-03   7.06e-04   8.57e-09   5.91e-03  44.7%
Combinational          2.42e-03   1.67e-03   2.00e-08   4.10e-03  31.0%
Clock                  1.39e-03   1.81e-03   1.18e-08   3.20e-03  24.2%
Macro                  0.00e+00   0.00e+00   0.00e+00   0.00e+00   0.0%
Pad                    0.00e+00   0.00e+00   0.00e+00   0.00e+00   0.0%
----------------------------------------------------------------
Total                  9.01e-03   4.19e-03   4.04e-08   1.32e-02 100.0%
                          68.2%      31.8%       0.0%

