
===========================================================================
 report_power
============================================================================
======================= Fastest Corner ===================================

Group                  Internal  Switching    Leakage      Total
                          Power      Power      Power      Power (Watts)
----------------------------------------------------------------
Sequential             0.00e+00   0.00e+00   0.00e+00   0.00e+00   0.0%
Combinational          4.91e-06   1.16e-05   1.59e-10   1.65e-05 100.0%
Clock                  0.00e+00   0.00e+00   1.78e-10   1.78e-10   0.0%
Macro                  0.00e+00   0.00e+00   0.00e+00   0.00e+00   0.0%
Pad                    0.00e+00   0.00e+00   0.00e+00   0.00e+00   0.0%
----------------------------------------------------------------
Total                  4.91e-06   1.16e-05   3.37e-10   1.65e-05 100.0%
                          29.8%      70.2%       0.0%

======================= Slowest Corner ===================================

Group                  Internal  Switching    Leakage      Total
                          Power      Power      Power      Power (Watts)
----------------------------------------------------------------
Sequential             0.00e+00   0.00e+00   0.00e+00   0.00e+00   0.0%
Combinational          3.64e-06   7.73e-06   1.53e-07   1.15e-05 100.0%
Clock                  0.00e+00   0.00e+00   1.78e-10   1.78e-10   0.0%
Macro                  0.00e+00   0.00e+00   0.00e+00   0.00e+00   0.0%
Pad                    0.00e+00   0.00e+00   0.00e+00   0.00e+00   0.0%
----------------------------------------------------------------
Total                  3.64e-06   7.73e-06   1.53e-07   1.15e-05 100.0%
                          31.6%      67.1%       1.3%

======================= Typical Corner ===================================

Group                  Internal  Switching    Leakage      Total
                          Power      Power      Power      Power (Watts)
----------------------------------------------------------------
Sequential             0.00e+00   0.00e+00   0.00e+00   0.00e+00   0.0%
Combinational          4.41e-06   9.83e-06   8.87e-11   1.42e-05 100.0%
Clock                  0.00e+00   0.00e+00   1.78e-10   1.78e-10   0.0%
Macro                  0.00e+00   0.00e+00   0.00e+00   0.00e+00   0.0%
Pad                    0.00e+00   0.00e+00   0.00e+00   0.00e+00   0.0%
----------------------------------------------------------------
Total                  4.41e-06   9.83e-06   2.67e-10   1.42e-05 100.0%
                          31.0%      69.0%       0.0%

