
===========================================================================
report_checks -path_delay max (Setup)
============================================================================
======================= Fastest Corner ===================================

Startpoint: opcode[0] (input port clocked by __VIRTUAL_CLK__)
Endpoint: out[7] (output port clocked by __VIRTUAL_CLK__)
Path Group: __VIRTUAL_CLK__
Path Type: max
Corner: Fastest

Fanout     Cap    Slew   Delay    Time   Description
-----------------------------------------------------------------------------
                  0.00    0.00    0.00   clock __VIRTUAL_CLK__ (rise edge)
                          0.00    0.00   clock network delay (ideal)
                          2.00    2.00 ^ input external delay
     1    0.00    0.01    0.01    2.01 ^ opcode[0] (in)
                                         opcode[0] (net)
                  0.01    0.00    2.01 ^ input17/A (sky130_fd_sc_hd__dlymetal6s2s_1)
     6    0.02    0.17    0.15    2.16 ^ input17/X (sky130_fd_sc_hd__dlymetal6s2s_1)
                                         net17 (net)
                  0.17    0.00    2.16 ^ _131_/C_N (sky130_fd_sc_hd__or3b_1)
     1    0.00    0.04    0.21    2.37 v _131_/X (sky130_fd_sc_hd__or3b_1)
                                         _062_ (net)
                  0.04    0.00    2.37 v _132_/A (sky130_fd_sc_hd__buf_2)
    10    0.03    0.06    0.13    2.49 v _132_/X (sky130_fd_sc_hd__buf_2)
                                         _063_ (net)
                  0.06    0.00    2.49 v _134_/C (sky130_fd_sc_hd__and3_1)
     3    0.01    0.04    0.15    2.64 v _134_/X (sky130_fd_sc_hd__and3_1)
                                         _065_ (net)
                  0.04    0.00    2.64 v _136_/C (sky130_fd_sc_hd__nor3_1)
     2    0.01    0.21    0.17    2.82 ^ _136_/Y (sky130_fd_sc_hd__nor3_1)
                                         _067_ (net)
                  0.21    0.00    2.82 ^ _157_/A2 (sky130_fd_sc_hd__o21ai_2)
     3    0.01    0.06    0.06    2.88 v _157_/Y (sky130_fd_sc_hd__o21ai_2)
                                         _087_ (net)
                  0.06    0.00    2.88 v _188_/A1 (sky130_fd_sc_hd__a31o_1)
     3    0.01    0.06    0.16    3.04 v _188_/X (sky130_fd_sc_hd__a31o_1)
                                         _003_ (net)
                  0.06    0.00    3.05 v _216_/A2 (sky130_fd_sc_hd__a31o_1)
     2    0.01    0.05    0.17    3.21 v _216_/X (sky130_fd_sc_hd__a31o_1)
                                         _029_ (net)
                  0.05    0.00    3.21 v _224_/A2 (sky130_fd_sc_hd__a21o_1)
     1    0.01    0.03    0.13    3.35 v _224_/X (sky130_fd_sc_hd__a21o_1)
                                         _036_ (net)
                  0.03    0.00    3.35 v _228_/A (sky130_fd_sc_hd__xnor2_1)
     1    0.00    0.03    0.08    3.43 v _228_/Y (sky130_fd_sc_hd__xnor2_1)
                                         _040_ (net)
                  0.03    0.00    3.43 v _233_/A2 (sky130_fd_sc_hd__o21ai_1)
     1    0.00    0.09    0.10    3.52 ^ _233_/Y (sky130_fd_sc_hd__o21ai_1)
                                         net27 (net)
                  0.09    0.00    3.52 ^ output27/A (sky130_fd_sc_hd__buf_2)
     1    0.03    0.13    0.16    3.69 ^ output27/X (sky130_fd_sc_hd__buf_2)
                                         out[7] (net)
                  0.13    0.00    3.69 ^ out[7] (out)
                                  3.69   data arrival time

                  0.00   10.00   10.00   clock __VIRTUAL_CLK__ (rise edge)
                          0.00   10.00   clock network delay (ideal)
                         -0.25    9.75   clock uncertainty
                          0.00    9.75   clock reconvergence pessimism
                         -2.00    7.75   output external delay
                                  7.75   data required time
-----------------------------------------------------------------------------
                                  7.75   data required time
                                 -3.69   data arrival time
-----------------------------------------------------------------------------
                                  4.06   slack (MET)


Startpoint: opcode[0] (input port clocked by __VIRTUAL_CLK__)
Endpoint: out[5] (output port clocked by __VIRTUAL_CLK__)
Path Group: __VIRTUAL_CLK__
Path Type: max
Corner: Fastest

Fanout     Cap    Slew   Delay    Time   Description
-----------------------------------------------------------------------------
                  0.00    0.00    0.00   clock __VIRTUAL_CLK__ (rise edge)
                          0.00    0.00   clock network delay (ideal)
                          2.00    2.00 ^ input external delay
     1    0.00    0.01    0.01    2.01 ^ opcode[0] (in)
                                         opcode[0] (net)
                  0.01    0.00    2.01 ^ input17/A (sky130_fd_sc_hd__dlymetal6s2s_1)
     6    0.02    0.17    0.15    2.16 ^ input17/X (sky130_fd_sc_hd__dlymetal6s2s_1)
                                         net17 (net)
                  0.17    0.00    2.16 ^ _131_/C_N (sky130_fd_sc_hd__or3b_1)
     1    0.00    0.04    0.21    2.37 v _131_/X (sky130_fd_sc_hd__or3b_1)
                                         _062_ (net)
                  0.04    0.00    2.37 v _132_/A (sky130_fd_sc_hd__buf_2)
    10    0.03    0.06    0.13    2.49 v _132_/X (sky130_fd_sc_hd__buf_2)
                                         _063_ (net)
                  0.06    0.00    2.49 v _134_/C (sky130_fd_sc_hd__and3_1)
     3    0.01    0.04    0.15    2.64 v _134_/X (sky130_fd_sc_hd__and3_1)
                                         _065_ (net)
                  0.04    0.00    2.64 v _136_/C (sky130_fd_sc_hd__nor3_1)
     2    0.01    0.21    0.17    2.82 ^ _136_/Y (sky130_fd_sc_hd__nor3_1)
                                         _067_ (net)
                  0.21    0.00    2.82 ^ _157_/A2 (sky130_fd_sc_hd__o21ai_2)
     3    0.01    0.06    0.06    2.88 v _157_/Y (sky130_fd_sc_hd__o21ai_2)
                                         _087_ (net)
                  0.06    0.00    2.88 v _188_/A1 (sky130_fd_sc_hd__a31o_1)
     3    0.01    0.06    0.16    3.04 v _188_/X (sky130_fd_sc_hd__a31o_1)
                                         _003_ (net)
                  0.06    0.00    3.05 v _201_/A2 (sky130_fd_sc_hd__a21boi_1)
     1    0.01    0.11    0.14    3.18 ^ _201_/Y (sky130_fd_sc_hd__a21boi_1)
                                         _015_ (net)
                  0.11    0.00    3.18 ^ _202_/B (sky130_fd_sc_hd__xnor2_1)
     1    0.00    0.04    0.05    3.23 v _202_/Y (sky130_fd_sc_hd__xnor2_1)
                                         _016_ (net)
                  0.04    0.00    3.23 v _208_/A2 (sky130_fd_sc_hd__a211o_1)
     1    0.01    0.05    0.21    3.44 v _208_/X (sky130_fd_sc_hd__a211o_1)
                                         net25 (net)
                  0.05    0.00    3.44 v output25/A (sky130_fd_sc_hd__buf_2)
     1    0.03    0.06    0.13    3.57 v output25/X (sky130_fd_sc_hd__buf_2)
                                         out[5] (net)
                  0.06    0.00    3.57 v out[5] (out)
                                  3.57   data arrival time

                  0.00   10.00   10.00   clock __VIRTUAL_CLK__ (rise edge)
                          0.00   10.00   clock network delay (ideal)
                         -0.25    9.75   clock uncertainty
                          0.00    9.75   clock reconvergence pessimism
                         -2.00    7.75   output external delay
                                  7.75   data required time
-----------------------------------------------------------------------------
                                  7.75   data required time
                                 -3.57   data arrival time
-----------------------------------------------------------------------------
                                  4.18   slack (MET)


Startpoint: opcode[0] (input port clocked by __VIRTUAL_CLK__)
Endpoint: out[6] (output port clocked by __VIRTUAL_CLK__)
Path Group: __VIRTUAL_CLK__
Path Type: max
Corner: Fastest

Fanout     Cap    Slew   Delay    Time   Description
-----------------------------------------------------------------------------
                  0.00    0.00    0.00   clock __VIRTUAL_CLK__ (rise edge)
                          0.00    0.00   clock network delay (ideal)
                          2.00    2.00 ^ input external delay
     1    0.00    0.01    0.01    2.01 ^ opcode[0] (in)
                                         opcode[0] (net)
                  0.01    0.00    2.01 ^ input17/A (sky130_fd_sc_hd__dlymetal6s2s_1)
     6    0.02    0.17    0.15    2.16 ^ input17/X (sky130_fd_sc_hd__dlymetal6s2s_1)
                                         net17 (net)
                  0.17    0.00    2.16 ^ _131_/C_N (sky130_fd_sc_hd__or3b_1)
     1    0.00    0.04    0.21    2.37 v _131_/X (sky130_fd_sc_hd__or3b_1)
                                         _062_ (net)
                  0.04    0.00    2.37 v _132_/A (sky130_fd_sc_hd__buf_2)
    10    0.03    0.06    0.13    2.49 v _132_/X (sky130_fd_sc_hd__buf_2)
                                         _063_ (net)
                  0.06    0.00    2.49 v _134_/C (sky130_fd_sc_hd__and3_1)
     3    0.01    0.04    0.15    2.64 v _134_/X (sky130_fd_sc_hd__and3_1)
                                         _065_ (net)
                  0.04    0.00    2.64 v _136_/C (sky130_fd_sc_hd__nor3_1)
     2    0.01    0.21    0.17    2.82 ^ _136_/Y (sky130_fd_sc_hd__nor3_1)
                                         _067_ (net)
                  0.21    0.00    2.82 ^ _157_/A2 (sky130_fd_sc_hd__o21ai_2)
     3    0.01    0.06    0.06    2.88 v _157_/Y (sky130_fd_sc_hd__o21ai_2)
                                         _087_ (net)
                  0.06    0.00    2.88 v _188_/A1 (sky130_fd_sc_hd__a31o_1)
     3    0.01    0.06    0.16    3.04 v _188_/X (sky130_fd_sc_hd__a31o_1)
                                         _003_ (net)
                  0.06    0.00    3.05 v _216_/A2 (sky130_fd_sc_hd__a31o_1)
     2    0.01    0.05    0.17    3.21 v _216_/X (sky130_fd_sc_hd__a31o_1)
                                         _029_ (net)
                  0.05    0.00    3.21 v _217_/B (sky130_fd_sc_hd__xnor2_1)
     1    0.00    0.10    0.11    3.33 ^ _217_/Y (sky130_fd_sc_hd__xnor2_1)
                                         _030_ (net)
                  0.10    0.00    3.33 ^ _223_/A2 (sky130_fd_sc_hd__o22a_1)
     1    0.01    0.05    0.09    3.42 ^ _223_/X (sky130_fd_sc_hd__o22a_1)
                                         net26 (net)
                  0.05    0.00    3.42 ^ output26/A (sky130_fd_sc_hd__buf_2)
     1    0.03    0.13    0.15    3.57 ^ output26/X (sky130_fd_sc_hd__buf_2)
                                         out[6] (net)
                  0.13    0.00    3.57 ^ out[6] (out)
                                  3.57   data arrival time

                  0.00   10.00   10.00   clock __VIRTUAL_CLK__ (rise edge)
                          0.00   10.00   clock network delay (ideal)
                         -0.25    9.75   clock uncertainty
                          0.00    9.75   clock reconvergence pessimism
                         -2.00    7.75   output external delay
                                  7.75   data required time
-----------------------------------------------------------------------------
                                  7.75   data required time
                                 -3.57   data arrival time
-----------------------------------------------------------------------------
                                  4.18   slack (MET)


Startpoint: opcode[0] (input port clocked by __VIRTUAL_CLK__)
Endpoint: out[3] (output port clocked by __VIRTUAL_CLK__)
Path Group: __VIRTUAL_CLK__
Path Type: max
Corner: Fastest

Fanout     Cap    Slew   Delay    Time   Description
-----------------------------------------------------------------------------
                  0.00    0.00    0.00   clock __VIRTUAL_CLK__ (rise edge)
                          0.00    0.00   clock network delay (ideal)
                          2.00    2.00 ^ input external delay
     1    0.00    0.01    0.01    2.01 ^ opcode[0] (in)
                                         opcode[0] (net)
                  0.01    0.00    2.01 ^ input17/A (sky130_fd_sc_hd__dlymetal6s2s_1)
     6    0.02    0.17    0.15    2.16 ^ input17/X (sky130_fd_sc_hd__dlymetal6s2s_1)
                                         net17 (net)
                  0.17    0.00    2.16 ^ _131_/C_N (sky130_fd_sc_hd__or3b_1)
     1    0.00    0.04    0.21    2.37 v _131_/X (sky130_fd_sc_hd__or3b_1)
                                         _062_ (net)
                  0.04    0.00    2.37 v _132_/A (sky130_fd_sc_hd__buf_2)
    10    0.03    0.06    0.13    2.49 v _132_/X (sky130_fd_sc_hd__buf_2)
                                         _063_ (net)
                  0.06    0.00    2.49 v _134_/C (sky130_fd_sc_hd__and3_1)
     3    0.01    0.04    0.15    2.64 v _134_/X (sky130_fd_sc_hd__and3_1)
                                         _065_ (net)
                  0.04    0.00    2.64 v _136_/C (sky130_fd_sc_hd__nor3_1)
     2    0.01    0.21    0.17    2.82 ^ _136_/Y (sky130_fd_sc_hd__nor3_1)
                                         _067_ (net)
                  0.21    0.00    2.82 ^ _157_/A2 (sky130_fd_sc_hd__o21ai_2)
     3    0.01    0.06    0.06    2.88 v _157_/Y (sky130_fd_sc_hd__o21ai_2)
                                         _087_ (net)
                  0.06    0.00    2.88 v _173_/A1 (sky130_fd_sc_hd__a21o_1)
     1    0.00    0.03    0.12    3.00 v _173_/X (sky130_fd_sc_hd__a21o_1)
                                         _102_ (net)
                  0.03    0.00    3.00 v _174_/B (sky130_fd_sc_hd__xor2_1)
     1    0.00    0.04    0.09    3.09 v _174_/X (sky130_fd_sc_hd__xor2_1)
                                         _103_ (net)
                  0.04    0.00    3.09 v _180_/A2 (sky130_fd_sc_hd__a211o_1)
     1    0.00    0.04    0.20    3.29 v _180_/X (sky130_fd_sc_hd__a211o_1)
                                         net23 (net)
                  0.04    0.00    3.29 v output23/A (sky130_fd_sc_hd__buf_2)
     1    0.03    0.06    0.13    3.42 v output23/X (sky130_fd_sc_hd__buf_2)
                                         out[3] (net)
                  0.06    0.00    3.42 v out[3] (out)
                                  3.42   data arrival time

                  0.00   10.00   10.00   clock __VIRTUAL_CLK__ (rise edge)
                          0.00   10.00   clock network delay (ideal)
                         -0.25    9.75   clock uncertainty
                          0.00    9.75   clock reconvergence pessimism
                         -2.00    7.75   output external delay
                                  7.75   data required time
-----------------------------------------------------------------------------
                                  7.75   data required time
                                 -3.42   data arrival time
-----------------------------------------------------------------------------
                                  4.33   slack (MET)


Startpoint: opcode[0] (input port clocked by __VIRTUAL_CLK__)
Endpoint: out[4] (output port clocked by __VIRTUAL_CLK__)
Path Group: __VIRTUAL_CLK__
Path Type: max
Corner: Fastest

Fanout     Cap    Slew   Delay    Time   Description
-----------------------------------------------------------------------------
                  0.00    0.00    0.00   clock __VIRTUAL_CLK__ (rise edge)
                          0.00    0.00   clock network delay (ideal)
                          2.00    2.00 ^ input external delay
     1    0.00    0.01    0.01    2.01 ^ opcode[0] (in)
                                         opcode[0] (net)
                  0.01    0.00    2.01 ^ input17/A (sky130_fd_sc_hd__dlymetal6s2s_1)
     6    0.02    0.17    0.15    2.16 ^ input17/X (sky130_fd_sc_hd__dlymetal6s2s_1)
                                         net17 (net)
                  0.17    0.00    2.16 ^ _131_/C_N (sky130_fd_sc_hd__or3b_1)
     1    0.00    0.04    0.21    2.37 v _131_/X (sky130_fd_sc_hd__or3b_1)
                                         _062_ (net)
                  0.04    0.00    2.37 v _132_/A (sky130_fd_sc_hd__buf_2)
    10    0.03    0.06    0.13    2.49 v _132_/X (sky130_fd_sc_hd__buf_2)
                                         _063_ (net)
                  0.06    0.00    2.49 v _134_/C (sky130_fd_sc_hd__and3_1)
     3    0.01    0.04    0.15    2.64 v _134_/X (sky130_fd_sc_hd__and3_1)
                                         _065_ (net)
                  0.04    0.00    2.64 v _136_/C (sky130_fd_sc_hd__nor3_1)
     2    0.01    0.21    0.17    2.82 ^ _136_/Y (sky130_fd_sc_hd__nor3_1)
                                         _067_ (net)
                  0.21    0.00    2.82 ^ _157_/A2 (sky130_fd_sc_hd__o21ai_2)
     3    0.01    0.06    0.06    2.88 v _157_/Y (sky130_fd_sc_hd__o21ai_2)
                                         _087_ (net)
                  0.06    0.00    2.88 v _188_/A1 (sky130_fd_sc_hd__a31o_1)
     3    0.01    0.06    0.16    3.04 v _188_/X (sky130_fd_sc_hd__a31o_1)
                                         _003_ (net)
                  0.06    0.00    3.05 v _189_/B (sky130_fd_sc_hd__xor2_1)
     1    0.00    0.04    0.10    3.15 v _189_/X (sky130_fd_sc_hd__xor2_1)
                                         _004_ (net)
                  0.04    0.00    3.15 v _195_/A2 (sky130_fd_sc_hd__o22a_1)
     1    0.00    0.03    0.13    3.28 v _195_/X (sky130_fd_sc_hd__o22a_1)
                                         net24 (net)
                  0.03    0.00    3.28 v output24/A (sky130_fd_sc_hd__buf_2)
     1    0.03    0.06    0.12    3.40 v output24/X (sky130_fd_sc_hd__buf_2)
                                         out[4] (net)
                  0.06    0.00    3.40 v out[4] (out)
                                  3.40   data arrival time

                  0.00   10.00   10.00   clock __VIRTUAL_CLK__ (rise edge)
                          0.00   10.00   clock network delay (ideal)
                         -0.25    9.75   clock uncertainty
                          0.00    9.75   clock reconvergence pessimism
                         -2.00    7.75   output external delay
                                  7.75   data required time
-----------------------------------------------------------------------------
                                  7.75   data required time
                                 -3.40   data arrival time
-----------------------------------------------------------------------------
                                  4.35   slack (MET)


Startpoint: opcode[0] (input port clocked by __VIRTUAL_CLK__)
Endpoint: out[2] (output port clocked by __VIRTUAL_CLK__)
Path Group: __VIRTUAL_CLK__
Path Type: max
Corner: Fastest

Fanout     Cap    Slew   Delay    Time   Description
-----------------------------------------------------------------------------
                  0.00    0.00    0.00   clock __VIRTUAL_CLK__ (rise edge)
                          0.00    0.00   clock network delay (ideal)
                          2.00    2.00 ^ input external delay
     1    0.00    0.01    0.01    2.01 ^ opcode[0] (in)
                                         opcode[0] (net)
                  0.01    0.00    2.01 ^ input17/A (sky130_fd_sc_hd__dlymetal6s2s_1)
     6    0.02    0.17    0.15    2.16 ^ input17/X (sky130_fd_sc_hd__dlymetal6s2s_1)
                                         net17 (net)
                  0.17    0.00    2.16 ^ _131_/C_N (sky130_fd_sc_hd__or3b_1)
     1    0.00    0.04    0.21    2.37 v _131_/X (sky130_fd_sc_hd__or3b_1)
                                         _062_ (net)
                  0.04    0.00    2.37 v _132_/A (sky130_fd_sc_hd__buf_2)
    10    0.03    0.06    0.13    2.49 v _132_/X (sky130_fd_sc_hd__buf_2)
                                         _063_ (net)
                  0.06    0.00    2.49 v _134_/C (sky130_fd_sc_hd__and3_1)
     3    0.01    0.04    0.15    2.64 v _134_/X (sky130_fd_sc_hd__and3_1)
                                         _065_ (net)
                  0.04    0.00    2.64 v _136_/C (sky130_fd_sc_hd__nor3_1)
     2    0.01    0.21    0.17    2.82 ^ _136_/Y (sky130_fd_sc_hd__nor3_1)
                                         _067_ (net)
                  0.21    0.00    2.82 ^ _157_/A2 (sky130_fd_sc_hd__o21ai_2)
     3    0.01    0.06    0.06    2.88 v _157_/Y (sky130_fd_sc_hd__o21ai_2)
                                         _087_ (net)
                  0.06    0.00    2.88 v _165_/A (sky130_fd_sc_hd__xor2_1)
     1    0.00    0.05    0.12    3.00 v _165_/X (sky130_fd_sc_hd__xor2_1)
                                         _095_ (net)
                  0.05    0.00    3.00 v _166_/B1 (sky130_fd_sc_hd__o32a_1)
     1    0.00    0.04    0.12    3.11 v _166_/X (sky130_fd_sc_hd__o32a_1)
                                         net22 (net)
                  0.04    0.00    3.11 v output22/A (sky130_fd_sc_hd__buf_2)
     1    0.03    0.06    0.13    3.24 v output22/X (sky130_fd_sc_hd__buf_2)
                                         out[2] (net)
                  0.06    0.00    3.24 v out[2] (out)
                                  3.24   data arrival time

                  0.00   10.00   10.00   clock __VIRTUAL_CLK__ (rise edge)
                          0.00   10.00   clock network delay (ideal)
                         -0.25    9.75   clock uncertainty
                          0.00    9.75   clock reconvergence pessimism
                         -2.00    7.75   output external delay
                                  7.75   data required time
-----------------------------------------------------------------------------
                                  7.75   data required time
                                 -3.24   data arrival time
-----------------------------------------------------------------------------
                                  4.51   slack (MET)


Startpoint: opcode[0] (input port clocked by __VIRTUAL_CLK__)
Endpoint: out[1] (output port clocked by __VIRTUAL_CLK__)
Path Group: __VIRTUAL_CLK__
Path Type: max
Corner: Fastest

Fanout     Cap    Slew   Delay    Time   Description
-----------------------------------------------------------------------------
                  0.00    0.00    0.00   clock __VIRTUAL_CLK__ (rise edge)
                          0.00    0.00   clock network delay (ideal)
                          2.00    2.00 ^ input external delay
     1    0.00    0.01    0.01    2.01 ^ opcode[0] (in)
                                         opcode[0] (net)
                  0.01    0.00    2.01 ^ input17/A (sky130_fd_sc_hd__dlymetal6s2s_1)
     6    0.02    0.17    0.15    2.16 ^ input17/X (sky130_fd_sc_hd__dlymetal6s2s_1)
                                         net17 (net)
                  0.17    0.00    2.16 ^ _131_/C_N (sky130_fd_sc_hd__or3b_1)
     1    0.00    0.04    0.21    2.37 v _131_/X (sky130_fd_sc_hd__or3b_1)
                                         _062_ (net)
                  0.04    0.00    2.37 v _132_/A (sky130_fd_sc_hd__buf_2)
    10    0.03    0.06    0.13    2.49 v _132_/X (sky130_fd_sc_hd__buf_2)
                                         _063_ (net)
                  0.06    0.00    2.49 v _134_/C (sky130_fd_sc_hd__and3_1)
     3    0.01    0.04    0.15    2.64 v _134_/X (sky130_fd_sc_hd__and3_1)
                                         _065_ (net)
                  0.04    0.00    2.64 v _136_/C (sky130_fd_sc_hd__nor3_1)
     2    0.01    0.21    0.17    2.82 ^ _136_/Y (sky130_fd_sc_hd__nor3_1)
                                         _067_ (net)
                  0.21    0.00    2.82 ^ _137_/B (sky130_fd_sc_hd__nor2_1)
     1    0.00    0.05    0.04    2.85 v _137_/Y (sky130_fd_sc_hd__nor2_1)
                                         _068_ (net)
                  0.05    0.00    2.85 v _138_/B (sky130_fd_sc_hd__xnor2_1)
     1    0.00    0.09    0.10    2.96 ^ _138_/Y (sky130_fd_sc_hd__xnor2_1)
                                         _069_ (net)
                  0.09    0.00    2.96 ^ _150_/A2 (sky130_fd_sc_hd__o21a_1)
     1    0.00    0.04    0.08    3.04 ^ _150_/X (sky130_fd_sc_hd__o21a_1)
                                         net21 (net)
                  0.04    0.00    3.04 ^ output21/A (sky130_fd_sc_hd__buf_2)
     1    0.03    0.13    0.15    3.19 ^ output21/X (sky130_fd_sc_hd__buf_2)
                                         out[1] (net)
                  0.13    0.00    3.19 ^ out[1] (out)
                                  3.19   data arrival time

                  0.00   10.00   10.00   clock __VIRTUAL_CLK__ (rise edge)
                          0.00   10.00   clock network delay (ideal)
                         -0.25    9.75   clock uncertainty
                          0.00    9.75   clock reconvergence pessimism
                         -2.00    7.75   output external delay
                                  7.75   data required time
-----------------------------------------------------------------------------
                                  7.75   data required time
                                 -3.19   data arrival time
-----------------------------------------------------------------------------
                                  4.56   slack (MET)


Startpoint: opcode[1] (input port clocked by __VIRTUAL_CLK__)
Endpoint: out[0] (output port clocked by __VIRTUAL_CLK__)
Path Group: __VIRTUAL_CLK__
Path Type: max
Corner: Fastest

Fanout     Cap    Slew   Delay    Time   Description
-----------------------------------------------------------------------------
                  0.00    0.00    0.00   clock __VIRTUAL_CLK__ (rise edge)
                          0.00    0.00   clock network delay (ideal)
                          2.00    2.00 v input external delay
     1    0.00    0.01    0.00    2.00 v opcode[1] (in)
                                         opcode[1] (net)
                  0.01    0.00    2.00 v input18/A (sky130_fd_sc_hd__clkbuf_1)
     2    0.01    0.04    0.07    2.07 v input18/X (sky130_fd_sc_hd__clkbuf_1)
                                         net18 (net)
                  0.04    0.00    2.07 v _114_/A (sky130_fd_sc_hd__clkbuf_2)
    10    0.03    0.08    0.12    2.20 v _114_/X (sky130_fd_sc_hd__clkbuf_2)
                                         _046_ (net)
                  0.08    0.00    2.20 v _121_/B (sky130_fd_sc_hd__and3_2)
     8    0.03    0.07    0.20    2.39 v _121_/X (sky130_fd_sc_hd__and3_2)
                                         _053_ (net)
                  0.07    0.00    2.39 v _123_/A2 (sky130_fd_sc_hd__a22o_1)
     1    0.00    0.03    0.14    2.53 v _123_/X (sky130_fd_sc_hd__a22o_1)
                                         _055_ (net)
                  0.03    0.00    2.53 v _127_/C (sky130_fd_sc_hd__or4_1)
     1    0.00    0.05    0.27    2.79 v _127_/X (sky130_fd_sc_hd__or4_1)
                                         _059_ (net)
                  0.05    0.00    2.79 v _128_/A (sky130_fd_sc_hd__clkbuf_1)
     1    0.00    0.02    0.07    2.87 v _128_/X (sky130_fd_sc_hd__clkbuf_1)
                                         net20 (net)
                  0.02    0.00    2.87 v output20/A (sky130_fd_sc_hd__buf_2)
     1    0.03    0.06    0.12    2.99 v output20/X (sky130_fd_sc_hd__buf_2)
                                         out[0] (net)
                  0.06    0.00    2.99 v out[0] (out)
                                  2.99   data arrival time

                  0.00   10.00   10.00   clock __VIRTUAL_CLK__ (rise edge)
                          0.00   10.00   clock network delay (ideal)
                         -0.25    9.75   clock uncertainty
                          0.00    9.75   clock reconvergence pessimism
                         -2.00    7.75   output external delay
                                  7.75   data required time
-----------------------------------------------------------------------------
                                  7.75   data required time
                                 -2.99   data arrival time
-----------------------------------------------------------------------------
                                  4.76   slack (MET)



worst slack corner Fastest: 4.0639
======================= Slowest Corner ===================================

Startpoint: opcode[0] (input port clocked by __VIRTUAL_CLK__)
Endpoint: out[7] (output port clocked by __VIRTUAL_CLK__)
Path Group: __VIRTUAL_CLK__
Path Type: max
Corner: Slowest

Fanout     Cap    Slew   Delay    Time   Description
-----------------------------------------------------------------------------
                  0.00    0.00    0.00   clock __VIRTUAL_CLK__ (rise edge)
                          0.00    0.00   clock network delay (ideal)
                          2.00    2.00 ^ input external delay
     1    0.00    0.03    0.01    2.01 ^ opcode[0] (in)
                                         opcode[0] (net)
                  0.03    0.00    2.01 ^ input17/A (sky130_fd_sc_hd__dlymetal6s2s_1)
     6    0.02    0.32    0.34    2.35 ^ input17/X (sky130_fd_sc_hd__dlymetal6s2s_1)
                                         net17 (net)
                  0.32    0.00    2.35 ^ _131_/C_N (sky130_fd_sc_hd__or3b_1)
     1    0.00    0.13    0.90    3.25 v _131_/X (sky130_fd_sc_hd__or3b_1)
                                         _062_ (net)
                  0.13    0.00    3.25 v _132_/A (sky130_fd_sc_hd__buf_2)
    10    0.03    0.16    0.39    3.64 v _132_/X (sky130_fd_sc_hd__buf_2)
                                         _063_ (net)
                  0.16    0.00    3.64 v _134_/C (sky130_fd_sc_hd__and3_1)
     3    0.01    0.12    0.48    4.12 v _134_/X (sky130_fd_sc_hd__and3_1)
                                         _065_ (net)
                  0.12    0.00    4.12 v _136_/C (sky130_fd_sc_hd__nor3_1)
     2    0.01    0.51    0.46    4.58 ^ _136_/Y (sky130_fd_sc_hd__nor3_1)
                                         _067_ (net)
                  0.51    0.00    4.58 ^ _157_/A2 (sky130_fd_sc_hd__o21ai_2)
     3    0.01    0.16    0.32    4.90 v _157_/Y (sky130_fd_sc_hd__o21ai_2)
                                         _087_ (net)
                  0.16    0.00    4.90 v _188_/A1 (sky130_fd_sc_hd__a31o_1)
     3    0.01    0.16    0.48    5.38 v _188_/X (sky130_fd_sc_hd__a31o_1)
                                         _003_ (net)
                  0.16    0.00    5.38 v _216_/A2 (sky130_fd_sc_hd__a31o_1)
     2    0.01    0.11    0.48    5.86 v _216_/X (sky130_fd_sc_hd__a31o_1)
                                         _029_ (net)
                  0.11    0.00    5.86 v _224_/A2 (sky130_fd_sc_hd__a21o_1)
     1    0.01    0.08    0.38    6.23 v _224_/X (sky130_fd_sc_hd__a21o_1)
                                         _036_ (net)
                  0.08    0.00    6.23 v _228_/A (sky130_fd_sc_hd__xnor2_1)
     1    0.00    0.09    0.23    6.46 v _228_/Y (sky130_fd_sc_hd__xnor2_1)
                                         _040_ (net)
                  0.09    0.00    6.46 v _233_/A2 (sky130_fd_sc_hd__o21ai_1)
     1    0.00    0.21    0.25    6.71 ^ _233_/Y (sky130_fd_sc_hd__o21ai_1)
                                         net27 (net)
                  0.21    0.00    6.71 ^ output27/A (sky130_fd_sc_hd__buf_2)
     1    0.03    0.27    0.43    7.15 ^ output27/X (sky130_fd_sc_hd__buf_2)
                                         out[7] (net)
                  0.27    0.00    7.15 ^ out[7] (out)
                                  7.15   data arrival time

                  0.00   10.00   10.00   clock __VIRTUAL_CLK__ (rise edge)
                          0.00   10.00   clock network delay (ideal)
                         -0.25    9.75   clock uncertainty
                          0.00    9.75   clock reconvergence pessimism
                         -2.00    7.75   output external delay
                                  7.75   data required time
-----------------------------------------------------------------------------
                                  7.75   data required time
                                 -7.15   data arrival time
-----------------------------------------------------------------------------
                                  0.60   slack (MET)


Startpoint: opcode[0] (input port clocked by __VIRTUAL_CLK__)
Endpoint: out[5] (output port clocked by __VIRTUAL_CLK__)
Path Group: __VIRTUAL_CLK__
Path Type: max
Corner: Slowest

Fanout     Cap    Slew   Delay    Time   Description
-----------------------------------------------------------------------------
                  0.00    0.00    0.00   clock __VIRTUAL_CLK__ (rise edge)
                          0.00    0.00   clock network delay (ideal)
                          2.00    2.00 ^ input external delay
     1    0.00    0.03    0.01    2.01 ^ opcode[0] (in)
                                         opcode[0] (net)
                  0.03    0.00    2.01 ^ input17/A (sky130_fd_sc_hd__dlymetal6s2s_1)
     6    0.02    0.32    0.34    2.35 ^ input17/X (sky130_fd_sc_hd__dlymetal6s2s_1)
                                         net17 (net)
                  0.32    0.00    2.35 ^ _131_/C_N (sky130_fd_sc_hd__or3b_1)
     1    0.00    0.13    0.90    3.25 v _131_/X (sky130_fd_sc_hd__or3b_1)
                                         _062_ (net)
                  0.13    0.00    3.25 v _132_/A (sky130_fd_sc_hd__buf_2)
    10    0.03    0.16    0.39    3.64 v _132_/X (sky130_fd_sc_hd__buf_2)
                                         _063_ (net)
                  0.16    0.00    3.64 v _134_/C (sky130_fd_sc_hd__and3_1)
     3    0.01    0.12    0.48    4.12 v _134_/X (sky130_fd_sc_hd__and3_1)
                                         _065_ (net)
                  0.12    0.00    4.12 v _136_/C (sky130_fd_sc_hd__nor3_1)
     2    0.01    0.51    0.46    4.58 ^ _136_/Y (sky130_fd_sc_hd__nor3_1)
                                         _067_ (net)
                  0.51    0.00    4.58 ^ _157_/A2 (sky130_fd_sc_hd__o21ai_2)
     3    0.01    0.16    0.32    4.90 v _157_/Y (sky130_fd_sc_hd__o21ai_2)
                                         _087_ (net)
                  0.16    0.00    4.90 v _188_/A1 (sky130_fd_sc_hd__a31o_1)
     3    0.01    0.16    0.48    5.38 v _188_/X (sky130_fd_sc_hd__a31o_1)
                                         _003_ (net)
                  0.16    0.00    5.38 v _201_/A2 (sky130_fd_sc_hd__a21boi_1)
     1    0.01    0.25    0.34    5.72 ^ _201_/Y (sky130_fd_sc_hd__a21boi_1)
                                         _015_ (net)
                  0.25    0.00    5.72 ^ _202_/B (sky130_fd_sc_hd__xnor2_1)
     1    0.00    0.12    0.21    5.93 v _202_/Y (sky130_fd_sc_hd__xnor2_1)
                                         _016_ (net)
                  0.12    0.00    5.93 v _208_/A2 (sky130_fd_sc_hd__a211o_1)
     1    0.01    0.12    0.63    6.56 v _208_/X (sky130_fd_sc_hd__a211o_1)
                                         net25 (net)
                  0.12    0.00    6.56 v output25/A (sky130_fd_sc_hd__buf_2)
     1    0.03    0.17    0.39    6.94 v output25/X (sky130_fd_sc_hd__buf_2)
                                         out[5] (net)
                  0.17    0.00    6.94 v out[5] (out)
                                  6.94   data arrival time

                  0.00   10.00   10.00   clock __VIRTUAL_CLK__ (rise edge)
                          0.00   10.00   clock network delay (ideal)
                         -0.25    9.75   clock uncertainty
                          0.00    9.75   clock reconvergence pessimism
                         -2.00    7.75   output external delay
                                  7.75   data required time
-----------------------------------------------------------------------------
                                  7.75   data required time
                                 -6.94   data arrival time
-----------------------------------------------------------------------------
                                  0.81   slack (MET)


Startpoint: opcode[0] (input port clocked by __VIRTUAL_CLK__)
Endpoint: out[6] (output port clocked by __VIRTUAL_CLK__)
Path Group: __VIRTUAL_CLK__
Path Type: max
Corner: Slowest

Fanout     Cap    Slew   Delay    Time   Description
-----------------------------------------------------------------------------
                  0.00    0.00    0.00   clock __VIRTUAL_CLK__ (rise edge)
                          0.00    0.00   clock network delay (ideal)
                          2.00    2.00 ^ input external delay
     1    0.00    0.03    0.01    2.01 ^ opcode[0] (in)
                                         opcode[0] (net)
                  0.03    0.00    2.01 ^ input17/A (sky130_fd_sc_hd__dlymetal6s2s_1)
     6    0.02    0.32    0.34    2.35 ^ input17/X (sky130_fd_sc_hd__dlymetal6s2s_1)
                                         net17 (net)
                  0.32    0.00    2.35 ^ _131_/C_N (sky130_fd_sc_hd__or3b_1)
     1    0.00    0.13    0.90    3.25 v _131_/X (sky130_fd_sc_hd__or3b_1)
                                         _062_ (net)
                  0.13    0.00    3.25 v _132_/A (sky130_fd_sc_hd__buf_2)
    10    0.03    0.16    0.39    3.64 v _132_/X (sky130_fd_sc_hd__buf_2)
                                         _063_ (net)
                  0.16    0.00    3.64 v _134_/C (sky130_fd_sc_hd__and3_1)
     3    0.01    0.12    0.48    4.12 v _134_/X (sky130_fd_sc_hd__and3_1)
                                         _065_ (net)
                  0.12    0.00    4.12 v _136_/C (sky130_fd_sc_hd__nor3_1)
     2    0.01    0.51    0.46    4.58 ^ _136_/Y (sky130_fd_sc_hd__nor3_1)
                                         _067_ (net)
                  0.51    0.00    4.58 ^ _157_/A2 (sky130_fd_sc_hd__o21ai_2)
     3    0.01    0.16    0.32    4.90 v _157_/Y (sky130_fd_sc_hd__o21ai_2)
                                         _087_ (net)
                  0.16    0.00    4.90 v _188_/A1 (sky130_fd_sc_hd__a31o_1)
     3    0.01    0.16    0.48    5.38 v _188_/X (sky130_fd_sc_hd__a31o_1)
                                         _003_ (net)
                  0.16    0.00    5.38 v _216_/A2 (sky130_fd_sc_hd__a31o_1)
     2    0.01    0.11    0.48    5.86 v _216_/X (sky130_fd_sc_hd__a31o_1)
                                         _029_ (net)
                  0.11    0.00    5.86 v _217_/B (sky130_fd_sc_hd__xnor2_1)
     1    0.00    0.11    0.25    6.10 v _217_/Y (sky130_fd_sc_hd__xnor2_1)
                                         _030_ (net)
                  0.11    0.00    6.10 v _223_/A2 (sky130_fd_sc_hd__o22a_1)
     1    0.00    0.11    0.42    6.52 v _223_/X (sky130_fd_sc_hd__o22a_1)
                                         net26 (net)
                  0.11    0.00    6.52 v output26/A (sky130_fd_sc_hd__buf_2)
     1    0.03    0.17    0.38    6.90 v output26/X (sky130_fd_sc_hd__buf_2)
                                         out[6] (net)
                  0.17    0.00    6.90 v out[6] (out)
                                  6.90   data arrival time

                  0.00   10.00   10.00   clock __VIRTUAL_CLK__ (rise edge)
                          0.00   10.00   clock network delay (ideal)
                         -0.25    9.75   clock uncertainty
                          0.00    9.75   clock reconvergence pessimism
                         -2.00    7.75   output external delay
                                  7.75   data required time
-----------------------------------------------------------------------------
                                  7.75   data required time
                                 -6.90   data arrival time
-----------------------------------------------------------------------------
                                  0.85   slack (MET)


Startpoint: opcode[0] (input port clocked by __VIRTUAL_CLK__)
Endpoint: out[4] (output port clocked by __VIRTUAL_CLK__)
Path Group: __VIRTUAL_CLK__
Path Type: max
Corner: Slowest

Fanout     Cap    Slew   Delay    Time   Description
-----------------------------------------------------------------------------
                  0.00    0.00    0.00   clock __VIRTUAL_CLK__ (rise edge)
                          0.00    0.00   clock network delay (ideal)
                          2.00    2.00 ^ input external delay
     1    0.00    0.03    0.01    2.01 ^ opcode[0] (in)
                                         opcode[0] (net)
                  0.03    0.00    2.01 ^ input17/A (sky130_fd_sc_hd__dlymetal6s2s_1)
     6    0.02    0.32    0.34    2.35 ^ input17/X (sky130_fd_sc_hd__dlymetal6s2s_1)
                                         net17 (net)
                  0.32    0.00    2.35 ^ _131_/C_N (sky130_fd_sc_hd__or3b_1)
     1    0.00    0.13    0.90    3.25 v _131_/X (sky130_fd_sc_hd__or3b_1)
                                         _062_ (net)
                  0.13    0.00    3.25 v _132_/A (sky130_fd_sc_hd__buf_2)
    10    0.03    0.16    0.39    3.64 v _132_/X (sky130_fd_sc_hd__buf_2)
                                         _063_ (net)
                  0.16    0.00    3.64 v _181_/B1 (sky130_fd_sc_hd__o21a_1)
     2    0.00    0.08    0.26    3.91 v _181_/X (sky130_fd_sc_hd__o21a_1)
                                         _109_ (net)
                  0.08    0.00    3.91 v _183_/B (sky130_fd_sc_hd__and2_1)
     2    0.00    0.08    0.35    4.26 v _183_/X (sky130_fd_sc_hd__and2_1)
                                         _111_ (net)
                  0.08    0.00    4.26 v _185_/C (sky130_fd_sc_hd__or3_1)
     1    0.00    0.13    0.73    4.99 v _185_/X (sky130_fd_sc_hd__or3_1)
                                         _000_ (net)
                  0.13    0.00    4.99 v _186_/B (sky130_fd_sc_hd__and2_1)
     3    0.01    0.13    0.43    5.41 v _186_/X (sky130_fd_sc_hd__and2_1)
                                         _001_ (net)
                  0.13    0.00    5.41 v _189_/A (sky130_fd_sc_hd__xor2_1)
     1    0.00    0.11    0.34    5.75 v _189_/X (sky130_fd_sc_hd__xor2_1)
                                         _004_ (net)
                  0.11    0.00    5.75 v _195_/A2 (sky130_fd_sc_hd__o22a_1)
     1    0.00    0.10    0.42    6.17 v _195_/X (sky130_fd_sc_hd__o22a_1)
                                         net24 (net)
                  0.10    0.00    6.17 v output24/A (sky130_fd_sc_hd__buf_2)
     1    0.03    0.17    0.38    6.55 v output24/X (sky130_fd_sc_hd__buf_2)
                                         out[4] (net)
                  0.17    0.00    6.55 v out[4] (out)
                                  6.55   data arrival time

                  0.00   10.00   10.00   clock __VIRTUAL_CLK__ (rise edge)
                          0.00   10.00   clock network delay (ideal)
                         -0.25    9.75   clock uncertainty
                          0.00    9.75   clock reconvergence pessimism
                         -2.00    7.75   output external delay
                                  7.75   data required time
-----------------------------------------------------------------------------
                                  7.75   data required time
                                 -6.55   data arrival time
-----------------------------------------------------------------------------
                                  1.20   slack (MET)


Startpoint: opcode[0] (input port clocked by __VIRTUAL_CLK__)
Endpoint: out[3] (output port clocked by __VIRTUAL_CLK__)
Path Group: __VIRTUAL_CLK__
Path Type: max
Corner: Slowest

Fanout     Cap    Slew   Delay    Time   Description
-----------------------------------------------------------------------------
                  0.00    0.00    0.00   clock __VIRTUAL_CLK__ (rise edge)
                          0.00    0.00   clock network delay (ideal)
                          2.00    2.00 ^ input external delay
     1    0.00    0.03    0.01    2.01 ^ opcode[0] (in)
                                         opcode[0] (net)
                  0.03    0.00    2.01 ^ input17/A (sky130_fd_sc_hd__dlymetal6s2s_1)
     6    0.02    0.32    0.34    2.35 ^ input17/X (sky130_fd_sc_hd__dlymetal6s2s_1)
                                         net17 (net)
                  0.32    0.00    2.35 ^ _131_/C_N (sky130_fd_sc_hd__or3b_1)
     1    0.00    0.13    0.90    3.25 v _131_/X (sky130_fd_sc_hd__or3b_1)
                                         _062_ (net)
                  0.13    0.00    3.25 v _132_/A (sky130_fd_sc_hd__buf_2)
    10    0.03    0.16    0.39    3.64 v _132_/X (sky130_fd_sc_hd__buf_2)
                                         _063_ (net)
                  0.16    0.00    3.64 v _134_/C (sky130_fd_sc_hd__and3_1)
     3    0.01    0.12    0.48    4.12 v _134_/X (sky130_fd_sc_hd__and3_1)
                                         _065_ (net)
                  0.12    0.00    4.12 v _136_/C (sky130_fd_sc_hd__nor3_1)
     2    0.01    0.51    0.46    4.58 ^ _136_/Y (sky130_fd_sc_hd__nor3_1)
                                         _067_ (net)
                  0.51    0.00    4.58 ^ _157_/A2 (sky130_fd_sc_hd__o21ai_2)
     3    0.01    0.16    0.32    4.90 v _157_/Y (sky130_fd_sc_hd__o21ai_2)
                                         _087_ (net)
                  0.16    0.00    4.90 v _173_/A1 (sky130_fd_sc_hd__a21o_1)
     1    0.00    0.07    0.36    5.26 v _173_/X (sky130_fd_sc_hd__a21o_1)
                                         _102_ (net)
                  0.07    0.00    5.26 v _174_/B (sky130_fd_sc_hd__xor2_1)
     1    0.00    0.12    0.29    5.54 v _174_/X (sky130_fd_sc_hd__xor2_1)
                                         _103_ (net)
                  0.12    0.00    5.54 v _180_/A2 (sky130_fd_sc_hd__a211o_1)
     1    0.00    0.10    0.61    6.15 v _180_/X (sky130_fd_sc_hd__a211o_1)
                                         net23 (net)
                  0.10    0.00    6.15 v output23/A (sky130_fd_sc_hd__buf_2)
     1    0.03    0.17    0.38    6.53 v output23/X (sky130_fd_sc_hd__buf_2)
                                         out[3] (net)
                  0.17    0.00    6.53 v out[3] (out)
                                  6.53   data arrival time

                  0.00   10.00   10.00   clock __VIRTUAL_CLK__ (rise edge)
                          0.00   10.00   clock network delay (ideal)
                         -0.25    9.75   clock uncertainty
                          0.00    9.75   clock reconvergence pessimism
                         -2.00    7.75   output external delay
                                  7.75   data required time
-----------------------------------------------------------------------------
                                  7.75   data required time
                                 -6.53   data arrival time
-----------------------------------------------------------------------------
                                  1.22   slack (MET)


Startpoint: opcode[0] (input port clocked by __VIRTUAL_CLK__)
Endpoint: out[2] (output port clocked by __VIRTUAL_CLK__)
Path Group: __VIRTUAL_CLK__
Path Type: max
Corner: Slowest

Fanout     Cap    Slew   Delay    Time   Description
-----------------------------------------------------------------------------
                  0.00    0.00    0.00   clock __VIRTUAL_CLK__ (rise edge)
                          0.00    0.00   clock network delay (ideal)
                          2.00    2.00 ^ input external delay
     1    0.00    0.03    0.01    2.01 ^ opcode[0] (in)
                                         opcode[0] (net)
                  0.03    0.00    2.01 ^ input17/A (sky130_fd_sc_hd__dlymetal6s2s_1)
     6    0.02    0.32    0.34    2.35 ^ input17/X (sky130_fd_sc_hd__dlymetal6s2s_1)
                                         net17 (net)
                  0.32    0.00    2.35 ^ _131_/C_N (sky130_fd_sc_hd__or3b_1)
     1    0.00    0.13    0.90    3.25 v _131_/X (sky130_fd_sc_hd__or3b_1)
                                         _062_ (net)
                  0.13    0.00    3.25 v _132_/A (sky130_fd_sc_hd__buf_2)
    10    0.03    0.16    0.39    3.64 v _132_/X (sky130_fd_sc_hd__buf_2)
                                         _063_ (net)
                  0.16    0.00    3.64 v _134_/C (sky130_fd_sc_hd__and3_1)
     3    0.01    0.12    0.48    4.12 v _134_/X (sky130_fd_sc_hd__and3_1)
                                         _065_ (net)
                  0.12    0.00    4.12 v _136_/C (sky130_fd_sc_hd__nor3_1)
     2    0.01    0.51    0.46    4.58 ^ _136_/Y (sky130_fd_sc_hd__nor3_1)
                                         _067_ (net)
                  0.51    0.00    4.58 ^ _157_/A2 (sky130_fd_sc_hd__o21ai_2)
     3    0.01    0.16    0.32    4.90 v _157_/Y (sky130_fd_sc_hd__o21ai_2)
                                         _087_ (net)
                  0.16    0.00    4.90 v _165_/A (sky130_fd_sc_hd__xor2_1)
     1    0.00    0.13    0.35    5.25 v _165_/X (sky130_fd_sc_hd__xor2_1)
                                         _095_ (net)
                  0.13    0.00    5.25 v _166_/B1 (sky130_fd_sc_hd__o32a_1)
     1    0.00    0.12    0.38    5.63 v _166_/X (sky130_fd_sc_hd__o32a_1)
                                         net22 (net)
                  0.12    0.00    5.63 v output22/A (sky130_fd_sc_hd__buf_2)
     1    0.03    0.17    0.39    6.02 v output22/X (sky130_fd_sc_hd__buf_2)
                                         out[2] (net)
                  0.17    0.00    6.02 v out[2] (out)
                                  6.02   data arrival time

                  0.00   10.00   10.00   clock __VIRTUAL_CLK__ (rise edge)
                          0.00   10.00   clock network delay (ideal)
                         -0.25    9.75   clock uncertainty
                          0.00    9.75   clock reconvergence pessimism
                         -2.00    7.75   output external delay
                                  7.75   data required time
-----------------------------------------------------------------------------
                                  7.75   data required time
                                 -6.02   data arrival time
-----------------------------------------------------------------------------
                                  1.73   slack (MET)


Startpoint: opcode[0] (input port clocked by __VIRTUAL_CLK__)
Endpoint: out[1] (output port clocked by __VIRTUAL_CLK__)
Path Group: __VIRTUAL_CLK__
Path Type: max
Corner: Slowest

Fanout     Cap    Slew   Delay    Time   Description
-----------------------------------------------------------------------------
                  0.00    0.00    0.00   clock __VIRTUAL_CLK__ (rise edge)
                          0.00    0.00   clock network delay (ideal)
                          2.00    2.00 ^ input external delay
     1    0.00    0.03    0.01    2.01 ^ opcode[0] (in)
                                         opcode[0] (net)
                  0.03    0.00    2.01 ^ input17/A (sky130_fd_sc_hd__dlymetal6s2s_1)
     6    0.02    0.32    0.34    2.35 ^ input17/X (sky130_fd_sc_hd__dlymetal6s2s_1)
                                         net17 (net)
                  0.32    0.00    2.35 ^ _131_/C_N (sky130_fd_sc_hd__or3b_1)
     1    0.00    0.13    0.90    3.25 v _131_/X (sky130_fd_sc_hd__or3b_1)
                                         _062_ (net)
                  0.13    0.00    3.25 v _132_/A (sky130_fd_sc_hd__buf_2)
    10    0.03    0.16    0.39    3.64 v _132_/X (sky130_fd_sc_hd__buf_2)
                                         _063_ (net)
                  0.16    0.00    3.64 v _134_/C (sky130_fd_sc_hd__and3_1)
     3    0.01    0.12    0.48    4.12 v _134_/X (sky130_fd_sc_hd__and3_1)
                                         _065_ (net)
                  0.12    0.00    4.12 v _136_/C (sky130_fd_sc_hd__nor3_1)
     2    0.01    0.51    0.46    4.58 ^ _136_/Y (sky130_fd_sc_hd__nor3_1)
                                         _067_ (net)
                  0.51    0.00    4.58 ^ _137_/B (sky130_fd_sc_hd__nor2_1)
     1    0.00    0.13    0.24    4.82 v _137_/Y (sky130_fd_sc_hd__nor2_1)
                                         _068_ (net)
                  0.13    0.00    4.82 v _138_/B (sky130_fd_sc_hd__xnor2_1)
     1    0.00    0.12    0.25    5.07 v _138_/Y (sky130_fd_sc_hd__xnor2_1)
                                         _069_ (net)
                  0.12    0.00    5.07 v _150_/A2 (sky130_fd_sc_hd__o21a_1)
     1    0.00    0.08    0.36    5.42 v _150_/X (sky130_fd_sc_hd__o21a_1)
                                         net21 (net)
                  0.08    0.00    5.42 v output21/A (sky130_fd_sc_hd__buf_2)
     1    0.03    0.17    0.37    5.79 v output21/X (sky130_fd_sc_hd__buf_2)
                                         out[1] (net)
                  0.17    0.00    5.79 v out[1] (out)
                                  5.79   data arrival time

                  0.00   10.00   10.00   clock __VIRTUAL_CLK__ (rise edge)
                          0.00   10.00   clock network delay (ideal)
                         -0.25    9.75   clock uncertainty
                          0.00    9.75   clock reconvergence pessimism
                         -2.00    7.75   output external delay
                                  7.75   data required time
-----------------------------------------------------------------------------
                                  7.75   data required time
                                 -5.79   data arrival time
-----------------------------------------------------------------------------
                                  1.96   slack (MET)


Startpoint: opcode[1] (input port clocked by __VIRTUAL_CLK__)
Endpoint: out[0] (output port clocked by __VIRTUAL_CLK__)
Path Group: __VIRTUAL_CLK__
Path Type: max
Corner: Slowest

Fanout     Cap    Slew   Delay    Time   Description
-----------------------------------------------------------------------------
                  0.00    0.00    0.00   clock __VIRTUAL_CLK__ (rise edge)
                          0.00    0.00   clock network delay (ideal)
                          2.00    2.00 v input external delay
     1    0.00    0.02    0.01    2.01 v opcode[1] (in)
                                         opcode[1] (net)
                  0.02    0.00    2.01 v input18/A (sky130_fd_sc_hd__clkbuf_1)
     2    0.01    0.11    0.19    2.20 v input18/X (sky130_fd_sc_hd__clkbuf_1)
                                         net18 (net)
                  0.11    0.00    2.20 v _114_/A (sky130_fd_sc_hd__clkbuf_2)
    10    0.03    0.19    0.34    2.54 v _114_/X (sky130_fd_sc_hd__clkbuf_2)
                                         _046_ (net)
                  0.19    0.00    2.54 v _121_/B (sky130_fd_sc_hd__and3_2)
     8    0.03    0.19    0.63    3.17 v _121_/X (sky130_fd_sc_hd__and3_2)
                                         _053_ (net)
                  0.19    0.00    3.17 v _123_/A2 (sky130_fd_sc_hd__a22o_1)
     1    0.00    0.07    0.47    3.65 v _123_/X (sky130_fd_sc_hd__a22o_1)
                                         _055_ (net)
                  0.07    0.00    3.65 v _127_/C (sky130_fd_sc_hd__or4_1)
     1    0.00    0.17    1.14    4.79 v _127_/X (sky130_fd_sc_hd__or4_1)
                                         _059_ (net)
                  0.17    0.00    4.79 v _128_/A (sky130_fd_sc_hd__clkbuf_1)
     1    0.00    0.06    0.23    5.01 v _128_/X (sky130_fd_sc_hd__clkbuf_1)
                                         net20 (net)
                  0.06    0.00    5.01 v output20/A (sky130_fd_sc_hd__buf_2)
     1    0.03    0.17    0.36    5.37 v output20/X (sky130_fd_sc_hd__buf_2)
                                         out[0] (net)
                  0.17    0.00    5.37 v out[0] (out)
                                  5.37   data arrival time

                  0.00   10.00   10.00   clock __VIRTUAL_CLK__ (rise edge)
                          0.00   10.00   clock network delay (ideal)
                         -0.25    9.75   clock uncertainty
                          0.00    9.75   clock reconvergence pessimism
                         -2.00    7.75   output external delay
                                  7.75   data required time
-----------------------------------------------------------------------------
                                  7.75   data required time
                                 -5.37   data arrival time
-----------------------------------------------------------------------------
                                  2.38   slack (MET)



worst slack corner Slowest: 0.6047
======================= Typical Corner ===================================

Startpoint: opcode[0] (input port clocked by __VIRTUAL_CLK__)
Endpoint: out[7] (output port clocked by __VIRTUAL_CLK__)
Path Group: __VIRTUAL_CLK__
Path Type: max
Corner: Typical

Fanout     Cap    Slew   Delay    Time   Description
-----------------------------------------------------------------------------
                  0.00    0.00    0.00   clock __VIRTUAL_CLK__ (rise edge)
                          0.00    0.00   clock network delay (ideal)
                          2.00    2.00 ^ input external delay
     1    0.00    0.02    0.01    2.01 ^ opcode[0] (in)
                                         opcode[0] (net)
                  0.02    0.00    2.01 ^ input17/A (sky130_fd_sc_hd__dlymetal6s2s_1)
     6    0.02    0.21    0.21    2.22 ^ input17/X (sky130_fd_sc_hd__dlymetal6s2s_1)
                                         net17 (net)
                  0.21    0.00    2.22 ^ _131_/C_N (sky130_fd_sc_hd__or3b_1)
     1    0.00    0.06    0.38    2.60 v _131_/X (sky130_fd_sc_hd__or3b_1)
                                         _062_ (net)
                  0.06    0.00    2.60 v _132_/A (sky130_fd_sc_hd__buf_2)
    10    0.03    0.09    0.20    2.79 v _132_/X (sky130_fd_sc_hd__buf_2)
                                         _063_ (net)
                  0.09    0.00    2.79 v _134_/C (sky130_fd_sc_hd__and3_1)
     3    0.01    0.06    0.23    3.03 v _134_/X (sky130_fd_sc_hd__and3_1)
                                         _065_ (net)
                  0.06    0.00    3.03 v _136_/C (sky130_fd_sc_hd__nor3_1)
     2    0.01    0.30    0.26    3.28 ^ _136_/Y (sky130_fd_sc_hd__nor3_1)
                                         _067_ (net)
                  0.30    0.00    3.28 ^ _157_/A2 (sky130_fd_sc_hd__o21ai_2)
     3    0.01    0.09    0.13    3.41 v _157_/Y (sky130_fd_sc_hd__o21ai_2)
                                         _087_ (net)
                  0.09    0.00    3.41 v _188_/A1 (sky130_fd_sc_hd__a31o_1)
     3    0.01    0.09    0.25    3.66 v _188_/X (sky130_fd_sc_hd__a31o_1)
                                         _003_ (net)
                  0.09    0.00    3.66 v _216_/A2 (sky130_fd_sc_hd__a31o_1)
     2    0.01    0.06    0.26    3.92 v _216_/X (sky130_fd_sc_hd__a31o_1)
                                         _029_ (net)
                  0.06    0.00    3.92 v _224_/A2 (sky130_fd_sc_hd__a21o_1)
     1    0.01    0.05    0.20    4.13 v _224_/X (sky130_fd_sc_hd__a21o_1)
                                         _036_ (net)
                  0.05    0.00    4.13 v _228_/A (sky130_fd_sc_hd__xnor2_1)
     1    0.00    0.04    0.12    4.25 v _228_/Y (sky130_fd_sc_hd__xnor2_1)
                                         _040_ (net)
                  0.04    0.00    4.25 v _233_/A2 (sky130_fd_sc_hd__o21ai_1)
     1    0.00    0.13    0.14    4.39 ^ _233_/Y (sky130_fd_sc_hd__o21ai_1)
                                         net27 (net)
                  0.13    0.00    4.39 ^ output27/A (sky130_fd_sc_hd__buf_2)
     1    0.03    0.17    0.24    4.64 ^ output27/X (sky130_fd_sc_hd__buf_2)
                                         out[7] (net)
                  0.17    0.00    4.64 ^ out[7] (out)
                                  4.64   data arrival time

                  0.00   10.00   10.00   clock __VIRTUAL_CLK__ (rise edge)
                          0.00   10.00   clock network delay (ideal)
                         -0.25    9.75   clock uncertainty
                          0.00    9.75   clock reconvergence pessimism
                         -2.00    7.75   output external delay
                                  7.75   data required time
-----------------------------------------------------------------------------
                                  7.75   data required time
                                 -4.64   data arrival time
-----------------------------------------------------------------------------
                                  3.11   slack (MET)


Startpoint: opcode[0] (input port clocked by __VIRTUAL_CLK__)
Endpoint: out[5] (output port clocked by __VIRTUAL_CLK__)
Path Group: __VIRTUAL_CLK__
Path Type: max
Corner: Typical

Fanout     Cap    Slew   Delay    Time   Description
-----------------------------------------------------------------------------
                  0.00    0.00    0.00   clock __VIRTUAL_CLK__ (rise edge)
                          0.00    0.00   clock network delay (ideal)
                          2.00    2.00 ^ input external delay
     1    0.00    0.02    0.01    2.01 ^ opcode[0] (in)
                                         opcode[0] (net)
                  0.02    0.00    2.01 ^ input17/A (sky130_fd_sc_hd__dlymetal6s2s_1)
     6    0.02    0.21    0.21    2.22 ^ input17/X (sky130_fd_sc_hd__dlymetal6s2s_1)
                                         net17 (net)
                  0.21    0.00    2.22 ^ _131_/C_N (sky130_fd_sc_hd__or3b_1)
     1    0.00    0.06    0.38    2.60 v _131_/X (sky130_fd_sc_hd__or3b_1)
                                         _062_ (net)
                  0.06    0.00    2.60 v _132_/A (sky130_fd_sc_hd__buf_2)
    10    0.03    0.09    0.20    2.79 v _132_/X (sky130_fd_sc_hd__buf_2)
                                         _063_ (net)
                  0.09    0.00    2.79 v _134_/C (sky130_fd_sc_hd__and3_1)
     3    0.01    0.06    0.23    3.03 v _134_/X (sky130_fd_sc_hd__and3_1)
                                         _065_ (net)
                  0.06    0.00    3.03 v _136_/C (sky130_fd_sc_hd__nor3_1)
     2    0.01    0.30    0.26    3.28 ^ _136_/Y (sky130_fd_sc_hd__nor3_1)
                                         _067_ (net)
                  0.30    0.00    3.28 ^ _157_/A2 (sky130_fd_sc_hd__o21ai_2)
     3    0.01    0.09    0.13    3.41 v _157_/Y (sky130_fd_sc_hd__o21ai_2)
                                         _087_ (net)
                  0.09    0.00    3.41 v _188_/A1 (sky130_fd_sc_hd__a31o_1)
     3    0.01    0.09    0.25    3.66 v _188_/X (sky130_fd_sc_hd__a31o_1)
                                         _003_ (net)
                  0.09    0.00    3.66 v _201_/A2 (sky130_fd_sc_hd__a21boi_1)
     1    0.01    0.15    0.20    3.86 ^ _201_/Y (sky130_fd_sc_hd__a21boi_1)
                                         _015_ (net)
                  0.15    0.00    3.86 ^ _202_/B (sky130_fd_sc_hd__xnor2_1)
     1    0.00    0.06    0.10    3.96 v _202_/Y (sky130_fd_sc_hd__xnor2_1)
                                         _016_ (net)
                  0.06    0.00    3.96 v _208_/A2 (sky130_fd_sc_hd__a211o_1)
     1    0.01    0.06    0.33    4.29 v _208_/X (sky130_fd_sc_hd__a211o_1)
                                         net25 (net)
                  0.06    0.00    4.29 v output25/A (sky130_fd_sc_hd__buf_2)
     1    0.03    0.09    0.20    4.49 v output25/X (sky130_fd_sc_hd__buf_2)
                                         out[5] (net)
                  0.09    0.00    4.49 v out[5] (out)
                                  4.49   data arrival time

                  0.00   10.00   10.00   clock __VIRTUAL_CLK__ (rise edge)
                          0.00   10.00   clock network delay (ideal)
                         -0.25    9.75   clock uncertainty
                          0.00    9.75   clock reconvergence pessimism
                         -2.00    7.75   output external delay
                                  7.75   data required time
-----------------------------------------------------------------------------
                                  7.75   data required time
                                 -4.49   data arrival time
-----------------------------------------------------------------------------
                                  3.26   slack (MET)


Startpoint: opcode[0] (input port clocked by __VIRTUAL_CLK__)
Endpoint: out[6] (output port clocked by __VIRTUAL_CLK__)
Path Group: __VIRTUAL_CLK__
Path Type: max
Corner: Typical

Fanout     Cap    Slew   Delay    Time   Description
-----------------------------------------------------------------------------
                  0.00    0.00    0.00   clock __VIRTUAL_CLK__ (rise edge)
                          0.00    0.00   clock network delay (ideal)
                          2.00    2.00 ^ input external delay
     1    0.00    0.02    0.01    2.01 ^ opcode[0] (in)
                                         opcode[0] (net)
                  0.02    0.00    2.01 ^ input17/A (sky130_fd_sc_hd__dlymetal6s2s_1)
     6    0.02    0.21    0.21    2.22 ^ input17/X (sky130_fd_sc_hd__dlymetal6s2s_1)
                                         net17 (net)
                  0.21    0.00    2.22 ^ _131_/C_N (sky130_fd_sc_hd__or3b_1)
     1    0.00    0.06    0.38    2.60 v _131_/X (sky130_fd_sc_hd__or3b_1)
                                         _062_ (net)
                  0.06    0.00    2.60 v _132_/A (sky130_fd_sc_hd__buf_2)
    10    0.03    0.09    0.20    2.79 v _132_/X (sky130_fd_sc_hd__buf_2)
                                         _063_ (net)
                  0.09    0.00    2.79 v _134_/C (sky130_fd_sc_hd__and3_1)
     3    0.01    0.06    0.23    3.03 v _134_/X (sky130_fd_sc_hd__and3_1)
                                         _065_ (net)
                  0.06    0.00    3.03 v _136_/C (sky130_fd_sc_hd__nor3_1)
     2    0.01    0.30    0.26    3.28 ^ _136_/Y (sky130_fd_sc_hd__nor3_1)
                                         _067_ (net)
                  0.30    0.00    3.28 ^ _157_/A2 (sky130_fd_sc_hd__o21ai_2)
     3    0.01    0.09    0.13    3.41 v _157_/Y (sky130_fd_sc_hd__o21ai_2)
                                         _087_ (net)
                  0.09    0.00    3.41 v _188_/A1 (sky130_fd_sc_hd__a31o_1)
     3    0.01    0.09    0.25    3.66 v _188_/X (sky130_fd_sc_hd__a31o_1)
                                         _003_ (net)
                  0.09    0.00    3.66 v _216_/A2 (sky130_fd_sc_hd__a31o_1)
     2    0.01    0.06    0.26    3.92 v _216_/X (sky130_fd_sc_hd__a31o_1)
                                         _029_ (net)
                  0.06    0.00    3.92 v _217_/B (sky130_fd_sc_hd__xnor2_1)
     1    0.00    0.15    0.16    4.09 ^ _217_/Y (sky130_fd_sc_hd__xnor2_1)
                                         _030_ (net)
                  0.15    0.00    4.09 ^ _223_/A2 (sky130_fd_sc_hd__o22a_1)
     1    0.01    0.06    0.17    4.26 ^ _223_/X (sky130_fd_sc_hd__o22a_1)
                                         net26 (net)
                  0.06    0.00    4.26 ^ output26/A (sky130_fd_sc_hd__buf_2)
     1    0.03    0.17    0.22    4.47 ^ output26/X (sky130_fd_sc_hd__buf_2)
                                         out[6] (net)
                  0.17    0.00    4.47 ^ out[6] (out)
                                  4.47   data arrival time

                  0.00   10.00   10.00   clock __VIRTUAL_CLK__ (rise edge)
                          0.00   10.00   clock network delay (ideal)
                         -0.25    9.75   clock uncertainty
                          0.00    9.75   clock reconvergence pessimism
                         -2.00    7.75   output external delay
                                  7.75   data required time
-----------------------------------------------------------------------------
                                  7.75   data required time
                                 -4.47   data arrival time
-----------------------------------------------------------------------------
                                  3.28   slack (MET)


Startpoint: opcode[0] (input port clocked by __VIRTUAL_CLK__)
Endpoint: out[3] (output port clocked by __VIRTUAL_CLK__)
Path Group: __VIRTUAL_CLK__
Path Type: max
Corner: Typical

Fanout     Cap    Slew   Delay    Time   Description
-----------------------------------------------------------------------------
                  0.00    0.00    0.00   clock __VIRTUAL_CLK__ (rise edge)
                          0.00    0.00   clock network delay (ideal)
                          2.00    2.00 ^ input external delay
     1    0.00    0.02    0.01    2.01 ^ opcode[0] (in)
                                         opcode[0] (net)
                  0.02    0.00    2.01 ^ input17/A (sky130_fd_sc_hd__dlymetal6s2s_1)
     6    0.02    0.21    0.21    2.22 ^ input17/X (sky130_fd_sc_hd__dlymetal6s2s_1)
                                         net17 (net)
                  0.21    0.00    2.22 ^ _131_/C_N (sky130_fd_sc_hd__or3b_1)
     1    0.00    0.06    0.38    2.60 v _131_/X (sky130_fd_sc_hd__or3b_1)
                                         _062_ (net)
                  0.06    0.00    2.60 v _132_/A (sky130_fd_sc_hd__buf_2)
    10    0.03    0.09    0.20    2.79 v _132_/X (sky130_fd_sc_hd__buf_2)
                                         _063_ (net)
                  0.09    0.00    2.79 v _134_/C (sky130_fd_sc_hd__and3_1)
     3    0.01    0.06    0.23    3.03 v _134_/X (sky130_fd_sc_hd__and3_1)
                                         _065_ (net)
                  0.06    0.00    3.03 v _136_/C (sky130_fd_sc_hd__nor3_1)
     2    0.01    0.30    0.26    3.28 ^ _136_/Y (sky130_fd_sc_hd__nor3_1)
                                         _067_ (net)
                  0.30    0.00    3.28 ^ _157_/A2 (sky130_fd_sc_hd__o21ai_2)
     3    0.01    0.09    0.13    3.41 v _157_/Y (sky130_fd_sc_hd__o21ai_2)
                                         _087_ (net)
                  0.09    0.00    3.41 v _173_/A1 (sky130_fd_sc_hd__a21o_1)
     1    0.00    0.04    0.18    3.60 v _173_/X (sky130_fd_sc_hd__a21o_1)
                                         _102_ (net)
                  0.04    0.00    3.60 v _174_/B (sky130_fd_sc_hd__xor2_1)
     1    0.00    0.06    0.15    3.75 v _174_/X (sky130_fd_sc_hd__xor2_1)
                                         _103_ (net)
                  0.06    0.00    3.75 v _180_/A2 (sky130_fd_sc_hd__a211o_1)
     1    0.00    0.06    0.32    4.06 v _180_/X (sky130_fd_sc_hd__a211o_1)
                                         net23 (net)
                  0.06    0.00    4.06 v output23/A (sky130_fd_sc_hd__buf_2)
     1    0.03    0.09    0.20    4.26 v output23/X (sky130_fd_sc_hd__buf_2)
                                         out[3] (net)
                  0.09    0.00    4.26 v out[3] (out)
                                  4.26   data arrival time

                  0.00   10.00   10.00   clock __VIRTUAL_CLK__ (rise edge)
                          0.00   10.00   clock network delay (ideal)
                         -0.25    9.75   clock uncertainty
                          0.00    9.75   clock reconvergence pessimism
                         -2.00    7.75   output external delay
                                  7.75   data required time
-----------------------------------------------------------------------------
                                  7.75   data required time
                                 -4.26   data arrival time
-----------------------------------------------------------------------------
                                  3.49   slack (MET)


Startpoint: opcode[0] (input port clocked by __VIRTUAL_CLK__)
Endpoint: out[4] (output port clocked by __VIRTUAL_CLK__)
Path Group: __VIRTUAL_CLK__
Path Type: max
Corner: Typical

Fanout     Cap    Slew   Delay    Time   Description
-----------------------------------------------------------------------------
                  0.00    0.00    0.00   clock __VIRTUAL_CLK__ (rise edge)
                          0.00    0.00   clock network delay (ideal)
                          2.00    2.00 ^ input external delay
     1    0.00    0.02    0.01    2.01 ^ opcode[0] (in)
                                         opcode[0] (net)
                  0.02    0.00    2.01 ^ input17/A (sky130_fd_sc_hd__dlymetal6s2s_1)
     6    0.02    0.21    0.21    2.22 ^ input17/X (sky130_fd_sc_hd__dlymetal6s2s_1)
                                         net17 (net)
                  0.21    0.00    2.22 ^ _131_/C_N (sky130_fd_sc_hd__or3b_1)
     1    0.00    0.06    0.38    2.60 v _131_/X (sky130_fd_sc_hd__or3b_1)
                                         _062_ (net)
                  0.06    0.00    2.60 v _132_/A (sky130_fd_sc_hd__buf_2)
    10    0.03    0.09    0.20    2.79 v _132_/X (sky130_fd_sc_hd__buf_2)
                                         _063_ (net)
                  0.09    0.00    2.79 v _134_/C (sky130_fd_sc_hd__and3_1)
     3    0.01    0.06    0.23    3.03 v _134_/X (sky130_fd_sc_hd__and3_1)
                                         _065_ (net)
                  0.06    0.00    3.03 v _136_/C (sky130_fd_sc_hd__nor3_1)
     2    0.01    0.30    0.26    3.28 ^ _136_/Y (sky130_fd_sc_hd__nor3_1)
                                         _067_ (net)
                  0.30    0.00    3.28 ^ _157_/A2 (sky130_fd_sc_hd__o21ai_2)
     3    0.01    0.09    0.13    3.41 v _157_/Y (sky130_fd_sc_hd__o21ai_2)
                                         _087_ (net)
                  0.09    0.00    3.41 v _188_/A1 (sky130_fd_sc_hd__a31o_1)
     3    0.01    0.09    0.25    3.66 v _188_/X (sky130_fd_sc_hd__a31o_1)
                                         _003_ (net)
                  0.09    0.00    3.66 v _189_/B (sky130_fd_sc_hd__xor2_1)
     1    0.00    0.06    0.16    3.83 v _189_/X (sky130_fd_sc_hd__xor2_1)
                                         _004_ (net)
                  0.06    0.00    3.83 v _195_/A2 (sky130_fd_sc_hd__o22a_1)
     1    0.00    0.05    0.22    4.04 v _195_/X (sky130_fd_sc_hd__o22a_1)
                                         net24 (net)
                  0.05    0.00    4.04 v output24/A (sky130_fd_sc_hd__buf_2)
     1    0.03    0.09    0.19    4.23 v output24/X (sky130_fd_sc_hd__buf_2)
                                         out[4] (net)
                  0.09    0.00    4.24 v out[4] (out)
                                  4.24   data arrival time

                  0.00   10.00   10.00   clock __VIRTUAL_CLK__ (rise edge)
                          0.00   10.00   clock network delay (ideal)
                         -0.25    9.75   clock uncertainty
                          0.00    9.75   clock reconvergence pessimism
                         -2.00    7.75   output external delay
                                  7.75   data required time
-----------------------------------------------------------------------------
                                  7.75   data required time
                                 -4.24   data arrival time
-----------------------------------------------------------------------------
                                  3.51   slack (MET)


Startpoint: opcode[0] (input port clocked by __VIRTUAL_CLK__)
Endpoint: out[2] (output port clocked by __VIRTUAL_CLK__)
Path Group: __VIRTUAL_CLK__
Path Type: max
Corner: Typical

Fanout     Cap    Slew   Delay    Time   Description
-----------------------------------------------------------------------------
                  0.00    0.00    0.00   clock __VIRTUAL_CLK__ (rise edge)
                          0.00    0.00   clock network delay (ideal)
                          2.00    2.00 ^ input external delay
     1    0.00    0.02    0.01    2.01 ^ opcode[0] (in)
                                         opcode[0] (net)
                  0.02    0.00    2.01 ^ input17/A (sky130_fd_sc_hd__dlymetal6s2s_1)
     6    0.02    0.21    0.21    2.22 ^ input17/X (sky130_fd_sc_hd__dlymetal6s2s_1)
                                         net17 (net)
                  0.21    0.00    2.22 ^ _131_/C_N (sky130_fd_sc_hd__or3b_1)
     1    0.00    0.06    0.38    2.60 v _131_/X (sky130_fd_sc_hd__or3b_1)
                                         _062_ (net)
                  0.06    0.00    2.60 v _132_/A (sky130_fd_sc_hd__buf_2)
    10    0.03    0.09    0.20    2.79 v _132_/X (sky130_fd_sc_hd__buf_2)
                                         _063_ (net)
                  0.09    0.00    2.79 v _134_/C (sky130_fd_sc_hd__and3_1)
     3    0.01    0.06    0.23    3.03 v _134_/X (sky130_fd_sc_hd__and3_1)
                                         _065_ (net)
                  0.06    0.00    3.03 v _136_/C (sky130_fd_sc_hd__nor3_1)
     2    0.01    0.30    0.26    3.28 ^ _136_/Y (sky130_fd_sc_hd__nor3_1)
                                         _067_ (net)
                  0.30    0.00    3.28 ^ _157_/A2 (sky130_fd_sc_hd__o21ai_2)
     3    0.01    0.09    0.13    3.41 v _157_/Y (sky130_fd_sc_hd__o21ai_2)
                                         _087_ (net)
                  0.09    0.00    3.41 v _165_/A (sky130_fd_sc_hd__xor2_1)
     1    0.00    0.07    0.18    3.60 v _165_/X (sky130_fd_sc_hd__xor2_1)
                                         _095_ (net)
                  0.07    0.00    3.60 v _166_/B1 (sky130_fd_sc_hd__o32a_1)
     1    0.00    0.06    0.19    3.79 v _166_/X (sky130_fd_sc_hd__o32a_1)
                                         net22 (net)
                  0.06    0.00    3.79 v output22/A (sky130_fd_sc_hd__buf_2)
     1    0.03    0.09    0.20    3.98 v output22/X (sky130_fd_sc_hd__buf_2)
                                         out[2] (net)
                  0.09    0.00    3.98 v out[2] (out)
                                  3.98   data arrival time

                  0.00   10.00   10.00   clock __VIRTUAL_CLK__ (rise edge)
                          0.00   10.00   clock network delay (ideal)
                         -0.25    9.75   clock uncertainty
                          0.00    9.75   clock reconvergence pessimism
                         -2.00    7.75   output external delay
                                  7.75   data required time
-----------------------------------------------------------------------------
                                  7.75   data required time
                                 -3.98   data arrival time
-----------------------------------------------------------------------------
                                  3.77   slack (MET)


Startpoint: opcode[0] (input port clocked by __VIRTUAL_CLK__)
Endpoint: out[1] (output port clocked by __VIRTUAL_CLK__)
Path Group: __VIRTUAL_CLK__
Path Type: max
Corner: Typical

Fanout     Cap    Slew   Delay    Time   Description
-----------------------------------------------------------------------------
                  0.00    0.00    0.00   clock __VIRTUAL_CLK__ (rise edge)
                          0.00    0.00   clock network delay (ideal)
                          2.00    2.00 ^ input external delay
     1    0.00    0.02    0.01    2.01 ^ opcode[0] (in)
                                         opcode[0] (net)
                  0.02    0.00    2.01 ^ input17/A (sky130_fd_sc_hd__dlymetal6s2s_1)
     6    0.02    0.21    0.21    2.22 ^ input17/X (sky130_fd_sc_hd__dlymetal6s2s_1)
                                         net17 (net)
                  0.21    0.00    2.22 ^ _131_/C_N (sky130_fd_sc_hd__or3b_1)
     1    0.00    0.06    0.38    2.60 v _131_/X (sky130_fd_sc_hd__or3b_1)
                                         _062_ (net)
                  0.06    0.00    2.60 v _132_/A (sky130_fd_sc_hd__buf_2)
    10    0.03    0.09    0.20    2.79 v _132_/X (sky130_fd_sc_hd__buf_2)
                                         _063_ (net)
                  0.09    0.00    2.79 v _134_/C (sky130_fd_sc_hd__and3_1)
     3    0.01    0.06    0.23    3.03 v _134_/X (sky130_fd_sc_hd__and3_1)
                                         _065_ (net)
                  0.06    0.00    3.03 v _136_/C (sky130_fd_sc_hd__nor3_1)
     2    0.01    0.30    0.26    3.28 ^ _136_/Y (sky130_fd_sc_hd__nor3_1)
                                         _067_ (net)
                  0.30    0.00    3.28 ^ _137_/B (sky130_fd_sc_hd__nor2_1)
     1    0.00    0.08    0.09    3.38 v _137_/Y (sky130_fd_sc_hd__nor2_1)
                                         _068_ (net)
                  0.08    0.00    3.38 v _138_/B (sky130_fd_sc_hd__xnor2_1)
     1    0.00    0.07    0.14    3.52 v _138_/Y (sky130_fd_sc_hd__xnor2_1)
                                         _069_ (net)
                  0.07    0.00    3.52 v _150_/A2 (sky130_fd_sc_hd__o21a_1)
     1    0.00    0.04    0.19    3.70 v _150_/X (sky130_fd_sc_hd__o21a_1)
                                         net21 (net)
                  0.04    0.00    3.70 v output21/A (sky130_fd_sc_hd__buf_2)
     1    0.03    0.09    0.19    3.89 v output21/X (sky130_fd_sc_hd__buf_2)
                                         out[1] (net)
                  0.09    0.00    3.89 v out[1] (out)
                                  3.89   data arrival time

                  0.00   10.00   10.00   clock __VIRTUAL_CLK__ (rise edge)
                          0.00   10.00   clock network delay (ideal)
                         -0.25    9.75   clock uncertainty
                          0.00    9.75   clock reconvergence pessimism
                         -2.00    7.75   output external delay
                                  7.75   data required time
-----------------------------------------------------------------------------
                                  7.75   data required time
                                 -3.89   data arrival time
-----------------------------------------------------------------------------
                                  3.86   slack (MET)


Startpoint: opcode[1] (input port clocked by __VIRTUAL_CLK__)
Endpoint: out[0] (output port clocked by __VIRTUAL_CLK__)
Path Group: __VIRTUAL_CLK__
Path Type: max
Corner: Typical

Fanout     Cap    Slew   Delay    Time   Description
-----------------------------------------------------------------------------
                  0.00    0.00    0.00   clock __VIRTUAL_CLK__ (rise edge)
                          0.00    0.00   clock network delay (ideal)
                          2.00    2.00 v input external delay
     1    0.00    0.01    0.01    2.01 v opcode[1] (in)
                                         opcode[1] (net)
                  0.01    0.00    2.01 v input18/A (sky130_fd_sc_hd__clkbuf_1)
     2    0.01    0.06    0.10    2.11 v input18/X (sky130_fd_sc_hd__clkbuf_1)
                                         net18 (net)
                  0.06    0.00    2.11 v _114_/A (sky130_fd_sc_hd__clkbuf_2)
    10    0.03    0.11    0.18    2.29 v _114_/X (sky130_fd_sc_hd__clkbuf_2)
                                         _046_ (net)
                  0.11    0.00    2.29 v _121_/B (sky130_fd_sc_hd__and3_2)
     8    0.03    0.10    0.31    2.60 v _121_/X (sky130_fd_sc_hd__and3_2)
                                         _053_ (net)
                  0.10    0.00    2.60 v _123_/A2 (sky130_fd_sc_hd__a22o_1)
     1    0.00    0.04    0.25    2.85 v _123_/X (sky130_fd_sc_hd__a22o_1)
                                         _055_ (net)
                  0.04    0.00    2.85 v _127_/C (sky130_fd_sc_hd__or4_1)
     1    0.00    0.08    0.48    3.33 v _127_/X (sky130_fd_sc_hd__or4_1)
                                         _059_ (net)
                  0.08    0.00    3.33 v _128_/A (sky130_fd_sc_hd__clkbuf_1)
     1    0.00    0.03    0.11    3.44 v _128_/X (sky130_fd_sc_hd__clkbuf_1)
                                         net20 (net)
                  0.03    0.00    3.44 v output20/A (sky130_fd_sc_hd__buf_2)
     1    0.03    0.09    0.18    3.62 v output20/X (sky130_fd_sc_hd__buf_2)
                                         out[0] (net)
                  0.09    0.00    3.62 v out[0] (out)
                                  3.62   data arrival time

                  0.00   10.00   10.00   clock __VIRTUAL_CLK__ (rise edge)
                          0.00   10.00   clock network delay (ideal)
                         -0.25    9.75   clock uncertainty
                          0.00    9.75   clock reconvergence pessimism
                         -2.00    7.75   output external delay
                                  7.75   data required time
-----------------------------------------------------------------------------
                                  7.75   data required time
                                 -3.62   data arrival time
-----------------------------------------------------------------------------
                                  4.13   slack (MET)



worst slack corner Typical: 3.1146
