
===========================================================================
report_checks -unconstrained
===========================================================================
======================= Typical Corner ===================================

Startpoint: _342_ (rising edge-triggered flip-flop clocked by clk)
Endpoint: _354_ (rising edge-triggered flip-flop clocked by clk)
Path Group: clk
Path Type: max

Fanout     Cap    Slew   Delay    Time   Description
-----------------------------------------------------------------------------
                          0.00    0.00   clock clk (rise edge)
                          0.00    0.00   clock source latency
     1    0.01    0.00    0.00    0.00 ^ clk (in)
                                         clk (net)
                  0.00    0.00    0.00 ^ clkbuf_0_clk/A (sky130_fd_sc_hd__clkbuf_16)
     4    0.03    0.05    0.12    0.12 ^ clkbuf_0_clk/X (sky130_fd_sc_hd__clkbuf_16)
                                         clknet_0_clk (net)
                  0.05    0.00    0.12 ^ clkbuf_2_1__f_clk/A (sky130_fd_sc_hd__clkbuf_16)
     9    0.02    0.05    0.13    0.25 ^ clkbuf_2_1__f_clk/X (sky130_fd_sc_hd__clkbuf_16)
                                         clknet_2_1__leaf_clk (net)
                  0.05    0.00    0.25 ^ _342_/CLK (sky130_fd_sc_hd__dfrtp_4)
     5    0.01    0.07    0.48    0.73 v _342_/Q (sky130_fd_sc_hd__dfrtp_4)
                                         one_second_counter[12] (net)
                  0.07    0.00    0.73 v _180_/C (sky130_fd_sc_hd__and4_1)
     2    0.00    0.04    0.19    0.93 v _180_/X (sky130_fd_sc_hd__and4_1)
                                         _078_ (net)
                  0.04    0.00    0.93 v _181_/D (sky130_fd_sc_hd__or4_1)
     1    0.00    0.09    0.41    1.34 v _181_/X (sky130_fd_sc_hd__or4_1)
                                         _079_ (net)
                  0.09    0.00    1.34 v _184_/A3 (sky130_fd_sc_hd__o31a_1)
     1    0.00    0.05    0.26    1.59 v _184_/X (sky130_fd_sc_hd__o31a_1)
                                         _082_ (net)
                  0.05    0.00    1.59 v _186_/A2 (sky130_fd_sc_hd__o211ai_2)
     2    0.01    0.20    0.19    1.79 ^ _186_/Y (sky130_fd_sc_hd__o211ai_2)
                                         _084_ (net)
                  0.20    0.00    1.79 ^ _187_/A2 (sky130_fd_sc_hd__a21bo_2)
     9    0.03    0.19    0.28    2.06 ^ _187_/X (sky130_fd_sc_hd__a21bo_2)
                                         _085_ (net)
                  0.19    0.00    2.07 ^ _188_/A (sky130_fd_sc_hd__inv_2)
     2    0.01    0.05    0.06    2.12 v _188_/Y (sky130_fd_sc_hd__inv_2)
                                         _086_ (net)
                  0.05    0.00    2.12 v _189_/A (sky130_fd_sc_hd__buf_2)
    10    0.03    0.08    0.17    2.29 v _189_/X (sky130_fd_sc_hd__buf_2)
                                         _027_ (net)
                  0.08    0.00    2.30 v _278_/A (sky130_fd_sc_hd__nor3_1)
     1    0.01    0.24    0.26    2.56 ^ _278_/Y (sky130_fd_sc_hd__nor3_1)
                                         _016_ (net)
                  0.24    0.00    2.56 ^ _354_/D (sky130_fd_sc_hd__dfrtp_2)
                                  2.56   data arrival time

                         10.00   10.00   clock clk (rise edge)
                          0.00   10.00   clock source latency
     1    0.01    0.00    0.00   10.00 ^ clk (in)
                                         clk (net)
                  0.00    0.00   10.00 ^ clkbuf_0_clk/A (sky130_fd_sc_hd__clkbuf_16)
     4    0.03    0.05    0.12   10.12 ^ clkbuf_0_clk/X (sky130_fd_sc_hd__clkbuf_16)
                                         clknet_0_clk (net)
                  0.05    0.00   10.12 ^ clkbuf_2_3__f_clk/A (sky130_fd_sc_hd__clkbuf_16)
     9    0.02    0.04    0.13   10.25 ^ clkbuf_2_3__f_clk/X (sky130_fd_sc_hd__clkbuf_16)
                                         clknet_2_3__leaf_clk (net)
                  0.04    0.00   10.25 ^ _354_/CLK (sky130_fd_sc_hd__dfrtp_2)
                          0.00   10.25   clock reconvergence pessimism
                         -0.11   10.14   library setup time
                                 10.14   data required time
-----------------------------------------------------------------------------
                                 10.14   data required time
                                 -2.56   data arrival time
-----------------------------------------------------------------------------
                                  7.58   slack (MET)




===========================================================================
report_checks --slack_max -0.01
============================================================================
======================= Typical Corner ===================================

No paths found.


===========================================================================
 report_check_types -max_slew -max_cap -max_fanout -violators
============================================================================
======================= Typical Corner ===================================


max slew violations count Typical: 0
max fanout violations count Typical: 0
max cap violations count Typical: 0

===========================================================================
report_parasitic_annotation -report_unannotated
============================================================================
Found 11 unannotated drivers.
 clkload0/Y
 clkload1/X
 clkload2/X
 project3_10/LO
 project3_11/LO
 project3_12/LO
 project3_13/LO
 project3_14/LO
 project3_15/LO
 project3_16/LO
 project3_9/HI
Found 126 partially unannotated drivers.
 rst
 _162_/X
 _163_/Y
 _164_/Y
 _165_/Y
 _167_/Y
 _168_/X
 _171_/Y
 _173_/Y
 _174_/Y
 _177_/X
 _178_/X
 _179_/X
 _180_/X
 _183_/X
 _184_/X
 _185_/X
 _188_/Y
 _189_/X
 _192_/X
 _193_/X
 _194_/X
 _198_/X
 _200_/X
 _201_/X
 _202_/X
 _203_/Y
 _204_/X
 _205_/X
 _208_/X
 _209_/Y
 _210_/X
 _211_/Y
 _212_/X
 _213_/X
 _214_/Y
 _215_/Y
 _220_/Y
 _221_/X
 _222_/Y
 _223_/X
 _224_/Y
 _225_/X
 _226_/X
 _227_/Y
 _228_/X
 _229_/Y
 _231_/Y
 _232_/X
 _233_/X
 _235_/Y
 _239_/Y
 _242_/X
 _243_/Y
 _246_/Y
 _248_/Y
 _254_/X
 _255_/X
 _257_/X
 _258_/X
 _259_/Y
 _260_/X
 _261_/X
 _262_/X
 _264_/X
 _265_/X
 _268_/Y
 _275_/Y
 _276_/Y
 _277_/X
 _280_/Y
 _281_/X
 _283_/X
 _284_/X
 _285_/Y
 _286_/X
 _287_/X
 _288_/Y
 _289_/Y
 _291_/X
 _293_/X
 _295_/X
 _297_/Y
 _298_/Y
 _302_/Y
 _303_/Y
 _306_/X
 _308_/Y
 _309_/Y
 _311_/Y
 _313_/Y
 _316_/Y
 _317_/X
 _320_/Y
 _321_/Y
 _324_/Y
 _328_/Y
 _329_/Y
 _330_/Q
 _331_/Q
 _332_/Q
 _337_/Q
 _338_/Q
 _339_/Q
 _341_/Q
 _342_/Q
 _344_/Q
 _345_/Q
 _347_/Q
 _348_/Q
 _349_/Q
 _350_/Q
 _351_/Q
 _352_/Q
 _353_/Q
 _354_/Q
 _355_/Q
 _356_/Q
 _357_/Q
 _359_/Q
 _360_/Q
 _361_/Q
 _370_/X
 clkbuf_0_clk/X
 clkbuf_2_3__f_clk/X
 input1/X

===========================================================================
max slew violation count 0
max fanout violation count 0
max cap violation count 0
============================================================================

===========================================================================
check_setup -verbose -unconstrained_endpoints -multiple_clock -no_clock -no_input_delay -loops -generated_clocks
===========================================================================
Warning: There is 1 input port missing set_input_delay.
  rst
Warning: There are 15 unconstrained endpoints.
  an0
  an1
  an2
  an3
  an4
  an5
  an6
  an7
  seg0
  seg1
  seg2
  seg3
  seg4
  seg5
  seg6
