Instance,Terminal,Layer,X location,Y location,Voltage
FILLER_0_28_169,VPWR,li1,88.0900,89.7600,1.799998
FILLER_0_28_165,VPWR,li1,86.7100,89.7600,1.799998
FILLER_0_28_153,VPWR,li1,83.2600,89.7600,1.799998
FILLER_0_28_141,VPWR,li1,77.7400,89.7600,1.799998
FILLER_0_28_137,VPWR,li1,73.8300,89.7600,1.799997
FILLER_0_28_129,VPWR,li1,71.3000,89.7600,1.799996
FILLER_0_28_117,VPWR,li1,66.7000,89.7600,1.799995
FILLER_0_28_109,VPWR,li1,60.9500,89.7600,1.799995
FILLER_0_28_102,VPWR,li1,57.7300,89.7600,1.799994
FILLER_0_28_95,VPWR,li1,54.5100,89.7600,1.799994
FILLER_0_28_89,VPWR,li1,51.5200,89.7600,1.799993
FILLER_0_28_81,VPWR,li1,48.0700,89.7600,1.799995
FILLER_0_28_69,VPWR,li1,43.7000,89.7600,1.799996
FILLER_0_28_57,VPWR,li1,39.1000,89.7600,1.799997
FILLER_0_28_53,VPWR,li1,35.1900,89.7600,1.799998
FILLER_0_28_41,VPWR,li1,31.7400,89.7600,1.799998
FILLER_0_28_29,VPWR,li1,26.2200,89.7600,1.799998
FILLER_0_28_27,VPWR,li1,22.7700,89.7600,1.799999
FILLER_0_28_15,VPWR,li1,19.7800,89.7600,1.799999
FILLER_0_28_3,VPWR,li1,14.2600,89.7600,1.799999
FILLER_0_27_169,VPWR,li1,88.0900,84.3200,1.800000
FILLER_0_27_167,VPWR,li1,87.1700,84.3200,1.800000
FILLER_0_27_161,VPWR,li1,85.5600,84.3200,1.800000
FILLER_0_27_149,VPWR,li1,81.4200,84.3200,1.800000
FILLER_0_27_137,VPWR,li1,75.9000,84.3200,1.800000
FILLER_0_27_125,VPWR,li1,70.3800,84.3200,1.800000
FILLER_0_27_113,VPWR,li1,64.8600,84.3200,1.800000
FILLER_0_27_111,VPWR,li1,61.4100,84.3200,1.800000
FILLER_0_27_105,VPWR,li1,59.8000,84.3200,1.800000
FILLER_0_27_93,VPWR,li1,55.6600,84.3200,1.800000
FILLER_0_27_81,VPWR,li1,50.1400,84.3200,1.800000
FILLER_0_27_69,VPWR,li1,44.6200,84.3200,1.800000
FILLER_0_27_57,VPWR,li1,39.1000,84.3200,1.800000
FILLER_0_27_55,VPWR,li1,35.6500,84.3200,1.800000
FILLER_0_27_51,VPWR,li1,34.5000,84.3200,1.800000
FILLER_0_27_39,VPWR,li1,30.8200,84.3200,1.800000
FILLER_0_27_27,VPWR,li1,25.3000,84.3200,1.800000
FILLER_0_27_15,VPWR,li1,19.7800,84.3200,1.800000
FILLER_0_27_3,VPWR,li1,14.2600,84.3200,1.800000
FILLER_0_26_169,VPWR,li1,88.0900,84.3200,1.800000
FILLER_0_26_165,VPWR,li1,86.9400,84.3200,1.800000
FILLER_0_26_153,VPWR,li1,83.2600,84.3200,1.800000
FILLER_0_26_141,VPWR,li1,77.7400,84.3200,1.800000
FILLER_0_26_139,VPWR,li1,74.2900,84.3200,1.800000
FILLER_0_26_133,VPWR,li1,72.6800,84.3200,1.800000
FILLER_0_26_121,VPWR,li1,68.5400,84.3200,1.800000
FILLER_0_26_109,VPWR,li1,63.0200,84.3200,1.800000
FILLER_0_26_97,VPWR,li1,57.5000,84.3200,1.800000
FILLER_0_26_85,VPWR,li1,51.9800,84.3200,1.800000
FILLER_0_26_83,VPWR,li1,48.5300,84.3200,1.800000
FILLER_0_26_77,VPWR,li1,46.9200,84.3200,1.800000
FILLER_0_26_65,VPWR,li1,42.7800,84.3200,1.800000
FILLER_0_26_53,VPWR,li1,37.2600,84.3200,1.800000
FILLER_0_26_41,VPWR,li1,31.7400,84.3200,1.800000
FILLER_0_26_29,VPWR,li1,26.2200,84.3200,1.800000
FILLER_0_26_27,VPWR,li1,22.7700,84.3200,1.800000
FILLER_0_26_15,VPWR,li1,19.7800,84.3200,1.800000
FILLER_0_26_3,VPWR,li1,14.2600,84.3200,1.800000
FILLER_0_25_169,VPWR,li1,88.0900,78.8800,1.800000
FILLER_0_25_167,VPWR,li1,87.1700,78.8800,1.800000
FILLER_0_25_161,VPWR,li1,85.5600,78.8800,1.800000
FILLER_0_25_149,VPWR,li1,81.4200,78.8800,1.800000
FILLER_0_25_137,VPWR,li1,75.9000,78.8800,1.800000
FILLER_0_25_125,VPWR,li1,70.3800,78.8800,1.800000
FILLER_0_25_113,VPWR,li1,64.8600,78.8800,1.800000
FILLER_0_25_111,VPWR,li1,61.4100,78.8800,1.800000
FILLER_0_25_105,VPWR,li1,59.8000,78.8800,1.800000
FILLER_0_25_93,VPWR,li1,55.6600,78.8800,1.800000
FILLER_0_25_81,VPWR,li1,50.1400,78.8800,1.800000
FILLER_0_25_69,VPWR,li1,44.6200,78.8800,1.800000
FILLER_0_25_57,VPWR,li1,39.1000,78.8800,1.800000
FILLER_0_25_55,VPWR,li1,35.6500,78.8800,1.800000
FILLER_0_25_51,VPWR,li1,34.5000,78.8800,1.800000
FILLER_0_25_39,VPWR,li1,30.8200,78.8800,1.800000
FILLER_0_25_27,VPWR,li1,25.3000,78.8800,1.800000
FILLER_0_25_15,VPWR,li1,19.7800,78.8800,1.800000
FILLER_0_25_3,VPWR,li1,14.2600,78.8800,1.800000
FILLER_0_24_169,VPWR,li1,88.0900,78.8800,1.800000
FILLER_0_24_165,VPWR,li1,86.9400,78.8800,1.800000
FILLER_0_24_153,VPWR,li1,83.2600,78.8800,1.800000
FILLER_0_24_141,VPWR,li1,77.7400,78.8800,1.800000
FILLER_0_24_139,VPWR,li1,74.2900,78.8800,1.800000
FILLER_0_24_133,VPWR,li1,72.6800,78.8800,1.800000
FILLER_0_24_121,VPWR,li1,68.5400,78.8800,1.800000
FILLER_0_24_109,VPWR,li1,63.0200,78.8800,1.800000
FILLER_0_24_97,VPWR,li1,57.5000,78.8800,1.800000
FILLER_0_24_85,VPWR,li1,51.9800,78.8800,1.800000
FILLER_0_24_83,VPWR,li1,48.5300,78.8800,1.800000
FILLER_0_24_77,VPWR,li1,46.9200,78.8800,1.800000
FILLER_0_24_65,VPWR,li1,42.7800,78.8800,1.800000
FILLER_0_24_53,VPWR,li1,37.2600,78.8800,1.800000
FILLER_0_24_41,VPWR,li1,31.7400,78.8800,1.800000
FILLER_0_24_29,VPWR,li1,26.2200,78.8800,1.800000
FILLER_0_24_27,VPWR,li1,22.7700,78.8800,1.800000
FILLER_0_24_15,VPWR,li1,19.7800,78.8800,1.800000
FILLER_0_24_3,VPWR,li1,14.2600,78.8800,1.800000
FILLER_0_23_169,VPWR,li1,88.0900,73.4400,1.800000
FILLER_0_23_167,VPWR,li1,87.1700,73.4400,1.800000
FILLER_0_23_161,VPWR,li1,85.5600,73.4400,1.800000
FILLER_0_23_149,VPWR,li1,81.4200,73.4400,1.800000
FILLER_0_23_137,VPWR,li1,75.9000,73.4400,1.800000
FILLER_0_23_125,VPWR,li1,70.3800,73.4400,1.800000
FILLER_0_23_113,VPWR,li1,64.8600,73.4400,1.799999
FILLER_0_23_111,VPWR,li1,61.4100,73.4400,1.799999
FILLER_0_23_105,VPWR,li1,59.8000,73.4400,1.799999
FILLER_0_23_93,VPWR,li1,55.6600,73.4400,1.799999
FILLER_0_23_81,VPWR,li1,50.1400,73.4400,1.799999
FILLER_0_23_69,VPWR,li1,44.6200,73.4400,1.799999
FILLER_0_23_57,VPWR,li1,39.1000,73.4400,1.800000
FILLER_0_23_55,VPWR,li1,35.6500,73.4400,1.800000
FILLER_0_23_51,VPWR,li1,34.5000,73.4400,1.800000
FILLER_0_23_39,VPWR,li1,30.8200,73.4400,1.800000
FILLER_0_23_27,VPWR,li1,25.3000,73.4400,1.800000
FILLER_0_23_15,VPWR,li1,19.7800,73.4400,1.800000
FILLER_0_23_3,VPWR,li1,14.2600,73.4400,1.800000
FILLER_0_22_169,VPWR,li1,88.0900,73.4400,1.800000
FILLER_0_22_165,VPWR,li1,86.9400,73.4400,1.800000
FILLER_0_22_153,VPWR,li1,83.2600,73.4400,1.800000
FILLER_0_22_141,VPWR,li1,77.7400,73.4400,1.800000
FILLER_0_22_134,VPWR,li1,73.1400,73.4400,1.800000
FILLER_0_22_122,VPWR,li1,69.0000,73.4400,1.800000
FILLER_0_22_110,VPWR,li1,63.4800,73.4400,1.799999
FILLER_0_22_98,VPWR,li1,57.9600,73.4400,1.799999
FILLER_0_22_85,VPWR,li1,50.6000,73.4400,1.799999
FILLER_0_22_83,VPWR,li1,48.5300,73.4400,1.799999
FILLER_0_22_77,VPWR,li1,46.9200,73.4400,1.799999
FILLER_0_22_65,VPWR,li1,42.7800,73.4400,1.799999
FILLER_0_22_53,VPWR,li1,37.2600,73.4400,1.800000
FILLER_0_22_41,VPWR,li1,31.7400,73.4400,1.800000
FILLER_0_22_29,VPWR,li1,26.2200,73.4400,1.800000
FILLER_0_22_27,VPWR,li1,22.7700,73.4400,1.800000
FILLER_0_22_15,VPWR,li1,19.7800,73.4400,1.800000
FILLER_0_22_3,VPWR,li1,14.2600,73.4400,1.800000
FILLER_0_21_169,VPWR,li1,88.0900,68.0000,1.799998
FILLER_0_21_167,VPWR,li1,87.1700,68.0000,1.799998
FILLER_0_21_161,VPWR,li1,85.5600,68.0000,1.799998
FILLER_0_21_149,VPWR,li1,81.4200,68.0000,1.799998
FILLER_0_21_137,VPWR,li1,75.9000,68.0000,1.799997
FILLER_0_21_125,VPWR,li1,70.3800,68.0000,1.799997
FILLER_0_21_111,VPWR,li1,61.4100,68.0000,1.799996
FILLER_0_21_107,VPWR,li1,60.2600,68.0000,1.799996
FILLER_0_21_92,VPWR,li1,52.9000,68.0000,1.799995
FILLER_0_21_76,VPWR,li1,46.9200,68.0000,1.799995
FILLER_0_21_57,VPWR,li1,39.1000,68.0000,1.799997
FILLER_0_21_55,VPWR,li1,35.6500,68.0000,1.799998
FILLER_0_21_51,VPWR,li1,34.5000,68.0000,1.799998
FILLER_0_21_39,VPWR,li1,30.8200,68.0000,1.799998
FILLER_0_21_27,VPWR,li1,25.3000,68.0000,1.799999
FILLER_0_21_15,VPWR,li1,19.7800,68.0000,1.799999
FILLER_0_21_3,VPWR,li1,14.2600,68.0000,1.799999
FILLER_0_20_169,VPWR,li1,88.0900,68.0000,1.799998
FILLER_0_20_165,VPWR,li1,86.9400,68.0000,1.799998
FILLER_0_20_153,VPWR,li1,83.2600,68.0000,1.799998
FILLER_0_20_141,VPWR,li1,77.7400,68.0000,1.799998
FILLER_0_20_128,VPWR,li1,71.7600,68.0000,1.799997
FILLER_0_20_113,VPWR,li1,63.4800,68.0000,1.799996
FILLER_0_20_101,VPWR,li1,59.3400,68.0000,1.799996
FILLER_0_20_85,VPWR,li1,50.6000,68.0000,1.799995
FILLER_0_20_82,VPWR,li1,48.3000,68.0000,1.799995
FILLER_0_20_69,VPWR,li1,42.0900,68.0000,1.799997
FILLER_0_20_65,VPWR,li1,40.9400,68.0000,1.799997
FILLER_0_20_53,VPWR,li1,37.2600,68.0000,1.799998
FILLER_0_20_41,VPWR,li1,31.7400,68.0000,1.799998
FILLER_0_20_29,VPWR,li1,26.2200,68.0000,1.799999
FILLER_0_20_27,VPWR,li1,22.7700,68.0000,1.799999
FILLER_0_20_15,VPWR,li1,19.7800,68.0000,1.799999
FILLER_0_20_3,VPWR,li1,14.2600,68.0000,1.799999
FILLER_0_19_169,VPWR,li1,88.0900,62.5600,1.799998
FILLER_0_19_156,VPWR,li1,82.3400,62.5600,1.799999
FILLER_0_19_152,VPWR,li1,80.5000,62.5600,1.799999
FILLER_0_19_140,VPWR,li1,77.2800,62.5600,1.799999
FILLER_0_19_128,VPWR,li1,71.7600,62.5600,1.799999
FILLER_0_19_119,VPWR,li1,65.0900,62.5600,1.799999
FILLER_0_19_113,VPWR,li1,63.4800,62.5600,1.799999
FILLER_0_19_111,VPWR,li1,61.4100,62.5600,1.799999
FILLER_0_19_105,VPWR,li1,59.8000,62.5600,1.799999
FILLER_0_19_93,VPWR,li1,55.6600,62.5600,1.799998
FILLER_0_19_81,VPWR,li1,50.1400,62.5600,1.799998
FILLER_0_19_69,VPWR,li1,42.3200,62.5600,1.799997
FILLER_0_19_57,VPWR,li1,39.1000,62.5600,1.799998
FILLER_0_19_43,VPWR,li1,31.2800,62.5600,1.799997
FILLER_0_19_31,VPWR,li1,27.1400,62.5600,1.799997
FILLER_0_19_19,VPWR,li1,21.6200,62.5600,1.799997
FILLER_0_19_7,VPWR,li1,16.1000,62.5600,1.799996
FILLER_0_18_169,VPWR,li1,88.0900,62.5600,1.799998
FILLER_0_18_165,VPWR,li1,86.9400,62.5600,1.799998
FILLER_0_18_153,VPWR,li1,83.2600,62.5600,1.799999
FILLER_0_18_141,VPWR,li1,77.7400,62.5600,1.799999
FILLER_0_18_139,VPWR,li1,74.2900,62.5600,1.799999
FILLER_0_18_127,VPWR,li1,71.3000,62.5600,1.799999
FILLER_0_18_115,VPWR,li1,65.7800,62.5600,1.799998
FILLER_0_18_106,VPWR,li1,59.3400,62.5600,1.799999
FILLER_0_18_94,VPWR,li1,56.1200,62.5600,1.799998
FILLER_0_18_85,VPWR,li1,49.6800,62.5600,1.799997
FILLER_0_18_81,VPWR,li1,48.0700,62.5600,1.799997
FILLER_0_18_60,VPWR,li1,39.5600,62.5600,1.799998
FILLER_0_18_54,VPWR,li1,35.4200,62.5600,1.799997
FILLER_0_18_41,VPWR,li1,30.3600,62.5600,1.799997
FILLER_0_18_29,VPWR,li1,26.2200,62.5600,1.799997
FILLER_0_18_27,VPWR,li1,22.7700,62.5600,1.799997
FILLER_0_18_15,VPWR,li1,19.7800,62.5600,1.799997
FILLER_0_18_3,VPWR,li1,14.2600,62.5600,1.799995
FILLER_0_17_169,VPWR,li1,88.0900,57.1200,1.799996
FILLER_0_17_163,VPWR,li1,85.3300,57.1200,1.799996
FILLER_0_17_159,VPWR,li1,84.1800,57.1200,1.799997
FILLER_0_17_147,VPWR,li1,80.5000,57.1200,1.799997
FILLER_0_17_135,VPWR,li1,74.9800,57.1200,1.799997
FILLER_0_17_111,VPWR,li1,61.4100,57.1200,1.799997
FILLER_0_17_107,VPWR,li1,60.2600,57.1200,1.799997
FILLER_0_17_90,VPWR,li1,52.2100,57.1200,1.799996
FILLER_0_17_81,VPWR,li1,48.0700,57.1200,1.799996
FILLER_0_17_69,VPWR,li1,44.6200,57.1200,1.799996
FILLER_0_17_57,VPWR,li1,39.1000,57.1200,1.799997
FILLER_0_17_55,VPWR,li1,35.6500,57.1200,1.799997
FILLER_0_17_43,VPWR,li1,32.6600,57.1200,1.799997
FILLER_0_17_31,VPWR,li1,27.1400,57.1200,1.799996
FILLER_0_17_19,VPWR,li1,21.6200,57.1200,1.799996
FILLER_0_17_7,VPWR,li1,16.1000,57.1200,1.799994
FILLER_0_16_165,VPWR,li1,86.2500,57.1200,1.799996
FILLER_0_16_153,VPWR,li1,83.2600,57.1200,1.799997
FILLER_0_16_141,VPWR,li1,77.7400,57.1200,1.799997
FILLER_0_16_124,VPWR,li1,67.3900,57.1200,1.799996
FILLER_0_16_118,VPWR,li1,65.7800,57.1200,1.799996
FILLER_0_16_110,VPWR,li1,61.6400,57.1200,1.799997
FILLER_0_16_98,VPWR,li1,57.9600,57.1200,1.799997
FILLER_0_16_93,VPWR,li1,53.1300,57.1200,1.799996
FILLER_0_16_85,VPWR,li1,51.0600,57.1200,1.799996
FILLER_0_16_83,VPWR,li1,48.5300,57.1200,1.799996
FILLER_0_16_79,VPWR,li1,47.3800,57.1200,1.799996
FILLER_0_16_70,VPWR,li1,42.7800,57.1200,1.799997
FILLER_0_16_62,VPWR,li1,40.4800,57.1200,1.799997
FILLER_0_16_53,VPWR,li1,34.7300,57.1200,1.799997
FILLER_0_16_41,VPWR,li1,31.7400,57.1200,1.799997
FILLER_0_16_29,VPWR,li1,26.2200,57.1200,1.799996
FILLER_0_16_26,VPWR,li1,22.5400,57.1200,1.799996
FILLER_0_16_18,VPWR,li1,20.2400,57.1200,1.799996
FILLER_0_16_6,VPWR,li1,15.6400,57.1200,1.799994
FILLER_0_15_169,VPWR,li1,88.0900,51.6800,1.799992
FILLER_0_15_158,VPWR,li1,84.1800,51.6800,1.799993
FILLER_0_15_146,VPWR,li1,80.0400,51.6800,1.799995
FILLER_0_15_133,VPWR,li1,71.9900,51.6800,1.799995
FILLER_0_15_125,VPWR,li1,69.4600,51.6800,1.799995
FILLER_0_15_113,VPWR,li1,64.8600,51.6800,1.799996
FILLER_0_15_108,VPWR,li1,60.7200,51.6800,1.799997
FILLER_0_15_98,VPWR,li1,55.6600,51.6800,1.799996
FILLER_0_15_88,VPWR,li1,51.0600,51.6800,1.799996
FILLER_0_15_65,VPWR,li1,40.2500,51.6800,1.799998
FILLER_0_15_37,VPWR,li1,28.0600,51.6800,1.799998
FILLER_0_15_25,VPWR,li1,24.3800,51.6800,1.799998
FILLER_0_15_13,VPWR,li1,18.8600,51.6800,1.799998
FILLER_0_14_165,VPWR,li1,86.2500,51.6800,1.799992
FILLER_0_14_161,VPWR,li1,85.1000,51.6800,1.799993
FILLER_0_14_149,VPWR,li1,81.4200,51.6800,1.799995
FILLER_0_14_129,VPWR,li1,71.3000,51.6800,1.799995
FILLER_0_14_109,VPWR,li1,60.4900,51.6800,1.799997
FILLER_0_14_85,VPWR,li1,50.1400,51.6800,1.799996
FILLER_0_14_83,VPWR,li1,48.5300,51.6800,1.799997
FILLER_0_14_79,VPWR,li1,47.3800,51.6800,1.799997
FILLER_0_14_68,VPWR,li1,42.0900,51.6800,1.799997
FILLER_0_14_56,VPWR,li1,38.6400,51.6800,1.799997
FILLER_0_14_49,VPWR,li1,33.3500,51.6800,1.799997
FILLER_0_14_41,VPWR,li1,30.8200,51.6800,1.799997
FILLER_0_14_29,VPWR,li1,26.2200,51.6800,1.799998
FILLER_0_14_27,VPWR,li1,22.7700,51.6800,1.799998
FILLER_0_14_15,VPWR,li1,19.7800,51.6800,1.799998
FILLER_0_14_3,VPWR,li1,14.2600,51.6800,1.799998
FILLER_0_13_169,VPWR,li1,88.0900,46.2400,1.799996
FILLER_0_13_166,VPWR,li1,86.9400,46.2400,1.799996
FILLER_0_13_158,VPWR,li1,84.6400,46.2400,1.799996
FILLER_0_13_146,VPWR,li1,80.0400,46.2400,1.799996
FILLER_0_13_130,VPWR,li1,70.3800,46.2400,1.799995
FILLER_0_13_122,VPWR,li1,68.0800,46.2400,1.799995
FILLER_0_13_113,VPWR,li1,62.5600,46.2400,1.799996
FILLER_0_13_111,VPWR,li1,61.4100,46.2400,1.799997
FILLER_0_13_107,VPWR,li1,60.2600,46.2400,1.799997
FILLER_0_13_95,VPWR,li1,56.5800,46.2400,1.799997
FILLER_0_13_89,VPWR,li1,51.7500,46.2400,1.799996
FILLER_0_13_81,VPWR,li1,49.2200,46.2400,1.799996
FILLER_0_13_69,VPWR,li1,42.5500,46.2400,1.799997
FILLER_0_13_57,VPWR,li1,39.1000,46.2400,1.799997
FILLER_0_13_55,VPWR,li1,35.6500,46.2400,1.799997
FILLER_0_13_51,VPWR,li1,34.5000,46.2400,1.799997
FILLER_0_13_39,VPWR,li1,30.8200,46.2400,1.799997
FILLER_0_13_27,VPWR,li1,25.3000,46.2400,1.799998
FILLER_0_13_15,VPWR,li1,19.7800,46.2400,1.799998
FILLER_0_13_3,VPWR,li1,14.2600,46.2400,1.799998
FILLER_0_12_165,VPWR,li1,86.2500,46.2400,1.799996
FILLER_0_12_159,VPWR,li1,84.6400,46.2400,1.799996
FILLER_0_12_147,VPWR,li1,80.5000,46.2400,1.799996
FILLER_0_12_139,VPWR,li1,74.2900,46.2400,1.799995
FILLER_0_12_131,VPWR,li1,72.2200,46.2400,1.799995
FILLER_0_12_119,VPWR,li1,67.6200,46.2400,1.799995
FILLER_0_12_107,VPWR,li1,62.1000,46.2400,1.799996
FILLER_0_12_95,VPWR,li1,56.5800,46.2400,1.799997
FILLER_0_12_85,VPWR,li1,49.9100,46.2400,1.799996
FILLER_0_12_81,VPWR,li1,48.0700,46.2400,1.799996
FILLER_0_12_67,VPWR,li1,41.1700,46.2400,1.799997
FILLER_0_12_49,VPWR,li1,33.3500,46.2400,1.799997
FILLER_0_12_41,VPWR,li1,30.8200,46.2400,1.799997
FILLER_0_12_29,VPWR,li1,26.2200,46.2400,1.799998
FILLER_0_12_27,VPWR,li1,22.7700,46.2400,1.799998
FILLER_0_12_19,VPWR,li1,20.7000,46.2400,1.799998
FILLER_0_12_7,VPWR,li1,16.1000,46.2400,1.799998
FILLER_0_11_169,VPWR,li1,88.0900,40.8000,1.799991
FILLER_0_11_162,VPWR,li1,85.1000,40.8000,1.799991
FILLER_0_11_154,VPWR,li1,82.8000,40.8000,1.799992
FILLER_0_11_142,VPWR,li1,78.2000,40.8000,1.799994
FILLER_0_11_129,VPWR,li1,70.8400,40.8000,1.799993
FILLER_0_11_106,VPWR,li1,60.2600,40.8000,1.799996
FILLER_0_11_83,VPWR,li1,49.2200,40.8000,1.799995
FILLER_0_11_70,VPWR,li1,42.7800,40.8000,1.799996
FILLER_0_11_57,VPWR,li1,36.5700,40.8000,1.799997
FILLER_0_11_51,VPWR,li1,34.0400,40.8000,1.799997
FILLER_0_11_39,VPWR,li1,30.8200,40.8000,1.799998
FILLER_0_11_27,VPWR,li1,25.3000,40.8000,1.799998
FILLER_0_11_15,VPWR,li1,19.7800,40.8000,1.799999
FILLER_0_11_3,VPWR,li1,14.2600,40.8000,1.799999
FILLER_0_10_156,VPWR,li1,82.8000,40.8000,1.799992
FILLER_0_10_144,VPWR,li1,79.1200,40.8000,1.799994
FILLER_0_10_132,VPWR,li1,72.6800,40.8000,1.799993
FILLER_0_10_105,VPWR,li1,59.8000,40.8000,1.799996
FILLER_0_10_85,VPWR,li1,49.9100,40.8000,1.799995
FILLER_0_10_83,VPWR,li1,48.5300,40.8000,1.799995
FILLER_0_10_75,VPWR,li1,46.4600,40.8000,1.799996
FILLER_0_10_63,VPWR,li1,41.8600,40.8000,1.799996
FILLER_0_10_53,VPWR,li1,35.8800,40.8000,1.799997
FILLER_0_10_41,VPWR,li1,31.7400,40.8000,1.799998
FILLER_0_10_29,VPWR,li1,26.2200,40.8000,1.799998
FILLER_0_10_27,VPWR,li1,22.7700,40.8000,1.799998
FILLER_0_10_15,VPWR,li1,19.7800,40.8000,1.799999
FILLER_0_10_3,VPWR,li1,14.2600,40.8000,1.799999
FILLER_0_9_169,VPWR,li1,88.0900,35.3600,1.799999
FILLER_0_9_167,VPWR,li1,87.1700,35.3600,1.799999
FILLER_0_9_155,VPWR,li1,84.1800,35.3600,1.799999
FILLER_0_9_143,VPWR,li1,78.6600,35.3600,1.799998
FILLER_0_9_132,VPWR,li1,71.3000,35.3600,1.799998
FILLER_0_9_124,VPWR,li1,69.0000,35.3600,1.799998
FILLER_0_9_113,VPWR,li1,63.4800,35.3600,1.799998
FILLER_0_9_110,VPWR,li1,61.1800,35.3600,1.799998
FILLER_0_9_102,VPWR,li1,58.8800,35.3600,1.799998
FILLER_0_9_90,VPWR,li1,54.2800,35.3600,1.799998
FILLER_0_9_78,VPWR,li1,48.7600,35.3600,1.799997
FILLER_0_9_67,VPWR,li1,41.4000,35.3600,1.799998
FILLER_0_9_51,VPWR,li1,34.0400,35.3600,1.799998
FILLER_0_9_39,VPWR,li1,30.8200,35.3600,1.799998
FILLER_0_9_27,VPWR,li1,25.3000,35.3600,1.799999
FILLER_0_9_15,VPWR,li1,19.7800,35.3600,1.799999
FILLER_0_9_3,VPWR,li1,14.2600,35.3600,1.799999
FILLER_0_8_169,VPWR,li1,88.0900,35.3600,1.799999
FILLER_0_8_165,VPWR,li1,86.9400,35.3600,1.799999
FILLER_0_8_153,VPWR,li1,83.2600,35.3600,1.799999
FILLER_0_8_141,VPWR,li1,77.7400,35.3600,1.799998
FILLER_0_8_136,VPWR,li1,73.6000,35.3600,1.799998
FILLER_0_8_125,VPWR,li1,67.8500,35.3600,1.799998
FILLER_0_8_119,VPWR,li1,65.0900,35.3600,1.799998
FILLER_0_8_113,VPWR,li1,63.4800,35.3600,1.799998
FILLER_0_8_107,VPWR,li1,59.8000,35.3600,1.799998
FILLER_0_8_90,VPWR,li1,54.2800,35.3600,1.799998
FILLER_0_8_53,VPWR,li1,35.8800,35.3600,1.799998
FILLER_0_8_41,VPWR,li1,31.7400,35.3600,1.799998
FILLER_0_8_29,VPWR,li1,26.2200,35.3600,1.799999
FILLER_0_8_27,VPWR,li1,22.7700,35.3600,1.799999
FILLER_0_8_15,VPWR,li1,19.7800,35.3600,1.799999
FILLER_0_8_3,VPWR,li1,14.2600,35.3600,1.799999
FILLER_0_7_169,VPWR,li1,88.0900,29.9200,1.799999
FILLER_0_7_167,VPWR,li1,87.1700,29.9200,1.799999
FILLER_0_7_161,VPWR,li1,85.5600,29.9200,1.799999
FILLER_0_7_149,VPWR,li1,81.4200,29.9200,1.799999
FILLER_0_7_137,VPWR,li1,75.9000,29.9200,1.799999
FILLER_0_7_125,VPWR,li1,70.3800,29.9200,1.799999
FILLER_0_7_113,VPWR,li1,64.8600,29.9200,1.799999
FILLER_0_7_82,VPWR,li1,48.5300,29.9200,1.799998
FILLER_0_7_74,VPWR,li1,46.0000,29.9200,1.799998
FILLER_0_7_57,VPWR,li1,38.1800,29.9200,1.799999
FILLER_0_7_55,VPWR,li1,35.6500,29.9200,1.799999
FILLER_0_7_51,VPWR,li1,34.5000,29.9200,1.799999
FILLER_0_7_39,VPWR,li1,30.8200,29.9200,1.799999
FILLER_0_7_27,VPWR,li1,25.3000,29.9200,1.799999
FILLER_0_7_15,VPWR,li1,19.7800,29.9200,1.800000
FILLER_0_7_3,VPWR,li1,14.2600,29.9200,1.800000
FILLER_0_6_169,VPWR,li1,88.0900,29.9200,1.799999
FILLER_0_6_165,VPWR,li1,86.9400,29.9200,1.799999
FILLER_0_6_153,VPWR,li1,83.2600,29.9200,1.799999
FILLER_0_6_141,VPWR,li1,77.7400,29.9200,1.799999
FILLER_0_6_137,VPWR,li1,73.8300,29.9200,1.799999
FILLER_0_6_129,VPWR,li1,71.3000,29.9200,1.799999
FILLER_0_6_117,VPWR,li1,66.7000,29.9200,1.799999
FILLER_0_6_105,VPWR,li1,61.1800,29.9200,1.799998
FILLER_0_6_97,VPWR,li1,55.6600,29.9200,1.799998
FILLER_0_6_85,VPWR,li1,51.9800,29.9200,1.799998
FILLER_0_6_83,VPWR,li1,48.5300,29.9200,1.799998
FILLER_0_6_77,VPWR,li1,46.9200,29.9200,1.799998
FILLER_0_6_65,VPWR,li1,42.7800,29.9200,1.799999
FILLER_0_6_53,VPWR,li1,37.2600,29.9200,1.799999
FILLER_0_6_41,VPWR,li1,31.7400,29.9200,1.799999
FILLER_0_6_29,VPWR,li1,26.2200,29.9200,1.799999
FILLER_0_6_27,VPWR,li1,22.7700,29.9200,1.799999
FILLER_0_6_15,VPWR,li1,19.7800,29.9200,1.800000
FILLER_0_6_3,VPWR,li1,14.2600,29.9200,1.800000
FILLER_0_5_169,VPWR,li1,88.0900,24.4800,1.800000
FILLER_0_5_167,VPWR,li1,87.1700,24.4800,1.800000
FILLER_0_5_161,VPWR,li1,85.5600,24.4800,1.800000
FILLER_0_5_149,VPWR,li1,81.4200,24.4800,1.800000
FILLER_0_5_137,VPWR,li1,75.9000,24.4800,1.800000
FILLER_0_5_125,VPWR,li1,70.3800,24.4800,1.800000
FILLER_0_5_113,VPWR,li1,64.8600,24.4800,1.800000
FILLER_0_5_111,VPWR,li1,61.4100,24.4800,1.800000
FILLER_0_5_105,VPWR,li1,59.8000,24.4800,1.800000
FILLER_0_5_93,VPWR,li1,55.6600,24.4800,1.800000
FILLER_0_5_81,VPWR,li1,50.1400,24.4800,1.800000
FILLER_0_5_69,VPWR,li1,44.6200,24.4800,1.800000
FILLER_0_5_57,VPWR,li1,39.1000,24.4800,1.800000
FILLER_0_5_55,VPWR,li1,35.6500,24.4800,1.800000
FILLER_0_5_51,VPWR,li1,34.5000,24.4800,1.800000
FILLER_0_5_39,VPWR,li1,30.8200,24.4800,1.800000
FILLER_0_5_27,VPWR,li1,25.3000,24.4800,1.800000
FILLER_0_5_15,VPWR,li1,19.7800,24.4800,1.800000
FILLER_0_5_3,VPWR,li1,14.2600,24.4800,1.800000
FILLER_0_4_169,VPWR,li1,88.0900,24.4800,1.800000
FILLER_0_4_165,VPWR,li1,86.9400,24.4800,1.800000
FILLER_0_4_153,VPWR,li1,83.2600,24.4800,1.800000
FILLER_0_4_141,VPWR,li1,77.7400,24.4800,1.800000
FILLER_0_4_139,VPWR,li1,74.2900,24.4800,1.800000
FILLER_0_4_133,VPWR,li1,72.6800,24.4800,1.800000
FILLER_0_4_121,VPWR,li1,68.5400,24.4800,1.800000
FILLER_0_4_109,VPWR,li1,63.0200,24.4800,1.800000
FILLER_0_4_97,VPWR,li1,57.5000,24.4800,1.800000
FILLER_0_4_85,VPWR,li1,51.9800,24.4800,1.800000
FILLER_0_4_83,VPWR,li1,48.5300,24.4800,1.800000
FILLER_0_4_77,VPWR,li1,46.9200,24.4800,1.800000
FILLER_0_4_65,VPWR,li1,42.7800,24.4800,1.800000
FILLER_0_4_53,VPWR,li1,37.2600,24.4800,1.800000
FILLER_0_4_41,VPWR,li1,31.7400,24.4800,1.800000
FILLER_0_4_29,VPWR,li1,26.2200,24.4800,1.800000
FILLER_0_4_27,VPWR,li1,22.7700,24.4800,1.800000
FILLER_0_4_15,VPWR,li1,19.7800,24.4800,1.800000
FILLER_0_4_3,VPWR,li1,14.2600,24.4800,1.800000
FILLER_0_3_169,VPWR,li1,88.0900,19.0400,1.800000
FILLER_0_3_167,VPWR,li1,87.1700,19.0400,1.800000
FILLER_0_3_161,VPWR,li1,85.5600,19.0400,1.800000
FILLER_0_3_149,VPWR,li1,81.4200,19.0400,1.800000
FILLER_0_3_137,VPWR,li1,75.9000,19.0400,1.800000
FILLER_0_3_125,VPWR,li1,70.3800,19.0400,1.800000
FILLER_0_3_113,VPWR,li1,64.8600,19.0400,1.800000
FILLER_0_3_111,VPWR,li1,61.4100,19.0400,1.800000
FILLER_0_3_105,VPWR,li1,59.8000,19.0400,1.800000
FILLER_0_3_93,VPWR,li1,55.6600,19.0400,1.800000
FILLER_0_3_81,VPWR,li1,50.1400,19.0400,1.800000
FILLER_0_3_69,VPWR,li1,44.6200,19.0400,1.800000
FILLER_0_3_57,VPWR,li1,39.1000,19.0400,1.800000
FILLER_0_3_55,VPWR,li1,35.6500,19.0400,1.800000
FILLER_0_3_51,VPWR,li1,34.5000,19.0400,1.800000
FILLER_0_3_39,VPWR,li1,30.8200,19.0400,1.800000
FILLER_0_3_27,VPWR,li1,25.3000,19.0400,1.800000
FILLER_0_3_15,VPWR,li1,19.7800,19.0400,1.800000
FILLER_0_3_3,VPWR,li1,14.2600,19.0400,1.800000
FILLER_0_2_169,VPWR,li1,88.0900,19.0400,1.800000
FILLER_0_2_165,VPWR,li1,86.9400,19.0400,1.800000
FILLER_0_2_153,VPWR,li1,83.2600,19.0400,1.800000
FILLER_0_2_141,VPWR,li1,77.7400,19.0400,1.800000
FILLER_0_2_139,VPWR,li1,74.2900,19.0400,1.800000
FILLER_0_2_133,VPWR,li1,72.6800,19.0400,1.800000
FILLER_0_2_121,VPWR,li1,68.5400,19.0400,1.800000
FILLER_0_2_109,VPWR,li1,63.0200,19.0400,1.800000
FILLER_0_2_97,VPWR,li1,57.5000,19.0400,1.800000
FILLER_0_2_85,VPWR,li1,51.9800,19.0400,1.800000
FILLER_0_2_83,VPWR,li1,48.5300,19.0400,1.800000
FILLER_0_2_77,VPWR,li1,46.9200,19.0400,1.800000
FILLER_0_2_65,VPWR,li1,42.7800,19.0400,1.800000
FILLER_0_2_53,VPWR,li1,37.2600,19.0400,1.800000
FILLER_0_2_41,VPWR,li1,31.7400,19.0400,1.800000
FILLER_0_2_29,VPWR,li1,26.2200,19.0400,1.800000
FILLER_0_2_27,VPWR,li1,22.7700,19.0400,1.800000
FILLER_0_2_15,VPWR,li1,19.7800,19.0400,1.800000
FILLER_0_2_3,VPWR,li1,14.2600,19.0400,1.800000
FILLER_0_1_169,VPWR,li1,88.0900,13.6000,1.799998
FILLER_0_1_167,VPWR,li1,87.1700,13.6000,1.799998
FILLER_0_1_161,VPWR,li1,85.5600,13.6000,1.799998
FILLER_0_1_149,VPWR,li1,81.4200,13.6000,1.799998
FILLER_0_1_137,VPWR,li1,75.9000,13.6000,1.799998
FILLER_0_1_125,VPWR,li1,70.3800,13.6000,1.799997
FILLER_0_1_113,VPWR,li1,64.8600,13.6000,1.799996
FILLER_0_1_111,VPWR,li1,61.4100,13.6000,1.799996
FILLER_0_1_107,VPWR,li1,60.2600,13.6000,1.799996
FILLER_0_1_95,VPWR,li1,56.5800,13.6000,1.799994
FILLER_0_1_89,VPWR,li1,51.5200,13.6000,1.799993
FILLER_0_1_81,VPWR,li1,49.2200,13.6000,1.799993
FILLER_0_1_69,VPWR,li1,44.6200,13.6000,1.799995
FILLER_0_1_57,VPWR,li1,39.1000,13.6000,1.799997
FILLER_0_1_55,VPWR,li1,35.6500,13.6000,1.799997
FILLER_0_1_51,VPWR,li1,34.5000,13.6000,1.799997
FILLER_0_1_39,VPWR,li1,30.8200,13.6000,1.799997
FILLER_0_1_27,VPWR,li1,25.3000,13.6000,1.799998
FILLER_0_1_15,VPWR,li1,19.7800,13.6000,1.799999
FILLER_0_1_3,VPWR,li1,14.2600,13.6000,1.799999
FILLER_0_0_169,VPWR,li1,88.0900,13.6000,1.799998
FILLER_0_0_165,VPWR,li1,86.7100,13.6000,1.799998
FILLER_0_0_153,VPWR,li1,83.2600,13.6000,1.799998
FILLER_0_0_141,VPWR,li1,77.7400,13.6000,1.799998
FILLER_0_0_139,VPWR,li1,74.2900,13.6000,1.799997
FILLER_0_0_135,VPWR,li1,73.1400,13.6000,1.799997
FILLER_0_0_123,VPWR,li1,69.4600,13.6000,1.799997
FILLER_0_0_109,VPWR,li1,60.9500,13.6000,1.799996
FILLER_0_0_102,VPWR,li1,57.7300,13.6000,1.799994
FILLER_0_0_95,VPWR,li1,54.5100,13.6000,1.799993
FILLER_0_0_76,VPWR,li1,46.0000,13.6000,1.799995
FILLER_0_0_57,VPWR,li1,37.7200,13.6000,1.799997
FILLER_0_0_53,VPWR,li1,35.1900,13.6000,1.799997
FILLER_0_0_41,VPWR,li1,31.7400,13.6000,1.799997
FILLER_0_0_29,VPWR,li1,26.2200,13.6000,1.799998
FILLER_0_0_27,VPWR,li1,22.7700,13.6000,1.799998
FILLER_0_0_15,VPWR,li1,19.7800,13.6000,1.799999
FILLER_0_0_3,VPWR,li1,14.2600,13.6000,1.799999
ANTENNA_1,VPWR,li1,81.4200,62.5600,1.799999
output27,VPWR,li1,12.4200,62.5600,1.799994
output26,VPWR,li1,12.4200,57.1200,1.799992
output25,VPWR,li1,52.9000,89.7600,1.799993
output24,VPWR,li1,63.0200,89.7600,1.799994
output23,VPWR,li1,87.4000,51.6800,1.799992
output22,VPWR,li1,86.4800,40.8000,1.799991
output21,VPWR,li1,52.9000,13.6000,1.799993
output20,VPWR,li1,47.8400,13.6000,1.799993
input19,VPWR,li1,12.4200,46.2400,1.799998
input18,VPWR,li1,44.3900,13.6000,1.799995
input17,VPWR,li1,41.4000,13.6000,1.799996
input16,VPWR,li1,12.1900,57.1200,1.799992
input15,VPWR,li1,46.4600,89.7600,1.799995
input14,VPWR,li1,56.1200,89.7600,1.799994
input13,VPWR,li1,85.1000,62.5600,1.799998
input12,VPWR,li1,86.4800,57.1200,1.799996
input11,VPWR,li1,86.0200,40.8000,1.799991
input10,VPWR,li1,59.3400,13.6000,1.799996
input9,VPWR,li1,64.4000,13.6000,1.799996
input8,VPWR,li1,13.8000,51.6800,1.799998
input7,VPWR,li1,50.1400,89.7600,1.799994
input6,VPWR,li1,59.3400,89.7600,1.799994
input5,VPWR,li1,87.4000,57.1200,1.799996
input4,VPWR,li1,86.4800,51.6800,1.799992
input3,VPWR,li1,87.4000,46.2400,1.799996
input2,VPWR,li1,56.1200,13.6000,1.799994
input1,VPWR,li1,51.5200,13.6000,1.799993
TAP_TAPCELL_ROW_28_150,VPWR,li1,87.6300,89.4530,1.799998
TAP_TAPCELL_ROW_28_149,VPWR,li1,74.7500,89.4530,1.799997
TAP_TAPCELL_ROW_28_148,VPWR,li1,61.8700,89.4530,1.799994
TAP_TAPCELL_ROW_28_147,VPWR,li1,48.9900,89.4530,1.799994
TAP_TAPCELL_ROW_28_146,VPWR,li1,36.1100,89.4530,1.799998
TAP_TAPCELL_ROW_28_145,VPWR,li1,23.2300,89.4530,1.799999
TAP_TAPCELL_ROW_27_144,VPWR,li1,87.6300,84.6260,1.800000
TAP_TAPCELL_ROW_27_143,VPWR,li1,61.8700,84.6260,1.800000
TAP_TAPCELL_ROW_27_142,VPWR,li1,36.1100,84.6260,1.800000
TAP_TAPCELL_ROW_26_141,VPWR,li1,74.7500,84.0130,1.800000
TAP_TAPCELL_ROW_26_140,VPWR,li1,48.9900,84.0130,1.800000
TAP_TAPCELL_ROW_26_139,VPWR,li1,23.2300,84.0130,1.800000
TAP_TAPCELL_ROW_25_138,VPWR,li1,87.6300,79.1860,1.800000
TAP_TAPCELL_ROW_25_137,VPWR,li1,61.8700,79.1860,1.800000
TAP_TAPCELL_ROW_25_136,VPWR,li1,36.1100,79.1860,1.800000
TAP_TAPCELL_ROW_24_135,VPWR,li1,74.7500,78.5730,1.800000
TAP_TAPCELL_ROW_24_134,VPWR,li1,48.9900,78.5730,1.800000
TAP_TAPCELL_ROW_24_133,VPWR,li1,23.2300,78.5730,1.800000
TAP_TAPCELL_ROW_23_132,VPWR,li1,87.6300,73.7460,1.800000
TAP_TAPCELL_ROW_23_131,VPWR,li1,61.8700,73.7460,1.799999
TAP_TAPCELL_ROW_23_130,VPWR,li1,36.1100,73.7460,1.800000
TAP_TAPCELL_ROW_22_129,VPWR,li1,74.7500,73.1330,1.800000
TAP_TAPCELL_ROW_22_128,VPWR,li1,48.9900,73.1330,1.799999
TAP_TAPCELL_ROW_22_127,VPWR,li1,23.2300,73.1330,1.800000
TAP_TAPCELL_ROW_21_126,VPWR,li1,87.6300,68.3060,1.799998
TAP_TAPCELL_ROW_21_125,VPWR,li1,61.8700,68.3060,1.799996
TAP_TAPCELL_ROW_21_124,VPWR,li1,36.1100,68.3060,1.799998
TAP_TAPCELL_ROW_20_123,VPWR,li1,74.7500,67.6930,1.799997
TAP_TAPCELL_ROW_20_122,VPWR,li1,48.9900,67.6930,1.799995
TAP_TAPCELL_ROW_20_121,VPWR,li1,23.2300,67.6930,1.799999
TAP_TAPCELL_ROW_19_120,VPWR,li1,87.6300,62.8660,1.799998
TAP_TAPCELL_ROW_19_119,VPWR,li1,61.8700,62.8660,1.799999
TAP_TAPCELL_ROW_19_118,VPWR,li1,36.1100,62.8660,1.799997
TAP_TAPCELL_ROW_18_117,VPWR,li1,74.7500,62.2530,1.799999
TAP_TAPCELL_ROW_18_116,VPWR,li1,48.9900,62.2530,1.799997
TAP_TAPCELL_ROW_18_115,VPWR,li1,23.2300,62.2530,1.799997
TAP_TAPCELL_ROW_17_114,VPWR,li1,87.6300,57.4260,1.799996
TAP_TAPCELL_ROW_17_113,VPWR,li1,61.8700,57.4260,1.799997
TAP_TAPCELL_ROW_17_112,VPWR,li1,36.1100,57.4260,1.799997
TAP_TAPCELL_ROW_16_111,VPWR,li1,74.7500,56.8130,1.799997
TAP_TAPCELL_ROW_16_110,VPWR,li1,48.9900,56.8130,1.799996
TAP_TAPCELL_ROW_16_109,VPWR,li1,23.2300,56.8130,1.799996
TAP_TAPCELL_ROW_15_108,VPWR,li1,87.6300,51.9860,1.799992
TAP_TAPCELL_ROW_15_107,VPWR,li1,61.8700,51.9860,1.799996
TAP_TAPCELL_ROW_15_106,VPWR,li1,36.1100,51.9860,1.799997
TAP_TAPCELL_ROW_14_105,VPWR,li1,74.7500,51.3730,1.799994
TAP_TAPCELL_ROW_14_104,VPWR,li1,48.9900,51.3730,1.799997
TAP_TAPCELL_ROW_14_103,VPWR,li1,23.2300,51.3730,1.799998
TAP_TAPCELL_ROW_13_102,VPWR,li1,87.6300,46.5460,1.799996
TAP_TAPCELL_ROW_13_101,VPWR,li1,61.8700,46.5460,1.799996
TAP_TAPCELL_ROW_13_100,VPWR,li1,36.1100,46.5460,1.799997
TAP_TAPCELL_ROW_12_99,VPWR,li1,74.7500,45.9330,1.799995
TAP_TAPCELL_ROW_12_98,VPWR,li1,48.9900,45.9330,1.799996
TAP_TAPCELL_ROW_12_97,VPWR,li1,23.2300,45.9330,1.799998
TAP_TAPCELL_ROW_11_96,VPWR,li1,87.6300,41.1060,1.799991
TAP_TAPCELL_ROW_11_95,VPWR,li1,61.8700,41.1060,1.799995
TAP_TAPCELL_ROW_11_94,VPWR,li1,36.1100,41.1060,1.799997
TAP_TAPCELL_ROW_10_93,VPWR,li1,74.7500,40.4930,1.799994
TAP_TAPCELL_ROW_10_92,VPWR,li1,48.9900,40.4930,1.799995
TAP_TAPCELL_ROW_10_91,VPWR,li1,23.2300,40.4930,1.799998
TAP_TAPCELL_ROW_9_90,VPWR,li1,87.6300,35.6660,1.799999
TAP_TAPCELL_ROW_9_89,VPWR,li1,61.8700,35.6660,1.799998
TAP_TAPCELL_ROW_9_88,VPWR,li1,36.1100,35.6660,1.799998
TAP_TAPCELL_ROW_8_87,VPWR,li1,74.7500,35.0530,1.799998
TAP_TAPCELL_ROW_8_86,VPWR,li1,48.9900,35.0530,1.799997
TAP_TAPCELL_ROW_8_85,VPWR,li1,23.2300,35.0530,1.799999
TAP_TAPCELL_ROW_7_84,VPWR,li1,87.6300,30.2260,1.799999
TAP_TAPCELL_ROW_7_83,VPWR,li1,61.8700,30.2260,1.799998
TAP_TAPCELL_ROW_7_82,VPWR,li1,36.1100,30.2260,1.799999
TAP_TAPCELL_ROW_6_81,VPWR,li1,74.7500,29.6130,1.799999
TAP_TAPCELL_ROW_6_80,VPWR,li1,48.9900,29.6130,1.799998
TAP_TAPCELL_ROW_6_79,VPWR,li1,23.2300,29.6130,1.799999
TAP_TAPCELL_ROW_5_78,VPWR,li1,87.6300,24.7860,1.800000
TAP_TAPCELL_ROW_5_77,VPWR,li1,61.8700,24.7860,1.800000
TAP_TAPCELL_ROW_5_76,VPWR,li1,36.1100,24.7860,1.800000
TAP_TAPCELL_ROW_4_75,VPWR,li1,74.7500,24.1730,1.800000
TAP_TAPCELL_ROW_4_74,VPWR,li1,48.9900,24.1730,1.800000
TAP_TAPCELL_ROW_4_73,VPWR,li1,23.2300,24.1730,1.800000
TAP_TAPCELL_ROW_3_72,VPWR,li1,87.6300,19.3460,1.800000
TAP_TAPCELL_ROW_3_71,VPWR,li1,61.8700,19.3460,1.800000
TAP_TAPCELL_ROW_3_70,VPWR,li1,36.1100,19.3460,1.800000
TAP_TAPCELL_ROW_2_69,VPWR,li1,74.7500,18.7330,1.800000
TAP_TAPCELL_ROW_2_68,VPWR,li1,48.9900,18.7330,1.800000
TAP_TAPCELL_ROW_2_67,VPWR,li1,23.2300,18.7330,1.800000
TAP_TAPCELL_ROW_1_66,VPWR,li1,87.6300,13.9060,1.799998
TAP_TAPCELL_ROW_1_65,VPWR,li1,61.8700,13.9060,1.799996
TAP_TAPCELL_ROW_1_64,VPWR,li1,36.1100,13.9060,1.799997
TAP_TAPCELL_ROW_0_63,VPWR,li1,87.6300,13.2930,1.799998
TAP_TAPCELL_ROW_0_62,VPWR,li1,74.7500,13.2930,1.799997
TAP_TAPCELL_ROW_0_61,VPWR,li1,61.8700,13.2930,1.799996
TAP_TAPCELL_ROW_0_60,VPWR,li1,48.9900,13.2930,1.799993
TAP_TAPCELL_ROW_0_59,VPWR,li1,36.1100,13.2930,1.799997
TAP_TAPCELL_ROW_0_58,VPWR,li1,23.2300,13.2930,1.799998
PHY_EDGE_ROW_28_Left_57,VPWR,li1,10.8100,89.7600,1.799999
PHY_EDGE_ROW_27_Left_56,VPWR,li1,10.8100,84.3200,1.800000
PHY_EDGE_ROW_26_Left_55,VPWR,li1,10.8100,84.3200,1.800000
PHY_EDGE_ROW_25_Left_54,VPWR,li1,10.8100,78.8800,1.800000
PHY_EDGE_ROW_24_Left_53,VPWR,li1,10.8100,78.8800,1.800000
PHY_EDGE_ROW_23_Left_52,VPWR,li1,10.8100,73.4400,1.800000
PHY_EDGE_ROW_22_Left_51,VPWR,li1,10.8100,73.4400,1.800000
PHY_EDGE_ROW_21_Left_50,VPWR,li1,10.8100,68.0000,1.799999
PHY_EDGE_ROW_20_Left_49,VPWR,li1,10.8100,68.0000,1.799999
PHY_EDGE_ROW_19_Left_48,VPWR,li1,10.8100,62.5600,1.799994
PHY_EDGE_ROW_18_Left_47,VPWR,li1,10.8100,62.5600,1.799994
PHY_EDGE_ROW_17_Left_46,VPWR,li1,10.8100,57.1200,1.799992
PHY_EDGE_ROW_16_Left_45,VPWR,li1,10.8100,57.1200,1.799992
PHY_EDGE_ROW_15_Left_44,VPWR,li1,10.8100,51.6800,1.799998
PHY_EDGE_ROW_14_Left_43,VPWR,li1,10.8100,51.6800,1.799998
PHY_EDGE_ROW_13_Left_42,VPWR,li1,10.8100,46.2400,1.799998
PHY_EDGE_ROW_12_Left_41,VPWR,li1,10.8100,46.2400,1.799998
PHY_EDGE_ROW_11_Left_40,VPWR,li1,10.8100,40.8000,1.799999
PHY_EDGE_ROW_10_Left_39,VPWR,li1,10.8100,40.8000,1.799999
PHY_EDGE_ROW_9_Left_38,VPWR,li1,10.8100,35.3600,1.799999
PHY_EDGE_ROW_8_Left_37,VPWR,li1,10.8100,35.3600,1.799999
PHY_EDGE_ROW_7_Left_36,VPWR,li1,10.8100,29.9200,1.800000
PHY_EDGE_ROW_6_Left_35,VPWR,li1,10.8100,29.9200,1.800000
PHY_EDGE_ROW_5_Left_34,VPWR,li1,10.8100,24.4800,1.800000
PHY_EDGE_ROW_4_Left_33,VPWR,li1,10.8100,24.4800,1.800000
PHY_EDGE_ROW_3_Left_32,VPWR,li1,10.8100,19.0400,1.800000
PHY_EDGE_ROW_2_Left_31,VPWR,li1,10.8100,19.0400,1.800000
PHY_EDGE_ROW_1_Left_30,VPWR,li1,10.8100,13.6000,1.799999
PHY_EDGE_ROW_0_Left_29,VPWR,li1,10.8100,13.6000,1.799999
PHY_EDGE_ROW_28_Right_28,VPWR,li1,89.0100,89.7600,1.799998
PHY_EDGE_ROW_27_Right_27,VPWR,li1,89.0100,84.3200,1.800000
PHY_EDGE_ROW_26_Right_26,VPWR,li1,89.0100,84.3200,1.800000
PHY_EDGE_ROW_25_Right_25,VPWR,li1,89.0100,78.8800,1.800000
PHY_EDGE_ROW_24_Right_24,VPWR,li1,89.0100,78.8800,1.800000
PHY_EDGE_ROW_23_Right_23,VPWR,li1,89.0100,73.4400,1.800000
PHY_EDGE_ROW_22_Right_22,VPWR,li1,89.0100,73.4400,1.800000
PHY_EDGE_ROW_21_Right_21,VPWR,li1,89.0100,68.0000,1.799998
PHY_EDGE_ROW_20_Right_20,VPWR,li1,89.0100,68.0000,1.799998
PHY_EDGE_ROW_19_Right_19,VPWR,li1,89.0100,62.5600,1.799998
PHY_EDGE_ROW_18_Right_18,VPWR,li1,89.0100,62.5600,1.799998
PHY_EDGE_ROW_17_Right_17,VPWR,li1,89.0100,57.1200,1.799996
PHY_EDGE_ROW_16_Right_16,VPWR,li1,89.0100,57.1200,1.799996
PHY_EDGE_ROW_15_Right_15,VPWR,li1,89.0100,51.6800,1.799992
PHY_EDGE_ROW_14_Right_14,VPWR,li1,89.0100,51.6800,1.799992
PHY_EDGE_ROW_13_Right_13,VPWR,li1,89.0100,46.2400,1.799996
PHY_EDGE_ROW_12_Right_12,VPWR,li1,89.0100,46.2400,1.799996
PHY_EDGE_ROW_11_Right_11,VPWR,li1,89.0100,40.8000,1.799991
PHY_EDGE_ROW_10_Right_10,VPWR,li1,89.0100,40.8000,1.799991
PHY_EDGE_ROW_9_Right_9,VPWR,li1,89.0100,35.3600,1.799999
PHY_EDGE_ROW_8_Right_8,VPWR,li1,89.0100,35.3600,1.799999
PHY_EDGE_ROW_7_Right_7,VPWR,li1,89.0100,29.9200,1.799999
PHY_EDGE_ROW_6_Right_6,VPWR,li1,89.0100,29.9200,1.799999
PHY_EDGE_ROW_5_Right_5,VPWR,li1,89.0100,24.4800,1.800000
PHY_EDGE_ROW_4_Right_4,VPWR,li1,89.0100,24.4800,1.800000
PHY_EDGE_ROW_3_Right_3,VPWR,li1,89.0100,19.0400,1.800000
PHY_EDGE_ROW_2_Right_2,VPWR,li1,89.0100,19.0400,1.800000
PHY_EDGE_ROW_1_Right_1,VPWR,li1,89.0100,13.6000,1.799998
PHY_EDGE_ROW_0_Right_0,VPWR,li1,89.0100,13.6000,1.799998
_233_,VPWR,li1,36.8000,62.5600,1.799997
_232_,VPWR,li1,36.8000,57.1200,1.799997
_231_,VPWR,li1,34.0400,51.6800,1.799997
_230_,VPWR,li1,38.1800,51.6800,1.799997
_229_,VPWR,li1,34.9600,51.6800,1.799997
_228_,VPWR,li1,34.2700,62.5600,1.799997
_227_,VPWR,li1,33.3500,62.5600,1.799997
_226_,VPWR,li1,46.0000,62.5600,1.799997
_225_,VPWR,li1,30.5900,51.6800,1.799997
_224_,VPWR,li1,46.4600,68.0000,1.799995
_223_,VPWR,li1,44.8500,57.1200,1.799996
_222_,VPWR,li1,44.6200,51.6800,1.799997
_221_,VPWR,li1,42.0900,51.6800,1.799997
_220_,VPWR,li1,48.3000,51.6800,1.799997
_219_,VPWR,li1,45.5400,51.6800,1.799997
_218_,VPWR,li1,49.9100,51.6800,1.799996
_217_,VPWR,li1,43.4700,68.0000,1.799996
_216_,VPWR,li1,54.9700,68.0000,1.799995
_215_,VPWR,li1,54.2800,68.0000,1.799995
_214_,VPWR,li1,49.4500,68.0000,1.799995
_213_,VPWR,li1,43.7000,68.0000,1.799996
_212_,VPWR,li1,43.9300,62.5600,1.799997
_211_,VPWR,li1,46.2300,62.5600,1.799997
_210_,VPWR,li1,43.0100,62.5600,1.799997
_209_,VPWR,li1,50.1400,57.1200,1.799996
_208_,VPWR,li1,57.7300,57.1200,1.799997
_207_,VPWR,li1,53.3600,51.6800,1.799996
_206_,VPWR,li1,52.6700,51.6800,1.799996
_205_,VPWR,li1,53.1300,46.2400,1.799996
_204_,VPWR,li1,54.5100,57.1200,1.799996
_203_,VPWR,li1,54.2800,57.1200,1.799996
_202_,VPWR,li1,53.5900,73.4400,1.799999
_201_,VPWR,li1,57.9600,68.0000,1.799996
_200_,VPWR,li1,55.8900,68.0000,1.799995
_199_,VPWR,li1,52.6700,68.0000,1.799995
_198_,VPWR,li1,51.2900,68.0000,1.799995
_197_,VPWR,li1,51.7500,62.5600,1.799998
_196_,VPWR,li1,70.6100,57.1200,1.799996
_195_,VPWR,li1,61.4100,62.5600,1.799999
_194_,VPWR,li1,63.9400,57.1200,1.799997
_193_,VPWR,li1,57.9600,51.6800,1.799996
_192_,VPWR,li1,54.9700,51.6800,1.799996
_191_,VPWR,li1,67.3900,57.1200,1.799996
_190_,VPWR,li1,63.4800,57.1200,1.799997
_189_,VPWR,li1,63.7100,68.0000,1.799996
_188_,VPWR,li1,72.4500,46.2400,1.799995
_187_,VPWR,li1,76.8200,51.6800,1.799994
_186_,VPWR,li1,66.4700,68.0000,1.799996
_185_,VPWR,li1,66.0100,68.0000,1.799996
_184_,VPWR,li1,68.0800,68.0000,1.799996
_183_,VPWR,li1,66.4700,62.5600,1.799998
_182_,VPWR,li1,68.3100,62.5600,1.799998
_181_,VPWR,li1,69.0000,57.1200,1.799996
_180_,VPWR,li1,64.6300,46.2400,1.799996
_179_,VPWR,li1,58.6500,51.6800,1.799996
_178_,VPWR,li1,56.3500,51.6800,1.799996
_177_,VPWR,li1,62.5600,51.6800,1.799996
_176_,VPWR,li1,66.0100,51.6800,1.799996
_175_,VPWR,li1,68.5400,51.6800,1.799995
_174_,VPWR,li1,75.6700,46.2400,1.799995
_173_,VPWR,li1,76.3600,46.2400,1.799995
_172_,VPWR,li1,73.8300,51.6800,1.799994
_171_,VPWR,li1,76.3600,51.6800,1.799994
_170_,VPWR,li1,74.0600,51.6800,1.799994
_169_,VPWR,li1,73.6000,57.1200,1.799997
_168_,VPWR,li1,71.5300,57.1200,1.799996
_167_,VPWR,li1,66.0100,35.3600,1.799998
_166_,VPWR,li1,67.6200,40.8000,1.799994
_165_,VPWR,li1,73.8300,40.8000,1.799993
_164_,VPWR,li1,75.6700,40.8000,1.799994
_163_,VPWR,li1,72.9100,35.3600,1.799998
_162_,VPWR,li1,74.9800,35.3600,1.799998
_161_,VPWR,li1,70.1500,40.8000,1.799993
_160_,VPWR,li1,71.7600,35.3600,1.799998
_159_,VPWR,li1,69.4600,35.3600,1.799998
_158_,VPWR,li1,66.4700,35.3600,1.799998
_157_,VPWR,li1,58.1900,29.9200,1.799998
_156_,VPWR,li1,60.7200,29.9200,1.799998
_155_,VPWR,li1,63.9400,40.8000,1.799994
_154_,VPWR,li1,58.1900,40.8000,1.799995
_153_,VPWR,li1,64.6300,40.8000,1.799994
_152_,VPWR,li1,67.8500,40.8000,1.799994
_151_,VPWR,li1,62.1000,40.8000,1.799995
_150_,VPWR,li1,51.9800,40.8000,1.799995
_149_,VPWR,li1,56.1200,40.8000,1.799995
_148_,VPWR,li1,53.1300,40.8000,1.799995
_147_,VPWR,li1,52.2100,46.2400,1.799996
_146_,VPWR,li1,37.2600,46.2400,1.799997
_145_,VPWR,li1,38.1800,40.8000,1.799997
_144_,VPWR,li1,50.8300,40.8000,1.799995
_143_,VPWR,li1,54.9700,40.8000,1.799995
_142_,VPWR,li1,57.5000,40.8000,1.799995
_141_,VPWR,li1,38.1800,35.3600,1.799998
_140_,VPWR,li1,37.4900,35.3600,1.799998
_139_,VPWR,li1,44.3900,46.2400,1.799996
_138_,VPWR,li1,50.8300,29.9200,1.799998
_137_,VPWR,li1,53.1300,29.9200,1.799998
_136_,VPWR,li1,57.5000,29.9200,1.799998
_135_,VPWR,li1,55.2000,29.9200,1.799998
_134_,VPWR,li1,58.1900,35.3600,1.799998
_133_,VPWR,li1,61.1800,35.3600,1.799998
_132_,VPWR,li1,46.4600,46.2400,1.799996
_131_,VPWR,li1,43.0100,46.2400,1.799996
_130_,VPWR,li1,34.9600,46.2400,1.799997
_129_,VPWR,li1,39.7900,46.2400,1.799997
_128_,VPWR,li1,48.0700,35.3600,1.799997
_127_,VPWR,li1,46.0000,35.3600,1.799997
_126_,VPWR,li1,45.3100,35.3600,1.799997
_125_,VPWR,li1,38.1800,40.8000,1.799997
_124_,VPWR,li1,39.7900,35.3600,1.799998
_123_,VPWR,li1,46.6900,40.8000,1.799996
_122_,VPWR,li1,46.0000,46.2400,1.799996
_121_,VPWR,li1,40.9400,40.8000,1.799997
_120_,VPWR,li1,42.0900,29.9200,1.799999
_119_,VPWR,li1,39.7900,35.3600,1.799998
_118_,VPWR,li1,43.2400,35.3600,1.799998
_117_,VPWR,li1,50.3700,35.3600,1.799997
_116_,VPWR,li1,35.1900,35.3600,1.799998
_115_,VPWR,li1,42.5500,35.3600,1.799998
_114_,VPWR,li1,44.1600,40.8000,1.799996
_113_,VPWR,li1,35.1900,40.8000,1.799997
