Instance,Terminal,Layer,X location,Y location,Voltage
FILLER_0_28_169,VGND,li1,88.0900,87.0400,0.000002
FILLER_0_28_165,VGND,li1,86.7100,87.0400,0.000002
FILLER_0_28_153,VGND,li1,83.2600,87.0400,0.000002
FILLER_0_28_141,VGND,li1,77.7400,87.0400,0.000002
FILLER_0_28_137,VGND,li1,73.8300,87.0400,0.000003
FILLER_0_28_129,VGND,li1,71.3000,87.0400,0.000003
FILLER_0_28_117,VGND,li1,66.7000,87.0400,0.000004
FILLER_0_28_109,VGND,li1,60.9500,87.0400,0.000005
FILLER_0_28_102,VGND,li1,57.7300,87.0400,0.000005
FILLER_0_28_95,VGND,li1,54.5100,87.0400,0.000006
FILLER_0_28_89,VGND,li1,51.5200,87.0400,0.000006
FILLER_0_28_81,VGND,li1,48.0700,87.0400,0.000004
FILLER_0_28_69,VGND,li1,43.7000,87.0400,0.000003
FILLER_0_28_57,VGND,li1,39.1000,87.0400,0.000002
FILLER_0_28_53,VGND,li1,35.1900,87.0400,0.000002
FILLER_0_28_41,VGND,li1,31.7400,87.0400,0.000002
FILLER_0_28_29,VGND,li1,26.2200,87.0400,0.000001
FILLER_0_28_27,VGND,li1,22.7700,87.0400,0.000001
FILLER_0_28_15,VGND,li1,19.7800,87.0400,0.000001
FILLER_0_28_3,VGND,li1,14.2600,87.0400,0.000001
FILLER_0_27_169,VGND,li1,88.0900,87.0400,0.000002
FILLER_0_27_167,VGND,li1,87.1700,87.0400,0.000002
FILLER_0_27_161,VGND,li1,85.5600,87.0400,0.000002
FILLER_0_27_149,VGND,li1,81.4200,87.0400,0.000002
FILLER_0_27_137,VGND,li1,75.9000,87.0400,0.000002
FILLER_0_27_125,VGND,li1,70.3800,87.0400,0.000003
FILLER_0_27_113,VGND,li1,64.8600,87.0400,0.000004
FILLER_0_27_111,VGND,li1,61.4100,87.0400,0.000005
FILLER_0_27_105,VGND,li1,59.8000,87.0400,0.000005
FILLER_0_27_93,VGND,li1,55.6600,87.0400,0.000006
FILLER_0_27_81,VGND,li1,50.1400,87.0400,0.000005
FILLER_0_27_69,VGND,li1,44.6200,87.0400,0.000003
FILLER_0_27_57,VGND,li1,39.1000,87.0400,0.000002
FILLER_0_27_55,VGND,li1,35.6500,87.0400,0.000002
FILLER_0_27_51,VGND,li1,34.5000,87.0400,0.000002
FILLER_0_27_39,VGND,li1,30.8200,87.0400,0.000002
FILLER_0_27_27,VGND,li1,25.3000,87.0400,0.000001
FILLER_0_27_15,VGND,li1,19.7800,87.0400,0.000001
FILLER_0_27_3,VGND,li1,14.2600,87.0400,0.000001
FILLER_0_26_169,VGND,li1,88.0900,81.6000,0.000000
FILLER_0_26_165,VGND,li1,86.9400,81.6000,0.000000
FILLER_0_26_153,VGND,li1,83.2600,81.6000,0.000000
FILLER_0_26_141,VGND,li1,77.7400,81.6000,0.000000
FILLER_0_26_139,VGND,li1,74.2900,81.6000,0.000000
FILLER_0_26_133,VGND,li1,72.6800,81.6000,0.000000
FILLER_0_26_121,VGND,li1,68.5400,81.6000,0.000000
FILLER_0_26_109,VGND,li1,63.0200,81.6000,0.000000
FILLER_0_26_97,VGND,li1,57.5000,81.6000,0.000000
FILLER_0_26_85,VGND,li1,51.9800,81.6000,0.000000
FILLER_0_26_83,VGND,li1,48.5300,81.6000,0.000000
FILLER_0_26_77,VGND,li1,46.9200,81.6000,0.000000
FILLER_0_26_65,VGND,li1,42.7800,81.6000,0.000000
FILLER_0_26_53,VGND,li1,37.2600,81.6000,0.000000
FILLER_0_26_41,VGND,li1,31.7400,81.6000,0.000000
FILLER_0_26_29,VGND,li1,26.2200,81.6000,0.000000
FILLER_0_26_27,VGND,li1,22.7700,81.6000,0.000000
FILLER_0_26_15,VGND,li1,19.7800,81.6000,0.000000
FILLER_0_26_3,VGND,li1,14.2600,81.6000,0.000000
FILLER_0_25_169,VGND,li1,88.0900,81.6000,0.000000
FILLER_0_25_167,VGND,li1,87.1700,81.6000,0.000000
FILLER_0_25_161,VGND,li1,85.5600,81.6000,0.000000
FILLER_0_25_149,VGND,li1,81.4200,81.6000,0.000000
FILLER_0_25_137,VGND,li1,75.9000,81.6000,0.000000
FILLER_0_25_125,VGND,li1,70.3800,81.6000,0.000000
FILLER_0_25_113,VGND,li1,64.8600,81.6000,0.000000
FILLER_0_25_111,VGND,li1,61.4100,81.6000,0.000000
FILLER_0_25_105,VGND,li1,59.8000,81.6000,0.000000
FILLER_0_25_93,VGND,li1,55.6600,81.6000,0.000000
FILLER_0_25_81,VGND,li1,50.1400,81.6000,0.000000
FILLER_0_25_69,VGND,li1,44.6200,81.6000,0.000000
FILLER_0_25_57,VGND,li1,39.1000,81.6000,0.000000
FILLER_0_25_55,VGND,li1,35.6500,81.6000,0.000000
FILLER_0_25_51,VGND,li1,34.5000,81.6000,0.000000
FILLER_0_25_39,VGND,li1,30.8200,81.6000,0.000000
FILLER_0_25_27,VGND,li1,25.3000,81.6000,0.000000
FILLER_0_25_15,VGND,li1,19.7800,81.6000,0.000000
FILLER_0_25_3,VGND,li1,14.2600,81.6000,0.000000
FILLER_0_24_169,VGND,li1,88.0900,76.1600,0.000000
FILLER_0_24_165,VGND,li1,86.9400,76.1600,0.000000
FILLER_0_24_153,VGND,li1,83.2600,76.1600,0.000000
FILLER_0_24_141,VGND,li1,77.7400,76.1600,0.000000
FILLER_0_24_139,VGND,li1,74.2900,76.1600,0.000000
FILLER_0_24_133,VGND,li1,72.6800,76.1600,0.000000
FILLER_0_24_121,VGND,li1,68.5400,76.1600,0.000000
FILLER_0_24_109,VGND,li1,63.0200,76.1600,0.000000
FILLER_0_24_97,VGND,li1,57.5000,76.1600,0.000000
FILLER_0_24_85,VGND,li1,51.9800,76.1600,0.000000
FILLER_0_24_83,VGND,li1,48.5300,76.1600,0.000000
FILLER_0_24_77,VGND,li1,46.9200,76.1600,0.000000
FILLER_0_24_65,VGND,li1,42.7800,76.1600,0.000000
FILLER_0_24_53,VGND,li1,37.2600,76.1600,0.000000
FILLER_0_24_41,VGND,li1,31.7400,76.1600,0.000000
FILLER_0_24_29,VGND,li1,26.2200,76.1600,0.000000
FILLER_0_24_27,VGND,li1,22.7700,76.1600,0.000000
FILLER_0_24_15,VGND,li1,19.7800,76.1600,0.000000
FILLER_0_24_3,VGND,li1,14.2600,76.1600,0.000000
FILLER_0_23_169,VGND,li1,88.0900,76.1600,0.000000
FILLER_0_23_167,VGND,li1,87.1700,76.1600,0.000000
FILLER_0_23_161,VGND,li1,85.5600,76.1600,0.000000
FILLER_0_23_149,VGND,li1,81.4200,76.1600,0.000000
FILLER_0_23_137,VGND,li1,75.9000,76.1600,0.000000
FILLER_0_23_125,VGND,li1,70.3800,76.1600,0.000000
FILLER_0_23_113,VGND,li1,64.8600,76.1600,0.000000
FILLER_0_23_111,VGND,li1,61.4100,76.1600,0.000000
FILLER_0_23_105,VGND,li1,59.8000,76.1600,0.000000
FILLER_0_23_93,VGND,li1,55.6600,76.1600,0.000000
FILLER_0_23_81,VGND,li1,50.1400,76.1600,0.000000
FILLER_0_23_69,VGND,li1,44.6200,76.1600,0.000000
FILLER_0_23_57,VGND,li1,39.1000,76.1600,0.000000
FILLER_0_23_55,VGND,li1,35.6500,76.1600,0.000000
FILLER_0_23_51,VGND,li1,34.5000,76.1600,0.000000
FILLER_0_23_39,VGND,li1,30.8200,76.1600,0.000000
FILLER_0_23_27,VGND,li1,25.3000,76.1600,0.000000
FILLER_0_23_15,VGND,li1,19.7800,76.1600,0.000000
FILLER_0_23_3,VGND,li1,14.2600,76.1600,0.000000
FILLER_0_22_169,VGND,li1,88.0900,70.7200,0.000001
FILLER_0_22_165,VGND,li1,86.9400,70.7200,0.000001
FILLER_0_22_153,VGND,li1,83.2600,70.7200,0.000001
FILLER_0_22_141,VGND,li1,77.7400,70.7200,0.000001
FILLER_0_22_134,VGND,li1,73.1400,70.7200,0.000002
FILLER_0_22_122,VGND,li1,69.0000,70.7200,0.000002
FILLER_0_22_110,VGND,li1,63.4800,70.7200,0.000003
FILLER_0_22_98,VGND,li1,57.9600,70.7200,0.000004
FILLER_0_22_85,VGND,li1,50.6000,70.7200,0.000004
FILLER_0_22_83,VGND,li1,48.5300,70.7200,0.000003
FILLER_0_22_77,VGND,li1,46.9200,70.7200,0.000003
FILLER_0_22_65,VGND,li1,42.7800,70.7200,0.000002
FILLER_0_22_53,VGND,li1,37.2600,70.7200,0.000002
FILLER_0_22_41,VGND,li1,31.7400,70.7200,0.000001
FILLER_0_22_29,VGND,li1,26.2200,70.7200,0.000001
FILLER_0_22_27,VGND,li1,22.7700,70.7200,0.000001
FILLER_0_22_15,VGND,li1,19.7800,70.7200,0.000001
FILLER_0_22_3,VGND,li1,14.2600,70.7200,0.000001
FILLER_0_21_169,VGND,li1,88.0900,70.7200,0.000001
FILLER_0_21_167,VGND,li1,87.1700,70.7200,0.000001
FILLER_0_21_161,VGND,li1,85.5600,70.7200,0.000001
FILLER_0_21_149,VGND,li1,81.4200,70.7200,0.000001
FILLER_0_21_137,VGND,li1,75.9000,70.7200,0.000002
FILLER_0_21_125,VGND,li1,70.3800,70.7200,0.000002
FILLER_0_21_111,VGND,li1,61.4100,70.7200,0.000003
FILLER_0_21_107,VGND,li1,60.2600,70.7200,0.000003
FILLER_0_21_92,VGND,li1,52.9000,70.7200,0.000004
FILLER_0_21_76,VGND,li1,46.9200,70.7200,0.000003
FILLER_0_21_57,VGND,li1,39.1000,70.7200,0.000002
FILLER_0_21_55,VGND,li1,35.6500,70.7200,0.000002
FILLER_0_21_51,VGND,li1,34.5000,70.7200,0.000002
FILLER_0_21_39,VGND,li1,30.8200,70.7200,0.000001
FILLER_0_21_27,VGND,li1,25.3000,70.7200,0.000001
FILLER_0_21_15,VGND,li1,19.7800,70.7200,0.000001
FILLER_0_21_3,VGND,li1,14.2600,70.7200,0.000001
FILLER_0_20_169,VGND,li1,88.0900,65.2800,0.000002
FILLER_0_20_165,VGND,li1,86.9400,65.2800,0.000002
FILLER_0_20_153,VGND,li1,83.2600,65.2800,0.000001
FILLER_0_20_141,VGND,li1,77.7400,65.2800,0.000002
FILLER_0_20_128,VGND,li1,71.7600,65.2800,0.000002
FILLER_0_20_113,VGND,li1,63.4800,65.2800,0.000002
FILLER_0_20_101,VGND,li1,59.3400,65.2800,0.000002
FILLER_0_20_85,VGND,li1,50.6000,65.2800,0.000003
FILLER_0_20_82,VGND,li1,48.3000,65.2800,0.000003
FILLER_0_20_69,VGND,li1,42.0900,65.2800,0.000003
FILLER_0_20_65,VGND,li1,40.9400,65.2800,0.000003
FILLER_0_20_53,VGND,li1,37.2600,65.2800,0.000003
FILLER_0_20_41,VGND,li1,31.7400,65.2800,0.000003
FILLER_0_20_29,VGND,li1,26.2200,65.2800,0.000003
FILLER_0_20_27,VGND,li1,22.7700,65.2800,0.000004
FILLER_0_20_15,VGND,li1,19.7800,65.2800,0.000004
FILLER_0_20_3,VGND,li1,14.2600,65.2800,0.000006
FILLER_0_19_169,VGND,li1,88.0900,65.2800,0.000002
FILLER_0_19_156,VGND,li1,82.3400,65.2800,0.000001
FILLER_0_19_152,VGND,li1,80.5000,65.2800,0.000001
FILLER_0_19_140,VGND,li1,77.2800,65.2800,0.000002
FILLER_0_19_128,VGND,li1,71.7600,65.2800,0.000002
FILLER_0_19_119,VGND,li1,65.0900,65.2800,0.000002
FILLER_0_19_113,VGND,li1,63.4800,65.2800,0.000002
FILLER_0_19_111,VGND,li1,61.4100,65.2800,0.000002
FILLER_0_19_105,VGND,li1,59.8000,65.2800,0.000002
FILLER_0_19_93,VGND,li1,55.6600,65.2800,0.000003
FILLER_0_19_81,VGND,li1,50.1400,65.2800,0.000003
FILLER_0_19_69,VGND,li1,42.3200,65.2800,0.000003
FILLER_0_19_57,VGND,li1,39.1000,65.2800,0.000003
FILLER_0_19_43,VGND,li1,31.2800,65.2800,0.000003
FILLER_0_19_31,VGND,li1,27.1400,65.2800,0.000003
FILLER_0_19_19,VGND,li1,21.6200,65.2800,0.000004
FILLER_0_19_7,VGND,li1,16.1000,65.2800,0.000005
FILLER_0_18_169,VGND,li1,88.0900,59.8400,0.000002
FILLER_0_18_165,VGND,li1,86.9400,59.8400,0.000002
FILLER_0_18_153,VGND,li1,83.2600,59.8400,0.000002
FILLER_0_18_141,VGND,li1,77.7400,59.8400,0.000002
FILLER_0_18_139,VGND,li1,74.2900,59.8400,0.000002
FILLER_0_18_127,VGND,li1,71.3000,59.8400,0.000003
FILLER_0_18_115,VGND,li1,65.7800,59.8400,0.000003
FILLER_0_18_106,VGND,li1,59.3400,59.8400,0.000004
FILLER_0_18_94,VGND,li1,56.1200,59.8400,0.000004
FILLER_0_18_85,VGND,li1,49.6800,59.8400,0.000004
FILLER_0_18_81,VGND,li1,48.0700,59.8400,0.000004
FILLER_0_18_60,VGND,li1,39.5600,59.8400,0.000003
FILLER_0_18_54,VGND,li1,35.4200,59.8400,0.000004
FILLER_0_18_41,VGND,li1,30.3600,59.8400,0.000004
FILLER_0_18_29,VGND,li1,26.2200,59.8400,0.000004
FILLER_0_18_27,VGND,li1,22.7700,59.8400,0.000005
FILLER_0_18_15,VGND,li1,19.7800,59.8400,0.000005
FILLER_0_18_3,VGND,li1,14.2600,59.8400,0.000008
FILLER_0_17_169,VGND,li1,88.0900,59.8400,0.000002
FILLER_0_17_163,VGND,li1,85.3300,59.8400,0.000002
FILLER_0_17_159,VGND,li1,84.1800,59.8400,0.000002
FILLER_0_17_147,VGND,li1,80.5000,59.8400,0.000002
FILLER_0_17_135,VGND,li1,74.9800,59.8400,0.000002
FILLER_0_17_111,VGND,li1,61.4100,59.8400,0.000004
FILLER_0_17_107,VGND,li1,60.2600,59.8400,0.000004
FILLER_0_17_90,VGND,li1,52.2100,59.8400,0.000004
FILLER_0_17_81,VGND,li1,48.0700,59.8400,0.000004
FILLER_0_17_69,VGND,li1,44.6200,59.8400,0.000003
FILLER_0_17_57,VGND,li1,39.1000,59.8400,0.000003
FILLER_0_17_55,VGND,li1,35.6500,59.8400,0.000004
FILLER_0_17_43,VGND,li1,32.6600,59.8400,0.000004
FILLER_0_17_31,VGND,li1,27.1400,59.8400,0.000004
FILLER_0_17_19,VGND,li1,21.6200,59.8400,0.000005
FILLER_0_17_7,VGND,li1,16.1000,59.8400,0.000007
FILLER_0_16_165,VGND,li1,86.2500,54.4000,0.000003
FILLER_0_16_153,VGND,li1,83.2600,54.4000,0.000003
FILLER_0_16_141,VGND,li1,77.7400,54.4000,0.000003
FILLER_0_16_124,VGND,li1,67.3900,54.4000,0.000003
FILLER_0_16_118,VGND,li1,65.7800,54.4000,0.000003
FILLER_0_16_110,VGND,li1,61.6400,54.4000,0.000003
FILLER_0_16_98,VGND,li1,57.9600,54.4000,0.000003
FILLER_0_16_93,VGND,li1,53.1300,54.4000,0.000003
FILLER_0_16_85,VGND,li1,51.0600,54.4000,0.000004
FILLER_0_16_83,VGND,li1,48.5300,54.4000,0.000004
FILLER_0_16_79,VGND,li1,47.3800,54.4000,0.000004
FILLER_0_16_70,VGND,li1,42.7800,54.4000,0.000003
FILLER_0_16_62,VGND,li1,40.4800,54.4000,0.000003
FILLER_0_16_53,VGND,li1,34.7300,54.4000,0.000003
FILLER_0_16_41,VGND,li1,31.7400,54.4000,0.000003
FILLER_0_16_29,VGND,li1,26.2200,54.4000,0.000003
FILLER_0_16_26,VGND,li1,22.5400,54.4000,0.000002
FILLER_0_16_18,VGND,li1,20.2400,54.4000,0.000003
FILLER_0_16_6,VGND,li1,15.6400,54.4000,0.000003
FILLER_0_15_169,VGND,li1,88.0900,54.4000,0.000003
FILLER_0_15_158,VGND,li1,84.1800,54.4000,0.000003
FILLER_0_15_146,VGND,li1,80.0400,54.4000,0.000003
FILLER_0_15_133,VGND,li1,71.9900,54.4000,0.000003
FILLER_0_15_125,VGND,li1,69.4600,54.4000,0.000003
FILLER_0_15_113,VGND,li1,64.8600,54.4000,0.000003
FILLER_0_15_108,VGND,li1,60.7200,54.4000,0.000003
FILLER_0_15_98,VGND,li1,55.6600,54.4000,0.000003
FILLER_0_15_88,VGND,li1,51.0600,54.4000,0.000004
FILLER_0_15_65,VGND,li1,40.2500,54.4000,0.000003
FILLER_0_15_37,VGND,li1,28.0600,54.4000,0.000003
FILLER_0_15_25,VGND,li1,24.3800,54.4000,0.000003
FILLER_0_15_13,VGND,li1,18.8600,54.4000,0.000003
FILLER_0_14_165,VGND,li1,86.2500,48.9600,0.000006
FILLER_0_14_161,VGND,li1,85.1000,48.9600,0.000006
FILLER_0_14_149,VGND,li1,81.4200,48.9600,0.000006
FILLER_0_14_129,VGND,li1,71.3000,48.9600,0.000007
FILLER_0_14_109,VGND,li1,60.4900,48.9600,0.000004
FILLER_0_14_85,VGND,li1,50.1400,48.9600,0.000004
FILLER_0_14_83,VGND,li1,48.5300,48.9600,0.000004
FILLER_0_14_79,VGND,li1,47.3800,48.9600,0.000003
FILLER_0_14_68,VGND,li1,42.0900,48.9600,0.000002
FILLER_0_14_56,VGND,li1,38.6400,48.9600,0.000002
FILLER_0_14_49,VGND,li1,33.3500,48.9600,0.000002
FILLER_0_14_41,VGND,li1,30.8200,48.9600,0.000001
FILLER_0_14_29,VGND,li1,26.2200,48.9600,0.000001
FILLER_0_14_27,VGND,li1,22.7700,48.9600,0.000001
FILLER_0_14_15,VGND,li1,19.7800,48.9600,0.000001
FILLER_0_14_3,VGND,li1,14.2600,48.9600,0.000001
FILLER_0_13_169,VGND,li1,88.0900,48.9600,0.000007
FILLER_0_13_166,VGND,li1,86.9400,48.9600,0.000007
FILLER_0_13_158,VGND,li1,84.6400,48.9600,0.000005
FILLER_0_13_146,VGND,li1,80.0400,48.9600,0.000006
FILLER_0_13_130,VGND,li1,70.3800,48.9600,0.000007
FILLER_0_13_122,VGND,li1,68.0800,48.9600,0.000006
FILLER_0_13_113,VGND,li1,62.5600,48.9600,0.000004
FILLER_0_13_111,VGND,li1,61.4100,48.9600,0.000004
FILLER_0_13_107,VGND,li1,60.2600,48.9600,0.000004
FILLER_0_13_95,VGND,li1,56.5800,48.9600,0.000004
FILLER_0_13_89,VGND,li1,51.7500,48.9600,0.000004
FILLER_0_13_81,VGND,li1,49.2200,48.9600,0.000004
FILLER_0_13_69,VGND,li1,42.5500,48.9600,0.000002
FILLER_0_13_57,VGND,li1,39.1000,48.9600,0.000002
FILLER_0_13_55,VGND,li1,35.6500,48.9600,0.000002
FILLER_0_13_51,VGND,li1,34.5000,48.9600,0.000002
FILLER_0_13_39,VGND,li1,30.8200,48.9600,0.000001
FILLER_0_13_27,VGND,li1,25.3000,48.9600,0.000001
FILLER_0_13_15,VGND,li1,19.7800,48.9600,0.000001
FILLER_0_13_3,VGND,li1,14.2600,48.9600,0.000001
FILLER_0_12_165,VGND,li1,86.2500,43.5200,0.000006
FILLER_0_12_159,VGND,li1,84.6400,43.5200,0.000006
FILLER_0_12_147,VGND,li1,80.5000,43.5200,0.000005
FILLER_0_12_139,VGND,li1,74.2900,43.5200,0.000005
FILLER_0_12_131,VGND,li1,72.2200,43.5200,0.000004
FILLER_0_12_119,VGND,li1,67.6200,43.5200,0.000004
FILLER_0_12_107,VGND,li1,62.1000,43.5200,0.000003
FILLER_0_12_95,VGND,li1,56.5800,43.5200,0.000004
FILLER_0_12_85,VGND,li1,49.9100,43.5200,0.000004
FILLER_0_12_81,VGND,li1,48.0700,43.5200,0.000004
FILLER_0_12_67,VGND,li1,41.1700,43.5200,0.000004
FILLER_0_12_49,VGND,li1,33.3500,43.5200,0.000004
FILLER_0_12_41,VGND,li1,30.8200,43.5200,0.000004
FILLER_0_12_29,VGND,li1,26.2200,43.5200,0.000003
FILLER_0_12_27,VGND,li1,22.7700,43.5200,0.000002
FILLER_0_12_19,VGND,li1,20.7000,43.5200,0.000003
FILLER_0_12_7,VGND,li1,16.1000,43.5200,0.000003
FILLER_0_11_169,VGND,li1,88.0900,43.5200,0.000007
FILLER_0_11_162,VGND,li1,85.1000,43.5200,0.000006
FILLER_0_11_154,VGND,li1,82.8000,43.5200,0.000005
FILLER_0_11_142,VGND,li1,78.2000,43.5200,0.000005
FILLER_0_11_129,VGND,li1,70.8400,43.5200,0.000004
FILLER_0_11_106,VGND,li1,60.2600,43.5200,0.000003
FILLER_0_11_83,VGND,li1,49.2200,43.5200,0.000004
FILLER_0_11_70,VGND,li1,42.7800,43.5200,0.000004
FILLER_0_11_57,VGND,li1,36.5700,43.5200,0.000004
FILLER_0_11_51,VGND,li1,34.0400,43.5200,0.000004
FILLER_0_11_39,VGND,li1,30.8200,43.5200,0.000004
FILLER_0_11_27,VGND,li1,25.3000,43.5200,0.000003
FILLER_0_11_15,VGND,li1,19.7800,43.5200,0.000003
FILLER_0_11_3,VGND,li1,14.2600,43.5200,0.000003
FILLER_0_10_156,VGND,li1,82.8000,38.0800,0.000002
FILLER_0_10_144,VGND,li1,79.1200,38.0800,0.000003
FILLER_0_10_132,VGND,li1,72.6800,38.0800,0.000003
FILLER_0_10_105,VGND,li1,59.8000,38.0800,0.000002
FILLER_0_10_85,VGND,li1,49.9100,38.0800,0.000002
FILLER_0_10_83,VGND,li1,48.5300,38.0800,0.000002
FILLER_0_10_75,VGND,li1,46.4600,38.0800,0.000002
FILLER_0_10_63,VGND,li1,41.8600,38.0800,0.000002
FILLER_0_10_53,VGND,li1,35.8800,38.0800,0.000002
FILLER_0_10_41,VGND,li1,31.7400,38.0800,0.000002
FILLER_0_10_29,VGND,li1,26.2200,38.0800,0.000001
FILLER_0_10_27,VGND,li1,22.7700,38.0800,0.000001
FILLER_0_10_15,VGND,li1,19.7800,38.0800,0.000001
FILLER_0_10_3,VGND,li1,14.2600,38.0800,0.000001
FILLER_0_9_169,VGND,li1,88.0900,38.0800,0.000002
FILLER_0_9_167,VGND,li1,87.1700,38.0800,0.000002
FILLER_0_9_155,VGND,li1,84.1800,38.0800,0.000002
FILLER_0_9_143,VGND,li1,78.6600,38.0800,0.000003
FILLER_0_9_132,VGND,li1,71.3000,38.0800,0.000003
FILLER_0_9_124,VGND,li1,69.0000,38.0800,0.000003
FILLER_0_9_113,VGND,li1,63.4800,38.0800,0.000002
FILLER_0_9_110,VGND,li1,61.1800,38.0800,0.000002
FILLER_0_9_102,VGND,li1,58.8800,38.0800,0.000003
FILLER_0_9_90,VGND,li1,54.2800,38.0800,0.000003
FILLER_0_9_78,VGND,li1,48.7600,38.0800,0.000002
FILLER_0_9_67,VGND,li1,41.4000,38.0800,0.000002
FILLER_0_9_51,VGND,li1,34.0400,38.0800,0.000002
FILLER_0_9_39,VGND,li1,30.8200,38.0800,0.000002
FILLER_0_9_27,VGND,li1,25.3000,38.0800,0.000001
FILLER_0_9_15,VGND,li1,19.7800,38.0800,0.000001
FILLER_0_9_3,VGND,li1,14.2600,38.0800,0.000001
FILLER_0_8_169,VGND,li1,88.0900,32.6400,0.000001
FILLER_0_8_165,VGND,li1,86.9400,32.6400,0.000001
FILLER_0_8_153,VGND,li1,83.2600,32.6400,0.000001
FILLER_0_8_141,VGND,li1,77.7400,32.6400,0.000001
FILLER_0_8_136,VGND,li1,73.6000,32.6400,0.000002
FILLER_0_8_125,VGND,li1,67.8500,32.6400,0.000002
FILLER_0_8_119,VGND,li1,65.0900,32.6400,0.000002
FILLER_0_8_113,VGND,li1,63.4800,32.6400,0.000002
FILLER_0_8_107,VGND,li1,59.8000,32.6400,0.000004
FILLER_0_8_90,VGND,li1,54.2800,32.6400,0.000004
FILLER_0_8_53,VGND,li1,35.8800,32.6400,0.000002
FILLER_0_8_41,VGND,li1,31.7400,32.6400,0.000002
FILLER_0_8_29,VGND,li1,26.2200,32.6400,0.000001
FILLER_0_8_27,VGND,li1,22.7700,32.6400,0.000001
FILLER_0_8_15,VGND,li1,19.7800,32.6400,0.000001
FILLER_0_8_3,VGND,li1,14.2600,32.6400,0.000001
FILLER_0_7_169,VGND,li1,88.0900,32.6400,0.000001
FILLER_0_7_167,VGND,li1,87.1700,32.6400,0.000001
FILLER_0_7_161,VGND,li1,85.5600,32.6400,0.000001
FILLER_0_7_149,VGND,li1,81.4200,32.6400,0.000001
FILLER_0_7_137,VGND,li1,75.9000,32.6400,0.000002
FILLER_0_7_125,VGND,li1,70.3800,32.6400,0.000002
FILLER_0_7_113,VGND,li1,64.8600,32.6400,0.000002
FILLER_0_7_82,VGND,li1,48.5300,32.6400,0.000004
FILLER_0_7_74,VGND,li1,46.0000,32.6400,0.000004
FILLER_0_7_57,VGND,li1,38.1800,32.6400,0.000003
FILLER_0_7_55,VGND,li1,35.6500,32.6400,0.000002
FILLER_0_7_51,VGND,li1,34.5000,32.6400,0.000002
FILLER_0_7_39,VGND,li1,30.8200,32.6400,0.000002
FILLER_0_7_27,VGND,li1,25.3000,32.6400,0.000001
FILLER_0_7_15,VGND,li1,19.7800,32.6400,0.000001
FILLER_0_7_3,VGND,li1,14.2600,32.6400,0.000001
FILLER_0_6_169,VGND,li1,88.0900,27.2000,0.000000
FILLER_0_6_165,VGND,li1,86.9400,27.2000,0.000000
FILLER_0_6_153,VGND,li1,83.2600,27.2000,0.000000
FILLER_0_6_141,VGND,li1,77.7400,27.2000,0.000000
FILLER_0_6_137,VGND,li1,73.8300,27.2000,0.000000
FILLER_0_6_129,VGND,li1,71.3000,27.2000,0.000000
FILLER_0_6_117,VGND,li1,66.7000,27.2000,0.000000
FILLER_0_6_105,VGND,li1,61.1800,27.2000,0.000000
FILLER_0_6_97,VGND,li1,55.6600,27.2000,0.000000
FILLER_0_6_85,VGND,li1,51.9800,27.2000,0.000000
FILLER_0_6_83,VGND,li1,48.5300,27.2000,0.000000
FILLER_0_6_77,VGND,li1,46.9200,27.2000,0.000000
FILLER_0_6_65,VGND,li1,42.7800,27.2000,0.000000
FILLER_0_6_53,VGND,li1,37.2600,27.2000,0.000000
FILLER_0_6_41,VGND,li1,31.7400,27.2000,0.000000
FILLER_0_6_29,VGND,li1,26.2200,27.2000,0.000000
FILLER_0_6_27,VGND,li1,22.7700,27.2000,0.000000
FILLER_0_6_15,VGND,li1,19.7800,27.2000,0.000000
FILLER_0_6_3,VGND,li1,14.2600,27.2000,0.000000
FILLER_0_5_169,VGND,li1,88.0900,27.2000,0.000000
FILLER_0_5_167,VGND,li1,87.1700,27.2000,0.000000
FILLER_0_5_161,VGND,li1,85.5600,27.2000,0.000000
FILLER_0_5_149,VGND,li1,81.4200,27.2000,0.000000
FILLER_0_5_137,VGND,li1,75.9000,27.2000,0.000000
FILLER_0_5_125,VGND,li1,70.3800,27.2000,0.000000
FILLER_0_5_113,VGND,li1,64.8600,27.2000,0.000000
FILLER_0_5_111,VGND,li1,61.4100,27.2000,0.000000
FILLER_0_5_105,VGND,li1,59.8000,27.2000,0.000000
FILLER_0_5_93,VGND,li1,55.6600,27.2000,0.000000
FILLER_0_5_81,VGND,li1,50.1400,27.2000,0.000000
FILLER_0_5_69,VGND,li1,44.6200,27.2000,0.000000
FILLER_0_5_57,VGND,li1,39.1000,27.2000,0.000000
FILLER_0_5_55,VGND,li1,35.6500,27.2000,0.000000
FILLER_0_5_51,VGND,li1,34.5000,27.2000,0.000000
FILLER_0_5_39,VGND,li1,30.8200,27.2000,0.000000
FILLER_0_5_27,VGND,li1,25.3000,27.2000,0.000000
FILLER_0_5_15,VGND,li1,19.7800,27.2000,0.000000
FILLER_0_5_3,VGND,li1,14.2600,27.2000,0.000000
FILLER_0_4_169,VGND,li1,88.0900,21.7600,0.000000
FILLER_0_4_165,VGND,li1,86.9400,21.7600,0.000000
FILLER_0_4_153,VGND,li1,83.2600,21.7600,0.000000
FILLER_0_4_141,VGND,li1,77.7400,21.7600,0.000000
FILLER_0_4_139,VGND,li1,74.2900,21.7600,0.000000
FILLER_0_4_133,VGND,li1,72.6800,21.7600,0.000000
FILLER_0_4_121,VGND,li1,68.5400,21.7600,0.000000
FILLER_0_4_109,VGND,li1,63.0200,21.7600,0.000000
FILLER_0_4_97,VGND,li1,57.5000,21.7600,0.000000
FILLER_0_4_85,VGND,li1,51.9800,21.7600,0.000000
FILLER_0_4_83,VGND,li1,48.5300,21.7600,0.000000
FILLER_0_4_77,VGND,li1,46.9200,21.7600,0.000000
FILLER_0_4_65,VGND,li1,42.7800,21.7600,0.000000
FILLER_0_4_53,VGND,li1,37.2600,21.7600,0.000000
FILLER_0_4_41,VGND,li1,31.7400,21.7600,0.000000
FILLER_0_4_29,VGND,li1,26.2200,21.7600,0.000000
FILLER_0_4_27,VGND,li1,22.7700,21.7600,0.000000
FILLER_0_4_15,VGND,li1,19.7800,21.7600,0.000000
FILLER_0_4_3,VGND,li1,14.2600,21.7600,0.000000
FILLER_0_3_169,VGND,li1,88.0900,21.7600,0.000000
FILLER_0_3_167,VGND,li1,87.1700,21.7600,0.000000
FILLER_0_3_161,VGND,li1,85.5600,21.7600,0.000000
FILLER_0_3_149,VGND,li1,81.4200,21.7600,0.000000
FILLER_0_3_137,VGND,li1,75.9000,21.7600,0.000000
FILLER_0_3_125,VGND,li1,70.3800,21.7600,0.000000
FILLER_0_3_113,VGND,li1,64.8600,21.7600,0.000000
FILLER_0_3_111,VGND,li1,61.4100,21.7600,0.000000
FILLER_0_3_105,VGND,li1,59.8000,21.7600,0.000000
FILLER_0_3_93,VGND,li1,55.6600,21.7600,0.000000
FILLER_0_3_81,VGND,li1,50.1400,21.7600,0.000000
FILLER_0_3_69,VGND,li1,44.6200,21.7600,0.000000
FILLER_0_3_57,VGND,li1,39.1000,21.7600,0.000000
FILLER_0_3_55,VGND,li1,35.6500,21.7600,0.000000
FILLER_0_3_51,VGND,li1,34.5000,21.7600,0.000000
FILLER_0_3_39,VGND,li1,30.8200,21.7600,0.000000
FILLER_0_3_27,VGND,li1,25.3000,21.7600,0.000000
FILLER_0_3_15,VGND,li1,19.7800,21.7600,0.000000
FILLER_0_3_3,VGND,li1,14.2600,21.7600,0.000000
FILLER_0_2_169,VGND,li1,88.0900,16.3200,0.000000
FILLER_0_2_165,VGND,li1,86.9400,16.3200,0.000000
FILLER_0_2_153,VGND,li1,83.2600,16.3200,0.000000
FILLER_0_2_141,VGND,li1,77.7400,16.3200,0.000001
FILLER_0_2_139,VGND,li1,74.2900,16.3200,0.000001
FILLER_0_2_133,VGND,li1,72.6800,16.3200,0.000001
FILLER_0_2_121,VGND,li1,68.5400,16.3200,0.000001
FILLER_0_2_109,VGND,li1,63.0200,16.3200,0.000001
FILLER_0_2_97,VGND,li1,57.5000,16.3200,0.000002
FILLER_0_2_85,VGND,li1,51.9800,16.3200,0.000003
FILLER_0_2_83,VGND,li1,48.5300,16.3200,0.000002
FILLER_0_2_77,VGND,li1,46.9200,16.3200,0.000002
FILLER_0_2_65,VGND,li1,42.7800,16.3200,0.000001
FILLER_0_2_53,VGND,li1,37.2600,16.3200,0.000001
FILLER_0_2_41,VGND,li1,31.7400,16.3200,0.000001
FILLER_0_2_29,VGND,li1,26.2200,16.3200,0.000001
FILLER_0_2_27,VGND,li1,22.7700,16.3200,0.000000
FILLER_0_2_15,VGND,li1,19.7800,16.3200,0.000000
FILLER_0_2_3,VGND,li1,14.2600,16.3200,0.000000
FILLER_0_1_169,VGND,li1,88.0900,16.3200,0.000000
FILLER_0_1_167,VGND,li1,87.1700,16.3200,0.000000
FILLER_0_1_161,VGND,li1,85.5600,16.3200,0.000000
FILLER_0_1_149,VGND,li1,81.4200,16.3200,0.000000
FILLER_0_1_137,VGND,li1,75.9000,16.3200,0.000001
FILLER_0_1_125,VGND,li1,70.3800,16.3200,0.000001
FILLER_0_1_113,VGND,li1,64.8600,16.3200,0.000001
FILLER_0_1_111,VGND,li1,61.4100,16.3200,0.000002
FILLER_0_1_107,VGND,li1,60.2600,16.3200,0.000002
FILLER_0_1_95,VGND,li1,56.5800,16.3200,0.000002
FILLER_0_1_89,VGND,li1,51.5200,16.3200,0.000003
FILLER_0_1_81,VGND,li1,49.2200,16.3200,0.000003
FILLER_0_1_69,VGND,li1,44.6200,16.3200,0.000002
FILLER_0_1_57,VGND,li1,39.1000,16.3200,0.000001
FILLER_0_1_55,VGND,li1,35.6500,16.3200,0.000001
FILLER_0_1_51,VGND,li1,34.5000,16.3200,0.000001
FILLER_0_1_39,VGND,li1,30.8200,16.3200,0.000001
FILLER_0_1_27,VGND,li1,25.3000,16.3200,0.000001
FILLER_0_1_15,VGND,li1,19.7800,16.3200,0.000000
FILLER_0_1_3,VGND,li1,14.2600,16.3200,0.000000
FILLER_0_0_169,VGND,li1,88.0900,10.8800,0.000001
FILLER_0_0_165,VGND,li1,86.7100,10.8800,0.000001
FILLER_0_0_153,VGND,li1,83.2600,10.8800,0.000001
FILLER_0_0_141,VGND,li1,77.7400,10.8800,0.000001
FILLER_0_0_139,VGND,li1,74.2900,10.8800,0.000002
FILLER_0_0_135,VGND,li1,73.1400,10.8800,0.000002
FILLER_0_0_123,VGND,li1,69.4600,10.8800,0.000002
FILLER_0_0_109,VGND,li1,60.9500,10.8800,0.000003
FILLER_0_0_102,VGND,li1,57.7300,10.8800,0.000004
FILLER_0_0_95,VGND,li1,54.5100,10.8800,0.000004
FILLER_0_0_76,VGND,li1,46.0000,10.8800,0.000004
FILLER_0_0_57,VGND,li1,37.7200,10.8800,0.000003
FILLER_0_0_53,VGND,li1,35.1900,10.8800,0.000002
FILLER_0_0_41,VGND,li1,31.7400,10.8800,0.000002
FILLER_0_0_29,VGND,li1,26.2200,10.8800,0.000001
FILLER_0_0_27,VGND,li1,22.7700,10.8800,0.000001
FILLER_0_0_15,VGND,li1,19.7800,10.8800,0.000001
FILLER_0_0_3,VGND,li1,14.2600,10.8800,0.000001
ANTENNA_1,VGND,li1,81.4200,65.2800,0.000001
output27,VGND,li1,12.4200,65.2800,0.000007
output26,VGND,li1,12.4200,59.8400,0.000009
output25,VGND,li1,52.9000,87.0400,0.000006
output24,VGND,li1,63.0200,87.0400,0.000005
output23,VGND,li1,87.4000,48.9600,0.000007
output22,VGND,li1,86.4800,43.5200,0.000007
output21,VGND,li1,52.9000,16.3200,0.000003
output20,VGND,li1,47.8400,10.8800,0.000004
input19,VGND,li1,12.4200,43.5200,0.000003
input18,VGND,li1,44.3900,10.8800,0.000003
input17,VGND,li1,41.4000,10.8800,0.000003
input16,VGND,li1,12.1900,54.4000,0.000004
input15,VGND,li1,46.4600,87.0400,0.000004
input14,VGND,li1,56.1200,87.0400,0.000006
input13,VGND,li1,85.1000,65.2800,0.000002
input12,VGND,li1,86.4800,59.8400,0.000002
input11,VGND,li1,86.0200,38.0800,0.000002
input10,VGND,li1,59.3400,10.8800,0.000004
input9,VGND,li1,64.4000,10.8800,0.000002
input8,VGND,li1,13.8000,54.4000,0.000004
input7,VGND,li1,50.1400,87.0400,0.000005
input6,VGND,li1,59.3400,87.0400,0.000005
input5,VGND,li1,87.4000,54.4000,0.000003
input4,VGND,li1,86.4800,54.4000,0.000003
input3,VGND,li1,87.4000,43.5200,0.000007
input2,VGND,li1,56.1200,10.8800,0.000004
input1,VGND,li1,51.5200,10.8800,0.000005
TAP_TAPCELL_ROW_28_150,VGND,li1,87.6300,87.3310,0.000002
TAP_TAPCELL_ROW_28_149,VGND,li1,74.7500,87.3310,0.000003
TAP_TAPCELL_ROW_28_148,VGND,li1,61.8700,87.3310,0.000005
TAP_TAPCELL_ROW_28_147,VGND,li1,48.9900,87.3310,0.000005
TAP_TAPCELL_ROW_28_146,VGND,li1,36.1100,87.3310,0.000002
TAP_TAPCELL_ROW_28_145,VGND,li1,23.2300,87.3310,0.000001
TAP_TAPCELL_ROW_27_144,VGND,li1,87.6300,86.7480,0.000002
TAP_TAPCELL_ROW_27_143,VGND,li1,61.8700,86.7480,0.000005
TAP_TAPCELL_ROW_27_142,VGND,li1,36.1100,86.7480,0.000002
TAP_TAPCELL_ROW_26_141,VGND,li1,74.7500,81.8910,0.000000
TAP_TAPCELL_ROW_26_140,VGND,li1,48.9900,81.8910,0.000000
TAP_TAPCELL_ROW_26_139,VGND,li1,23.2300,81.8910,0.000000
TAP_TAPCELL_ROW_25_138,VGND,li1,87.6300,81.3080,0.000000
TAP_TAPCELL_ROW_25_137,VGND,li1,61.8700,81.3080,0.000000
TAP_TAPCELL_ROW_25_136,VGND,li1,36.1100,81.3080,0.000000
TAP_TAPCELL_ROW_24_135,VGND,li1,74.7500,76.4510,0.000000
TAP_TAPCELL_ROW_24_134,VGND,li1,48.9900,76.4510,0.000000
TAP_TAPCELL_ROW_24_133,VGND,li1,23.2300,76.4510,0.000000
TAP_TAPCELL_ROW_23_132,VGND,li1,87.6300,75.8680,0.000000
TAP_TAPCELL_ROW_23_131,VGND,li1,61.8700,75.8680,0.000000
TAP_TAPCELL_ROW_23_130,VGND,li1,36.1100,75.8680,0.000000
TAP_TAPCELL_ROW_22_129,VGND,li1,74.7500,71.0110,0.000002
TAP_TAPCELL_ROW_22_128,VGND,li1,48.9900,71.0110,0.000004
TAP_TAPCELL_ROW_22_127,VGND,li1,23.2300,71.0110,0.000001
TAP_TAPCELL_ROW_21_126,VGND,li1,87.6300,70.4280,0.000001
TAP_TAPCELL_ROW_21_125,VGND,li1,61.8700,70.4280,0.000003
TAP_TAPCELL_ROW_21_124,VGND,li1,36.1100,70.4280,0.000002
TAP_TAPCELL_ROW_20_123,VGND,li1,74.7500,65.5710,0.000002
TAP_TAPCELL_ROW_20_122,VGND,li1,48.9900,65.5710,0.000003
TAP_TAPCELL_ROW_20_121,VGND,li1,23.2300,65.5710,0.000004
TAP_TAPCELL_ROW_19_120,VGND,li1,87.6300,64.9880,0.000002
TAP_TAPCELL_ROW_19_119,VGND,li1,61.8700,64.9880,0.000002
TAP_TAPCELL_ROW_19_118,VGND,li1,36.1100,64.9880,0.000003
TAP_TAPCELL_ROW_18_117,VGND,li1,74.7500,60.1310,0.000002
TAP_TAPCELL_ROW_18_116,VGND,li1,48.9900,60.1310,0.000004
TAP_TAPCELL_ROW_18_115,VGND,li1,23.2300,60.1310,0.000005
TAP_TAPCELL_ROW_17_114,VGND,li1,87.6300,59.5480,0.000002
TAP_TAPCELL_ROW_17_113,VGND,li1,61.8700,59.5480,0.000004
TAP_TAPCELL_ROW_17_112,VGND,li1,36.1100,59.5480,0.000004
TAP_TAPCELL_ROW_16_111,VGND,li1,74.7500,54.6910,0.000003
TAP_TAPCELL_ROW_16_110,VGND,li1,48.9900,54.6910,0.000004
TAP_TAPCELL_ROW_16_109,VGND,li1,23.2300,54.6910,0.000002
TAP_TAPCELL_ROW_15_108,VGND,li1,87.6300,54.1080,0.000003
TAP_TAPCELL_ROW_15_107,VGND,li1,61.8700,54.1080,0.000003
TAP_TAPCELL_ROW_15_106,VGND,li1,36.1100,54.1080,0.000003
TAP_TAPCELL_ROW_14_105,VGND,li1,74.7500,49.2510,0.000007
TAP_TAPCELL_ROW_14_104,VGND,li1,48.9900,49.2510,0.000004
TAP_TAPCELL_ROW_14_103,VGND,li1,23.2300,49.2510,0.000001
TAP_TAPCELL_ROW_13_102,VGND,li1,87.6300,48.6680,0.000007
TAP_TAPCELL_ROW_13_101,VGND,li1,61.8700,48.6680,0.000004
TAP_TAPCELL_ROW_13_100,VGND,li1,36.1100,48.6680,0.000002
TAP_TAPCELL_ROW_12_99,VGND,li1,74.7500,43.8110,0.000005
TAP_TAPCELL_ROW_12_98,VGND,li1,48.9900,43.8110,0.000004
TAP_TAPCELL_ROW_12_97,VGND,li1,23.2300,43.8110,0.000002
TAP_TAPCELL_ROW_11_96,VGND,li1,87.6300,43.2280,0.000007
TAP_TAPCELL_ROW_11_95,VGND,li1,61.8700,43.2280,0.000003
TAP_TAPCELL_ROW_11_94,VGND,li1,36.1100,43.2280,0.000004
TAP_TAPCELL_ROW_10_93,VGND,li1,74.7500,38.3710,0.000003
TAP_TAPCELL_ROW_10_92,VGND,li1,48.9900,38.3710,0.000002
TAP_TAPCELL_ROW_10_91,VGND,li1,23.2300,38.3710,0.000001
TAP_TAPCELL_ROW_9_90,VGND,li1,87.6300,37.7880,0.000002
TAP_TAPCELL_ROW_9_89,VGND,li1,61.8700,37.7880,0.000002
TAP_TAPCELL_ROW_9_88,VGND,li1,36.1100,37.7880,0.000002
TAP_TAPCELL_ROW_8_87,VGND,li1,74.7500,32.9310,0.000002
TAP_TAPCELL_ROW_8_86,VGND,li1,48.9900,32.9310,0.000004
TAP_TAPCELL_ROW_8_85,VGND,li1,23.2300,32.9310,0.000001
TAP_TAPCELL_ROW_7_84,VGND,li1,87.6300,32.3480,0.000001
TAP_TAPCELL_ROW_7_83,VGND,li1,61.8700,32.3480,0.000003
TAP_TAPCELL_ROW_7_82,VGND,li1,36.1100,32.3480,0.000002
TAP_TAPCELL_ROW_6_81,VGND,li1,74.7500,27.4910,0.000000
TAP_TAPCELL_ROW_6_80,VGND,li1,48.9900,27.4910,0.000000
TAP_TAPCELL_ROW_6_79,VGND,li1,23.2300,27.4910,0.000000
TAP_TAPCELL_ROW_5_78,VGND,li1,87.6300,26.9080,0.000000
TAP_TAPCELL_ROW_5_77,VGND,li1,61.8700,26.9080,0.000000
TAP_TAPCELL_ROW_5_76,VGND,li1,36.1100,26.9080,0.000000
TAP_TAPCELL_ROW_4_75,VGND,li1,74.7500,22.0510,0.000000
TAP_TAPCELL_ROW_4_74,VGND,li1,48.9900,22.0510,0.000000
TAP_TAPCELL_ROW_4_73,VGND,li1,23.2300,22.0510,0.000000
TAP_TAPCELL_ROW_3_72,VGND,li1,87.6300,21.4680,0.000000
TAP_TAPCELL_ROW_3_71,VGND,li1,61.8700,21.4680,0.000000
TAP_TAPCELL_ROW_3_70,VGND,li1,36.1100,21.4680,0.000000
TAP_TAPCELL_ROW_2_69,VGND,li1,74.7500,16.6110,0.000001
TAP_TAPCELL_ROW_2_68,VGND,li1,48.9900,16.6110,0.000003
TAP_TAPCELL_ROW_2_67,VGND,li1,23.2300,16.6110,0.000000
TAP_TAPCELL_ROW_1_66,VGND,li1,87.6300,16.0280,0.000000
TAP_TAPCELL_ROW_1_65,VGND,li1,61.8700,16.0280,0.000002
TAP_TAPCELL_ROW_1_64,VGND,li1,36.1100,16.0280,0.000001
TAP_TAPCELL_ROW_0_63,VGND,li1,87.6300,11.1710,0.000001
TAP_TAPCELL_ROW_0_62,VGND,li1,74.7500,11.1710,0.000002
TAP_TAPCELL_ROW_0_61,VGND,li1,61.8700,11.1710,0.000003
TAP_TAPCELL_ROW_0_60,VGND,li1,48.9900,11.1710,0.000004
TAP_TAPCELL_ROW_0_59,VGND,li1,36.1100,11.1710,0.000002
TAP_TAPCELL_ROW_0_58,VGND,li1,23.2300,11.1710,0.000001
PHY_EDGE_ROW_28_Left_57,VGND,li1,10.8100,87.0400,0.000001
PHY_EDGE_ROW_27_Left_56,VGND,li1,10.8100,87.0400,0.000001
PHY_EDGE_ROW_26_Left_55,VGND,li1,10.8100,81.6000,0.000000
PHY_EDGE_ROW_25_Left_54,VGND,li1,10.8100,81.6000,0.000000
PHY_EDGE_ROW_24_Left_53,VGND,li1,10.8100,76.1600,0.000000
PHY_EDGE_ROW_23_Left_52,VGND,li1,10.8100,76.1600,0.000000
PHY_EDGE_ROW_22_Left_51,VGND,li1,10.8100,70.7200,0.000001
PHY_EDGE_ROW_21_Left_50,VGND,li1,10.8100,70.7200,0.000001
PHY_EDGE_ROW_20_Left_49,VGND,li1,10.8100,65.2800,0.000007
PHY_EDGE_ROW_19_Left_48,VGND,li1,10.8100,65.2800,0.000007
PHY_EDGE_ROW_18_Left_47,VGND,li1,10.8100,59.8400,0.000009
PHY_EDGE_ROW_17_Left_46,VGND,li1,10.8100,59.8400,0.000009
PHY_EDGE_ROW_16_Left_45,VGND,li1,10.8100,54.4000,0.000004
PHY_EDGE_ROW_15_Left_44,VGND,li1,10.8100,54.4000,0.000004
PHY_EDGE_ROW_14_Left_43,VGND,li1,10.8100,48.9600,0.000001
PHY_EDGE_ROW_13_Left_42,VGND,li1,10.8100,48.9600,0.000001
PHY_EDGE_ROW_12_Left_41,VGND,li1,10.8100,43.5200,0.000003
PHY_EDGE_ROW_11_Left_40,VGND,li1,10.8100,43.5200,0.000003
PHY_EDGE_ROW_10_Left_39,VGND,li1,10.8100,38.0800,0.000001
PHY_EDGE_ROW_9_Left_38,VGND,li1,10.8100,38.0800,0.000001
PHY_EDGE_ROW_8_Left_37,VGND,li1,10.8100,32.6400,0.000001
PHY_EDGE_ROW_7_Left_36,VGND,li1,10.8100,32.6400,0.000001
PHY_EDGE_ROW_6_Left_35,VGND,li1,10.8100,27.2000,0.000000
PHY_EDGE_ROW_5_Left_34,VGND,li1,10.8100,27.2000,0.000000
PHY_EDGE_ROW_4_Left_33,VGND,li1,10.8100,21.7600,0.000000
PHY_EDGE_ROW_3_Left_32,VGND,li1,10.8100,21.7600,0.000000
PHY_EDGE_ROW_2_Left_31,VGND,li1,10.8100,16.3200,0.000000
PHY_EDGE_ROW_1_Left_30,VGND,li1,10.8100,16.3200,0.000000
PHY_EDGE_ROW_0_Left_29,VGND,li1,10.8100,10.8800,0.000001
PHY_EDGE_ROW_28_Right_28,VGND,li1,89.0100,87.0400,0.000002
PHY_EDGE_ROW_27_Right_27,VGND,li1,89.0100,87.0400,0.000002
PHY_EDGE_ROW_26_Right_26,VGND,li1,89.0100,81.6000,0.000000
PHY_EDGE_ROW_25_Right_25,VGND,li1,89.0100,81.6000,0.000000
PHY_EDGE_ROW_24_Right_24,VGND,li1,89.0100,76.1600,0.000000
PHY_EDGE_ROW_23_Right_23,VGND,li1,89.0100,76.1600,0.000000
PHY_EDGE_ROW_22_Right_22,VGND,li1,89.0100,70.7200,0.000001
PHY_EDGE_ROW_21_Right_21,VGND,li1,89.0100,70.7200,0.000001
PHY_EDGE_ROW_20_Right_20,VGND,li1,89.0100,65.2800,0.000002
PHY_EDGE_ROW_19_Right_19,VGND,li1,89.0100,65.2800,0.000002
PHY_EDGE_ROW_18_Right_18,VGND,li1,89.0100,59.8400,0.000002
PHY_EDGE_ROW_17_Right_17,VGND,li1,89.0100,59.8400,0.000002
PHY_EDGE_ROW_16_Right_16,VGND,li1,89.0100,54.4000,0.000003
PHY_EDGE_ROW_15_Right_15,VGND,li1,89.0100,54.4000,0.000003
PHY_EDGE_ROW_14_Right_14,VGND,li1,89.0100,48.9600,0.000007
PHY_EDGE_ROW_13_Right_13,VGND,li1,89.0100,48.9600,0.000007
PHY_EDGE_ROW_12_Right_12,VGND,li1,89.0100,43.5200,0.000007
PHY_EDGE_ROW_11_Right_11,VGND,li1,89.0100,43.5200,0.000007
PHY_EDGE_ROW_10_Right_10,VGND,li1,89.0100,38.0800,0.000002
PHY_EDGE_ROW_9_Right_9,VGND,li1,89.0100,38.0800,0.000002
PHY_EDGE_ROW_8_Right_8,VGND,li1,89.0100,32.6400,0.000001
PHY_EDGE_ROW_7_Right_7,VGND,li1,89.0100,32.6400,0.000001
PHY_EDGE_ROW_6_Right_6,VGND,li1,89.0100,27.2000,0.000000
PHY_EDGE_ROW_5_Right_5,VGND,li1,89.0100,27.2000,0.000000
PHY_EDGE_ROW_4_Right_4,VGND,li1,89.0100,21.7600,0.000000
PHY_EDGE_ROW_3_Right_3,VGND,li1,89.0100,21.7600,0.000000
PHY_EDGE_ROW_2_Right_2,VGND,li1,89.0100,16.3200,0.000000
PHY_EDGE_ROW_1_Right_1,VGND,li1,89.0100,16.3200,0.000000
PHY_EDGE_ROW_0_Right_0,VGND,li1,89.0100,10.8800,0.000001
_233_,VGND,li1,36.8000,59.8400,0.000004
_232_,VGND,li1,36.8000,54.4000,0.000003
_231_,VGND,li1,34.0400,54.4000,0.000003
_230_,VGND,li1,38.1800,54.4000,0.000003
_229_,VGND,li1,34.9600,48.9600,0.000002
_228_,VGND,li1,34.2700,65.2800,0.000003
_227_,VGND,li1,33.3500,59.8400,0.000004
_226_,VGND,li1,46.0000,59.8400,0.000003
_225_,VGND,li1,30.5900,54.4000,0.000003
_224_,VGND,li1,46.4600,65.2800,0.000003
_223_,VGND,li1,44.8500,54.4000,0.000004
_222_,VGND,li1,44.6200,48.9600,0.000003
_221_,VGND,li1,42.0900,54.4000,0.000003
_220_,VGND,li1,48.3000,54.4000,0.000004
_219_,VGND,li1,45.5400,54.4000,0.000004
_218_,VGND,li1,49.9100,54.4000,0.000004
_217_,VGND,li1,43.4700,70.7200,0.000002
_216_,VGND,li1,54.9700,70.7200,0.000004
_215_,VGND,li1,54.2800,65.2800,0.000003
_214_,VGND,li1,49.4500,70.7200,0.000004
_213_,VGND,li1,43.7000,65.2800,0.000003
_212_,VGND,li1,43.9300,65.2800,0.000003
_211_,VGND,li1,46.2300,65.2800,0.000003
_210_,VGND,li1,43.0100,59.8400,0.000003
_209_,VGND,li1,50.1400,59.8400,0.000004
_208_,VGND,li1,57.7300,59.8400,0.000004
_207_,VGND,li1,53.3600,54.4000,0.000003
_206_,VGND,li1,52.6700,48.9600,0.000004
_205_,VGND,li1,53.1300,48.9600,0.000004
_204_,VGND,li1,54.5100,59.8400,0.000004
_203_,VGND,li1,54.2800,54.4000,0.000003
_202_,VGND,li1,53.5900,70.7200,0.000004
_201_,VGND,li1,57.9600,70.7200,0.000004
_200_,VGND,li1,55.8900,65.2800,0.000003
_199_,VGND,li1,52.6700,65.2800,0.000003
_198_,VGND,li1,51.2900,70.7200,0.000004
_197_,VGND,li1,51.7500,59.8400,0.000004
_196_,VGND,li1,70.6100,59.8400,0.000003
_195_,VGND,li1,61.4100,59.8400,0.000004
_194_,VGND,li1,63.9400,59.8400,0.000003
_193_,VGND,li1,57.9600,54.4000,0.000003
_192_,VGND,li1,54.9700,48.9600,0.000004
_191_,VGND,li1,67.3900,59.8400,0.000003
_190_,VGND,li1,63.4800,54.4000,0.000002
_189_,VGND,li1,63.7100,70.7200,0.000003
_188_,VGND,li1,72.4500,48.9600,0.000007
_187_,VGND,li1,76.8200,48.9600,0.000007
_186_,VGND,li1,66.4700,70.7200,0.000003
_185_,VGND,li1,66.0100,65.2800,0.000002
_184_,VGND,li1,68.0800,65.2800,0.000002
_183_,VGND,li1,66.4700,65.2800,0.000002
_182_,VGND,li1,68.3100,65.2800,0.000002
_181_,VGND,li1,69.0000,54.4000,0.000003
_180_,VGND,li1,64.6300,48.9600,0.000005
_179_,VGND,li1,58.6500,48.9600,0.000004
_178_,VGND,li1,56.3500,48.9600,0.000004
_177_,VGND,li1,62.5600,48.9600,0.000004
_176_,VGND,li1,66.0100,48.9600,0.000005
_175_,VGND,li1,68.5400,48.9600,0.000006
_174_,VGND,li1,75.6700,48.9600,0.000007
_173_,VGND,li1,76.3600,43.5200,0.000005
_172_,VGND,li1,73.8300,48.9600,0.000007
_171_,VGND,li1,76.3600,54.4000,0.000003
_170_,VGND,li1,74.0600,54.4000,0.000003
_169_,VGND,li1,73.6000,54.4000,0.000003
_168_,VGND,li1,71.5300,54.4000,0.000003
_167_,VGND,li1,66.0100,38.0800,0.000003
_166_,VGND,li1,67.6200,43.5200,0.000004
_165_,VGND,li1,73.8300,43.5200,0.000005
_164_,VGND,li1,75.6700,38.0800,0.000003
_163_,VGND,li1,72.9100,38.0800,0.000003
_162_,VGND,li1,74.9800,38.0800,0.000003
_161_,VGND,li1,70.1500,38.0800,0.000003
_160_,VGND,li1,71.7600,32.6400,0.000002
_159_,VGND,li1,69.4600,32.6400,0.000002
_158_,VGND,li1,66.4700,32.6400,0.000002
_157_,VGND,li1,58.1900,32.6400,0.000004
_156_,VGND,li1,60.7200,32.6400,0.000003
_155_,VGND,li1,63.9400,43.5200,0.000003
_154_,VGND,li1,58.1900,43.5200,0.000004
_153_,VGND,li1,64.6300,38.0800,0.000003
_152_,VGND,li1,67.8500,38.0800,0.000003
_151_,VGND,li1,62.1000,38.0800,0.000002
_150_,VGND,li1,51.9800,38.0800,0.000003
_149_,VGND,li1,56.1200,43.5200,0.000004
_148_,VGND,li1,53.1300,43.5200,0.000004
_147_,VGND,li1,52.2100,43.5200,0.000004
_146_,VGND,li1,37.2600,43.5200,0.000005
_145_,VGND,li1,38.1800,43.5200,0.000005
_144_,VGND,li1,50.8300,43.5200,0.000004
_143_,VGND,li1,54.9700,38.0800,0.000003
_142_,VGND,li1,57.5000,38.0800,0.000003
_141_,VGND,li1,38.1800,32.6400,0.000003
_140_,VGND,li1,37.4900,38.0800,0.000002
_139_,VGND,li1,44.3900,48.9600,0.000003
_138_,VGND,li1,50.8300,32.6400,0.000004
_137_,VGND,li1,53.1300,32.6400,0.000004
_136_,VGND,li1,57.5000,27.2000,0.000000
_135_,VGND,li1,55.2000,32.6400,0.000004
_134_,VGND,li1,58.1900,32.6400,0.000004
_133_,VGND,li1,61.1800,32.6400,0.000003
_132_,VGND,li1,46.4600,48.9600,0.000003
_131_,VGND,li1,43.0100,43.5200,0.000004
_130_,VGND,li1,34.9600,43.5200,0.000004
_129_,VGND,li1,39.7900,43.5200,0.000004
_128_,VGND,li1,48.0700,32.6400,0.000004
_127_,VGND,li1,46.0000,32.6400,0.000004
_126_,VGND,li1,45.3100,38.0800,0.000002
_125_,VGND,li1,38.1800,38.0800,0.000002
_124_,VGND,li1,39.7900,38.0800,0.000002
_123_,VGND,li1,46.6900,43.5200,0.000004
_122_,VGND,li1,46.0000,43.5200,0.000004
_121_,VGND,li1,40.9400,43.5200,0.000004
_120_,VGND,li1,42.0900,32.6400,0.000003
_119_,VGND,li1,39.7900,32.6400,0.000003
_118_,VGND,li1,43.2400,38.0800,0.000002
_117_,VGND,li1,50.3700,32.6400,0.000004
_116_,VGND,li1,35.1900,38.0800,0.000002
_115_,VGND,li1,42.5500,32.6400,0.000003
_114_,VGND,li1,44.1600,43.5200,0.000004
_113_,VGND,li1,35.1900,43.5200,0.000004
