
===========================================================================
report_checks -unconstrained
===========================================================================
======================= Fastest Corner ===================================

Startpoint: opcode[0] (input port clocked by __VIRTUAL_CLK__)
Endpoint: out[7] (output port clocked by __VIRTUAL_CLK__)
Path Group: __VIRTUAL_CLK__
Path Type: max
Corner: Fastest

Fanout     Cap    Slew   Delay    Time   Description
-----------------------------------------------------------------------------
                  0.00    0.00    0.00   clock __VIRTUAL_CLK__ (rise edge)
                          0.00    0.00   clock network delay (ideal)
                          2.00    2.00 ^ input external delay
     1    0.00    0.01    0.01    2.01 ^ opcode[0] (in)
                                         opcode[0] (net)
                  0.01    0.00    2.01 ^ input17/A (sky130_fd_sc_hd__dlymetal6s2s_1)
     6    0.02    0.17    0.16    2.16 ^ input17/X (sky130_fd_sc_hd__dlymetal6s2s_1)
                                         net17 (net)
                  0.17    0.00    2.16 ^ _131_/C_N (sky130_fd_sc_hd__or3b_1)
     1    0.00    0.04    0.21    2.37 v _131_/X (sky130_fd_sc_hd__or3b_1)
                                         _062_ (net)
                  0.04    0.00    2.37 v _132_/A (sky130_fd_sc_hd__buf_2)
    10    0.04    0.06    0.13    2.50 v _132_/X (sky130_fd_sc_hd__buf_2)
                                         _063_ (net)
                  0.06    0.00    2.50 v _134_/C (sky130_fd_sc_hd__and3_1)
     3    0.01    0.05    0.15    2.65 v _134_/X (sky130_fd_sc_hd__and3_1)
                                         _065_ (net)
                  0.05    0.00    2.65 v _136_/C (sky130_fd_sc_hd__nor3_1)
     2    0.01    0.20    0.18    2.83 ^ _136_/Y (sky130_fd_sc_hd__nor3_1)
                                         _067_ (net)
                  0.20    0.00    2.83 ^ _157_/A2 (sky130_fd_sc_hd__o21ai_2)
     3    0.01    0.07    0.06    2.89 v _157_/Y (sky130_fd_sc_hd__o21ai_2)
                                         _087_ (net)
                  0.07    0.00    2.89 v _188_/A1 (sky130_fd_sc_hd__a31o_1)
     3    0.01    0.06    0.17    3.06 v _188_/X (sky130_fd_sc_hd__a31o_1)
                                         _003_ (net)
                  0.06    0.00    3.06 v _216_/A2 (sky130_fd_sc_hd__a31o_1)
     2    0.01    0.05    0.17    3.23 v _216_/X (sky130_fd_sc_hd__a31o_1)
                                         _029_ (net)
                  0.05    0.00    3.23 v _224_/A2 (sky130_fd_sc_hd__a21o_1)
     1    0.01    0.03    0.13    3.36 v _224_/X (sky130_fd_sc_hd__a21o_1)
                                         _036_ (net)
                  0.03    0.00    3.36 v _228_/A (sky130_fd_sc_hd__xnor2_1)
     1    0.00    0.03    0.08    3.44 v _228_/Y (sky130_fd_sc_hd__xnor2_1)
                                         _040_ (net)
                  0.03    0.00    3.44 v _233_/A2 (sky130_fd_sc_hd__o21ai_1)
     1    0.01    0.10    0.10    3.54 ^ _233_/Y (sky130_fd_sc_hd__o21ai_1)
                                         net27 (net)
                  0.10    0.00    3.54 ^ output27/A (sky130_fd_sc_hd__buf_2)
     1    0.03    0.13    0.16    3.71 ^ output27/X (sky130_fd_sc_hd__buf_2)
                                         out[7] (net)
                  0.13    0.00    3.71 ^ out[7] (out)
                                  3.71   data arrival time

                  0.00   10.00   10.00   clock __VIRTUAL_CLK__ (rise edge)
                          0.00   10.00   clock network delay (ideal)
                         -0.25    9.75   clock uncertainty
                          0.00    9.75   clock reconvergence pessimism
                         -2.00    7.75   output external delay
                                  7.75   data required time
-----------------------------------------------------------------------------
                                  7.75   data required time
                                 -3.71   data arrival time
-----------------------------------------------------------------------------
                                  4.04   slack (MET)



======================= Slowest Corner ===================================

Startpoint: opcode[0] (input port clocked by __VIRTUAL_CLK__)
Endpoint: out[7] (output port clocked by __VIRTUAL_CLK__)
Path Group: __VIRTUAL_CLK__
Path Type: max
Corner: Slowest

Fanout     Cap    Slew   Delay    Time   Description
-----------------------------------------------------------------------------
                  0.00    0.00    0.00   clock __VIRTUAL_CLK__ (rise edge)
                          0.00    0.00   clock network delay (ideal)
                          2.00    2.00 ^ input external delay
     1    0.00    0.03    0.01    2.01 ^ opcode[0] (in)
                                         opcode[0] (net)
                  0.03    0.00    2.01 ^ input17/A (sky130_fd_sc_hd__dlymetal6s2s_1)
     6    0.02    0.33    0.35    2.36 ^ input17/X (sky130_fd_sc_hd__dlymetal6s2s_1)
                                         net17 (net)
                  0.33    0.00    2.36 ^ _131_/C_N (sky130_fd_sc_hd__or3b_1)
     1    0.00    0.13    0.90    3.26 v _131_/X (sky130_fd_sc_hd__or3b_1)
                                         _062_ (net)
                  0.13    0.00    3.26 v _132_/A (sky130_fd_sc_hd__buf_2)
    10    0.04    0.17    0.39    3.66 v _132_/X (sky130_fd_sc_hd__buf_2)
                                         _063_ (net)
                  0.17    0.00    3.66 v _134_/C (sky130_fd_sc_hd__and3_1)
     3    0.01    0.12    0.49    4.15 v _134_/X (sky130_fd_sc_hd__and3_1)
                                         _065_ (net)
                  0.12    0.00    4.15 v _136_/C (sky130_fd_sc_hd__nor3_1)
     2    0.01    0.50    0.46    4.61 ^ _136_/Y (sky130_fd_sc_hd__nor3_1)
                                         _067_ (net)
                  0.50    0.00    4.61 ^ _157_/A2 (sky130_fd_sc_hd__o21ai_2)
     3    0.01    0.17    0.32    4.92 v _157_/Y (sky130_fd_sc_hd__o21ai_2)
                                         _087_ (net)
                  0.17    0.00    4.92 v _188_/A1 (sky130_fd_sc_hd__a31o_1)
     3    0.02    0.16    0.48    5.41 v _188_/X (sky130_fd_sc_hd__a31o_1)
                                         _003_ (net)
                  0.16    0.00    5.41 v _216_/A2 (sky130_fd_sc_hd__a31o_1)
     2    0.01    0.12    0.48    5.89 v _216_/X (sky130_fd_sc_hd__a31o_1)
                                         _029_ (net)
                  0.12    0.00    5.89 v _224_/A2 (sky130_fd_sc_hd__a21o_1)
     1    0.01    0.09    0.38    6.27 v _224_/X (sky130_fd_sc_hd__a21o_1)
                                         _036_ (net)
                  0.09    0.00    6.28 v _228_/A (sky130_fd_sc_hd__xnor2_1)
     1    0.00    0.09    0.23    6.50 v _228_/Y (sky130_fd_sc_hd__xnor2_1)
                                         _040_ (net)
                  0.09    0.00    6.50 v _233_/A2 (sky130_fd_sc_hd__o21ai_1)
     1    0.00    0.22    0.26    6.76 ^ _233_/Y (sky130_fd_sc_hd__o21ai_1)
                                         net27 (net)
                  0.22    0.00    6.76 ^ output27/A (sky130_fd_sc_hd__buf_2)
     1    0.03    0.27    0.44    7.20 ^ output27/X (sky130_fd_sc_hd__buf_2)
                                         out[7] (net)
                  0.27    0.00    7.20 ^ out[7] (out)
                                  7.20   data arrival time

                  0.00   10.00   10.00   clock __VIRTUAL_CLK__ (rise edge)
                          0.00   10.00   clock network delay (ideal)
                         -0.25    9.75   clock uncertainty
                          0.00    9.75   clock reconvergence pessimism
                         -2.00    7.75   output external delay
                                  7.75   data required time
-----------------------------------------------------------------------------
                                  7.75   data required time
                                 -7.20   data arrival time
-----------------------------------------------------------------------------
                                  0.55   slack (MET)



======================= Typical Corner ===================================

Startpoint: opcode[0] (input port clocked by __VIRTUAL_CLK__)
Endpoint: out[7] (output port clocked by __VIRTUAL_CLK__)
Path Group: __VIRTUAL_CLK__
Path Type: max
Corner: Typical

Fanout     Cap    Slew   Delay    Time   Description
-----------------------------------------------------------------------------
                  0.00    0.00    0.00   clock __VIRTUAL_CLK__ (rise edge)
                          0.00    0.00   clock network delay (ideal)
                          2.00    2.00 ^ input external delay
     1    0.00    0.02    0.01    2.01 ^ opcode[0] (in)
                                         opcode[0] (net)
                  0.02    0.00    2.01 ^ input17/A (sky130_fd_sc_hd__dlymetal6s2s_1)
     6    0.02    0.22    0.21    2.22 ^ input17/X (sky130_fd_sc_hd__dlymetal6s2s_1)
                                         net17 (net)
                  0.22    0.00    2.22 ^ _131_/C_N (sky130_fd_sc_hd__or3b_1)
     1    0.00    0.06    0.38    2.60 v _131_/X (sky130_fd_sc_hd__or3b_1)
                                         _062_ (net)
                  0.06    0.00    2.60 v _132_/A (sky130_fd_sc_hd__buf_2)
    10    0.03    0.09    0.20    2.80 v _132_/X (sky130_fd_sc_hd__buf_2)
                                         _063_ (net)
                  0.09    0.00    2.80 v _134_/C (sky130_fd_sc_hd__and3_1)
     3    0.01    0.06    0.24    3.04 v _134_/X (sky130_fd_sc_hd__and3_1)
                                         _065_ (net)
                  0.06    0.00    3.04 v _136_/C (sky130_fd_sc_hd__nor3_1)
     2    0.01    0.29    0.26    3.30 ^ _136_/Y (sky130_fd_sc_hd__nor3_1)
                                         _067_ (net)
                  0.29    0.00    3.30 ^ _157_/A2 (sky130_fd_sc_hd__o21ai_2)
     3    0.01    0.09    0.13    3.43 v _157_/Y (sky130_fd_sc_hd__o21ai_2)
                                         _087_ (net)
                  0.09    0.00    3.43 v _188_/A1 (sky130_fd_sc_hd__a31o_1)
     3    0.02    0.09    0.25    3.69 v _188_/X (sky130_fd_sc_hd__a31o_1)
                                         _003_ (net)
                  0.09    0.00    3.69 v _216_/A2 (sky130_fd_sc_hd__a31o_1)
     2    0.01    0.06    0.26    3.95 v _216_/X (sky130_fd_sc_hd__a31o_1)
                                         _029_ (net)
                  0.06    0.00    3.95 v _224_/A2 (sky130_fd_sc_hd__a21o_1)
     1    0.01    0.05    0.20    4.15 v _224_/X (sky130_fd_sc_hd__a21o_1)
                                         _036_ (net)
                  0.05    0.00    4.15 v _228_/A (sky130_fd_sc_hd__xnor2_1)
     1    0.00    0.04    0.13    4.28 v _228_/Y (sky130_fd_sc_hd__xnor2_1)
                                         _040_ (net)
                  0.04    0.00    4.28 v _233_/A2 (sky130_fd_sc_hd__o21ai_1)
     1    0.00    0.13    0.15    4.42 ^ _233_/Y (sky130_fd_sc_hd__o21ai_1)
                                         net27 (net)
                  0.13    0.00    4.42 ^ output27/A (sky130_fd_sc_hd__buf_2)
     1    0.03    0.17    0.24    4.67 ^ output27/X (sky130_fd_sc_hd__buf_2)
                                         out[7] (net)
                  0.17    0.00    4.67 ^ out[7] (out)
                                  4.67   data arrival time

                  0.00   10.00   10.00   clock __VIRTUAL_CLK__ (rise edge)
                          0.00   10.00   clock network delay (ideal)
                         -0.25    9.75   clock uncertainty
                          0.00    9.75   clock reconvergence pessimism
                         -2.00    7.75   output external delay
                                  7.75   data required time
-----------------------------------------------------------------------------
                                  7.75   data required time
                                 -4.67   data arrival time
-----------------------------------------------------------------------------
                                  3.08   slack (MET)




===========================================================================
report_checks --slack_max -0.01
============================================================================
======================= Fastest Corner ===================================

No paths found.

======================= Slowest Corner ===================================

No paths found.

======================= Typical Corner ===================================

No paths found.


===========================================================================
 report_check_types -max_slew -max_cap -max_fanout -violators
============================================================================
======================= Fastest Corner ===================================


max slew violations count Fastest: 0
max fanout violations count Fastest: 0
max cap violations count Fastest: 0
======================= Slowest Corner ===================================


max slew violations count Slowest: 0
max fanout violations count Slowest: 0
max cap violations count Slowest: 0
======================= Typical Corner ===================================


max slew violations count Typical: 0
max fanout violations count Typical: 0
max cap violations count Typical: 0

===========================================================================
report_parasitic_annotation -report_unannotated
============================================================================
Found 0 unannotated drivers.
Found 0 partially unannotated drivers.

===========================================================================
max slew violation count 0
max fanout violation count 0
max cap violation count 0
============================================================================

===========================================================================
check_setup -verbose -unconstrained_endpoints -multiple_clock -no_clock -no_input_delay -loops -generated_clocks
===========================================================================
