
===========================================================================
report_checks -path_delay max (Setup)
============================================================================
======================= Fastest Corner ===================================

Startpoint: opcode[0] (input port clocked by __VIRTUAL_CLK__)
Endpoint: out[7] (output port clocked by __VIRTUAL_CLK__)
Path Group: __VIRTUAL_CLK__
Path Type: max
Corner: Fastest

Fanout     Cap    Slew   Delay    Time   Description
-----------------------------------------------------------------------------
                  0.00    0.00    0.00   clock __VIRTUAL_CLK__ (rise edge)
                          0.00    0.00   clock network delay (ideal)
                          2.00    2.00 ^ input external delay
     1    0.00    0.01    0.01    2.01 ^ opcode[0] (in)
                                         opcode[0] (net)
                  0.01    0.00    2.01 ^ input17/A (sky130_fd_sc_hd__dlymetal6s2s_1)
     6    0.02    0.17    0.16    2.16 ^ input17/X (sky130_fd_sc_hd__dlymetal6s2s_1)
                                         net17 (net)
                  0.17    0.00    2.16 ^ _131_/C_N (sky130_fd_sc_hd__or3b_1)
     1    0.00    0.04    0.21    2.37 v _131_/X (sky130_fd_sc_hd__or3b_1)
                                         _062_ (net)
                  0.04    0.00    2.37 v _132_/A (sky130_fd_sc_hd__buf_2)
    10    0.04    0.06    0.13    2.50 v _132_/X (sky130_fd_sc_hd__buf_2)
                                         _063_ (net)
                  0.06    0.00    2.50 v _134_/C (sky130_fd_sc_hd__and3_1)
     3    0.01    0.05    0.15    2.65 v _134_/X (sky130_fd_sc_hd__and3_1)
                                         _065_ (net)
                  0.05    0.00    2.65 v _136_/C (sky130_fd_sc_hd__nor3_1)
     2    0.01    0.20    0.18    2.83 ^ _136_/Y (sky130_fd_sc_hd__nor3_1)
                                         _067_ (net)
                  0.20    0.00    2.83 ^ _157_/A2 (sky130_fd_sc_hd__o21ai_2)
     3    0.01    0.07    0.06    2.89 v _157_/Y (sky130_fd_sc_hd__o21ai_2)
                                         _087_ (net)
                  0.07    0.00    2.89 v _188_/A1 (sky130_fd_sc_hd__a31o_1)
     3    0.01    0.06    0.17    3.06 v _188_/X (sky130_fd_sc_hd__a31o_1)
                                         _003_ (net)
                  0.06    0.00    3.06 v _216_/A2 (sky130_fd_sc_hd__a31o_1)
     2    0.01    0.05    0.17    3.23 v _216_/X (sky130_fd_sc_hd__a31o_1)
                                         _029_ (net)
                  0.05    0.00    3.23 v _224_/A2 (sky130_fd_sc_hd__a21o_1)
     1    0.01    0.03    0.13    3.36 v _224_/X (sky130_fd_sc_hd__a21o_1)
                                         _036_ (net)
                  0.03    0.00    3.36 v _228_/A (sky130_fd_sc_hd__xnor2_1)
     1    0.00    0.03    0.08    3.44 v _228_/Y (sky130_fd_sc_hd__xnor2_1)
                                         _040_ (net)
                  0.03    0.00    3.44 v _233_/A2 (sky130_fd_sc_hd__o21ai_1)
     1    0.01    0.10    0.10    3.54 ^ _233_/Y (sky130_fd_sc_hd__o21ai_1)
                                         net27 (net)
                  0.10    0.00    3.54 ^ output27/A (sky130_fd_sc_hd__buf_2)
     1    0.03    0.13    0.16    3.71 ^ output27/X (sky130_fd_sc_hd__buf_2)
                                         out[7] (net)
                  0.13    0.00    3.71 ^ out[7] (out)
                                  3.71   data arrival time

                  0.00   10.00   10.00   clock __VIRTUAL_CLK__ (rise edge)
                          0.00   10.00   clock network delay (ideal)
                         -0.25    9.75   clock uncertainty
                          0.00    9.75   clock reconvergence pessimism
                         -2.00    7.75   output external delay
                                  7.75   data required time
-----------------------------------------------------------------------------
                                  7.75   data required time
                                 -3.71   data arrival time
-----------------------------------------------------------------------------
                                  4.04   slack (MET)


Startpoint: opcode[0] (input port clocked by __VIRTUAL_CLK__)
Endpoint: out[5] (output port clocked by __VIRTUAL_CLK__)
Path Group: __VIRTUAL_CLK__
Path Type: max
Corner: Fastest

Fanout     Cap    Slew   Delay    Time   Description
-----------------------------------------------------------------------------
                  0.00    0.00    0.00   clock __VIRTUAL_CLK__ (rise edge)
                          0.00    0.00   clock network delay (ideal)
                          2.00    2.00 ^ input external delay
     1    0.00    0.01    0.01    2.01 ^ opcode[0] (in)
                                         opcode[0] (net)
                  0.01    0.00    2.01 ^ input17/A (sky130_fd_sc_hd__dlymetal6s2s_1)
     6    0.02    0.17    0.16    2.16 ^ input17/X (sky130_fd_sc_hd__dlymetal6s2s_1)
                                         net17 (net)
                  0.17    0.00    2.16 ^ _131_/C_N (sky130_fd_sc_hd__or3b_1)
     1    0.00    0.04    0.21    2.37 v _131_/X (sky130_fd_sc_hd__or3b_1)
                                         _062_ (net)
                  0.04    0.00    2.37 v _132_/A (sky130_fd_sc_hd__buf_2)
    10    0.04    0.06    0.13    2.50 v _132_/X (sky130_fd_sc_hd__buf_2)
                                         _063_ (net)
                  0.06    0.00    2.50 v _134_/C (sky130_fd_sc_hd__and3_1)
     3    0.01    0.05    0.15    2.65 v _134_/X (sky130_fd_sc_hd__and3_1)
                                         _065_ (net)
                  0.05    0.00    2.65 v _136_/C (sky130_fd_sc_hd__nor3_1)
     2    0.01    0.20    0.18    2.83 ^ _136_/Y (sky130_fd_sc_hd__nor3_1)
                                         _067_ (net)
                  0.20    0.00    2.83 ^ _157_/A2 (sky130_fd_sc_hd__o21ai_2)
     3    0.01    0.07    0.06    2.89 v _157_/Y (sky130_fd_sc_hd__o21ai_2)
                                         _087_ (net)
                  0.07    0.00    2.89 v _188_/A1 (sky130_fd_sc_hd__a31o_1)
     3    0.01    0.06    0.17    3.06 v _188_/X (sky130_fd_sc_hd__a31o_1)
                                         _003_ (net)
                  0.06    0.00    3.06 v _201_/A2 (sky130_fd_sc_hd__a21boi_1)
     1    0.01    0.11    0.14    3.20 ^ _201_/Y (sky130_fd_sc_hd__a21boi_1)
                                         _015_ (net)
                  0.11    0.00    3.20 ^ _202_/B (sky130_fd_sc_hd__xnor2_1)
     1    0.00    0.04    0.05    3.25 v _202_/Y (sky130_fd_sc_hd__xnor2_1)
                                         _016_ (net)
                  0.04    0.00    3.25 v _208_/A2 (sky130_fd_sc_hd__a211o_1)
     1    0.01    0.05    0.21    3.46 v _208_/X (sky130_fd_sc_hd__a211o_1)
                                         net25 (net)
                  0.05    0.00    3.46 v output25/A (sky130_fd_sc_hd__buf_2)
     1    0.03    0.06    0.13    3.59 v output25/X (sky130_fd_sc_hd__buf_2)
                                         out[5] (net)
                  0.06    0.00    3.59 v out[5] (out)
                                  3.59   data arrival time

                  0.00   10.00   10.00   clock __VIRTUAL_CLK__ (rise edge)
                          0.00   10.00   clock network delay (ideal)
                         -0.25    9.75   clock uncertainty
                          0.00    9.75   clock reconvergence pessimism
                         -2.00    7.75   output external delay
                                  7.75   data required time
-----------------------------------------------------------------------------
                                  7.75   data required time
                                 -3.59   data arrival time
-----------------------------------------------------------------------------
                                  4.16   slack (MET)


Startpoint: opcode[0] (input port clocked by __VIRTUAL_CLK__)
Endpoint: out[6] (output port clocked by __VIRTUAL_CLK__)
Path Group: __VIRTUAL_CLK__
Path Type: max
Corner: Fastest

Fanout     Cap    Slew   Delay    Time   Description
-----------------------------------------------------------------------------
                  0.00    0.00    0.00   clock __VIRTUAL_CLK__ (rise edge)
                          0.00    0.00   clock network delay (ideal)
                          2.00    2.00 ^ input external delay
     1    0.00    0.01    0.01    2.01 ^ opcode[0] (in)
                                         opcode[0] (net)
                  0.01    0.00    2.01 ^ input17/A (sky130_fd_sc_hd__dlymetal6s2s_1)
     6    0.02    0.17    0.16    2.16 ^ input17/X (sky130_fd_sc_hd__dlymetal6s2s_1)
                                         net17 (net)
                  0.17    0.00    2.16 ^ _131_/C_N (sky130_fd_sc_hd__or3b_1)
     1    0.00    0.04    0.21    2.37 v _131_/X (sky130_fd_sc_hd__or3b_1)
                                         _062_ (net)
                  0.04    0.00    2.37 v _132_/A (sky130_fd_sc_hd__buf_2)
    10    0.04    0.06    0.13    2.50 v _132_/X (sky130_fd_sc_hd__buf_2)
                                         _063_ (net)
                  0.06    0.00    2.50 v _134_/C (sky130_fd_sc_hd__and3_1)
     3    0.01    0.05    0.15    2.65 v _134_/X (sky130_fd_sc_hd__and3_1)
                                         _065_ (net)
                  0.05    0.00    2.65 v _136_/C (sky130_fd_sc_hd__nor3_1)
     2    0.01    0.20    0.18    2.83 ^ _136_/Y (sky130_fd_sc_hd__nor3_1)
                                         _067_ (net)
                  0.20    0.00    2.83 ^ _157_/A2 (sky130_fd_sc_hd__o21ai_2)
     3    0.01    0.07    0.06    2.89 v _157_/Y (sky130_fd_sc_hd__o21ai_2)
                                         _087_ (net)
                  0.07    0.00    2.89 v _188_/A1 (sky130_fd_sc_hd__a31o_1)
     3    0.01    0.06    0.17    3.06 v _188_/X (sky130_fd_sc_hd__a31o_1)
                                         _003_ (net)
                  0.06    0.00    3.06 v _216_/A2 (sky130_fd_sc_hd__a31o_1)
     2    0.01    0.05    0.17    3.23 v _216_/X (sky130_fd_sc_hd__a31o_1)
                                         _029_ (net)
                  0.05    0.00    3.23 v _217_/B (sky130_fd_sc_hd__xnor2_1)
     1    0.00    0.11    0.11    3.34 ^ _217_/Y (sky130_fd_sc_hd__xnor2_1)
                                         _030_ (net)
                  0.11    0.00    3.35 ^ _223_/A2 (sky130_fd_sc_hd__o22a_1)
     1    0.01    0.05    0.10    3.44 ^ _223_/X (sky130_fd_sc_hd__o22a_1)
                                         net26 (net)
                  0.05    0.00    3.44 ^ output26/A (sky130_fd_sc_hd__buf_2)
     1    0.03    0.13    0.15    3.59 ^ output26/X (sky130_fd_sc_hd__buf_2)
                                         out[6] (net)
                  0.13    0.00    3.59 ^ out[6] (out)
                                  3.59   data arrival time

                  0.00   10.00   10.00   clock __VIRTUAL_CLK__ (rise edge)
                          0.00   10.00   clock network delay (ideal)
                         -0.25    9.75   clock uncertainty
                          0.00    9.75   clock reconvergence pessimism
                         -2.00    7.75   output external delay
                                  7.75   data required time
-----------------------------------------------------------------------------
                                  7.75   data required time
                                 -3.59   data arrival time
-----------------------------------------------------------------------------
                                  4.16   slack (MET)


Startpoint: opcode[0] (input port clocked by __VIRTUAL_CLK__)
Endpoint: out[3] (output port clocked by __VIRTUAL_CLK__)
Path Group: __VIRTUAL_CLK__
Path Type: max
Corner: Fastest

Fanout     Cap    Slew   Delay    Time   Description
-----------------------------------------------------------------------------
                  0.00    0.00    0.00   clock __VIRTUAL_CLK__ (rise edge)
                          0.00    0.00   clock network delay (ideal)
                          2.00    2.00 ^ input external delay
     1    0.00    0.01    0.01    2.01 ^ opcode[0] (in)
                                         opcode[0] (net)
                  0.01    0.00    2.01 ^ input17/A (sky130_fd_sc_hd__dlymetal6s2s_1)
     6    0.02    0.17    0.16    2.16 ^ input17/X (sky130_fd_sc_hd__dlymetal6s2s_1)
                                         net17 (net)
                  0.17    0.00    2.16 ^ _131_/C_N (sky130_fd_sc_hd__or3b_1)
     1    0.00    0.04    0.21    2.37 v _131_/X (sky130_fd_sc_hd__or3b_1)
                                         _062_ (net)
                  0.04    0.00    2.37 v _132_/A (sky130_fd_sc_hd__buf_2)
    10    0.04    0.06    0.13    2.50 v _132_/X (sky130_fd_sc_hd__buf_2)
                                         _063_ (net)
                  0.06    0.00    2.50 v _134_/C (sky130_fd_sc_hd__and3_1)
     3    0.01    0.05    0.15    2.65 v _134_/X (sky130_fd_sc_hd__and3_1)
                                         _065_ (net)
                  0.05    0.00    2.65 v _136_/C (sky130_fd_sc_hd__nor3_1)
     2    0.01    0.20    0.18    2.83 ^ _136_/Y (sky130_fd_sc_hd__nor3_1)
                                         _067_ (net)
                  0.20    0.00    2.83 ^ _157_/A2 (sky130_fd_sc_hd__o21ai_2)
     3    0.01    0.07    0.06    2.89 v _157_/Y (sky130_fd_sc_hd__o21ai_2)
                                         _087_ (net)
                  0.07    0.00    2.89 v _173_/A1 (sky130_fd_sc_hd__a21o_1)
     1    0.00    0.03    0.12    3.01 v _173_/X (sky130_fd_sc_hd__a21o_1)
                                         _102_ (net)
                  0.03    0.00    3.01 v _174_/B (sky130_fd_sc_hd__xor2_1)
     1    0.00    0.04    0.09    3.11 v _174_/X (sky130_fd_sc_hd__xor2_1)
                                         _103_ (net)
                  0.04    0.00    3.11 v _180_/A2 (sky130_fd_sc_hd__a211o_1)
     1    0.01    0.04    0.20    3.31 v _180_/X (sky130_fd_sc_hd__a211o_1)
                                         net23 (net)
                  0.04    0.00    3.31 v output23/A (sky130_fd_sc_hd__buf_2)
     1    0.03    0.06    0.13    3.44 v output23/X (sky130_fd_sc_hd__buf_2)
                                         out[3] (net)
                  0.06    0.00    3.44 v out[3] (out)
                                  3.44   data arrival time

                  0.00   10.00   10.00   clock __VIRTUAL_CLK__ (rise edge)
                          0.00   10.00   clock network delay (ideal)
                         -0.25    9.75   clock uncertainty
                          0.00    9.75   clock reconvergence pessimism
                         -2.00    7.75   output external delay
                                  7.75   data required time
-----------------------------------------------------------------------------
                                  7.75   data required time
                                 -3.44   data arrival time
-----------------------------------------------------------------------------
                                  4.31   slack (MET)


Startpoint: opcode[0] (input port clocked by __VIRTUAL_CLK__)
Endpoint: out[4] (output port clocked by __VIRTUAL_CLK__)
Path Group: __VIRTUAL_CLK__
Path Type: max
Corner: Fastest

Fanout     Cap    Slew   Delay    Time   Description
-----------------------------------------------------------------------------
                  0.00    0.00    0.00   clock __VIRTUAL_CLK__ (rise edge)
                          0.00    0.00   clock network delay (ideal)
                          2.00    2.00 ^ input external delay
     1    0.00    0.01    0.01    2.01 ^ opcode[0] (in)
                                         opcode[0] (net)
                  0.01    0.00    2.01 ^ input17/A (sky130_fd_sc_hd__dlymetal6s2s_1)
     6    0.02    0.17    0.16    2.16 ^ input17/X (sky130_fd_sc_hd__dlymetal6s2s_1)
                                         net17 (net)
                  0.17    0.00    2.16 ^ _131_/C_N (sky130_fd_sc_hd__or3b_1)
     1    0.00    0.04    0.21    2.37 v _131_/X (sky130_fd_sc_hd__or3b_1)
                                         _062_ (net)
                  0.04    0.00    2.37 v _132_/A (sky130_fd_sc_hd__buf_2)
    10    0.04    0.06    0.13    2.50 v _132_/X (sky130_fd_sc_hd__buf_2)
                                         _063_ (net)
                  0.06    0.00    2.50 v _134_/C (sky130_fd_sc_hd__and3_1)
     3    0.01    0.05    0.15    2.65 v _134_/X (sky130_fd_sc_hd__and3_1)
                                         _065_ (net)
                  0.05    0.00    2.65 v _136_/C (sky130_fd_sc_hd__nor3_1)
     2    0.01    0.20    0.18    2.83 ^ _136_/Y (sky130_fd_sc_hd__nor3_1)
                                         _067_ (net)
                  0.20    0.00    2.83 ^ _157_/A2 (sky130_fd_sc_hd__o21ai_2)
     3    0.01    0.07    0.06    2.89 v _157_/Y (sky130_fd_sc_hd__o21ai_2)
                                         _087_ (net)
                  0.07    0.00    2.89 v _188_/A1 (sky130_fd_sc_hd__a31o_1)
     3    0.01    0.06    0.17    3.06 v _188_/X (sky130_fd_sc_hd__a31o_1)
                                         _003_ (net)
                  0.06    0.00    3.06 v _189_/B (sky130_fd_sc_hd__xor2_1)
     1    0.00    0.05    0.10    3.16 v _189_/X (sky130_fd_sc_hd__xor2_1)
                                         _004_ (net)
                  0.05    0.00    3.16 v _195_/A2 (sky130_fd_sc_hd__o22a_1)
     1    0.00    0.03    0.13    3.29 v _195_/X (sky130_fd_sc_hd__o22a_1)
                                         net24 (net)
                  0.03    0.00    3.29 v output24/A (sky130_fd_sc_hd__buf_2)
     1    0.03    0.06    0.12    3.42 v output24/X (sky130_fd_sc_hd__buf_2)
                                         out[4] (net)
                  0.06    0.00    3.42 v out[4] (out)
                                  3.42   data arrival time

                  0.00   10.00   10.00   clock __VIRTUAL_CLK__ (rise edge)
                          0.00   10.00   clock network delay (ideal)
                         -0.25    9.75   clock uncertainty
                          0.00    9.75   clock reconvergence pessimism
                         -2.00    7.75   output external delay
                                  7.75   data required time
-----------------------------------------------------------------------------
                                  7.75   data required time
                                 -3.42   data arrival time
-----------------------------------------------------------------------------
                                  4.33   slack (MET)


Startpoint: opcode[0] (input port clocked by __VIRTUAL_CLK__)
Endpoint: out[2] (output port clocked by __VIRTUAL_CLK__)
Path Group: __VIRTUAL_CLK__
Path Type: max
Corner: Fastest

Fanout     Cap    Slew   Delay    Time   Description
-----------------------------------------------------------------------------
                  0.00    0.00    0.00   clock __VIRTUAL_CLK__ (rise edge)
                          0.00    0.00   clock network delay (ideal)
                          2.00    2.00 ^ input external delay
     1    0.00    0.01    0.01    2.01 ^ opcode[0] (in)
                                         opcode[0] (net)
                  0.01    0.00    2.01 ^ input17/A (sky130_fd_sc_hd__dlymetal6s2s_1)
     6    0.02    0.17    0.16    2.16 ^ input17/X (sky130_fd_sc_hd__dlymetal6s2s_1)
                                         net17 (net)
                  0.17    0.00    2.16 ^ _131_/C_N (sky130_fd_sc_hd__or3b_1)
     1    0.00    0.04    0.21    2.37 v _131_/X (sky130_fd_sc_hd__or3b_1)
                                         _062_ (net)
                  0.04    0.00    2.37 v _132_/A (sky130_fd_sc_hd__buf_2)
    10    0.04    0.06    0.13    2.50 v _132_/X (sky130_fd_sc_hd__buf_2)
                                         _063_ (net)
                  0.06    0.00    2.50 v _134_/C (sky130_fd_sc_hd__and3_1)
     3    0.01    0.05    0.15    2.65 v _134_/X (sky130_fd_sc_hd__and3_1)
                                         _065_ (net)
                  0.05    0.00    2.65 v _136_/C (sky130_fd_sc_hd__nor3_1)
     2    0.01    0.20    0.18    2.83 ^ _136_/Y (sky130_fd_sc_hd__nor3_1)
                                         _067_ (net)
                  0.20    0.00    2.83 ^ _157_/A2 (sky130_fd_sc_hd__o21ai_2)
     3    0.01    0.07    0.06    2.89 v _157_/Y (sky130_fd_sc_hd__o21ai_2)
                                         _087_ (net)
                  0.07    0.00    2.89 v _165_/A (sky130_fd_sc_hd__xor2_1)
     1    0.00    0.05    0.12    3.01 v _165_/X (sky130_fd_sc_hd__xor2_1)
                                         _095_ (net)
                  0.05    0.00    3.01 v _166_/B1 (sky130_fd_sc_hd__o32a_1)
     1    0.00    0.04    0.12    3.13 v _166_/X (sky130_fd_sc_hd__o32a_1)
                                         net22 (net)
                  0.04    0.00    3.13 v output22/A (sky130_fd_sc_hd__buf_2)
     1    0.03    0.06    0.13    3.26 v output22/X (sky130_fd_sc_hd__buf_2)
                                         out[2] (net)
                  0.06    0.00    3.26 v out[2] (out)
                                  3.26   data arrival time

                  0.00   10.00   10.00   clock __VIRTUAL_CLK__ (rise edge)
                          0.00   10.00   clock network delay (ideal)
                         -0.25    9.75   clock uncertainty
                          0.00    9.75   clock reconvergence pessimism
                         -2.00    7.75   output external delay
                                  7.75   data required time
-----------------------------------------------------------------------------
                                  7.75   data required time
                                 -3.26   data arrival time
-----------------------------------------------------------------------------
                                  4.49   slack (MET)


Startpoint: opcode[0] (input port clocked by __VIRTUAL_CLK__)
Endpoint: out[1] (output port clocked by __VIRTUAL_CLK__)
Path Group: __VIRTUAL_CLK__
Path Type: max
Corner: Fastest

Fanout     Cap    Slew   Delay    Time   Description
-----------------------------------------------------------------------------
                  0.00    0.00    0.00   clock __VIRTUAL_CLK__ (rise edge)
                          0.00    0.00   clock network delay (ideal)
                          2.00    2.00 ^ input external delay
     1    0.00    0.01    0.01    2.01 ^ opcode[0] (in)
                                         opcode[0] (net)
                  0.01    0.00    2.01 ^ input17/A (sky130_fd_sc_hd__dlymetal6s2s_1)
     6    0.02    0.17    0.16    2.16 ^ input17/X (sky130_fd_sc_hd__dlymetal6s2s_1)
                                         net17 (net)
                  0.17    0.00    2.16 ^ _131_/C_N (sky130_fd_sc_hd__or3b_1)
     1    0.00    0.04    0.21    2.37 v _131_/X (sky130_fd_sc_hd__or3b_1)
                                         _062_ (net)
                  0.04    0.00    2.37 v _132_/A (sky130_fd_sc_hd__buf_2)
    10    0.04    0.06    0.13    2.50 v _132_/X (sky130_fd_sc_hd__buf_2)
                                         _063_ (net)
                  0.06    0.00    2.50 v _134_/C (sky130_fd_sc_hd__and3_1)
     3    0.01    0.05    0.15    2.65 v _134_/X (sky130_fd_sc_hd__and3_1)
                                         _065_ (net)
                  0.05    0.00    2.65 v _136_/C (sky130_fd_sc_hd__nor3_1)
     2    0.01    0.20    0.18    2.83 ^ _136_/Y (sky130_fd_sc_hd__nor3_1)
                                         _067_ (net)
                  0.20    0.00    2.83 ^ _137_/B (sky130_fd_sc_hd__nor2_1)
     1    0.00    0.05    0.04    2.87 v _137_/Y (sky130_fd_sc_hd__nor2_1)
                                         _068_ (net)
                  0.05    0.00    2.87 v _138_/B (sky130_fd_sc_hd__xnor2_1)
     1    0.00    0.09    0.11    2.97 ^ _138_/Y (sky130_fd_sc_hd__xnor2_1)
                                         _069_ (net)
                  0.09    0.00    2.97 ^ _150_/A2 (sky130_fd_sc_hd__o21a_1)
     1    0.00    0.04    0.08    3.05 ^ _150_/X (sky130_fd_sc_hd__o21a_1)
                                         net21 (net)
                  0.04    0.00    3.05 ^ output21/A (sky130_fd_sc_hd__buf_2)
     1    0.03    0.13    0.15    3.20 ^ output21/X (sky130_fd_sc_hd__buf_2)
                                         out[1] (net)
                  0.13    0.00    3.20 ^ out[1] (out)
                                  3.20   data arrival time

                  0.00   10.00   10.00   clock __VIRTUAL_CLK__ (rise edge)
                          0.00   10.00   clock network delay (ideal)
                         -0.25    9.75   clock uncertainty
                          0.00    9.75   clock reconvergence pessimism
                         -2.00    7.75   output external delay
                                  7.75   data required time
-----------------------------------------------------------------------------
                                  7.75   data required time
                                 -3.20   data arrival time
-----------------------------------------------------------------------------
                                  4.55   slack (MET)


Startpoint: opcode[1] (input port clocked by __VIRTUAL_CLK__)
Endpoint: out[0] (output port clocked by __VIRTUAL_CLK__)
Path Group: __VIRTUAL_CLK__
Path Type: max
Corner: Fastest

Fanout     Cap    Slew   Delay    Time   Description
-----------------------------------------------------------------------------
                  0.00    0.00    0.00   clock __VIRTUAL_CLK__ (rise edge)
                          0.00    0.00   clock network delay (ideal)
                          2.00    2.00 v input external delay
     1    0.00    0.01    0.00    2.00 v opcode[1] (in)
                                         opcode[1] (net)
                  0.01    0.00    2.00 v input18/A (sky130_fd_sc_hd__clkbuf_1)
     2    0.01    0.04    0.07    2.07 v input18/X (sky130_fd_sc_hd__clkbuf_1)
                                         net18 (net)
                  0.04    0.00    2.07 v _114_/A (sky130_fd_sc_hd__clkbuf_2)
    10    0.03    0.08    0.13    2.20 v _114_/X (sky130_fd_sc_hd__clkbuf_2)
                                         _046_ (net)
                  0.08    0.00    2.20 v _121_/B (sky130_fd_sc_hd__and3_2)
     8    0.03    0.07    0.20    2.40 v _121_/X (sky130_fd_sc_hd__and3_2)
                                         _053_ (net)
                  0.07    0.00    2.40 v _123_/A2 (sky130_fd_sc_hd__a22o_1)
     1    0.00    0.03    0.14    2.54 v _123_/X (sky130_fd_sc_hd__a22o_1)
                                         _055_ (net)
                  0.03    0.00    2.54 v _127_/C (sky130_fd_sc_hd__or4_1)
     1    0.00    0.05    0.27    2.80 v _127_/X (sky130_fd_sc_hd__or4_1)
                                         _059_ (net)
                  0.05    0.00    2.80 v _128_/A (sky130_fd_sc_hd__clkbuf_1)
     1    0.00    0.02    0.07    2.88 v _128_/X (sky130_fd_sc_hd__clkbuf_1)
                                         net20 (net)
                  0.02    0.00    2.88 v output20/A (sky130_fd_sc_hd__buf_2)
     1    0.03    0.06    0.12    3.00 v output20/X (sky130_fd_sc_hd__buf_2)
                                         out[0] (net)
                  0.06    0.00    3.00 v out[0] (out)
                                  3.00   data arrival time

                  0.00   10.00   10.00   clock __VIRTUAL_CLK__ (rise edge)
                          0.00   10.00   clock network delay (ideal)
                         -0.25    9.75   clock uncertainty
                          0.00    9.75   clock reconvergence pessimism
                         -2.00    7.75   output external delay
                                  7.75   data required time
-----------------------------------------------------------------------------
                                  7.75   data required time
                                 -3.00   data arrival time
-----------------------------------------------------------------------------
                                  4.75   slack (MET)



worst slack corner Fastest: 4.0422
======================= Slowest Corner ===================================

Startpoint: opcode[0] (input port clocked by __VIRTUAL_CLK__)
Endpoint: out[7] (output port clocked by __VIRTUAL_CLK__)
Path Group: __VIRTUAL_CLK__
Path Type: max
Corner: Slowest

Fanout     Cap    Slew   Delay    Time   Description
-----------------------------------------------------------------------------
                  0.00    0.00    0.00   clock __VIRTUAL_CLK__ (rise edge)
                          0.00    0.00   clock network delay (ideal)
                          2.00    2.00 ^ input external delay
     1    0.00    0.03    0.01    2.01 ^ opcode[0] (in)
                                         opcode[0] (net)
                  0.03    0.00    2.01 ^ input17/A (sky130_fd_sc_hd__dlymetal6s2s_1)
     6    0.02    0.33    0.35    2.36 ^ input17/X (sky130_fd_sc_hd__dlymetal6s2s_1)
                                         net17 (net)
                  0.33    0.00    2.36 ^ _131_/C_N (sky130_fd_sc_hd__or3b_1)
     1    0.00    0.13    0.90    3.26 v _131_/X (sky130_fd_sc_hd__or3b_1)
                                         _062_ (net)
                  0.13    0.00    3.26 v _132_/A (sky130_fd_sc_hd__buf_2)
    10    0.04    0.17    0.39    3.66 v _132_/X (sky130_fd_sc_hd__buf_2)
                                         _063_ (net)
                  0.17    0.00    3.66 v _134_/C (sky130_fd_sc_hd__and3_1)
     3    0.01    0.12    0.49    4.15 v _134_/X (sky130_fd_sc_hd__and3_1)
                                         _065_ (net)
                  0.12    0.00    4.15 v _136_/C (sky130_fd_sc_hd__nor3_1)
     2    0.01    0.50    0.46    4.61 ^ _136_/Y (sky130_fd_sc_hd__nor3_1)
                                         _067_ (net)
                  0.50    0.00    4.61 ^ _157_/A2 (sky130_fd_sc_hd__o21ai_2)
     3    0.01    0.17    0.32    4.92 v _157_/Y (sky130_fd_sc_hd__o21ai_2)
                                         _087_ (net)
                  0.17    0.00    4.92 v _188_/A1 (sky130_fd_sc_hd__a31o_1)
     3    0.02    0.16    0.48    5.41 v _188_/X (sky130_fd_sc_hd__a31o_1)
                                         _003_ (net)
                  0.16    0.00    5.41 v _216_/A2 (sky130_fd_sc_hd__a31o_1)
     2    0.01    0.12    0.48    5.89 v _216_/X (sky130_fd_sc_hd__a31o_1)
                                         _029_ (net)
                  0.12    0.00    5.89 v _224_/A2 (sky130_fd_sc_hd__a21o_1)
     1    0.01    0.09    0.38    6.27 v _224_/X (sky130_fd_sc_hd__a21o_1)
                                         _036_ (net)
                  0.09    0.00    6.28 v _228_/A (sky130_fd_sc_hd__xnor2_1)
     1    0.00    0.09    0.23    6.50 v _228_/Y (sky130_fd_sc_hd__xnor2_1)
                                         _040_ (net)
                  0.09    0.00    6.50 v _233_/A2 (sky130_fd_sc_hd__o21ai_1)
     1    0.00    0.22    0.26    6.76 ^ _233_/Y (sky130_fd_sc_hd__o21ai_1)
                                         net27 (net)
                  0.22    0.00    6.76 ^ output27/A (sky130_fd_sc_hd__buf_2)
     1    0.03    0.27    0.44    7.20 ^ output27/X (sky130_fd_sc_hd__buf_2)
                                         out[7] (net)
                  0.27    0.00    7.20 ^ out[7] (out)
                                  7.20   data arrival time

                  0.00   10.00   10.00   clock __VIRTUAL_CLK__ (rise edge)
                          0.00   10.00   clock network delay (ideal)
                         -0.25    9.75   clock uncertainty
                          0.00    9.75   clock reconvergence pessimism
                         -2.00    7.75   output external delay
                                  7.75   data required time
-----------------------------------------------------------------------------
                                  7.75   data required time
                                 -7.20   data arrival time
-----------------------------------------------------------------------------
                                  0.55   slack (MET)


Startpoint: opcode[0] (input port clocked by __VIRTUAL_CLK__)
Endpoint: out[5] (output port clocked by __VIRTUAL_CLK__)
Path Group: __VIRTUAL_CLK__
Path Type: max
Corner: Slowest

Fanout     Cap    Slew   Delay    Time   Description
-----------------------------------------------------------------------------
                  0.00    0.00    0.00   clock __VIRTUAL_CLK__ (rise edge)
                          0.00    0.00   clock network delay (ideal)
                          2.00    2.00 ^ input external delay
     1    0.00    0.03    0.01    2.01 ^ opcode[0] (in)
                                         opcode[0] (net)
                  0.03    0.00    2.01 ^ input17/A (sky130_fd_sc_hd__dlymetal6s2s_1)
     6    0.02    0.33    0.35    2.36 ^ input17/X (sky130_fd_sc_hd__dlymetal6s2s_1)
                                         net17 (net)
                  0.33    0.00    2.36 ^ _131_/C_N (sky130_fd_sc_hd__or3b_1)
     1    0.00    0.13    0.90    3.26 v _131_/X (sky130_fd_sc_hd__or3b_1)
                                         _062_ (net)
                  0.13    0.00    3.26 v _132_/A (sky130_fd_sc_hd__buf_2)
    10    0.04    0.17    0.39    3.66 v _132_/X (sky130_fd_sc_hd__buf_2)
                                         _063_ (net)
                  0.17    0.00    3.66 v _134_/C (sky130_fd_sc_hd__and3_1)
     3    0.01    0.12    0.49    4.15 v _134_/X (sky130_fd_sc_hd__and3_1)
                                         _065_ (net)
                  0.12    0.00    4.15 v _136_/C (sky130_fd_sc_hd__nor3_1)
     2    0.01    0.50    0.46    4.61 ^ _136_/Y (sky130_fd_sc_hd__nor3_1)
                                         _067_ (net)
                  0.50    0.00    4.61 ^ _157_/A2 (sky130_fd_sc_hd__o21ai_2)
     3    0.01    0.17    0.32    4.92 v _157_/Y (sky130_fd_sc_hd__o21ai_2)
                                         _087_ (net)
                  0.17    0.00    4.92 v _188_/A1 (sky130_fd_sc_hd__a31o_1)
     3    0.02    0.16    0.48    5.41 v _188_/X (sky130_fd_sc_hd__a31o_1)
                                         _003_ (net)
                  0.16    0.00    5.41 v _201_/A2 (sky130_fd_sc_hd__a21boi_1)
     1    0.01    0.25    0.34    5.76 ^ _201_/Y (sky130_fd_sc_hd__a21boi_1)
                                         _015_ (net)
                  0.25    0.00    5.76 ^ _202_/B (sky130_fd_sc_hd__xnor2_1)
     1    0.00    0.12    0.21    5.97 v _202_/Y (sky130_fd_sc_hd__xnor2_1)
                                         _016_ (net)
                  0.12    0.00    5.97 v _208_/A2 (sky130_fd_sc_hd__a211o_1)
     1    0.01    0.12    0.63    6.60 v _208_/X (sky130_fd_sc_hd__a211o_1)
                                         net25 (net)
                  0.12    0.00    6.60 v output25/A (sky130_fd_sc_hd__buf_2)
     1    0.03    0.17    0.39    6.99 v output25/X (sky130_fd_sc_hd__buf_2)
                                         out[5] (net)
                  0.17    0.00    6.99 v out[5] (out)
                                  6.99   data arrival time

                  0.00   10.00   10.00   clock __VIRTUAL_CLK__ (rise edge)
                          0.00   10.00   clock network delay (ideal)
                         -0.25    9.75   clock uncertainty
                          0.00    9.75   clock reconvergence pessimism
                         -2.00    7.75   output external delay
                                  7.75   data required time
-----------------------------------------------------------------------------
                                  7.75   data required time
                                 -6.99   data arrival time
-----------------------------------------------------------------------------
                                  0.76   slack (MET)


Startpoint: opcode[0] (input port clocked by __VIRTUAL_CLK__)
Endpoint: out[6] (output port clocked by __VIRTUAL_CLK__)
Path Group: __VIRTUAL_CLK__
Path Type: max
Corner: Slowest

Fanout     Cap    Slew   Delay    Time   Description
-----------------------------------------------------------------------------
                  0.00    0.00    0.00   clock __VIRTUAL_CLK__ (rise edge)
                          0.00    0.00   clock network delay (ideal)
                          2.00    2.00 ^ input external delay
     1    0.00    0.03    0.01    2.01 ^ opcode[0] (in)
                                         opcode[0] (net)
                  0.03    0.00    2.01 ^ input17/A (sky130_fd_sc_hd__dlymetal6s2s_1)
     6    0.02    0.33    0.35    2.36 ^ input17/X (sky130_fd_sc_hd__dlymetal6s2s_1)
                                         net17 (net)
                  0.33    0.00    2.36 ^ _131_/C_N (sky130_fd_sc_hd__or3b_1)
     1    0.00    0.13    0.90    3.26 v _131_/X (sky130_fd_sc_hd__or3b_1)
                                         _062_ (net)
                  0.13    0.00    3.26 v _132_/A (sky130_fd_sc_hd__buf_2)
    10    0.04    0.17    0.39    3.66 v _132_/X (sky130_fd_sc_hd__buf_2)
                                         _063_ (net)
                  0.17    0.00    3.66 v _134_/C (sky130_fd_sc_hd__and3_1)
     3    0.01    0.12    0.49    4.15 v _134_/X (sky130_fd_sc_hd__and3_1)
                                         _065_ (net)
                  0.12    0.00    4.15 v _136_/C (sky130_fd_sc_hd__nor3_1)
     2    0.01    0.50    0.46    4.61 ^ _136_/Y (sky130_fd_sc_hd__nor3_1)
                                         _067_ (net)
                  0.50    0.00    4.61 ^ _157_/A2 (sky130_fd_sc_hd__o21ai_2)
     3    0.01    0.17    0.32    4.92 v _157_/Y (sky130_fd_sc_hd__o21ai_2)
                                         _087_ (net)
                  0.17    0.00    4.92 v _188_/A1 (sky130_fd_sc_hd__a31o_1)
     3    0.02    0.16    0.48    5.41 v _188_/X (sky130_fd_sc_hd__a31o_1)
                                         _003_ (net)
                  0.16    0.00    5.41 v _216_/A2 (sky130_fd_sc_hd__a31o_1)
     2    0.01    0.12    0.48    5.89 v _216_/X (sky130_fd_sc_hd__a31o_1)
                                         _029_ (net)
                  0.12    0.00    5.89 v _217_/B (sky130_fd_sc_hd__xnor2_1)
     1    0.00    0.11    0.25    6.15 v _217_/Y (sky130_fd_sc_hd__xnor2_1)
                                         _030_ (net)
                  0.11    0.00    6.15 v _223_/A2 (sky130_fd_sc_hd__o22a_1)
     1    0.01    0.11    0.42    6.57 v _223_/X (sky130_fd_sc_hd__o22a_1)
                                         net26 (net)
                  0.11    0.00    6.57 v output26/A (sky130_fd_sc_hd__buf_2)
     1    0.03    0.17    0.38    6.95 v output26/X (sky130_fd_sc_hd__buf_2)
                                         out[6] (net)
                  0.17    0.00    6.95 v out[6] (out)
                                  6.95   data arrival time

                  0.00   10.00   10.00   clock __VIRTUAL_CLK__ (rise edge)
                          0.00   10.00   clock network delay (ideal)
                         -0.25    9.75   clock uncertainty
                          0.00    9.75   clock reconvergence pessimism
                         -2.00    7.75   output external delay
                                  7.75   data required time
-----------------------------------------------------------------------------
                                  7.75   data required time
                                 -6.95   data arrival time
-----------------------------------------------------------------------------
                                  0.80   slack (MET)


Startpoint: opcode[0] (input port clocked by __VIRTUAL_CLK__)
Endpoint: out[4] (output port clocked by __VIRTUAL_CLK__)
Path Group: __VIRTUAL_CLK__
Path Type: max
Corner: Slowest

Fanout     Cap    Slew   Delay    Time   Description
-----------------------------------------------------------------------------
                  0.00    0.00    0.00   clock __VIRTUAL_CLK__ (rise edge)
                          0.00    0.00   clock network delay (ideal)
                          2.00    2.00 ^ input external delay
     1    0.00    0.03    0.01    2.01 ^ opcode[0] (in)
                                         opcode[0] (net)
                  0.03    0.00    2.01 ^ input17/A (sky130_fd_sc_hd__dlymetal6s2s_1)
     6    0.02    0.33    0.35    2.36 ^ input17/X (sky130_fd_sc_hd__dlymetal6s2s_1)
                                         net17 (net)
                  0.33    0.00    2.36 ^ _131_/C_N (sky130_fd_sc_hd__or3b_1)
     1    0.00    0.13    0.90    3.26 v _131_/X (sky130_fd_sc_hd__or3b_1)
                                         _062_ (net)
                  0.13    0.00    3.26 v _132_/A (sky130_fd_sc_hd__buf_2)
    10    0.04    0.17    0.39    3.66 v _132_/X (sky130_fd_sc_hd__buf_2)
                                         _063_ (net)
                  0.17    0.00    3.66 v _181_/B1 (sky130_fd_sc_hd__o21a_1)
     2    0.00    0.08    0.27    3.93 v _181_/X (sky130_fd_sc_hd__o21a_1)
                                         _109_ (net)
                  0.08    0.00    3.93 v _183_/B (sky130_fd_sc_hd__and2_1)
     2    0.00    0.08    0.35    4.28 v _183_/X (sky130_fd_sc_hd__and2_1)
                                         _111_ (net)
                  0.08    0.00    4.28 v _185_/C (sky130_fd_sc_hd__or3_1)
     1    0.00    0.13    0.73    5.01 v _185_/X (sky130_fd_sc_hd__or3_1)
                                         _000_ (net)
                  0.13    0.00    5.01 v _186_/B (sky130_fd_sc_hd__and2_1)
     3    0.01    0.13    0.43    5.44 v _186_/X (sky130_fd_sc_hd__and2_1)
                                         _001_ (net)
                  0.13    0.00    5.44 v _189_/A (sky130_fd_sc_hd__xor2_1)
     1    0.00    0.12    0.34    5.78 v _189_/X (sky130_fd_sc_hd__xor2_1)
                                         _004_ (net)
                  0.12    0.00    5.78 v _195_/A2 (sky130_fd_sc_hd__o22a_1)
     1    0.00    0.11    0.42    6.20 v _195_/X (sky130_fd_sc_hd__o22a_1)
                                         net24 (net)
                  0.11    0.00    6.20 v output24/A (sky130_fd_sc_hd__buf_2)
     1    0.03    0.17    0.38    6.58 v output24/X (sky130_fd_sc_hd__buf_2)
                                         out[4] (net)
                  0.17    0.00    6.58 v out[4] (out)
                                  6.58   data arrival time

                  0.00   10.00   10.00   clock __VIRTUAL_CLK__ (rise edge)
                          0.00   10.00   clock network delay (ideal)
                         -0.25    9.75   clock uncertainty
                          0.00    9.75   clock reconvergence pessimism
                         -2.00    7.75   output external delay
                                  7.75   data required time
-----------------------------------------------------------------------------
                                  7.75   data required time
                                 -6.58   data arrival time
-----------------------------------------------------------------------------
                                  1.17   slack (MET)


Startpoint: opcode[0] (input port clocked by __VIRTUAL_CLK__)
Endpoint: out[3] (output port clocked by __VIRTUAL_CLK__)
Path Group: __VIRTUAL_CLK__
Path Type: max
Corner: Slowest

Fanout     Cap    Slew   Delay    Time   Description
-----------------------------------------------------------------------------
                  0.00    0.00    0.00   clock __VIRTUAL_CLK__ (rise edge)
                          0.00    0.00   clock network delay (ideal)
                          2.00    2.00 ^ input external delay
     1    0.00    0.03    0.01    2.01 ^ opcode[0] (in)
                                         opcode[0] (net)
                  0.03    0.00    2.01 ^ input17/A (sky130_fd_sc_hd__dlymetal6s2s_1)
     6    0.02    0.33    0.35    2.36 ^ input17/X (sky130_fd_sc_hd__dlymetal6s2s_1)
                                         net17 (net)
                  0.33    0.00    2.36 ^ _131_/C_N (sky130_fd_sc_hd__or3b_1)
     1    0.00    0.13    0.90    3.26 v _131_/X (sky130_fd_sc_hd__or3b_1)
                                         _062_ (net)
                  0.13    0.00    3.26 v _132_/A (sky130_fd_sc_hd__buf_2)
    10    0.04    0.17    0.39    3.66 v _132_/X (sky130_fd_sc_hd__buf_2)
                                         _063_ (net)
                  0.17    0.00    3.66 v _134_/C (sky130_fd_sc_hd__and3_1)
     3    0.01    0.12    0.49    4.15 v _134_/X (sky130_fd_sc_hd__and3_1)
                                         _065_ (net)
                  0.12    0.00    4.15 v _136_/C (sky130_fd_sc_hd__nor3_1)
     2    0.01    0.50    0.46    4.61 ^ _136_/Y (sky130_fd_sc_hd__nor3_1)
                                         _067_ (net)
                  0.50    0.00    4.61 ^ _157_/A2 (sky130_fd_sc_hd__o21ai_2)
     3    0.01    0.17    0.32    4.92 v _157_/Y (sky130_fd_sc_hd__o21ai_2)
                                         _087_ (net)
                  0.17    0.00    4.92 v _173_/A1 (sky130_fd_sc_hd__a21o_1)
     1    0.00    0.07    0.36    5.29 v _173_/X (sky130_fd_sc_hd__a21o_1)
                                         _102_ (net)
                  0.07    0.00    5.29 v _174_/B (sky130_fd_sc_hd__xor2_1)
     1    0.00    0.12    0.29    5.57 v _174_/X (sky130_fd_sc_hd__xor2_1)
                                         _103_ (net)
                  0.12    0.00    5.57 v _180_/A2 (sky130_fd_sc_hd__a211o_1)
     1    0.01    0.11    0.61    6.19 v _180_/X (sky130_fd_sc_hd__a211o_1)
                                         net23 (net)
                  0.11    0.00    6.19 v output23/A (sky130_fd_sc_hd__buf_2)
     1    0.03    0.17    0.38    6.57 v output23/X (sky130_fd_sc_hd__buf_2)
                                         out[3] (net)
                  0.17    0.00    6.57 v out[3] (out)
                                  6.57   data arrival time

                  0.00   10.00   10.00   clock __VIRTUAL_CLK__ (rise edge)
                          0.00   10.00   clock network delay (ideal)
                         -0.25    9.75   clock uncertainty
                          0.00    9.75   clock reconvergence pessimism
                         -2.00    7.75   output external delay
                                  7.75   data required time
-----------------------------------------------------------------------------
                                  7.75   data required time
                                 -6.57   data arrival time
-----------------------------------------------------------------------------
                                  1.18   slack (MET)


Startpoint: opcode[0] (input port clocked by __VIRTUAL_CLK__)
Endpoint: out[2] (output port clocked by __VIRTUAL_CLK__)
Path Group: __VIRTUAL_CLK__
Path Type: max
Corner: Slowest

Fanout     Cap    Slew   Delay    Time   Description
-----------------------------------------------------------------------------
                  0.00    0.00    0.00   clock __VIRTUAL_CLK__ (rise edge)
                          0.00    0.00   clock network delay (ideal)
                          2.00    2.00 ^ input external delay
     1    0.00    0.03    0.01    2.01 ^ opcode[0] (in)
                                         opcode[0] (net)
                  0.03    0.00    2.01 ^ input17/A (sky130_fd_sc_hd__dlymetal6s2s_1)
     6    0.02    0.33    0.35    2.36 ^ input17/X (sky130_fd_sc_hd__dlymetal6s2s_1)
                                         net17 (net)
                  0.33    0.00    2.36 ^ _131_/C_N (sky130_fd_sc_hd__or3b_1)
     1    0.00    0.13    0.90    3.26 v _131_/X (sky130_fd_sc_hd__or3b_1)
                                         _062_ (net)
                  0.13    0.00    3.26 v _132_/A (sky130_fd_sc_hd__buf_2)
    10    0.04    0.17    0.39    3.66 v _132_/X (sky130_fd_sc_hd__buf_2)
                                         _063_ (net)
                  0.17    0.00    3.66 v _134_/C (sky130_fd_sc_hd__and3_1)
     3    0.01    0.12    0.49    4.15 v _134_/X (sky130_fd_sc_hd__and3_1)
                                         _065_ (net)
                  0.12    0.00    4.15 v _136_/C (sky130_fd_sc_hd__nor3_1)
     2    0.01    0.50    0.46    4.61 ^ _136_/Y (sky130_fd_sc_hd__nor3_1)
                                         _067_ (net)
                  0.50    0.00    4.61 ^ _157_/A2 (sky130_fd_sc_hd__o21ai_2)
     3    0.01    0.17    0.32    4.92 v _157_/Y (sky130_fd_sc_hd__o21ai_2)
                                         _087_ (net)
                  0.17    0.00    4.92 v _165_/A (sky130_fd_sc_hd__xor2_1)
     1    0.00    0.13    0.36    5.28 v _165_/X (sky130_fd_sc_hd__xor2_1)
                                         _095_ (net)
                  0.13    0.00    5.28 v _166_/B1 (sky130_fd_sc_hd__o32a_1)
     1    0.00    0.13    0.38    5.66 v _166_/X (sky130_fd_sc_hd__o32a_1)
                                         net22 (net)
                  0.13    0.00    5.66 v output22/A (sky130_fd_sc_hd__buf_2)
     1    0.03    0.17    0.39    6.06 v output22/X (sky130_fd_sc_hd__buf_2)
                                         out[2] (net)
                  0.17    0.00    6.06 v out[2] (out)
                                  6.06   data arrival time

                  0.00   10.00   10.00   clock __VIRTUAL_CLK__ (rise edge)
                          0.00   10.00   clock network delay (ideal)
                         -0.25    9.75   clock uncertainty
                          0.00    9.75   clock reconvergence pessimism
                         -2.00    7.75   output external delay
                                  7.75   data required time
-----------------------------------------------------------------------------
                                  7.75   data required time
                                 -6.06   data arrival time
-----------------------------------------------------------------------------
                                  1.69   slack (MET)


Startpoint: opcode[0] (input port clocked by __VIRTUAL_CLK__)
Endpoint: out[1] (output port clocked by __VIRTUAL_CLK__)
Path Group: __VIRTUAL_CLK__
Path Type: max
Corner: Slowest

Fanout     Cap    Slew   Delay    Time   Description
-----------------------------------------------------------------------------
                  0.00    0.00    0.00   clock __VIRTUAL_CLK__ (rise edge)
                          0.00    0.00   clock network delay (ideal)
                          2.00    2.00 ^ input external delay
     1    0.00    0.03    0.01    2.01 ^ opcode[0] (in)
                                         opcode[0] (net)
                  0.03    0.00    2.01 ^ input17/A (sky130_fd_sc_hd__dlymetal6s2s_1)
     6    0.02    0.33    0.35    2.36 ^ input17/X (sky130_fd_sc_hd__dlymetal6s2s_1)
                                         net17 (net)
                  0.33    0.00    2.36 ^ _131_/C_N (sky130_fd_sc_hd__or3b_1)
     1    0.00    0.13    0.90    3.26 v _131_/X (sky130_fd_sc_hd__or3b_1)
                                         _062_ (net)
                  0.13    0.00    3.26 v _132_/A (sky130_fd_sc_hd__buf_2)
    10    0.04    0.17    0.39    3.66 v _132_/X (sky130_fd_sc_hd__buf_2)
                                         _063_ (net)
                  0.17    0.00    3.66 v _134_/C (sky130_fd_sc_hd__and3_1)
     3    0.01    0.12    0.49    4.15 v _134_/X (sky130_fd_sc_hd__and3_1)
                                         _065_ (net)
                  0.12    0.00    4.15 v _136_/C (sky130_fd_sc_hd__nor3_1)
     2    0.01    0.50    0.46    4.61 ^ _136_/Y (sky130_fd_sc_hd__nor3_1)
                                         _067_ (net)
                  0.50    0.00    4.61 ^ _137_/B (sky130_fd_sc_hd__nor2_1)
     1    0.00    0.12    0.24    4.85 v _137_/Y (sky130_fd_sc_hd__nor2_1)
                                         _068_ (net)
                  0.12    0.00    4.85 v _138_/B (sky130_fd_sc_hd__xnor2_1)
     1    0.00    0.12    0.24    5.09 v _138_/Y (sky130_fd_sc_hd__xnor2_1)
                                         _069_ (net)
                  0.12    0.00    5.09 v _150_/A2 (sky130_fd_sc_hd__o21a_1)
     1    0.00    0.08    0.36    5.45 v _150_/X (sky130_fd_sc_hd__o21a_1)
                                         net21 (net)
                  0.08    0.00    5.45 v output21/A (sky130_fd_sc_hd__buf_2)
     1    0.03    0.17    0.37    5.82 v output21/X (sky130_fd_sc_hd__buf_2)
                                         out[1] (net)
                  0.17    0.00    5.82 v out[1] (out)
                                  5.82   data arrival time

                  0.00   10.00   10.00   clock __VIRTUAL_CLK__ (rise edge)
                          0.00   10.00   clock network delay (ideal)
                         -0.25    9.75   clock uncertainty
                          0.00    9.75   clock reconvergence pessimism
                         -2.00    7.75   output external delay
                                  7.75   data required time
-----------------------------------------------------------------------------
                                  7.75   data required time
                                 -5.82   data arrival time
-----------------------------------------------------------------------------
                                  1.93   slack (MET)


Startpoint: opcode[1] (input port clocked by __VIRTUAL_CLK__)
Endpoint: out[0] (output port clocked by __VIRTUAL_CLK__)
Path Group: __VIRTUAL_CLK__
Path Type: max
Corner: Slowest

Fanout     Cap    Slew   Delay    Time   Description
-----------------------------------------------------------------------------
                  0.00    0.00    0.00   clock __VIRTUAL_CLK__ (rise edge)
                          0.00    0.00   clock network delay (ideal)
                          2.00    2.00 v input external delay
     1    0.00    0.02    0.01    2.01 v opcode[1] (in)
                                         opcode[1] (net)
                  0.02    0.00    2.01 v input18/A (sky130_fd_sc_hd__clkbuf_1)
     2    0.01    0.11    0.20    2.21 v input18/X (sky130_fd_sc_hd__clkbuf_1)
                                         net18 (net)
                  0.11    0.00    2.21 v _114_/A (sky130_fd_sc_hd__clkbuf_2)
    10    0.03    0.20    0.34    2.55 v _114_/X (sky130_fd_sc_hd__clkbuf_2)
                                         _046_ (net)
                  0.20    0.00    2.55 v _121_/B (sky130_fd_sc_hd__and3_2)
     8    0.03    0.19    0.64    3.19 v _121_/X (sky130_fd_sc_hd__and3_2)
                                         _053_ (net)
                  0.19    0.00    3.19 v _123_/A2 (sky130_fd_sc_hd__a22o_1)
     1    0.00    0.07    0.48    3.67 v _123_/X (sky130_fd_sc_hd__a22o_1)
                                         _055_ (net)
                  0.07    0.00    3.67 v _127_/C (sky130_fd_sc_hd__or4_1)
     1    0.00    0.17    1.14    4.81 v _127_/X (sky130_fd_sc_hd__or4_1)
                                         _059_ (net)
                  0.17    0.00    4.81 v _128_/A (sky130_fd_sc_hd__clkbuf_1)
     1    0.00    0.06    0.23    5.04 v _128_/X (sky130_fd_sc_hd__clkbuf_1)
                                         net20 (net)
                  0.06    0.00    5.04 v output20/A (sky130_fd_sc_hd__buf_2)
     1    0.03    0.17    0.36    5.40 v output20/X (sky130_fd_sc_hd__buf_2)
                                         out[0] (net)
                  0.17    0.00    5.40 v out[0] (out)
                                  5.40   data arrival time

                  0.00   10.00   10.00   clock __VIRTUAL_CLK__ (rise edge)
                          0.00   10.00   clock network delay (ideal)
                         -0.25    9.75   clock uncertainty
                          0.00    9.75   clock reconvergence pessimism
                         -2.00    7.75   output external delay
                                  7.75   data required time
-----------------------------------------------------------------------------
                                  7.75   data required time
                                 -5.40   data arrival time
-----------------------------------------------------------------------------
                                  2.35   slack (MET)



worst slack corner Slowest: 0.5526
======================= Typical Corner ===================================

Startpoint: opcode[0] (input port clocked by __VIRTUAL_CLK__)
Endpoint: out[7] (output port clocked by __VIRTUAL_CLK__)
Path Group: __VIRTUAL_CLK__
Path Type: max
Corner: Typical

Fanout     Cap    Slew   Delay    Time   Description
-----------------------------------------------------------------------------
                  0.00    0.00    0.00   clock __VIRTUAL_CLK__ (rise edge)
                          0.00    0.00   clock network delay (ideal)
                          2.00    2.00 ^ input external delay
     1    0.00    0.02    0.01    2.01 ^ opcode[0] (in)
                                         opcode[0] (net)
                  0.02    0.00    2.01 ^ input17/A (sky130_fd_sc_hd__dlymetal6s2s_1)
     6    0.02    0.22    0.21    2.22 ^ input17/X (sky130_fd_sc_hd__dlymetal6s2s_1)
                                         net17 (net)
                  0.22    0.00    2.22 ^ _131_/C_N (sky130_fd_sc_hd__or3b_1)
     1    0.00    0.06    0.38    2.60 v _131_/X (sky130_fd_sc_hd__or3b_1)
                                         _062_ (net)
                  0.06    0.00    2.60 v _132_/A (sky130_fd_sc_hd__buf_2)
    10    0.03    0.09    0.20    2.80 v _132_/X (sky130_fd_sc_hd__buf_2)
                                         _063_ (net)
                  0.09    0.00    2.80 v _134_/C (sky130_fd_sc_hd__and3_1)
     3    0.01    0.06    0.24    3.04 v _134_/X (sky130_fd_sc_hd__and3_1)
                                         _065_ (net)
                  0.06    0.00    3.04 v _136_/C (sky130_fd_sc_hd__nor3_1)
     2    0.01    0.29    0.26    3.30 ^ _136_/Y (sky130_fd_sc_hd__nor3_1)
                                         _067_ (net)
                  0.29    0.00    3.30 ^ _157_/A2 (sky130_fd_sc_hd__o21ai_2)
     3    0.01    0.09    0.13    3.43 v _157_/Y (sky130_fd_sc_hd__o21ai_2)
                                         _087_ (net)
                  0.09    0.00    3.43 v _188_/A1 (sky130_fd_sc_hd__a31o_1)
     3    0.02    0.09    0.25    3.69 v _188_/X (sky130_fd_sc_hd__a31o_1)
                                         _003_ (net)
                  0.09    0.00    3.69 v _216_/A2 (sky130_fd_sc_hd__a31o_1)
     2    0.01    0.06    0.26    3.95 v _216_/X (sky130_fd_sc_hd__a31o_1)
                                         _029_ (net)
                  0.06    0.00    3.95 v _224_/A2 (sky130_fd_sc_hd__a21o_1)
     1    0.01    0.05    0.20    4.15 v _224_/X (sky130_fd_sc_hd__a21o_1)
                                         _036_ (net)
                  0.05    0.00    4.15 v _228_/A (sky130_fd_sc_hd__xnor2_1)
     1    0.00    0.04    0.13    4.28 v _228_/Y (sky130_fd_sc_hd__xnor2_1)
                                         _040_ (net)
                  0.04    0.00    4.28 v _233_/A2 (sky130_fd_sc_hd__o21ai_1)
     1    0.00    0.13    0.15    4.42 ^ _233_/Y (sky130_fd_sc_hd__o21ai_1)
                                         net27 (net)
                  0.13    0.00    4.42 ^ output27/A (sky130_fd_sc_hd__buf_2)
     1    0.03    0.17    0.24    4.67 ^ output27/X (sky130_fd_sc_hd__buf_2)
                                         out[7] (net)
                  0.17    0.00    4.67 ^ out[7] (out)
                                  4.67   data arrival time

                  0.00   10.00   10.00   clock __VIRTUAL_CLK__ (rise edge)
                          0.00   10.00   clock network delay (ideal)
                         -0.25    9.75   clock uncertainty
                          0.00    9.75   clock reconvergence pessimism
                         -2.00    7.75   output external delay
                                  7.75   data required time
-----------------------------------------------------------------------------
                                  7.75   data required time
                                 -4.67   data arrival time
-----------------------------------------------------------------------------
                                  3.08   slack (MET)


Startpoint: opcode[0] (input port clocked by __VIRTUAL_CLK__)
Endpoint: out[5] (output port clocked by __VIRTUAL_CLK__)
Path Group: __VIRTUAL_CLK__
Path Type: max
Corner: Typical

Fanout     Cap    Slew   Delay    Time   Description
-----------------------------------------------------------------------------
                  0.00    0.00    0.00   clock __VIRTUAL_CLK__ (rise edge)
                          0.00    0.00   clock network delay (ideal)
                          2.00    2.00 ^ input external delay
     1    0.00    0.02    0.01    2.01 ^ opcode[0] (in)
                                         opcode[0] (net)
                  0.02    0.00    2.01 ^ input17/A (sky130_fd_sc_hd__dlymetal6s2s_1)
     6    0.02    0.22    0.21    2.22 ^ input17/X (sky130_fd_sc_hd__dlymetal6s2s_1)
                                         net17 (net)
                  0.22    0.00    2.22 ^ _131_/C_N (sky130_fd_sc_hd__or3b_1)
     1    0.00    0.06    0.38    2.60 v _131_/X (sky130_fd_sc_hd__or3b_1)
                                         _062_ (net)
                  0.06    0.00    2.60 v _132_/A (sky130_fd_sc_hd__buf_2)
    10    0.03    0.09    0.20    2.80 v _132_/X (sky130_fd_sc_hd__buf_2)
                                         _063_ (net)
                  0.09    0.00    2.80 v _134_/C (sky130_fd_sc_hd__and3_1)
     3    0.01    0.06    0.24    3.04 v _134_/X (sky130_fd_sc_hd__and3_1)
                                         _065_ (net)
                  0.06    0.00    3.04 v _136_/C (sky130_fd_sc_hd__nor3_1)
     2    0.01    0.29    0.26    3.30 ^ _136_/Y (sky130_fd_sc_hd__nor3_1)
                                         _067_ (net)
                  0.29    0.00    3.30 ^ _157_/A2 (sky130_fd_sc_hd__o21ai_2)
     3    0.01    0.09    0.13    3.43 v _157_/Y (sky130_fd_sc_hd__o21ai_2)
                                         _087_ (net)
                  0.09    0.00    3.43 v _188_/A1 (sky130_fd_sc_hd__a31o_1)
     3    0.02    0.09    0.25    3.69 v _188_/X (sky130_fd_sc_hd__a31o_1)
                                         _003_ (net)
                  0.09    0.00    3.69 v _201_/A2 (sky130_fd_sc_hd__a21boi_1)
     1    0.01    0.16    0.20    3.89 ^ _201_/Y (sky130_fd_sc_hd__a21boi_1)
                                         _015_ (net)
                  0.16    0.00    3.89 ^ _202_/B (sky130_fd_sc_hd__xnor2_1)
     1    0.00    0.06    0.10    3.99 v _202_/Y (sky130_fd_sc_hd__xnor2_1)
                                         _016_ (net)
                  0.06    0.00    3.99 v _208_/A2 (sky130_fd_sc_hd__a211o_1)
     1    0.01    0.07    0.33    4.32 v _208_/X (sky130_fd_sc_hd__a211o_1)
                                         net25 (net)
                  0.07    0.00    4.32 v output25/A (sky130_fd_sc_hd__buf_2)
     1    0.03    0.09    0.20    4.52 v output25/X (sky130_fd_sc_hd__buf_2)
                                         out[5] (net)
                  0.09    0.00    4.52 v out[5] (out)
                                  4.52   data arrival time

                  0.00   10.00   10.00   clock __VIRTUAL_CLK__ (rise edge)
                          0.00   10.00   clock network delay (ideal)
                         -0.25    9.75   clock uncertainty
                          0.00    9.75   clock reconvergence pessimism
                         -2.00    7.75   output external delay
                                  7.75   data required time
-----------------------------------------------------------------------------
                                  7.75   data required time
                                 -4.52   data arrival time
-----------------------------------------------------------------------------
                                  3.23   slack (MET)


Startpoint: opcode[0] (input port clocked by __VIRTUAL_CLK__)
Endpoint: out[6] (output port clocked by __VIRTUAL_CLK__)
Path Group: __VIRTUAL_CLK__
Path Type: max
Corner: Typical

Fanout     Cap    Slew   Delay    Time   Description
-----------------------------------------------------------------------------
                  0.00    0.00    0.00   clock __VIRTUAL_CLK__ (rise edge)
                          0.00    0.00   clock network delay (ideal)
                          2.00    2.00 ^ input external delay
     1    0.00    0.02    0.01    2.01 ^ opcode[0] (in)
                                         opcode[0] (net)
                  0.02    0.00    2.01 ^ input17/A (sky130_fd_sc_hd__dlymetal6s2s_1)
     6    0.02    0.22    0.21    2.22 ^ input17/X (sky130_fd_sc_hd__dlymetal6s2s_1)
                                         net17 (net)
                  0.22    0.00    2.22 ^ _131_/C_N (sky130_fd_sc_hd__or3b_1)
     1    0.00    0.06    0.38    2.60 v _131_/X (sky130_fd_sc_hd__or3b_1)
                                         _062_ (net)
                  0.06    0.00    2.60 v _132_/A (sky130_fd_sc_hd__buf_2)
    10    0.03    0.09    0.20    2.80 v _132_/X (sky130_fd_sc_hd__buf_2)
                                         _063_ (net)
                  0.09    0.00    2.80 v _134_/C (sky130_fd_sc_hd__and3_1)
     3    0.01    0.06    0.24    3.04 v _134_/X (sky130_fd_sc_hd__and3_1)
                                         _065_ (net)
                  0.06    0.00    3.04 v _136_/C (sky130_fd_sc_hd__nor3_1)
     2    0.01    0.29    0.26    3.30 ^ _136_/Y (sky130_fd_sc_hd__nor3_1)
                                         _067_ (net)
                  0.29    0.00    3.30 ^ _157_/A2 (sky130_fd_sc_hd__o21ai_2)
     3    0.01    0.09    0.13    3.43 v _157_/Y (sky130_fd_sc_hd__o21ai_2)
                                         _087_ (net)
                  0.09    0.00    3.43 v _188_/A1 (sky130_fd_sc_hd__a31o_1)
     3    0.02    0.09    0.25    3.69 v _188_/X (sky130_fd_sc_hd__a31o_1)
                                         _003_ (net)
                  0.09    0.00    3.69 v _216_/A2 (sky130_fd_sc_hd__a31o_1)
     2    0.01    0.06    0.26    3.95 v _216_/X (sky130_fd_sc_hd__a31o_1)
                                         _029_ (net)
                  0.06    0.00    3.95 v _217_/B (sky130_fd_sc_hd__xnor2_1)
     1    0.00    0.15    0.17    4.12 ^ _217_/Y (sky130_fd_sc_hd__xnor2_1)
                                         _030_ (net)
                  0.15    0.00    4.12 ^ _223_/A2 (sky130_fd_sc_hd__o22a_1)
     1    0.01    0.06    0.17    4.29 ^ _223_/X (sky130_fd_sc_hd__o22a_1)
                                         net26 (net)
                  0.06    0.00    4.29 ^ output26/A (sky130_fd_sc_hd__buf_2)
     1    0.03    0.17    0.22    4.51 ^ output26/X (sky130_fd_sc_hd__buf_2)
                                         out[6] (net)
                  0.17    0.00    4.51 ^ out[6] (out)
                                  4.51   data arrival time

                  0.00   10.00   10.00   clock __VIRTUAL_CLK__ (rise edge)
                          0.00   10.00   clock network delay (ideal)
                         -0.25    9.75   clock uncertainty
                          0.00    9.75   clock reconvergence pessimism
                         -2.00    7.75   output external delay
                                  7.75   data required time
-----------------------------------------------------------------------------
                                  7.75   data required time
                                 -4.51   data arrival time
-----------------------------------------------------------------------------
                                  3.24   slack (MET)


Startpoint: opcode[0] (input port clocked by __VIRTUAL_CLK__)
Endpoint: out[3] (output port clocked by __VIRTUAL_CLK__)
Path Group: __VIRTUAL_CLK__
Path Type: max
Corner: Typical

Fanout     Cap    Slew   Delay    Time   Description
-----------------------------------------------------------------------------
                  0.00    0.00    0.00   clock __VIRTUAL_CLK__ (rise edge)
                          0.00    0.00   clock network delay (ideal)
                          2.00    2.00 ^ input external delay
     1    0.00    0.02    0.01    2.01 ^ opcode[0] (in)
                                         opcode[0] (net)
                  0.02    0.00    2.01 ^ input17/A (sky130_fd_sc_hd__dlymetal6s2s_1)
     6    0.02    0.22    0.21    2.22 ^ input17/X (sky130_fd_sc_hd__dlymetal6s2s_1)
                                         net17 (net)
                  0.22    0.00    2.22 ^ _131_/C_N (sky130_fd_sc_hd__or3b_1)
     1    0.00    0.06    0.38    2.60 v _131_/X (sky130_fd_sc_hd__or3b_1)
                                         _062_ (net)
                  0.06    0.00    2.60 v _132_/A (sky130_fd_sc_hd__buf_2)
    10    0.03    0.09    0.20    2.80 v _132_/X (sky130_fd_sc_hd__buf_2)
                                         _063_ (net)
                  0.09    0.00    2.80 v _134_/C (sky130_fd_sc_hd__and3_1)
     3    0.01    0.06    0.24    3.04 v _134_/X (sky130_fd_sc_hd__and3_1)
                                         _065_ (net)
                  0.06    0.00    3.04 v _136_/C (sky130_fd_sc_hd__nor3_1)
     2    0.01    0.29    0.26    3.30 ^ _136_/Y (sky130_fd_sc_hd__nor3_1)
                                         _067_ (net)
                  0.29    0.00    3.30 ^ _157_/A2 (sky130_fd_sc_hd__o21ai_2)
     3    0.01    0.09    0.13    3.43 v _157_/Y (sky130_fd_sc_hd__o21ai_2)
                                         _087_ (net)
                  0.09    0.00    3.43 v _173_/A1 (sky130_fd_sc_hd__a21o_1)
     1    0.00    0.04    0.19    3.62 v _173_/X (sky130_fd_sc_hd__a21o_1)
                                         _102_ (net)
                  0.04    0.00    3.62 v _174_/B (sky130_fd_sc_hd__xor2_1)
     1    0.00    0.06    0.15    3.77 v _174_/X (sky130_fd_sc_hd__xor2_1)
                                         _103_ (net)
                  0.06    0.00    3.77 v _180_/A2 (sky130_fd_sc_hd__a211o_1)
     1    0.01    0.06    0.32    4.09 v _180_/X (sky130_fd_sc_hd__a211o_1)
                                         net23 (net)
                  0.06    0.00    4.09 v output23/A (sky130_fd_sc_hd__buf_2)
     1    0.03    0.09    0.20    4.28 v output23/X (sky130_fd_sc_hd__buf_2)
                                         out[3] (net)
                  0.09    0.00    4.28 v out[3] (out)
                                  4.28   data arrival time

                  0.00   10.00   10.00   clock __VIRTUAL_CLK__ (rise edge)
                          0.00   10.00   clock network delay (ideal)
                         -0.25    9.75   clock uncertainty
                          0.00    9.75   clock reconvergence pessimism
                         -2.00    7.75   output external delay
                                  7.75   data required time
-----------------------------------------------------------------------------
                                  7.75   data required time
                                 -4.28   data arrival time
-----------------------------------------------------------------------------
                                  3.47   slack (MET)


Startpoint: opcode[0] (input port clocked by __VIRTUAL_CLK__)
Endpoint: out[4] (output port clocked by __VIRTUAL_CLK__)
Path Group: __VIRTUAL_CLK__
Path Type: max
Corner: Typical

Fanout     Cap    Slew   Delay    Time   Description
-----------------------------------------------------------------------------
                  0.00    0.00    0.00   clock __VIRTUAL_CLK__ (rise edge)
                          0.00    0.00   clock network delay (ideal)
                          2.00    2.00 ^ input external delay
     1    0.00    0.02    0.01    2.01 ^ opcode[0] (in)
                                         opcode[0] (net)
                  0.02    0.00    2.01 ^ input17/A (sky130_fd_sc_hd__dlymetal6s2s_1)
     6    0.02    0.22    0.21    2.22 ^ input17/X (sky130_fd_sc_hd__dlymetal6s2s_1)
                                         net17 (net)
                  0.22    0.00    2.22 ^ _131_/C_N (sky130_fd_sc_hd__or3b_1)
     1    0.00    0.06    0.38    2.60 v _131_/X (sky130_fd_sc_hd__or3b_1)
                                         _062_ (net)
                  0.06    0.00    2.60 v _132_/A (sky130_fd_sc_hd__buf_2)
    10    0.03    0.09    0.20    2.80 v _132_/X (sky130_fd_sc_hd__buf_2)
                                         _063_ (net)
                  0.09    0.00    2.80 v _134_/C (sky130_fd_sc_hd__and3_1)
     3    0.01    0.06    0.24    3.04 v _134_/X (sky130_fd_sc_hd__and3_1)
                                         _065_ (net)
                  0.06    0.00    3.04 v _136_/C (sky130_fd_sc_hd__nor3_1)
     2    0.01    0.29    0.26    3.30 ^ _136_/Y (sky130_fd_sc_hd__nor3_1)
                                         _067_ (net)
                  0.29    0.00    3.30 ^ _157_/A2 (sky130_fd_sc_hd__o21ai_2)
     3    0.01    0.09    0.13    3.43 v _157_/Y (sky130_fd_sc_hd__o21ai_2)
                                         _087_ (net)
                  0.09    0.00    3.43 v _188_/A1 (sky130_fd_sc_hd__a31o_1)
     3    0.02    0.09    0.25    3.69 v _188_/X (sky130_fd_sc_hd__a31o_1)
                                         _003_ (net)
                  0.09    0.00    3.69 v _189_/B (sky130_fd_sc_hd__xor2_1)
     1    0.00    0.06    0.16    3.85 v _189_/X (sky130_fd_sc_hd__xor2_1)
                                         _004_ (net)
                  0.06    0.00    3.85 v _195_/A2 (sky130_fd_sc_hd__o22a_1)
     1    0.00    0.05    0.22    4.07 v _195_/X (sky130_fd_sc_hd__o22a_1)
                                         net24 (net)
                  0.05    0.00    4.07 v output24/A (sky130_fd_sc_hd__buf_2)
     1    0.03    0.09    0.19    4.26 v output24/X (sky130_fd_sc_hd__buf_2)
                                         out[4] (net)
                  0.09    0.00    4.26 v out[4] (out)
                                  4.26   data arrival time

                  0.00   10.00   10.00   clock __VIRTUAL_CLK__ (rise edge)
                          0.00   10.00   clock network delay (ideal)
                         -0.25    9.75   clock uncertainty
                          0.00    9.75   clock reconvergence pessimism
                         -2.00    7.75   output external delay
                                  7.75   data required time
-----------------------------------------------------------------------------
                                  7.75   data required time
                                 -4.26   data arrival time
-----------------------------------------------------------------------------
                                  3.49   slack (MET)


Startpoint: opcode[0] (input port clocked by __VIRTUAL_CLK__)
Endpoint: out[2] (output port clocked by __VIRTUAL_CLK__)
Path Group: __VIRTUAL_CLK__
Path Type: max
Corner: Typical

Fanout     Cap    Slew   Delay    Time   Description
-----------------------------------------------------------------------------
                  0.00    0.00    0.00   clock __VIRTUAL_CLK__ (rise edge)
                          0.00    0.00   clock network delay (ideal)
                          2.00    2.00 ^ input external delay
     1    0.00    0.02    0.01    2.01 ^ opcode[0] (in)
                                         opcode[0] (net)
                  0.02    0.00    2.01 ^ input17/A (sky130_fd_sc_hd__dlymetal6s2s_1)
     6    0.02    0.22    0.21    2.22 ^ input17/X (sky130_fd_sc_hd__dlymetal6s2s_1)
                                         net17 (net)
                  0.22    0.00    2.22 ^ _131_/C_N (sky130_fd_sc_hd__or3b_1)
     1    0.00    0.06    0.38    2.60 v _131_/X (sky130_fd_sc_hd__or3b_1)
                                         _062_ (net)
                  0.06    0.00    2.60 v _132_/A (sky130_fd_sc_hd__buf_2)
    10    0.03    0.09    0.20    2.80 v _132_/X (sky130_fd_sc_hd__buf_2)
                                         _063_ (net)
                  0.09    0.00    2.80 v _134_/C (sky130_fd_sc_hd__and3_1)
     3    0.01    0.06    0.24    3.04 v _134_/X (sky130_fd_sc_hd__and3_1)
                                         _065_ (net)
                  0.06    0.00    3.04 v _136_/C (sky130_fd_sc_hd__nor3_1)
     2    0.01    0.29    0.26    3.30 ^ _136_/Y (sky130_fd_sc_hd__nor3_1)
                                         _067_ (net)
                  0.29    0.00    3.30 ^ _157_/A2 (sky130_fd_sc_hd__o21ai_2)
     3    0.01    0.09    0.13    3.43 v _157_/Y (sky130_fd_sc_hd__o21ai_2)
                                         _087_ (net)
                  0.09    0.00    3.43 v _165_/A (sky130_fd_sc_hd__xor2_1)
     1    0.00    0.07    0.18    3.62 v _165_/X (sky130_fd_sc_hd__xor2_1)
                                         _095_ (net)
                  0.07    0.00    3.62 v _166_/B1 (sky130_fd_sc_hd__o32a_1)
     1    0.00    0.06    0.19    3.81 v _166_/X (sky130_fd_sc_hd__o32a_1)
                                         net22 (net)
                  0.06    0.00    3.81 v output22/A (sky130_fd_sc_hd__buf_2)
     1    0.03    0.09    0.20    4.00 v output22/X (sky130_fd_sc_hd__buf_2)
                                         out[2] (net)
                  0.09    0.00    4.00 v out[2] (out)
                                  4.00   data arrival time

                  0.00   10.00   10.00   clock __VIRTUAL_CLK__ (rise edge)
                          0.00   10.00   clock network delay (ideal)
                         -0.25    9.75   clock uncertainty
                          0.00    9.75   clock reconvergence pessimism
                         -2.00    7.75   output external delay
                                  7.75   data required time
-----------------------------------------------------------------------------
                                  7.75   data required time
                                 -4.00   data arrival time
-----------------------------------------------------------------------------
                                  3.75   slack (MET)


Startpoint: opcode[0] (input port clocked by __VIRTUAL_CLK__)
Endpoint: out[1] (output port clocked by __VIRTUAL_CLK__)
Path Group: __VIRTUAL_CLK__
Path Type: max
Corner: Typical

Fanout     Cap    Slew   Delay    Time   Description
-----------------------------------------------------------------------------
                  0.00    0.00    0.00   clock __VIRTUAL_CLK__ (rise edge)
                          0.00    0.00   clock network delay (ideal)
                          2.00    2.00 ^ input external delay
     1    0.00    0.02    0.01    2.01 ^ opcode[0] (in)
                                         opcode[0] (net)
                  0.02    0.00    2.01 ^ input17/A (sky130_fd_sc_hd__dlymetal6s2s_1)
     6    0.02    0.22    0.21    2.22 ^ input17/X (sky130_fd_sc_hd__dlymetal6s2s_1)
                                         net17 (net)
                  0.22    0.00    2.22 ^ _131_/C_N (sky130_fd_sc_hd__or3b_1)
     1    0.00    0.06    0.38    2.60 v _131_/X (sky130_fd_sc_hd__or3b_1)
                                         _062_ (net)
                  0.06    0.00    2.60 v _132_/A (sky130_fd_sc_hd__buf_2)
    10    0.03    0.09    0.20    2.80 v _132_/X (sky130_fd_sc_hd__buf_2)
                                         _063_ (net)
                  0.09    0.00    2.80 v _134_/C (sky130_fd_sc_hd__and3_1)
     3    0.01    0.06    0.24    3.04 v _134_/X (sky130_fd_sc_hd__and3_1)
                                         _065_ (net)
                  0.06    0.00    3.04 v _136_/C (sky130_fd_sc_hd__nor3_1)
     2    0.01    0.29    0.26    3.30 ^ _136_/Y (sky130_fd_sc_hd__nor3_1)
                                         _067_ (net)
                  0.29    0.00    3.30 ^ _137_/B (sky130_fd_sc_hd__nor2_1)
     1    0.00    0.07    0.09    3.39 v _137_/Y (sky130_fd_sc_hd__nor2_1)
                                         _068_ (net)
                  0.07    0.00    3.39 v _138_/B (sky130_fd_sc_hd__xnor2_1)
     1    0.00    0.07    0.14    3.53 v _138_/Y (sky130_fd_sc_hd__xnor2_1)
                                         _069_ (net)
                  0.07    0.00    3.53 v _150_/A2 (sky130_fd_sc_hd__o21a_1)
     1    0.00    0.04    0.19    3.72 v _150_/X (sky130_fd_sc_hd__o21a_1)
                                         net21 (net)
                  0.04    0.00    3.72 v output21/A (sky130_fd_sc_hd__buf_2)
     1    0.03    0.09    0.19    3.91 v output21/X (sky130_fd_sc_hd__buf_2)
                                         out[1] (net)
                  0.09    0.00    3.91 v out[1] (out)
                                  3.91   data arrival time

                  0.00   10.00   10.00   clock __VIRTUAL_CLK__ (rise edge)
                          0.00   10.00   clock network delay (ideal)
                         -0.25    9.75   clock uncertainty
                          0.00    9.75   clock reconvergence pessimism
                         -2.00    7.75   output external delay
                                  7.75   data required time
-----------------------------------------------------------------------------
                                  7.75   data required time
                                 -3.91   data arrival time
-----------------------------------------------------------------------------
                                  3.84   slack (MET)


Startpoint: opcode[1] (input port clocked by __VIRTUAL_CLK__)
Endpoint: out[0] (output port clocked by __VIRTUAL_CLK__)
Path Group: __VIRTUAL_CLK__
Path Type: max
Corner: Typical

Fanout     Cap    Slew   Delay    Time   Description
-----------------------------------------------------------------------------
                  0.00    0.00    0.00   clock __VIRTUAL_CLK__ (rise edge)
                          0.00    0.00   clock network delay (ideal)
                          2.00    2.00 v input external delay
     1    0.00    0.01    0.01    2.01 v opcode[1] (in)
                                         opcode[1] (net)
                  0.01    0.00    2.01 v input18/A (sky130_fd_sc_hd__clkbuf_1)
     2    0.01    0.06    0.10    2.11 v input18/X (sky130_fd_sc_hd__clkbuf_1)
                                         net18 (net)
                  0.06    0.00    2.11 v _114_/A (sky130_fd_sc_hd__clkbuf_2)
    10    0.03    0.11    0.19    2.30 v _114_/X (sky130_fd_sc_hd__clkbuf_2)
                                         _046_ (net)
                  0.11    0.00    2.30 v _121_/B (sky130_fd_sc_hd__and3_2)
     8    0.03    0.10    0.31    2.61 v _121_/X (sky130_fd_sc_hd__and3_2)
                                         _053_ (net)
                  0.10    0.00    2.61 v _123_/A2 (sky130_fd_sc_hd__a22o_1)
     1    0.00    0.04    0.26    2.86 v _123_/X (sky130_fd_sc_hd__a22o_1)
                                         _055_ (net)
                  0.04    0.00    2.86 v _127_/C (sky130_fd_sc_hd__or4_1)
     1    0.00    0.08    0.48    3.34 v _127_/X (sky130_fd_sc_hd__or4_1)
                                         _059_ (net)
                  0.08    0.00    3.34 v _128_/A (sky130_fd_sc_hd__clkbuf_1)
     1    0.00    0.03    0.11    3.45 v _128_/X (sky130_fd_sc_hd__clkbuf_1)
                                         net20 (net)
                  0.03    0.00    3.45 v output20/A (sky130_fd_sc_hd__buf_2)
     1    0.03    0.09    0.18    3.64 v output20/X (sky130_fd_sc_hd__buf_2)
                                         out[0] (net)
                  0.09    0.00    3.64 v out[0] (out)
                                  3.64   data arrival time

                  0.00   10.00   10.00   clock __VIRTUAL_CLK__ (rise edge)
                          0.00   10.00   clock network delay (ideal)
                         -0.25    9.75   clock uncertainty
                          0.00    9.75   clock reconvergence pessimism
                         -2.00    7.75   output external delay
                                  7.75   data required time
-----------------------------------------------------------------------------
                                  7.75   data required time
                                 -3.64   data arrival time
-----------------------------------------------------------------------------
                                  4.11   slack (MET)



worst slack corner Typical: 3.0833
