Thu May 22 00:40:45 +0000 2025 - Executing "{openroad -exit -no_init -python /openlane/scripts/odbpy/lefutil.py get_metal_layers -o /openlane/designs/project4/runs/RUN_2025.05.22_00.40.45/tmp/layers.list /home/furkan/.volare/sky130A/libs.ref/sky130_fd_sc_hd/techlef/sky130_fd_sc_hd__nom.tlef}"

Thu May 22 00:40:45 +0000 2025 - Executing "{/openlane/scripts/mergeLef.py -o /openlane/designs/project4/runs/RUN_2025.05.22_00.40.45/tmp/merged.nom.lef -i /home/furkan/.volare/sky130A/libs.ref/sky130_fd_sc_hd/techlef/sky130_fd_sc_hd__nom.tlef {/home/furkan/.volare/sky130A/libs.ref/sky130_fd_sc_hd/lef/sky130_fd_sc_hd.lef /home/furkan/.volare/sky130A/libs.ref/sky130_fd_sc_hd/lef/sky130_ef_sc_hd.lef} |& tee /dev/null}"

Thu May 22 00:40:45 +0000 2025 - Executing "{/openlane/scripts/mergeLef.py -o /openlane/designs/project4/runs/RUN_2025.05.22_00.40.45/tmp/merged.min.lef -i /home/furkan/.volare/sky130A/libs.ref/sky130_fd_sc_hd/techlef/sky130_fd_sc_hd__min.tlef {/home/furkan/.volare/sky130A/libs.ref/sky130_fd_sc_hd/lef/sky130_fd_sc_hd.lef /home/furkan/.volare/sky130A/libs.ref/sky130_fd_sc_hd/lef/sky130_ef_sc_hd.lef} |& tee /dev/null}"

Thu May 22 00:40:45 +0000 2025 - Executing "{/openlane/scripts/mergeLef.py -o /openlane/designs/project4/runs/RUN_2025.05.22_00.40.45/tmp/merged.max.lef -i /home/furkan/.volare/sky130A/libs.ref/sky130_fd_sc_hd/techlef/sky130_fd_sc_hd__max.tlef {/home/furkan/.volare/sky130A/libs.ref/sky130_fd_sc_hd/lef/sky130_fd_sc_hd.lef /home/furkan/.volare/sky130A/libs.ref/sky130_fd_sc_hd/lef/sky130_ef_sc_hd.lef} |& tee /dev/null}"

Thu May 22 00:40:45 +0000 2025 - Executing "{python3 /openlane/scripts/mergeLib.py --output /openlane/designs/project4/runs/RUN_2025.05.22_00.40.45/tmp/synthesis/merged.lib --name sky130A_merged /home/furkan/.volare/sky130A/libs.ref/sky130_fd_sc_hd/lib/sky130_fd_sc_hd__tt_025C_1v80.lib}"

Thu May 22 00:40:46 +0000 2025 - Executing "{python3 /openlane/scripts/libtrim.py --cell-file /openlane/designs/project4/runs/RUN_2025.05.22_00.40.45/tmp/synthesis/trimmed.lib.exclude.list --output /openlane/designs/project4/runs/RUN_2025.05.22_00.40.45/tmp/synthesis/trimmed.lib /openlane/designs/project4/runs/RUN_2025.05.22_00.40.45/tmp/synthesis/merged.lib}"

Thu May 22 00:40:46 +0000 2025 - Executing "{python3 /openlane/scripts/libtrim.py --cell-file /openlane/designs/project4/runs/RUN_2025.05.22_00.40.45/tmp/cts/cts.lib.exclude.list --output /openlane/designs/project4/runs/RUN_2025.05.22_00.40.45/tmp/cts/cts.lib /home/furkan/.volare/sky130A/libs.ref/sky130_fd_sc_hd/lib/sky130_fd_sc_hd__tt_025C_1v80.lib}"

Thu May 22 00:40:46 +0000 2025 - Executing "{python3 /openlane/scripts/libtrim.py --cell-file /openlane/designs/project4/runs/RUN_2025.05.22_00.40.45/tmp/cts/cts-fastest.lib.exclude.list --output /openlane/designs/project4/runs/RUN_2025.05.22_00.40.45/tmp/cts/cts-fastest.lib /home/furkan/.volare/sky130A/libs.ref/sky130_fd_sc_hd/lib/sky130_fd_sc_hd__ff_n40C_1v95.lib}"

Thu May 22 00:40:46 +0000 2025 - Executing "{python3 /openlane/scripts/libtrim.py --cell-file /openlane/designs/project4/runs/RUN_2025.05.22_00.40.45/tmp/cts/cts-slowest.lib.exclude.list --output /openlane/designs/project4/runs/RUN_2025.05.22_00.40.45/tmp/cts/cts-slowest.lib /home/furkan/.volare/sky130A/libs.ref/sky130_fd_sc_hd/lib/sky130_fd_sc_hd__ss_100C_1v60.lib}"

Thu May 22 00:40:46 +0000 2025 - Executing "{python3 /openlane/scripts/new_tracks.py -i /home/furkan/.volare/sky130A/libs.tech/openlane/sky130_fd_sc_hd/tracks.info -o /openlane/designs/project4/runs/RUN_2025.05.22_00.40.45/tmp/routing/config.tracks}"

Thu May 22 00:40:46 +0000 2025 - Executing "{echo {OpenLane e73fb3c57e687a0023fcd4dcfd1566ecd478362a} > /openlane/designs/project4/runs/RUN_2025.05.22_00.40.45/OPENLANE_COMMIT}"

Thu May 22 00:40:47 +0000 2025 - Executing "{yosys -c /openlane/scripts/yosys/blackbox.tcl}"

Thu May 22 00:40:47 +0000 2025 - Executing "{verilator -Wall --lint-only --Wno-DECLFILENAME --top-module project4 /openlane/designs/project4/runs/RUN_2025.05.22_00.40.45/tmp/synthesis/blackbox/sky130_fd_sc_hd__blackbox.v /openlane/designs/project4/src/project4.v -Wno-fatal --relative-includes |& tee /openlane/designs/project4/runs/RUN_2025.05.22_00.40.45/logs/synthesis/linter.log /dev/null}"

Thu May 22 00:40:47 +0000 2025 - Executing "{sed -E {s/^([[:space:]]+)pg_pin(.*)/\1pin\2\n\1    direction : "inout";/g} /home/furkan/.volare/sky130A/libs.ref/sky130_fd_sc_hd/lib/sky130_fd_sc_hd__tt_025C_1v80.lib > /openlane/designs/project4/runs/RUN_2025.05.22_00.40.45/tmp/synthesis/1-sky130_fd_sc_hd__tt_025C_1v80.no_pg.lib}"

Thu May 22 00:40:47 +0000 2025 - Executing "{sed -E {s/^([[:space:]]+)pg_pin(.*)/\1pin\2\n\1    direction : "inout";/g} /openlane/designs/project4/runs/RUN_2025.05.22_00.40.45/tmp/synthesis/trimmed.lib > /openlane/designs/project4/runs/RUN_2025.05.22_00.40.45/tmp/synthesis/1-trimmed.no_pg.lib}"

Thu May 22 00:40:47 +0000 2025 - Executing "yosys -c /openlane/scripts/yosys/synth.tcl |& tee /dev/null /openlane/designs/project4/runs/RUN_2025.05.22_00.40.45/logs/synthesis/1-synthesis.log"

Thu May 22 00:40:47 +0000 2025 - Executing "{yosys -c /openlane/scripts/yosys/synth.tcl |& tee /dev/null /openlane/designs/project4/runs/RUN_2025.05.22_00.40.45/logs/synthesis/1-synthesis.log}"

Thu May 22 00:40:52 +0000 2025 - Executing "{sed -i.bak -e {s/\(set ::env(CURRENT_NETLIST)\).*/\1 \/openlane\/designs\/project4\/runs\/RUN_2025.05.22_00.40.45\/results\/synthesis\/project4.v/} /openlane/designs/project4/runs/RUN_2025.05.22_00.40.45/config.tcl}"

Thu May 22 00:40:52 +0000 2025 - Executing "{sed -i.bak /defparam/d /openlane/designs/project4/runs/RUN_2025.05.22_00.40.45/results/synthesis/project4.v}"

Thu May 22 00:40:52 +0000 2025 - Executing "sta -exit -no_init /openlane/scripts/openroad/sta/multi_corner.tcl |& tee /dev/null /openlane/designs/project4/runs/RUN_2025.05.22_00.40.45/logs/synthesis/2-sta.log"

Thu May 22 00:40:52 +0000 2025 - Executing "{sta -exit -no_init /openlane/scripts/openroad/sta/multi_corner.tcl |& tee /dev/null /openlane/designs/project4/runs/RUN_2025.05.22_00.40.45/logs/synthesis/2-sta.log}"

Thu May 22 00:40:53 +0000 2025 - Executing "openroad -exit /openlane/scripts/openroad/floorplan.tcl |& tee /dev/null /openlane/designs/project4/runs/RUN_2025.05.22_00.40.45/logs/floorplan/3-initial_fp.log"

Thu May 22 00:40:53 +0000 2025 - Executing "{openroad -exit /openlane/scripts/openroad/floorplan.tcl |& tee /dev/null /openlane/designs/project4/runs/RUN_2025.05.22_00.40.45/logs/floorplan/3-initial_fp.log}"

Thu May 22 00:40:54 +0000 2025 - Executing "{openroad -exit -no_init -python /openlane/scripts/odbpy/defutil.py extract_core_dims --output-data /openlane/designs/project4/runs/RUN_2025.05.22_00.40.45/tmp/dimensions.txt --input-lef /openlane/designs/project4/runs/RUN_2025.05.22_00.40.45/tmp/merged.nom.lef /openlane/designs/project4/runs/RUN_2025.05.22_00.40.45/tmp/floorplan/3-initial_fp.def}"

Thu May 22 00:40:54 +0000 2025 - Executing "openroad -exit /openlane/scripts/openroad/ioplacer.tcl |& tee /dev/null /openlane/designs/project4/runs/RUN_2025.05.22_00.40.45/logs/floorplan/4-io.log"

Thu May 22 00:40:54 +0000 2025 - Executing "{openroad -exit /openlane/scripts/openroad/ioplacer.tcl |& tee /dev/null /openlane/designs/project4/runs/RUN_2025.05.22_00.40.45/logs/floorplan/4-io.log}"

Thu May 22 00:40:55 +0000 2025 - Executing "openroad -exit /openlane/scripts/openroad/tapcell.tcl |& tee /dev/null /openlane/designs/project4/runs/RUN_2025.05.22_00.40.45/logs/floorplan/5-tap.log"

Thu May 22 00:40:55 +0000 2025 - Executing "{openroad -exit /openlane/scripts/openroad/tapcell.tcl |& tee /dev/null /openlane/designs/project4/runs/RUN_2025.05.22_00.40.45/logs/floorplan/5-tap.log}"

Thu May 22 00:40:55 +0000 2025 - Executing "openroad -exit /openlane/scripts/openroad/pdn.tcl |& tee /dev/null /openlane/designs/project4/runs/RUN_2025.05.22_00.40.45/logs/floorplan/6-pdn.log"

Thu May 22 00:40:55 +0000 2025 - Executing "{openroad -exit /openlane/scripts/openroad/pdn.tcl |& tee /dev/null /openlane/designs/project4/runs/RUN_2025.05.22_00.40.45/logs/floorplan/6-pdn.log}"

Thu May 22 00:40:56 +0000 2025 - Executing "openroad -exit /openlane/scripts/openroad/gpl.tcl |& tee /dev/null /openlane/designs/project4/runs/RUN_2025.05.22_00.40.45/logs/placement/6-global_skip_io.log"

Thu May 22 00:40:56 +0000 2025 - Executing "{openroad -exit /openlane/scripts/openroad/gpl.tcl |& tee /dev/null /openlane/designs/project4/runs/RUN_2025.05.22_00.40.45/logs/placement/6-global_skip_io.log}"

Thu May 22 00:40:57 +0000 2025 - Executing "{sed -i.bak -e {s/\(set ::env(CURRENT_NETLIST)\).*/\1 \/openlane\/designs\/project4\/runs\/RUN_2025.05.22_00.40.45\/tmp\/placement\/7-global_skip_io.nl.v/} /openlane/designs/project4/runs/RUN_2025.05.22_00.40.45/config.tcl}"

Thu May 22 00:40:57 +0000 2025 - Executing "openroad -exit /openlane/scripts/openroad/sta/multi_corner.tcl |& tee /dev/null /openlane/designs/project4/runs/RUN_2025.05.22_00.40.45/logs/placement/8-gpl_sta.log"

Thu May 22 00:40:57 +0000 2025 - Executing "{openroad -exit /openlane/scripts/openroad/sta/multi_corner.tcl |& tee /dev/null /openlane/designs/project4/runs/RUN_2025.05.22_00.40.45/logs/placement/8-gpl_sta.log}"

Thu May 22 00:40:59 +0000 2025 - Executing "openroad -exit /openlane/scripts/openroad/ioplacer.tcl |& tee /dev/null /openlane/designs/project4/runs/RUN_2025.05.22_00.40.45/logs/placement/9-io.log"

Thu May 22 00:40:59 +0000 2025 - Executing "{openroad -exit /openlane/scripts/openroad/ioplacer.tcl |& tee /dev/null /openlane/designs/project4/runs/RUN_2025.05.22_00.40.45/logs/placement/9-io.log}"

Thu May 22 00:41:00 +0000 2025 - Executing "openroad -exit /openlane/scripts/openroad/gpl.tcl |& tee /dev/null /openlane/designs/project4/runs/RUN_2025.05.22_00.40.45/logs/placement/9-global.log"

Thu May 22 00:41:00 +0000 2025 - Executing "{openroad -exit /openlane/scripts/openroad/gpl.tcl |& tee /dev/null /openlane/designs/project4/runs/RUN_2025.05.22_00.40.45/logs/placement/9-global.log}"

Thu May 22 00:41:01 +0000 2025 - Executing "{sed -i.bak -e {s/\(set ::env(CURRENT_NETLIST)\).*/\1 \/openlane\/designs\/project4\/runs\/RUN_2025.05.22_00.40.45\/tmp\/placement\/10-global.nl.v/} /openlane/designs/project4/runs/RUN_2025.05.22_00.40.45/config.tcl}"

Thu May 22 00:41:01 +0000 2025 - Executing "openroad -exit /openlane/scripts/openroad/sta/multi_corner.tcl |& tee /dev/null /openlane/designs/project4/runs/RUN_2025.05.22_00.40.45/logs/placement/11-gpl_sta.log"

Thu May 22 00:41:01 +0000 2025 - Executing "{openroad -exit /openlane/scripts/openroad/sta/multi_corner.tcl |& tee /dev/null /openlane/designs/project4/runs/RUN_2025.05.22_00.40.45/logs/placement/11-gpl_sta.log}"

Thu May 22 00:41:03 +0000 2025 - Executing "openroad -exit /openlane/scripts/openroad/resizer.tcl |& tee /dev/null /openlane/designs/project4/runs/RUN_2025.05.22_00.40.45/logs/placement/12-resizer.log"

Thu May 22 00:41:03 +0000 2025 - Executing "{openroad -exit /openlane/scripts/openroad/resizer.tcl |& tee /dev/null /openlane/designs/project4/runs/RUN_2025.05.22_00.40.45/logs/placement/12-resizer.log}"

Thu May 22 00:41:06 +0000 2025 - Executing "{sed -i.bak -e {s/\(set ::env(CURRENT_NETLIST)\).*/\1 \/openlane\/designs\/project4\/runs\/RUN_2025.05.22_00.40.45\/tmp\/placement\/12-resizer.nl.v/} /openlane/designs/project4/runs/RUN_2025.05.22_00.40.45/config.tcl}"

Thu May 22 00:41:06 +0000 2025 - Executing "openroad -exit /openlane/scripts/openroad/dpl.tcl |& tee /dev/null /openlane/designs/project4/runs/RUN_2025.05.22_00.40.45/logs/placement/13-detailed.log"

Thu May 22 00:41:06 +0000 2025 - Executing "{openroad -exit /openlane/scripts/openroad/dpl.tcl |& tee /dev/null /openlane/designs/project4/runs/RUN_2025.05.22_00.40.45/logs/placement/13-detailed.log}"

Thu May 22 00:41:07 +0000 2025 - Executing "{sed -i.bak -e {s/\(set ::env(CURRENT_NETLIST)\).*/\1 \/openlane\/designs\/project4\/runs\/RUN_2025.05.22_00.40.45\/results\/placement\/project4.nl.v/} /openlane/designs/project4/runs/RUN_2025.05.22_00.40.45/config.tcl}"

Thu May 22 00:41:07 +0000 2025 - Executing "openroad -exit /openlane/scripts/openroad/sta/multi_corner.tcl |& tee /dev/null /openlane/designs/project4/runs/RUN_2025.05.22_00.40.45/logs/placement/14-dpl_sta.log"

Thu May 22 00:41:07 +0000 2025 - Executing "{openroad -exit /openlane/scripts/openroad/sta/multi_corner.tcl |& tee /dev/null /openlane/designs/project4/runs/RUN_2025.05.22_00.40.45/logs/placement/14-dpl_sta.log}"

Thu May 22 00:41:09 +0000 2025 - Executing "openroad -exit /openlane/scripts/openroad/cts.tcl |& tee /dev/null /openlane/designs/project4/runs/RUN_2025.05.22_00.40.45/logs/cts/15-cts.log"

Thu May 22 00:41:09 +0000 2025 - Executing "{openroad -exit /openlane/scripts/openroad/cts.tcl |& tee /dev/null /openlane/designs/project4/runs/RUN_2025.05.22_00.40.45/logs/cts/15-cts.log}"

Thu May 22 00:41:16 +0000 2025 - Executing "openroad -exit /openlane/scripts/openroad/sta/multi_corner.tcl |& tee /dev/null /openlane/designs/project4/runs/RUN_2025.05.22_00.40.45/logs/cts/16-cts_sta.log"

Thu May 22 00:41:16 +0000 2025 - Executing "{openroad -exit /openlane/scripts/openroad/sta/multi_corner.tcl |& tee /dev/null /openlane/designs/project4/runs/RUN_2025.05.22_00.40.45/logs/cts/16-cts_sta.log}"

Thu May 22 00:41:19 +0000 2025 - Executing "openroad -exit /openlane/scripts/openroad/resizer_timing.tcl |& tee /dev/null /openlane/designs/project4/runs/RUN_2025.05.22_00.40.45/logs/cts/17-resizer.log"

Thu May 22 00:41:19 +0000 2025 - Executing "{openroad -exit /openlane/scripts/openroad/resizer_timing.tcl |& tee /dev/null /openlane/designs/project4/runs/RUN_2025.05.22_00.40.45/logs/cts/17-resizer.log}"

Thu May 22 00:41:21 +0000 2025 - Executing "{sed -i.bak -e {s/\(set ::env(CURRENT_NETLIST)\).*/\1 \/openlane\/designs\/project4\/runs\/RUN_2025.05.22_00.40.45\/tmp\/cts\/17-project4.resized.nl.v/} /openlane/designs/project4/runs/RUN_2025.05.22_00.40.45/config.tcl}"

Thu May 22 00:41:21 +0000 2025 - Executing "openroad -exit /openlane/scripts/openroad/resizer_routing_design.tcl |& tee /dev/null /openlane/designs/project4/runs/RUN_2025.05.22_00.40.45/logs/routing/18-resizer_design.log"

Thu May 22 00:41:21 +0000 2025 - Executing "{openroad -exit /openlane/scripts/openroad/resizer_routing_design.tcl |& tee /dev/null /openlane/designs/project4/runs/RUN_2025.05.22_00.40.45/logs/routing/18-resizer_design.log}"

Thu May 22 00:41:25 +0000 2025 - Executing "{sed -i.bak -e {s/\(set ::env(CURRENT_NETLIST)\).*/\1 \/openlane\/designs\/project4\/runs\/RUN_2025.05.22_00.40.45\/tmp\/18-project4.nl.v/} /openlane/designs/project4/runs/RUN_2025.05.22_00.40.45/config.tcl}"

Thu May 22 00:41:26 +0000 2025 - Executing "openroad -exit /openlane/scripts/openroad/sta/multi_corner.tcl |& tee /dev/null /openlane/designs/project4/runs/RUN_2025.05.22_00.40.45/logs/routing/19-rsz_design_sta.log"

Thu May 22 00:41:26 +0000 2025 - Executing "{openroad -exit /openlane/scripts/openroad/sta/multi_corner.tcl |& tee /dev/null /openlane/designs/project4/runs/RUN_2025.05.22_00.40.45/logs/routing/19-rsz_design_sta.log}"

Thu May 22 00:41:29 +0000 2025 - Executing "openroad -exit /openlane/scripts/openroad/resizer_routing_timing.tcl |& tee /dev/null /openlane/designs/project4/runs/RUN_2025.05.22_00.40.45/logs/routing/20-resizer_timing.log"

Thu May 22 00:41:29 +0000 2025 - Executing "{openroad -exit /openlane/scripts/openroad/resizer_routing_timing.tcl |& tee /dev/null /openlane/designs/project4/runs/RUN_2025.05.22_00.40.45/logs/routing/20-resizer_timing.log}"

Thu May 22 00:41:32 +0000 2025 - Executing "{sed -i.bak -e {s/\(set ::env(CURRENT_NETLIST)\).*/\1 \/openlane\/designs\/project4\/runs\/RUN_2025.05.22_00.40.45\/tmp\/20-project4.nl.v/} /openlane/designs/project4/runs/RUN_2025.05.22_00.40.45/config.tcl}"

Thu May 22 00:41:33 +0000 2025 - Executing "openroad -exit /openlane/scripts/openroad/sta/multi_corner.tcl |& tee /dev/null /openlane/designs/project4/runs/RUN_2025.05.22_00.40.45/logs/routing/21-rsz_timing_sta.log"

Thu May 22 00:41:33 +0000 2025 - Executing "{openroad -exit /openlane/scripts/openroad/sta/multi_corner.tcl |& tee /dev/null /openlane/designs/project4/runs/RUN_2025.05.22_00.40.45/logs/routing/21-rsz_timing_sta.log}"

Thu May 22 00:41:36 +0000 2025 - Executing "openroad -exit /openlane/scripts/openroad/repair_antennas.tcl |& tee /dev/null /openlane/designs/project4/runs/RUN_2025.05.22_00.40.45/logs/routing/22-global.log"

Thu May 22 00:41:36 +0000 2025 - Executing "{openroad -exit /openlane/scripts/openroad/repair_antennas.tcl |& tee /dev/null /openlane/designs/project4/runs/RUN_2025.05.22_00.40.45/logs/routing/22-global.log}"

Thu May 22 00:41:38 +0000 2025 - Executing "openroad -exit /openlane/scripts/openroad/write_views.tcl |& tee /dev/null /openlane/designs/project4/runs/RUN_2025.05.22_00.40.45/logs/routing/22-global_write_netlist.log"

Thu May 22 00:41:38 +0000 2025 - Executing "{openroad -exit /openlane/scripts/openroad/write_views.tcl |& tee /dev/null /openlane/designs/project4/runs/RUN_2025.05.22_00.40.45/logs/routing/22-global_write_netlist.log}"

Thu May 22 00:41:38 +0000 2025 - Executing "{sed -i.bak -e {s/\(set ::env(CURRENT_NETLIST)\).*/\1 \/openlane\/designs\/project4\/runs\/RUN_2025.05.22_00.40.45\/tmp\/routing\/global.nl.v/} /openlane/designs/project4/runs/RUN_2025.05.22_00.40.45/config.tcl}"

Thu May 22 00:41:38 +0000 2025 - Executing "openroad -exit /openlane/scripts/openroad/sta/multi_corner.tcl |& tee /dev/null /openlane/designs/project4/runs/RUN_2025.05.22_00.40.45/logs/routing/24-grt_sta.log"

Thu May 22 00:41:38 +0000 2025 - Executing "{openroad -exit /openlane/scripts/openroad/sta/multi_corner.tcl |& tee /dev/null /openlane/designs/project4/runs/RUN_2025.05.22_00.40.45/logs/routing/24-grt_sta.log}"

Thu May 22 00:41:40 +0000 2025 - Executing "openroad -exit /openlane/scripts/openroad/fill.tcl |& tee /dev/null /openlane/designs/project4/runs/RUN_2025.05.22_00.40.45/logs/routing/25-fill.log"

Thu May 22 00:41:40 +0000 2025 - Executing "{openroad -exit /openlane/scripts/openroad/fill.tcl |& tee /dev/null /openlane/designs/project4/runs/RUN_2025.05.22_00.40.45/logs/routing/25-fill.log}"

Thu May 22 00:41:41 +0000 2025 - Executing "{sed -i.bak -e {s/\(set ::env(CURRENT_NETLIST)\).*/\1 \/openlane\/designs\/project4\/runs\/RUN_2025.05.22_00.40.45\/tmp\/routing\/25-fill.nl.v/} /openlane/designs/project4/runs/RUN_2025.05.22_00.40.45/config.tcl}"

Thu May 22 00:41:41 +0000 2025 - Executing "openroad -exit -metrics /openlane/designs/project4/runs/RUN_2025.05.22_00.40.45/reports/routing/26-drt_metrics.json /openlane/scripts/openroad/droute.tcl |& tee /dev/null /openlane/designs/project4/runs/RUN_2025.05.22_00.40.45/logs/routing/26-detailed.log"

Thu May 22 00:41:41 +0000 2025 - Executing "{openroad -exit -metrics /openlane/designs/project4/runs/RUN_2025.05.22_00.40.45/reports/routing/26-drt_metrics.json /openlane/scripts/openroad/droute.tcl |& tee /dev/null /openlane/designs/project4/runs/RUN_2025.05.22_00.40.45/logs/routing/26-detailed.log}"

Thu May 22 00:46:15 +0000 2025 - Executing "{sed -i.bak -e {s/\(set ::env(CURRENT_NETLIST)\).*/\1 \/openlane\/designs\/project4\/runs\/RUN_2025.05.22_00.40.45\/results\/routing\/project4.nl.v/} /openlane/designs/project4/runs/RUN_2025.05.22_00.40.45/config.tcl}"

Thu May 22 00:46:15 +0000 2025 - Executing "{python3 /openlane/scripts/drc_rosetta.py tr to_klayout -o /openlane/designs/project4/runs/RUN_2025.05.22_00.40.45/reports/routing/drt.klayout.xml --design-name project4 /openlane/designs/project4/runs/RUN_2025.05.22_00.40.45/reports/routing/drt.drc}"

Thu May 22 00:46:16 +0000 2025 - Executing "{openroad -exit -no_init -python /openlane/scripts/odbpy/wire_lengths.py --report-out /openlane/designs/project4/runs/RUN_2025.05.22_00.40.45/reports/routing/27-wire_lengths.csv --input-lef /openlane/designs/project4/runs/RUN_2025.05.22_00.40.45/tmp/merged.nom.lef --output-def /openlane/designs/project4/runs/RUN_2025.05.22_00.40.45/results/routing/project4.def --output /openlane/designs/project4/runs/RUN_2025.05.22_00.40.45/results/routing/project4.odb /openlane/designs/project4/runs/RUN_2025.05.22_00.40.45/results/routing/project4.odb |& tee /dev/null /openlane/designs/project4/runs/RUN_2025.05.22_00.40.45/logs/routing/27-wire_lengths.log}"

Thu May 22 00:46:16 +0000 2025 - Executing "openroad -exit /openlane/scripts/openroad/rcx.tcl |& tee /dev/null /openlane/designs/project4/runs/RUN_2025.05.22_00.40.45/logs/signoff/28-parasitics_extraction.min.log"

Thu May 22 00:46:16 +0000 2025 - Executing "{openroad -exit /openlane/scripts/openroad/rcx.tcl |& tee /dev/null /openlane/designs/project4/runs/RUN_2025.05.22_00.40.45/logs/signoff/28-parasitics_extraction.min.log}"

Thu May 22 00:46:18 +0000 2025 - Executing "sta -exit -no_init /openlane/scripts/openroad/sta/multi_corner.tcl |& tee /dev/null /openlane/designs/project4/runs/RUN_2025.05.22_00.40.45/logs/signoff/29-rcx_mcsta.min.log"

Thu May 22 00:46:18 +0000 2025 - Executing "{sta -exit -no_init /openlane/scripts/openroad/sta/multi_corner.tcl |& tee /dev/null /openlane/designs/project4/runs/RUN_2025.05.22_00.40.45/logs/signoff/29-rcx_mcsta.min.log}"

Thu May 22 00:46:31 +0000 2025 - Executing "openroad -exit /openlane/scripts/openroad/rcx.tcl |& tee /dev/null /openlane/designs/project4/runs/RUN_2025.05.22_00.40.45/logs/signoff/30-parasitics_extraction.max.log"

Thu May 22 00:46:31 +0000 2025 - Executing "{openroad -exit /openlane/scripts/openroad/rcx.tcl |& tee /dev/null /openlane/designs/project4/runs/RUN_2025.05.22_00.40.45/logs/signoff/30-parasitics_extraction.max.log}"

Thu May 22 00:46:33 +0000 2025 - Executing "sta -exit -no_init /openlane/scripts/openroad/sta/multi_corner.tcl |& tee /dev/null /openlane/designs/project4/runs/RUN_2025.05.22_00.40.45/logs/signoff/31-rcx_mcsta.max.log"

Thu May 22 00:46:33 +0000 2025 - Executing "{sta -exit -no_init /openlane/scripts/openroad/sta/multi_corner.tcl |& tee /dev/null /openlane/designs/project4/runs/RUN_2025.05.22_00.40.45/logs/signoff/31-rcx_mcsta.max.log}"

Thu May 22 00:46:47 +0000 2025 - Executing "openroad -exit /openlane/scripts/openroad/rcx.tcl |& tee /dev/null /openlane/designs/project4/runs/RUN_2025.05.22_00.40.45/logs/signoff/32-parasitics_extraction.nom.log"

Thu May 22 00:46:47 +0000 2025 - Executing "{openroad -exit /openlane/scripts/openroad/rcx.tcl |& tee /dev/null /openlane/designs/project4/runs/RUN_2025.05.22_00.40.45/logs/signoff/32-parasitics_extraction.nom.log}"

Thu May 22 00:46:49 +0000 2025 - Executing "sta -exit -no_init /openlane/scripts/openroad/sta/multi_corner.tcl |& tee /dev/null /openlane/designs/project4/runs/RUN_2025.05.22_00.40.45/logs/signoff/33-rcx_mcsta.nom.log"

Thu May 22 00:46:49 +0000 2025 - Executing "{sta -exit -no_init /openlane/scripts/openroad/sta/multi_corner.tcl |& tee /dev/null /openlane/designs/project4/runs/RUN_2025.05.22_00.40.45/logs/signoff/33-rcx_mcsta.nom.log}"

Thu May 22 00:47:03 +0000 2025 - Executing "openroad -exit /openlane/scripts/openroad/irdrop.tcl |& tee /dev/null /openlane/designs/project4/runs/RUN_2025.05.22_00.40.45/logs/signoff/34-irdrop.log"

Thu May 22 00:47:03 +0000 2025 - Executing "{openroad -exit /openlane/scripts/openroad/irdrop.tcl |& tee /dev/null /openlane/designs/project4/runs/RUN_2025.05.22_00.40.45/logs/signoff/34-irdrop.log}"

Thu May 22 00:47:06 +0000 2025 - Executing "magic -noconsole -dnull -rcfile /home/furkan/.volare/sky130A/libs.tech/magic/sky130A.magicrc < /openlane/scripts/magic/wrapper.tcl |& tee /dev/null /openlane/designs/project4/runs/RUN_2025.05.22_00.40.45/logs/signoff/35-gdsii.log"

Thu May 22 00:47:06 +0000 2025 - Executing "{magic -noconsole -dnull -rcfile /home/furkan/.volare/sky130A/libs.tech/magic/sky130A.magicrc < /openlane/scripts/magic/wrapper.tcl |& tee /dev/null /openlane/designs/project4/runs/RUN_2025.05.22_00.40.45/logs/signoff/35-gdsii.log}"

Thu May 22 00:47:09 +0000 2025 - Executing "magic -noconsole -dnull -rcfile /home/furkan/.volare/sky130A/libs.tech/magic/sky130A.magicrc < /openlane/scripts/magic/wrapper.tcl |& tee /dev/null /openlane/designs/project4/runs/RUN_2025.05.22_00.40.45/logs/signoff/35-gds_ptrs.log"

Thu May 22 00:47:09 +0000 2025 - Executing "{magic -noconsole -dnull -rcfile /home/furkan/.volare/sky130A/libs.tech/magic/sky130A.magicrc < /openlane/scripts/magic/wrapper.tcl |& tee /dev/null /openlane/designs/project4/runs/RUN_2025.05.22_00.40.45/logs/signoff/35-gds_ptrs.log}"

Thu May 22 00:47:10 +0000 2025 - Executing "{sed -i.bak -n {/^<< properties >>/,/^<< end >>/p} /openlane/designs/project4/runs/RUN_2025.05.22_00.40.45/tmp/signoff/gds_ptrs.mag}"

Thu May 22 00:47:10 +0000 2025 - Executing "magic -noconsole -dnull -rcfile /home/furkan/.volare/sky130A/libs.tech/magic/sky130A.magicrc < /openlane/scripts/magic/wrapper.tcl |& tee /dev/null /openlane/designs/project4/runs/RUN_2025.05.22_00.40.45/logs/signoff/35-lef.log"

Thu May 22 00:47:10 +0000 2025 - Executing "{magic -noconsole -dnull -rcfile /home/furkan/.volare/sky130A/libs.tech/magic/sky130A.magicrc < /openlane/scripts/magic/wrapper.tcl |& tee /dev/null /openlane/designs/project4/runs/RUN_2025.05.22_00.40.45/logs/signoff/35-lef.log}"

Thu May 22 00:47:13 +0000 2025 - Executing "magic -noconsole -dnull -rcfile /home/furkan/.volare/sky130A/libs.tech/magic/sky130A.magicrc < /openlane/scripts/magic/wrapper.tcl |& tee /dev/null /openlane/designs/project4/runs/RUN_2025.05.22_00.40.45/logs/signoff/35-maglef.log"

Thu May 22 00:47:13 +0000 2025 - Executing "{magic -noconsole -dnull -rcfile /home/furkan/.volare/sky130A/libs.tech/magic/sky130A.magicrc < /openlane/scripts/magic/wrapper.tcl |& tee /dev/null /openlane/designs/project4/runs/RUN_2025.05.22_00.40.45/logs/signoff/35-maglef.log}"

Thu May 22 00:47:14 +0000 2025 - Executing "{python3 /openlane/scripts/klayout/stream_out.py --output /openlane/designs/project4/runs/RUN_2025.05.22_00.40.45/results/signoff/project4.klayout.gds --lyt /home/furkan/.volare/sky130A/libs.tech/klayout/tech/sky130A.lyt --lym /home/furkan/.volare/sky130A/libs.tech/klayout/tech/sky130A.map --lyp /home/furkan/.volare/sky130A/libs.tech/klayout/tech/sky130A.lyp --top project4 --with-gds-file /home/furkan/.volare/sky130A/libs.ref/sky130_fd_sc_hd/gds/sky130_fd_sc_hd.gds --input-lef /openlane/designs/project4/runs/RUN_2025.05.22_00.40.45/tmp/merged.nom.lef /openlane/designs/project4/runs/RUN_2025.05.22_00.40.45/results/routing/project4.def |& tee /dev/null /openlane/designs/project4/runs/RUN_2025.05.22_00.40.45/logs/signoff/36-gdsii-klayout.log}"

Thu May 22 00:47:15 +0000 2025 - Executing "{klayout -b -r /openlane/scripts/klayout/xor.drc -rd a=/openlane/designs/project4/runs/RUN_2025.05.22_00.40.45/results/signoff/project4.gds -rd b=/openlane/designs/project4/runs/RUN_2025.05.22_00.40.45/results/signoff/project4.klayout.gds -rd jobs=1 -rd rdb_out=/openlane/designs/project4/runs/RUN_2025.05.22_00.40.45/reports/signoff/37-xor.xml -rd ignore=81/14 -rd rpt_out=/openlane/designs/project4/runs/RUN_2025.05.22_00.40.45/reports/signoff/37-xor.rpt |& tee /dev/null /openlane/designs/project4/runs/RUN_2025.05.22_00.40.45/logs/signoff/37-xor.log}"

Thu May 22 00:47:22 +0000 2025 - Executing "magic -noconsole -dnull -rcfile /home/furkan/.volare/sky130A/libs.tech/magic/sky130A.magicrc < /openlane/scripts/magic/wrapper.tcl |& tee /dev/null /openlane/designs/project4/runs/RUN_2025.05.22_00.40.45/logs/signoff/38-spice.log"

Thu May 22 00:47:22 +0000 2025 - Executing "{magic -noconsole -dnull -rcfile /home/furkan/.volare/sky130A/libs.tech/magic/sky130A.magicrc < /openlane/scripts/magic/wrapper.tcl |& tee /dev/null /openlane/designs/project4/runs/RUN_2025.05.22_00.40.45/logs/signoff/38-spice.log}"

Thu May 22 00:47:28 +0000 2025 - Executing "{openroad -exit -no_init -python /openlane/scripts/odbpy/power_utils.py write_powered_def --output /openlane/designs/project4/runs/RUN_2025.05.22_00.40.45/tmp/signoff/38-project4.p.def --input-lef /openlane/designs/project4/runs/RUN_2025.05.22_00.40.45/tmp/merged.nom.lef --power-port VPWR --ground-port VGND --powered-netlist {} /openlane/designs/project4/runs/RUN_2025.05.22_00.40.45/results/routing/project4.def |& tee /dev/null /openlane/designs/project4/runs/RUN_2025.05.22_00.40.45/logs/signoff/39-write_powered_def.log}"

Thu May 22 00:47:29 +0000 2025 - Executing "openroad -exit /openlane/scripts/openroad/write_views.tcl |& tee /dev/null /openlane/designs/project4/runs/RUN_2025.05.22_00.40.45/logs/signoff/39-write_powered_verilog.log"

Thu May 22 00:47:29 +0000 2025 - Executing "{openroad -exit /openlane/scripts/openroad/write_views.tcl |& tee /dev/null /openlane/designs/project4/runs/RUN_2025.05.22_00.40.45/logs/signoff/39-write_powered_verilog.log}"

Thu May 22 00:47:30 +0000 2025 - Executing "{sed -i.bak -e {s/\(set ::env(CURRENT_NETLIST)\).*/\1 \/openlane\/designs\/project4\/runs\/RUN_2025.05.22_00.40.45\/tmp\/signoff\/38-project4.nl.v/} /openlane/designs/project4/runs/RUN_2025.05.22_00.40.45/config.tcl}"

Thu May 22 00:47:30 +0000 2025 - Executing "{netgen -batch source /openlane/designs/project4/runs/RUN_2025.05.22_00.40.45/tmp/signoff/41-setup_file.lef.lvs |& tee /dev/null /openlane/designs/project4/runs/RUN_2025.05.22_00.40.45/logs/signoff/41-lvs.lef.log}"

Thu May 22 00:47:32 +0000 2025 - Executing "magic -noconsole -dnull -rcfile /home/furkan/.volare/sky130A/libs.tech/magic/sky130A.magicrc < /openlane/scripts/magic/wrapper.tcl |& tee /dev/null /openlane/designs/project4/runs/RUN_2025.05.22_00.40.45/logs/signoff/42-drc.log"

Thu May 22 00:47:32 +0000 2025 - Executing "{magic -noconsole -dnull -rcfile /home/furkan/.volare/sky130A/libs.tech/magic/sky130A.magicrc < /openlane/scripts/magic/wrapper.tcl |& tee /dev/null /openlane/designs/project4/runs/RUN_2025.05.22_00.40.45/logs/signoff/42-drc.log}"

Thu May 22 00:48:02 +0000 2025 - Executing "{python3 /openlane/scripts/drc_rosetta.py magic to_tcl -o /openlane/designs/project4/runs/RUN_2025.05.22_00.40.45/reports/signoff/drc.tcl /openlane/designs/project4/runs/RUN_2025.05.22_00.40.45/reports/signoff/drc.rpt}"

Thu May 22 00:48:02 +0000 2025 - Executing "{python3 /openlane/scripts/drc_rosetta.py magic to_tr -o /openlane/designs/project4/runs/RUN_2025.05.22_00.40.45/reports/signoff/drc.tr /openlane/designs/project4/runs/RUN_2025.05.22_00.40.45/reports/signoff/drc.rpt}"

Thu May 22 00:48:02 +0000 2025 - Executing "{python3 /openlane/scripts/drc_rosetta.py tr to_klayout -o /openlane/designs/project4/runs/RUN_2025.05.22_00.40.45/reports/signoff/drc.klayout.xml --design-name project4 /openlane/designs/project4/runs/RUN_2025.05.22_00.40.45/reports/signoff/drc.tr}"

Thu May 22 00:48:02 +0000 2025 - Executing "{python3 /openlane/scripts/drc_rosetta.py magic to_rdb -o /openlane/designs/project4/runs/RUN_2025.05.22_00.40.45/reports/signoff/drc.rdb /openlane/designs/project4/runs/RUN_2025.05.22_00.40.45/reports/signoff/drc.rpt}"

Thu May 22 00:48:03 +0000 2025 - Executing "{klayout -b -zz -r /home/furkan/.volare/sky130A/libs.tech/klayout/drc/sky130A_mr.drc -rd topcell=project4 -rd input=/openlane/designs/project4/runs/RUN_2025.05.22_00.40.45/results/signoff/project4.gds -rd report=/openlane/designs/project4/runs/RUN_2025.05.22_00.40.45/reports/signoff/violations.xml -rd feol=true -rd beol=true -rd floating_metal=false -rd seal=true -rd thread=1 |& tee /dev/null /openlane/designs/project4/runs/RUN_2025.05.22_00.40.45/logs/signoff/43-drc-klayout.log}"

Thu May 22 00:48:30 +0000 2025 - Executing "{python3 /openlane/scripts/klayout/xml_drc_report_to_json.py --xml-file /openlane/designs/project4/runs/RUN_2025.05.22_00.40.45/reports/signoff/violations.xml --json-file /openlane/designs/project4/runs/RUN_2025.05.22_00.40.45/reports/signoff/violations.json}"

Thu May 22 00:48:30 +0000 2025 - Executing "openroad -exit /openlane/scripts/openroad/antenna_check.tcl |& tee /dev/null /openlane/designs/project4/runs/RUN_2025.05.22_00.40.45/logs/signoff/44-arc.log"

Thu May 22 00:48:30 +0000 2025 - Executing "{openroad -exit /openlane/scripts/openroad/antenna_check.tcl |& tee /dev/null /openlane/designs/project4/runs/RUN_2025.05.22_00.40.45/logs/signoff/44-arc.log}"

Thu May 22 00:48:31 +0000 2025 - Executing "{python3 /openlane/scripts/extract_antenna_violators.py --output /openlane/designs/project4/runs/RUN_2025.05.22_00.40.45/reports/signoff/44-antenna_violators.rpt --plain-out /openlane/designs/project4/runs/RUN_2025.05.22_00.40.45/reports/signoff/44-antenna_violators_pins.txt /openlane/designs/project4/runs/RUN_2025.05.22_00.40.45/logs/signoff/44-arc.log}"

Thu May 22 00:48:31 +0000 2025 - Executing "{python3 /openlane/scripts/write_runtime.py --conclude --seconds --time-in 1747874911 {flow completed}}"

Thu May 22 00:48:32 +0000 2025 - Executing "{python3 /openlane/scripts/generate_reports.py -d /openlane/designs/project4 --design_name project4 --tag RUN_2025.05.22_00.40.45 --output_file /openlane/designs/project4/runs/RUN_2025.05.22_00.40.45/reports/metrics.csv --man_report /openlane/designs/project4/runs/RUN_2025.05.22_00.40.45/reports/manufacturability.rpt --run_path /openlane/designs/project4/runs/RUN_2025.05.22_00.40.45}"

