
===========================================================================
 report_power
============================================================================
======================= Fastest Corner ===================================

Group                  Internal  Switching    Leakage      Total
                          Power      Power      Power      Power (Watts)
----------------------------------------------------------------
Sequential             1.51e-04   0.00e+00   3.00e-08   1.51e-04  46.7%
Combinational          2.71e-14   1.39e-13   8.30e-10   8.30e-10   0.0%
Clock                  1.11e-04   6.12e-05   9.28e-10   1.72e-04  53.3%
Macro                  0.00e+00   0.00e+00   0.00e+00   0.00e+00   0.0%
Pad                    0.00e+00   0.00e+00   0.00e+00   0.00e+00   0.0%
----------------------------------------------------------------
Total                  2.62e-04   6.12e-05   3.18e-08   3.23e-04 100.0%
                          81.1%      18.9%       0.0%

======================= Slowest Corner ===================================

Group                  Internal  Switching    Leakage      Total
                          Power      Power      Power      Power (Watts)
----------------------------------------------------------------
Sequential             9.97e-05   0.00e+00   6.06e-07   1.00e-04  45.6%
Combinational          1.76e-14   9.30e-14   7.32e-07   7.32e-07   0.3%
Clock                  7.90e-05   3.97e-05   1.13e-07   1.19e-04  54.1%
Macro                  0.00e+00   0.00e+00   0.00e+00   0.00e+00   0.0%
Pad                    0.00e+00   0.00e+00   0.00e+00   0.00e+00   0.0%
----------------------------------------------------------------
Total                  1.79e-04   3.97e-05   1.45e-06   2.20e-04 100.0%
                          81.3%      18.0%       0.7%

======================= Typical Corner ===================================

Group                  Internal  Switching    Leakage      Total
                          Power      Power      Power      Power (Watts)
----------------------------------------------------------------
Sequential             1.30e-04   0.00e+00   2.97e-08   1.30e-04  46.7%
Combinational          2.17e-14   1.19e-13   6.31e-10   6.31e-10   0.0%
Clock                  9.69e-05   5.12e-05   6.47e-10   1.48e-04  53.3%
Macro                  0.00e+00   0.00e+00   0.00e+00   0.00e+00   0.0%
Pad                    0.00e+00   0.00e+00   0.00e+00   0.00e+00   0.0%
----------------------------------------------------------------
Total                  2.26e-04   5.12e-05   3.10e-08   2.78e-04 100.0%
                          81.6%      18.4%       0.0%

