
Cell sky130_fd_sc_hd__decap_6 (0) disconnected node: VGND
Cell sky130_fd_sc_hd__decap_6 (0) disconnected node: VNB
Cell sky130_fd_sc_hd__decap_6 (0) disconnected node: VPB
Cell sky130_fd_sc_hd__decap_6 (0) disconnected node: VPWR
Warning: Equate pins:  cell sky130_fd_sc_hd__decap_6 is a placeholder, treated as a black box.

Subcircuit pins:
Circuit 1: sky130_fd_sc_hd__decap_6        |Circuit 2: sky130_fd_sc_hd__decap_6        
-------------------------------------------|-------------------------------------------
VGND                                       |VGND                                       
VNB                                        |VNB                                        
VPB                                        |VPB                                        
VPWR                                       |VPWR                                       
---------------------------------------------------------------------------------------
Cell pin lists are equivalent.
Device classes sky130_fd_sc_hd__decap_6 and sky130_fd_sc_hd__decap_6 are equivalent.

Cell sky130_ef_sc_hd__decap_12 (0) disconnected node: VPWR
Cell sky130_ef_sc_hd__decap_12 (0) disconnected node: VGND
Cell sky130_ef_sc_hd__decap_12 (0) disconnected node: VPB
Cell sky130_ef_sc_hd__decap_12 (0) disconnected node: VNB
Warning: Equate pins:  cell sky130_ef_sc_hd__decap_12 is a placeholder, treated as a black box.

Subcircuit pins:
Circuit 1: sky130_ef_sc_hd__decap_12       |Circuit 2: sky130_ef_sc_hd__decap_12       
-------------------------------------------|-------------------------------------------
VPWR                                       |VPWR                                       
VGND                                       |VGND                                       
VPB                                        |VPB                                        
VNB                                        |VNB                                        
---------------------------------------------------------------------------------------
Cell pin lists are equivalent.
Device classes sky130_ef_sc_hd__decap_12 and sky130_ef_sc_hd__decap_12 are equivalent.

Cell sky130_fd_sc_hd__conb_1 (0) disconnected node: VGND
Cell sky130_fd_sc_hd__conb_1 (0) disconnected node: VNB
Cell sky130_fd_sc_hd__conb_1 (0) disconnected node: VPB
Cell sky130_fd_sc_hd__conb_1 (0) disconnected node: VPWR
Cell sky130_fd_sc_hd__conb_1 (0) disconnected node: HI
Cell sky130_fd_sc_hd__conb_1 (0) disconnected node: LO
Warning: Equate pins:  cell sky130_fd_sc_hd__conb_1 is a placeholder, treated as a black box.

Subcircuit pins:
Circuit 1: sky130_fd_sc_hd__conb_1         |Circuit 2: sky130_fd_sc_hd__conb_1         
-------------------------------------------|-------------------------------------------
VGND                                       |VGND                                       
VNB                                        |VNB                                        
VPB                                        |VPB                                        
VPWR                                       |VPWR                                       
LO                                         |LO                                         
HI                                         |(no matching pin)                          
---------------------------------------------------------------------------------------
Cell pin lists are equivalent.
Device classes sky130_fd_sc_hd__conb_1 and sky130_fd_sc_hd__conb_1 are equivalent.

Cell sky130_fd_sc_hd__fill_1 (0) disconnected node: VGND
Cell sky130_fd_sc_hd__fill_1 (0) disconnected node: VNB
Cell sky130_fd_sc_hd__fill_1 (0) disconnected node: VPB
Cell sky130_fd_sc_hd__fill_1 (0) disconnected node: VPWR
Warning: Equate pins:  cell sky130_fd_sc_hd__fill_1 is a placeholder, treated as a black box.

Subcircuit pins:
Circuit 1: sky130_fd_sc_hd__fill_1         |Circuit 2: sky130_fd_sc_hd__fill_1         
-------------------------------------------|-------------------------------------------
VGND                                       |VGND                                       
VNB                                        |VNB                                        
VPB                                        |VPB                                        
VPWR                                       |VPWR                                       
---------------------------------------------------------------------------------------
Cell pin lists are equivalent.
Device classes sky130_fd_sc_hd__fill_1 and sky130_fd_sc_hd__fill_1 are equivalent.

Cell sky130_fd_sc_hd__tapvpwrvgnd_1 (0) disconnected node: VGND
Cell sky130_fd_sc_hd__tapvpwrvgnd_1 (0) disconnected node: VPWR
Warning: Equate pins:  cell sky130_fd_sc_hd__tapvpwrvgnd_1 is a placeholder, treated as a black box.

Subcircuit pins:
Circuit 1: sky130_fd_sc_hd__tapvpwrvgnd_1  |Circuit 2: sky130_fd_sc_hd__tapvpwrvgnd_1  
-------------------------------------------|-------------------------------------------
VGND                                       |VGND                                       
VPWR                                       |VPWR                                       
---------------------------------------------------------------------------------------
Cell pin lists are equivalent.
Device classes sky130_fd_sc_hd__tapvpwrvgnd_1 and sky130_fd_sc_hd__tapvpwrvgnd_1 are equivalent.

Cell sky130_fd_sc_hd__decap_4 (0) disconnected node: VGND
Cell sky130_fd_sc_hd__decap_4 (0) disconnected node: VNB
Cell sky130_fd_sc_hd__decap_4 (0) disconnected node: VPB
Cell sky130_fd_sc_hd__decap_4 (0) disconnected node: VPWR
Warning: Equate pins:  cell sky130_fd_sc_hd__decap_4 is a placeholder, treated as a black box.

Subcircuit pins:
Circuit 1: sky130_fd_sc_hd__decap_4        |Circuit 2: sky130_fd_sc_hd__decap_4        
-------------------------------------------|-------------------------------------------
VGND                                       |VGND                                       
VNB                                        |VNB                                        
VPB                                        |VPB                                        
VPWR                                       |VPWR                                       
---------------------------------------------------------------------------------------
Cell pin lists are equivalent.
Device classes sky130_fd_sc_hd__decap_4 and sky130_fd_sc_hd__decap_4 are equivalent.

Cell sky130_fd_sc_hd__decap_3 (0) disconnected node: VGND
Cell sky130_fd_sc_hd__decap_3 (0) disconnected node: VNB
Cell sky130_fd_sc_hd__decap_3 (0) disconnected node: VPB
Cell sky130_fd_sc_hd__decap_3 (0) disconnected node: VPWR
Warning: Equate pins:  cell sky130_fd_sc_hd__decap_3 is a placeholder, treated as a black box.

Subcircuit pins:
Circuit 1: sky130_fd_sc_hd__decap_3        |Circuit 2: sky130_fd_sc_hd__decap_3        
-------------------------------------------|-------------------------------------------
VGND                                       |VGND                                       
VNB                                        |VNB                                        
VPB                                        |VPB                                        
VPWR                                       |VPWR                                       
---------------------------------------------------------------------------------------
Cell pin lists are equivalent.
Device classes sky130_fd_sc_hd__decap_3 and sky130_fd_sc_hd__decap_3 are equivalent.

Cell sky130_fd_sc_hd__decap_8 (0) disconnected node: VGND
Cell sky130_fd_sc_hd__decap_8 (0) disconnected node: VNB
Cell sky130_fd_sc_hd__decap_8 (0) disconnected node: VPB
Cell sky130_fd_sc_hd__decap_8 (0) disconnected node: VPWR
Warning: Equate pins:  cell sky130_fd_sc_hd__decap_8 is a placeholder, treated as a black box.

Subcircuit pins:
Circuit 1: sky130_fd_sc_hd__decap_8        |Circuit 2: sky130_fd_sc_hd__decap_8        
-------------------------------------------|-------------------------------------------
VGND                                       |VGND                                       
VNB                                        |VNB                                        
VPB                                        |VPB                                        
VPWR                                       |VPWR                                       
---------------------------------------------------------------------------------------
Cell pin lists are equivalent.
Device classes sky130_fd_sc_hd__decap_8 and sky130_fd_sc_hd__decap_8 are equivalent.

Cell top_module (0) disconnected node: clk
Cell top_module (0) disconnected node: control
Cell top_module (0) disconnected node: reset
Cell top_module (1) disconnected node: clk
Cell top_module (1) disconnected node: control
Cell top_module (1) disconnected node: reset
Class top_module (0):  Merged 8157 parallel devices.
Class top_module (1):  Merged 8157 parallel devices.
Cell top_module (0) disconnected node: clk
Cell top_module (0) disconnected node: control
Cell top_module (0) disconnected node: reset
Cell top_module (1) disconnected node: clk
Cell top_module (1) disconnected node: control
Cell top_module (1) disconnected node: reset
Subcircuit summary:
Circuit 1: top_module                      |Circuit 2: top_module                      
-------------------------------------------|-------------------------------------------
sky130_fd_sc_hd__decap_6 (1000->1)         |sky130_fd_sc_hd__decap_6 (1000->1)         
sky130_ef_sc_hd__decap_12 (4522->1)        |sky130_ef_sc_hd__decap_12 (4522->1)        
sky130_fd_sc_hd__conb_1 (32)               |sky130_fd_sc_hd__conb_1 (32)               
sky130_fd_sc_hd__fill_1 (1134->1)          |sky130_fd_sc_hd__fill_1 (1134->1)          
sky130_fd_sc_hd__tapvpwrvgnd_1 (1144->1)   |sky130_fd_sc_hd__tapvpwrvgnd_1 (1144->1)   
sky130_fd_sc_hd__decap_4 (66->1)           |sky130_fd_sc_hd__decap_4 (66->1)           
sky130_fd_sc_hd__decap_3 (246->1)          |sky130_fd_sc_hd__decap_3 (246->1)          
sky130_fd_sc_hd__decap_8 (52->1)           |sky130_fd_sc_hd__decap_8 (52->1)           
Number of devices: 39                      |Number of devices: 39                      
Number of nets: 66                         |Number of nets: 66                         
---------------------------------------------------------------------------------------
Resolving symmetries by property value.
Resolving symmetries by pin name.
Netlists match uniquely.

Subcircuit pins:
Circuit 1: top_module                      |Circuit 2: top_module                      
-------------------------------------------|-------------------------------------------
result[5]                                  |result[5]                                  
result[4]                                  |result[4]                                  
result[3]                                  |result[3]                                  
result[2]                                  |result[2]                                  
result[1]                                  |result[1]                                  
result[0]                                  |result[0]                                  
result[18]                                 |result[18]                                 
result[28]                                 |result[28]                                 
result[17]                                 |result[17]                                 
result[16]                                 |result[16]                                 
result[27]                                 |result[27]                                 
result[15]                                 |result[15]                                 
result[26]                                 |result[26]                                 
result[14]                                 |result[14]                                 
result[25]                                 |result[25]                                 
result[13]                                 |result[13]                                 
result[24]                                 |result[24]                                 
result[23]                                 |result[23]                                 
result[12]                                 |result[12]                                 
result[22]                                 |result[22]                                 
result[11]                                 |result[11]                                 
result[10]                                 |result[10]                                 
result[21]                                 |result[21]                                 
result[31]                                 |result[31]                                 
result[9]                                  |result[9]                                  
result[20]                                 |result[20]                                 
result[19]                                 |result[19]                                 
result[30]                                 |result[30]                                 
result[29]                                 |result[29]                                 
result[8]                                  |result[8]                                  
result[7]                                  |result[7]                                  
result[6]                                  |result[6]                                  
VGND                                       |VGND                                       
VPWR                                       |VPWR                                       
clk                                        |clk                                        
control                                    |control                                    
reset                                      |reset                                      
---------------------------------------------------------------------------------------
Cell pin lists are equivalent.
Device classes top_module and top_module are equivalent.

Final result: Circuits match uniquely.
.
