
===========================================================================
report_checks -path_delay max (Setup)
============================================================================
======================= Fastest Corner ===================================

Startpoint: opcode[0] (input port clocked by __VIRTUAL_CLK__)
Endpoint: out[7] (output port clocked by __VIRTUAL_CLK__)
Path Group: __VIRTUAL_CLK__
Path Type: max
Corner: Fastest

Fanout     Cap    Slew   Delay    Time   Description
-----------------------------------------------------------------------------
                  0.00    0.00    0.00   clock __VIRTUAL_CLK__ (rise edge)
                          0.00    0.00   clock network delay (ideal)
                          2.00    2.00 ^ input external delay
     1    0.00    0.01    0.01    2.01 ^ opcode[0] (in)
                                         opcode[0] (net)
                  0.01    0.00    2.01 ^ input17/A (sky130_fd_sc_hd__dlymetal6s2s_1)
     6    0.02    0.17    0.16    2.17 ^ input17/X (sky130_fd_sc_hd__dlymetal6s2s_1)
                                         net17 (net)
                  0.17    0.00    2.17 ^ _131_/C_N (sky130_fd_sc_hd__or3b_1)
     1    0.00    0.04    0.21    2.38 v _131_/X (sky130_fd_sc_hd__or3b_1)
                                         _062_ (net)
                  0.04    0.00    2.38 v _132_/A (sky130_fd_sc_hd__buf_2)
    10    0.04    0.07    0.13    2.50 v _132_/X (sky130_fd_sc_hd__buf_2)
                                         _063_ (net)
                  0.07    0.00    2.51 v _134_/C (sky130_fd_sc_hd__and3_1)
     3    0.01    0.05    0.15    2.66 v _134_/X (sky130_fd_sc_hd__and3_1)
                                         _065_ (net)
                  0.05    0.00    2.66 v _136_/C (sky130_fd_sc_hd__nor3_1)
     2    0.01    0.21    0.18    2.84 ^ _136_/Y (sky130_fd_sc_hd__nor3_1)
                                         _067_ (net)
                  0.21    0.00    2.84 ^ _157_/A2 (sky130_fd_sc_hd__o21ai_2)
     3    0.01    0.07    0.07    2.91 v _157_/Y (sky130_fd_sc_hd__o21ai_2)
                                         _087_ (net)
                  0.07    0.00    2.91 v _188_/A1 (sky130_fd_sc_hd__a31o_1)
     3    0.02    0.06    0.17    3.08 v _188_/X (sky130_fd_sc_hd__a31o_1)
                                         _003_ (net)
                  0.06    0.00    3.08 v _216_/A2 (sky130_fd_sc_hd__a31o_1)
     2    0.01    0.05    0.17    3.25 v _216_/X (sky130_fd_sc_hd__a31o_1)
                                         _029_ (net)
                  0.05    0.00    3.25 v _224_/A2 (sky130_fd_sc_hd__a21o_1)
     1    0.01    0.03    0.13    3.38 v _224_/X (sky130_fd_sc_hd__a21o_1)
                                         _036_ (net)
                  0.03    0.00    3.38 v _228_/A (sky130_fd_sc_hd__xnor2_1)
     1    0.00    0.03    0.08    3.46 v _228_/Y (sky130_fd_sc_hd__xnor2_1)
                                         _040_ (net)
                  0.03    0.00    3.46 v _233_/A2 (sky130_fd_sc_hd__o21ai_1)
     1    0.01    0.10    0.10    3.57 ^ _233_/Y (sky130_fd_sc_hd__o21ai_1)
                                         net27 (net)
                  0.10    0.00    3.57 ^ output27/A (sky130_fd_sc_hd__buf_2)
     1    0.03    0.13    0.16    3.73 ^ output27/X (sky130_fd_sc_hd__buf_2)
                                         out[7] (net)
                  0.13    0.00    3.73 ^ out[7] (out)
                                  3.73   data arrival time

                  0.00   10.00   10.00   clock __VIRTUAL_CLK__ (rise edge)
                          0.00   10.00   clock network delay (ideal)
                         -0.25    9.75   clock uncertainty
                          0.00    9.75   clock reconvergence pessimism
                         -2.00    7.75   output external delay
                                  7.75   data required time
-----------------------------------------------------------------------------
                                  7.75   data required time
                                 -3.73   data arrival time
-----------------------------------------------------------------------------
                                  4.02   slack (MET)


Startpoint: opcode[0] (input port clocked by __VIRTUAL_CLK__)
Endpoint: out[5] (output port clocked by __VIRTUAL_CLK__)
Path Group: __VIRTUAL_CLK__
Path Type: max
Corner: Fastest

Fanout     Cap    Slew   Delay    Time   Description
-----------------------------------------------------------------------------
                  0.00    0.00    0.00   clock __VIRTUAL_CLK__ (rise edge)
                          0.00    0.00   clock network delay (ideal)
                          2.00    2.00 ^ input external delay
     1    0.00    0.01    0.01    2.01 ^ opcode[0] (in)
                                         opcode[0] (net)
                  0.01    0.00    2.01 ^ input17/A (sky130_fd_sc_hd__dlymetal6s2s_1)
     6    0.02    0.17    0.16    2.17 ^ input17/X (sky130_fd_sc_hd__dlymetal6s2s_1)
                                         net17 (net)
                  0.17    0.00    2.17 ^ _131_/C_N (sky130_fd_sc_hd__or3b_1)
     1    0.00    0.04    0.21    2.38 v _131_/X (sky130_fd_sc_hd__or3b_1)
                                         _062_ (net)
                  0.04    0.00    2.38 v _132_/A (sky130_fd_sc_hd__buf_2)
    10    0.04    0.07    0.13    2.50 v _132_/X (sky130_fd_sc_hd__buf_2)
                                         _063_ (net)
                  0.07    0.00    2.51 v _134_/C (sky130_fd_sc_hd__and3_1)
     3    0.01    0.05    0.15    2.66 v _134_/X (sky130_fd_sc_hd__and3_1)
                                         _065_ (net)
                  0.05    0.00    2.66 v _136_/C (sky130_fd_sc_hd__nor3_1)
     2    0.01    0.21    0.18    2.84 ^ _136_/Y (sky130_fd_sc_hd__nor3_1)
                                         _067_ (net)
                  0.21    0.00    2.84 ^ _157_/A2 (sky130_fd_sc_hd__o21ai_2)
     3    0.01    0.07    0.07    2.91 v _157_/Y (sky130_fd_sc_hd__o21ai_2)
                                         _087_ (net)
                  0.07    0.00    2.91 v _188_/A1 (sky130_fd_sc_hd__a31o_1)
     3    0.02    0.06    0.17    3.08 v _188_/X (sky130_fd_sc_hd__a31o_1)
                                         _003_ (net)
                  0.06    0.00    3.08 v _201_/A2 (sky130_fd_sc_hd__a21boi_1)
     1    0.01    0.11    0.14    3.22 ^ _201_/Y (sky130_fd_sc_hd__a21boi_1)
                                         _015_ (net)
                  0.11    0.00    3.22 ^ _202_/B (sky130_fd_sc_hd__xnor2_1)
     1    0.00    0.05    0.06    3.27 v _202_/Y (sky130_fd_sc_hd__xnor2_1)
                                         _016_ (net)
                  0.05    0.00    3.27 v _208_/A2 (sky130_fd_sc_hd__a211o_1)
     1    0.01    0.05    0.21    3.48 v _208_/X (sky130_fd_sc_hd__a211o_1)
                                         net25 (net)
                  0.05    0.00    3.48 v output25/A (sky130_fd_sc_hd__buf_2)
     1    0.03    0.06    0.13    3.61 v output25/X (sky130_fd_sc_hd__buf_2)
                                         out[5] (net)
                  0.06    0.00    3.62 v out[5] (out)
                                  3.62   data arrival time

                  0.00   10.00   10.00   clock __VIRTUAL_CLK__ (rise edge)
                          0.00   10.00   clock network delay (ideal)
                         -0.25    9.75   clock uncertainty
                          0.00    9.75   clock reconvergence pessimism
                         -2.00    7.75   output external delay
                                  7.75   data required time
-----------------------------------------------------------------------------
                                  7.75   data required time
                                 -3.62   data arrival time
-----------------------------------------------------------------------------
                                  4.13   slack (MET)


Startpoint: opcode[0] (input port clocked by __VIRTUAL_CLK__)
Endpoint: out[6] (output port clocked by __VIRTUAL_CLK__)
Path Group: __VIRTUAL_CLK__
Path Type: max
Corner: Fastest

Fanout     Cap    Slew   Delay    Time   Description
-----------------------------------------------------------------------------
                  0.00    0.00    0.00   clock __VIRTUAL_CLK__ (rise edge)
                          0.00    0.00   clock network delay (ideal)
                          2.00    2.00 ^ input external delay
     1    0.00    0.01    0.01    2.01 ^ opcode[0] (in)
                                         opcode[0] (net)
                  0.01    0.00    2.01 ^ input17/A (sky130_fd_sc_hd__dlymetal6s2s_1)
     6    0.02    0.17    0.16    2.17 ^ input17/X (sky130_fd_sc_hd__dlymetal6s2s_1)
                                         net17 (net)
                  0.17    0.00    2.17 ^ _131_/C_N (sky130_fd_sc_hd__or3b_1)
     1    0.00    0.04    0.21    2.38 v _131_/X (sky130_fd_sc_hd__or3b_1)
                                         _062_ (net)
                  0.04    0.00    2.38 v _132_/A (sky130_fd_sc_hd__buf_2)
    10    0.04    0.07    0.13    2.50 v _132_/X (sky130_fd_sc_hd__buf_2)
                                         _063_ (net)
                  0.07    0.00    2.51 v _134_/C (sky130_fd_sc_hd__and3_1)
     3    0.01    0.05    0.15    2.66 v _134_/X (sky130_fd_sc_hd__and3_1)
                                         _065_ (net)
                  0.05    0.00    2.66 v _136_/C (sky130_fd_sc_hd__nor3_1)
     2    0.01    0.21    0.18    2.84 ^ _136_/Y (sky130_fd_sc_hd__nor3_1)
                                         _067_ (net)
                  0.21    0.00    2.84 ^ _157_/A2 (sky130_fd_sc_hd__o21ai_2)
     3    0.01    0.07    0.07    2.91 v _157_/Y (sky130_fd_sc_hd__o21ai_2)
                                         _087_ (net)
                  0.07    0.00    2.91 v _188_/A1 (sky130_fd_sc_hd__a31o_1)
     3    0.02    0.06    0.17    3.08 v _188_/X (sky130_fd_sc_hd__a31o_1)
                                         _003_ (net)
                  0.06    0.00    3.08 v _216_/A2 (sky130_fd_sc_hd__a31o_1)
     2    0.01    0.05    0.17    3.25 v _216_/X (sky130_fd_sc_hd__a31o_1)
                                         _029_ (net)
                  0.05    0.00    3.25 v _217_/B (sky130_fd_sc_hd__xnor2_1)
     1    0.00    0.11    0.12    3.37 ^ _217_/Y (sky130_fd_sc_hd__xnor2_1)
                                         _030_ (net)
                  0.11    0.00    3.37 ^ _223_/A2 (sky130_fd_sc_hd__o22a_1)
     1    0.01    0.05    0.10    3.46 ^ _223_/X (sky130_fd_sc_hd__o22a_1)
                                         net26 (net)
                  0.05    0.00    3.46 ^ output26/A (sky130_fd_sc_hd__buf_2)
     1    0.03    0.13    0.15    3.61 ^ output26/X (sky130_fd_sc_hd__buf_2)
                                         out[6] (net)
                  0.13    0.00    3.62 ^ out[6] (out)
                                  3.62   data arrival time

                  0.00   10.00   10.00   clock __VIRTUAL_CLK__ (rise edge)
                          0.00   10.00   clock network delay (ideal)
                         -0.25    9.75   clock uncertainty
                          0.00    9.75   clock reconvergence pessimism
                         -2.00    7.75   output external delay
                                  7.75   data required time
-----------------------------------------------------------------------------
                                  7.75   data required time
                                 -3.62   data arrival time
-----------------------------------------------------------------------------
                                  4.13   slack (MET)


Startpoint: opcode[0] (input port clocked by __VIRTUAL_CLK__)
Endpoint: out[3] (output port clocked by __VIRTUAL_CLK__)
Path Group: __VIRTUAL_CLK__
Path Type: max
Corner: Fastest

Fanout     Cap    Slew   Delay    Time   Description
-----------------------------------------------------------------------------
                  0.00    0.00    0.00   clock __VIRTUAL_CLK__ (rise edge)
                          0.00    0.00   clock network delay (ideal)
                          2.00    2.00 ^ input external delay
     1    0.00    0.01    0.01    2.01 ^ opcode[0] (in)
                                         opcode[0] (net)
                  0.01    0.00    2.01 ^ input17/A (sky130_fd_sc_hd__dlymetal6s2s_1)
     6    0.02    0.17    0.16    2.17 ^ input17/X (sky130_fd_sc_hd__dlymetal6s2s_1)
                                         net17 (net)
                  0.17    0.00    2.17 ^ _131_/C_N (sky130_fd_sc_hd__or3b_1)
     1    0.00    0.04    0.21    2.38 v _131_/X (sky130_fd_sc_hd__or3b_1)
                                         _062_ (net)
                  0.04    0.00    2.38 v _132_/A (sky130_fd_sc_hd__buf_2)
    10    0.04    0.07    0.13    2.50 v _132_/X (sky130_fd_sc_hd__buf_2)
                                         _063_ (net)
                  0.07    0.00    2.51 v _134_/C (sky130_fd_sc_hd__and3_1)
     3    0.01    0.05    0.15    2.66 v _134_/X (sky130_fd_sc_hd__and3_1)
                                         _065_ (net)
                  0.05    0.00    2.66 v _136_/C (sky130_fd_sc_hd__nor3_1)
     2    0.01    0.21    0.18    2.84 ^ _136_/Y (sky130_fd_sc_hd__nor3_1)
                                         _067_ (net)
                  0.21    0.00    2.84 ^ _157_/A2 (sky130_fd_sc_hd__o21ai_2)
     3    0.01    0.07    0.07    2.91 v _157_/Y (sky130_fd_sc_hd__o21ai_2)
                                         _087_ (net)
                  0.07    0.00    2.91 v _173_/A1 (sky130_fd_sc_hd__a21o_1)
     1    0.00    0.03    0.12    3.03 v _173_/X (sky130_fd_sc_hd__a21o_1)
                                         _102_ (net)
                  0.03    0.00    3.03 v _174_/B (sky130_fd_sc_hd__xor2_1)
     1    0.00    0.04    0.09    3.12 v _174_/X (sky130_fd_sc_hd__xor2_1)
                                         _103_ (net)
                  0.04    0.00    3.12 v _180_/A2 (sky130_fd_sc_hd__a211o_1)
     1    0.01    0.04    0.20    3.32 v _180_/X (sky130_fd_sc_hd__a211o_1)
                                         net23 (net)
                  0.04    0.00    3.32 v output23/A (sky130_fd_sc_hd__buf_2)
     1    0.03    0.06    0.13    3.45 v output23/X (sky130_fd_sc_hd__buf_2)
                                         out[3] (net)
                  0.06    0.00    3.45 v out[3] (out)
                                  3.45   data arrival time

                  0.00   10.00   10.00   clock __VIRTUAL_CLK__ (rise edge)
                          0.00   10.00   clock network delay (ideal)
                         -0.25    9.75   clock uncertainty
                          0.00    9.75   clock reconvergence pessimism
                         -2.00    7.75   output external delay
                                  7.75   data required time
-----------------------------------------------------------------------------
                                  7.75   data required time
                                 -3.45   data arrival time
-----------------------------------------------------------------------------
                                  4.30   slack (MET)


Startpoint: opcode[0] (input port clocked by __VIRTUAL_CLK__)
Endpoint: out[4] (output port clocked by __VIRTUAL_CLK__)
Path Group: __VIRTUAL_CLK__
Path Type: max
Corner: Fastest

Fanout     Cap    Slew   Delay    Time   Description
-----------------------------------------------------------------------------
                  0.00    0.00    0.00   clock __VIRTUAL_CLK__ (rise edge)
                          0.00    0.00   clock network delay (ideal)
                          2.00    2.00 ^ input external delay
     1    0.00    0.01    0.01    2.01 ^ opcode[0] (in)
                                         opcode[0] (net)
                  0.01    0.00    2.01 ^ input17/A (sky130_fd_sc_hd__dlymetal6s2s_1)
     6    0.02    0.17    0.16    2.17 ^ input17/X (sky130_fd_sc_hd__dlymetal6s2s_1)
                                         net17 (net)
                  0.17    0.00    2.17 ^ _131_/C_N (sky130_fd_sc_hd__or3b_1)
     1    0.00    0.04    0.21    2.38 v _131_/X (sky130_fd_sc_hd__or3b_1)
                                         _062_ (net)
                  0.04    0.00    2.38 v _132_/A (sky130_fd_sc_hd__buf_2)
    10    0.04    0.07    0.13    2.50 v _132_/X (sky130_fd_sc_hd__buf_2)
                                         _063_ (net)
                  0.07    0.00    2.51 v _134_/C (sky130_fd_sc_hd__and3_1)
     3    0.01    0.05    0.15    2.66 v _134_/X (sky130_fd_sc_hd__and3_1)
                                         _065_ (net)
                  0.05    0.00    2.66 v _136_/C (sky130_fd_sc_hd__nor3_1)
     2    0.01    0.21    0.18    2.84 ^ _136_/Y (sky130_fd_sc_hd__nor3_1)
                                         _067_ (net)
                  0.21    0.00    2.84 ^ _157_/A2 (sky130_fd_sc_hd__o21ai_2)
     3    0.01    0.07    0.07    2.91 v _157_/Y (sky130_fd_sc_hd__o21ai_2)
                                         _087_ (net)
                  0.07    0.00    2.91 v _188_/A1 (sky130_fd_sc_hd__a31o_1)
     3    0.02    0.06    0.17    3.08 v _188_/X (sky130_fd_sc_hd__a31o_1)
                                         _003_ (net)
                  0.06    0.00    3.08 v _189_/B (sky130_fd_sc_hd__xor2_1)
     1    0.00    0.05    0.10    3.18 v _189_/X (sky130_fd_sc_hd__xor2_1)
                                         _004_ (net)
                  0.05    0.00    3.18 v _195_/A2 (sky130_fd_sc_hd__o22a_1)
     1    0.01    0.03    0.13    3.31 v _195_/X (sky130_fd_sc_hd__o22a_1)
                                         net24 (net)
                  0.03    0.00    3.31 v output24/A (sky130_fd_sc_hd__buf_2)
     1    0.03    0.06    0.12    3.44 v output24/X (sky130_fd_sc_hd__buf_2)
                                         out[4] (net)
                  0.06    0.00    3.44 v out[4] (out)
                                  3.44   data arrival time

                  0.00   10.00   10.00   clock __VIRTUAL_CLK__ (rise edge)
                          0.00   10.00   clock network delay (ideal)
                         -0.25    9.75   clock uncertainty
                          0.00    9.75   clock reconvergence pessimism
                         -2.00    7.75   output external delay
                                  7.75   data required time
-----------------------------------------------------------------------------
                                  7.75   data required time
                                 -3.44   data arrival time
-----------------------------------------------------------------------------
                                  4.31   slack (MET)


Startpoint: opcode[0] (input port clocked by __VIRTUAL_CLK__)
Endpoint: out[2] (output port clocked by __VIRTUAL_CLK__)
Path Group: __VIRTUAL_CLK__
Path Type: max
Corner: Fastest

Fanout     Cap    Slew   Delay    Time   Description
-----------------------------------------------------------------------------
                  0.00    0.00    0.00   clock __VIRTUAL_CLK__ (rise edge)
                          0.00    0.00   clock network delay (ideal)
                          2.00    2.00 ^ input external delay
     1    0.00    0.01    0.01    2.01 ^ opcode[0] (in)
                                         opcode[0] (net)
                  0.01    0.00    2.01 ^ input17/A (sky130_fd_sc_hd__dlymetal6s2s_1)
     6    0.02    0.17    0.16    2.17 ^ input17/X (sky130_fd_sc_hd__dlymetal6s2s_1)
                                         net17 (net)
                  0.17    0.00    2.17 ^ _131_/C_N (sky130_fd_sc_hd__or3b_1)
     1    0.00    0.04    0.21    2.38 v _131_/X (sky130_fd_sc_hd__or3b_1)
                                         _062_ (net)
                  0.04    0.00    2.38 v _132_/A (sky130_fd_sc_hd__buf_2)
    10    0.04    0.07    0.13    2.50 v _132_/X (sky130_fd_sc_hd__buf_2)
                                         _063_ (net)
                  0.07    0.00    2.51 v _134_/C (sky130_fd_sc_hd__and3_1)
     3    0.01    0.05    0.15    2.66 v _134_/X (sky130_fd_sc_hd__and3_1)
                                         _065_ (net)
                  0.05    0.00    2.66 v _136_/C (sky130_fd_sc_hd__nor3_1)
     2    0.01    0.21    0.18    2.84 ^ _136_/Y (sky130_fd_sc_hd__nor3_1)
                                         _067_ (net)
                  0.21    0.00    2.84 ^ _157_/A2 (sky130_fd_sc_hd__o21ai_2)
     3    0.01    0.07    0.07    2.91 v _157_/Y (sky130_fd_sc_hd__o21ai_2)
                                         _087_ (net)
                  0.07    0.00    2.91 v _165_/A (sky130_fd_sc_hd__xor2_1)
     1    0.00    0.05    0.12    3.03 v _165_/X (sky130_fd_sc_hd__xor2_1)
                                         _095_ (net)
                  0.05    0.00    3.03 v _166_/B1 (sky130_fd_sc_hd__o32a_1)
     1    0.00    0.04    0.12    3.14 v _166_/X (sky130_fd_sc_hd__o32a_1)
                                         net22 (net)
                  0.04    0.00    3.14 v output22/A (sky130_fd_sc_hd__buf_2)
     1    0.03    0.06    0.13    3.27 v output22/X (sky130_fd_sc_hd__buf_2)
                                         out[2] (net)
                  0.06    0.00    3.27 v out[2] (out)
                                  3.27   data arrival time

                  0.00   10.00   10.00   clock __VIRTUAL_CLK__ (rise edge)
                          0.00   10.00   clock network delay (ideal)
                         -0.25    9.75   clock uncertainty
                          0.00    9.75   clock reconvergence pessimism
                         -2.00    7.75   output external delay
                                  7.75   data required time
-----------------------------------------------------------------------------
                                  7.75   data required time
                                 -3.27   data arrival time
-----------------------------------------------------------------------------
                                  4.48   slack (MET)


Startpoint: opcode[0] (input port clocked by __VIRTUAL_CLK__)
Endpoint: out[1] (output port clocked by __VIRTUAL_CLK__)
Path Group: __VIRTUAL_CLK__
Path Type: max
Corner: Fastest

Fanout     Cap    Slew   Delay    Time   Description
-----------------------------------------------------------------------------
                  0.00    0.00    0.00   clock __VIRTUAL_CLK__ (rise edge)
                          0.00    0.00   clock network delay (ideal)
                          2.00    2.00 ^ input external delay
     1    0.00    0.01    0.01    2.01 ^ opcode[0] (in)
                                         opcode[0] (net)
                  0.01    0.00    2.01 ^ input17/A (sky130_fd_sc_hd__dlymetal6s2s_1)
     6    0.02    0.17    0.16    2.17 ^ input17/X (sky130_fd_sc_hd__dlymetal6s2s_1)
                                         net17 (net)
                  0.17    0.00    2.17 ^ _131_/C_N (sky130_fd_sc_hd__or3b_1)
     1    0.00    0.04    0.21    2.38 v _131_/X (sky130_fd_sc_hd__or3b_1)
                                         _062_ (net)
                  0.04    0.00    2.38 v _132_/A (sky130_fd_sc_hd__buf_2)
    10    0.04    0.07    0.13    2.50 v _132_/X (sky130_fd_sc_hd__buf_2)
                                         _063_ (net)
                  0.07    0.00    2.51 v _134_/C (sky130_fd_sc_hd__and3_1)
     3    0.01    0.05    0.15    2.66 v _134_/X (sky130_fd_sc_hd__and3_1)
                                         _065_ (net)
                  0.05    0.00    2.66 v _136_/C (sky130_fd_sc_hd__nor3_1)
     2    0.01    0.21    0.18    2.84 ^ _136_/Y (sky130_fd_sc_hd__nor3_1)
                                         _067_ (net)
                  0.21    0.00    2.84 ^ _137_/B (sky130_fd_sc_hd__nor2_1)
     1    0.00    0.05    0.04    2.88 v _137_/Y (sky130_fd_sc_hd__nor2_1)
                                         _068_ (net)
                  0.05    0.00    2.88 v _138_/B (sky130_fd_sc_hd__xnor2_1)
     1    0.00    0.10    0.11    2.99 ^ _138_/Y (sky130_fd_sc_hd__xnor2_1)
                                         _069_ (net)
                  0.10    0.00    2.99 ^ _150_/A2 (sky130_fd_sc_hd__o21a_1)
     1    0.00    0.04    0.08    3.07 ^ _150_/X (sky130_fd_sc_hd__o21a_1)
                                         net21 (net)
                  0.04    0.00    3.07 ^ output21/A (sky130_fd_sc_hd__buf_2)
     1    0.03    0.13    0.15    3.22 ^ output21/X (sky130_fd_sc_hd__buf_2)
                                         out[1] (net)
                  0.13    0.00    3.22 ^ out[1] (out)
                                  3.22   data arrival time

                  0.00   10.00   10.00   clock __VIRTUAL_CLK__ (rise edge)
                          0.00   10.00   clock network delay (ideal)
                         -0.25    9.75   clock uncertainty
                          0.00    9.75   clock reconvergence pessimism
                         -2.00    7.75   output external delay
                                  7.75   data required time
-----------------------------------------------------------------------------
                                  7.75   data required time
                                 -3.22   data arrival time
-----------------------------------------------------------------------------
                                  4.53   slack (MET)


Startpoint: opcode[1] (input port clocked by __VIRTUAL_CLK__)
Endpoint: out[0] (output port clocked by __VIRTUAL_CLK__)
Path Group: __VIRTUAL_CLK__
Path Type: max
Corner: Fastest

Fanout     Cap    Slew   Delay    Time   Description
-----------------------------------------------------------------------------
                  0.00    0.00    0.00   clock __VIRTUAL_CLK__ (rise edge)
                          0.00    0.00   clock network delay (ideal)
                          2.00    2.00 v input external delay
     1    0.00    0.01    0.00    2.00 v opcode[1] (in)
                                         opcode[1] (net)
                  0.01    0.00    2.00 v input18/A (sky130_fd_sc_hd__clkbuf_1)
     2    0.01    0.04    0.07    2.07 v input18/X (sky130_fd_sc_hd__clkbuf_1)
                                         net18 (net)
                  0.04    0.00    2.07 v _114_/A (sky130_fd_sc_hd__clkbuf_2)
    10    0.03    0.08    0.13    2.20 v _114_/X (sky130_fd_sc_hd__clkbuf_2)
                                         _046_ (net)
                  0.08    0.00    2.21 v _121_/B (sky130_fd_sc_hd__and3_2)
     8    0.03    0.08    0.20    2.41 v _121_/X (sky130_fd_sc_hd__and3_2)
                                         _053_ (net)
                  0.08    0.00    2.41 v _123_/A2 (sky130_fd_sc_hd__a22o_1)
     1    0.00    0.03    0.14    2.55 v _123_/X (sky130_fd_sc_hd__a22o_1)
                                         _055_ (net)
                  0.03    0.00    2.55 v _127_/C (sky130_fd_sc_hd__or4_1)
     1    0.00    0.05    0.27    2.81 v _127_/X (sky130_fd_sc_hd__or4_1)
                                         _059_ (net)
                  0.05    0.00    2.81 v _128_/A (sky130_fd_sc_hd__clkbuf_1)
     1    0.00    0.02    0.07    2.89 v _128_/X (sky130_fd_sc_hd__clkbuf_1)
                                         net20 (net)
                  0.02    0.00    2.89 v output20/A (sky130_fd_sc_hd__buf_2)
     1    0.03    0.06    0.12    3.01 v output20/X (sky130_fd_sc_hd__buf_2)
                                         out[0] (net)
                  0.06    0.00    3.01 v out[0] (out)
                                  3.01   data arrival time

                  0.00   10.00   10.00   clock __VIRTUAL_CLK__ (rise edge)
                          0.00   10.00   clock network delay (ideal)
                         -0.25    9.75   clock uncertainty
                          0.00    9.75   clock reconvergence pessimism
                         -2.00    7.75   output external delay
                                  7.75   data required time
-----------------------------------------------------------------------------
                                  7.75   data required time
                                 -3.01   data arrival time
-----------------------------------------------------------------------------
                                  4.74   slack (MET)



worst slack corner Fastest: 4.0203
======================= Slowest Corner ===================================

Startpoint: opcode[0] (input port clocked by __VIRTUAL_CLK__)
Endpoint: out[7] (output port clocked by __VIRTUAL_CLK__)
Path Group: __VIRTUAL_CLK__
Path Type: max
Corner: Slowest

Fanout     Cap    Slew   Delay    Time   Description
-----------------------------------------------------------------------------
                  0.00    0.00    0.00   clock __VIRTUAL_CLK__ (rise edge)
                          0.00    0.00   clock network delay (ideal)
                          2.00    2.00 ^ input external delay
     1    0.00    0.03    0.02    2.02 ^ opcode[0] (in)
                                         opcode[0] (net)
                  0.03    0.00    2.02 ^ input17/A (sky130_fd_sc_hd__dlymetal6s2s_1)
     6    0.02    0.34    0.35    2.37 ^ input17/X (sky130_fd_sc_hd__dlymetal6s2s_1)
                                         net17 (net)
                  0.34    0.00    2.37 ^ _131_/C_N (sky130_fd_sc_hd__or3b_1)
     1    0.00    0.13    0.91    3.28 v _131_/X (sky130_fd_sc_hd__or3b_1)
                                         _062_ (net)
                  0.13    0.00    3.28 v _132_/A (sky130_fd_sc_hd__buf_2)
    10    0.04    0.17    0.40    3.67 v _132_/X (sky130_fd_sc_hd__buf_2)
                                         _063_ (net)
                  0.17    0.00    3.68 v _134_/C (sky130_fd_sc_hd__and3_1)
     3    0.01    0.12    0.49    4.17 v _134_/X (sky130_fd_sc_hd__and3_1)
                                         _065_ (net)
                  0.12    0.00    4.17 v _136_/C (sky130_fd_sc_hd__nor3_1)
     2    0.01    0.51    0.47    4.64 ^ _136_/Y (sky130_fd_sc_hd__nor3_1)
                                         _067_ (net)
                  0.51    0.00    4.64 ^ _157_/A2 (sky130_fd_sc_hd__o21ai_2)
     3    0.01    0.17    0.32    4.96 v _157_/Y (sky130_fd_sc_hd__o21ai_2)
                                         _087_ (net)
                  0.17    0.00    4.96 v _188_/A1 (sky130_fd_sc_hd__a31o_1)
     3    0.02    0.17    0.49    5.45 v _188_/X (sky130_fd_sc_hd__a31o_1)
                                         _003_ (net)
                  0.17    0.00    5.45 v _216_/A2 (sky130_fd_sc_hd__a31o_1)
     2    0.01    0.12    0.49    5.94 v _216_/X (sky130_fd_sc_hd__a31o_1)
                                         _029_ (net)
                  0.12    0.00    5.94 v _224_/A2 (sky130_fd_sc_hd__a21o_1)
     1    0.01    0.09    0.38    6.32 v _224_/X (sky130_fd_sc_hd__a21o_1)
                                         _036_ (net)
                  0.09    0.00    6.32 v _228_/A (sky130_fd_sc_hd__xnor2_1)
     1    0.00    0.09    0.23    6.55 v _228_/Y (sky130_fd_sc_hd__xnor2_1)
                                         _040_ (net)
                  0.09    0.00    6.55 v _233_/A2 (sky130_fd_sc_hd__o21ai_1)
     1    0.01    0.23    0.26    6.81 ^ _233_/Y (sky130_fd_sc_hd__o21ai_1)
                                         net27 (net)
                  0.23    0.00    6.81 ^ output27/A (sky130_fd_sc_hd__buf_2)
     1    0.03    0.27    0.44    7.25 ^ output27/X (sky130_fd_sc_hd__buf_2)
                                         out[7] (net)
                  0.27    0.00    7.25 ^ out[7] (out)
                                  7.25   data arrival time

                  0.00   10.00   10.00   clock __VIRTUAL_CLK__ (rise edge)
                          0.00   10.00   clock network delay (ideal)
                         -0.25    9.75   clock uncertainty
                          0.00    9.75   clock reconvergence pessimism
                         -2.00    7.75   output external delay
                                  7.75   data required time
-----------------------------------------------------------------------------
                                  7.75   data required time
                                 -7.25   data arrival time
-----------------------------------------------------------------------------
                                  0.50   slack (MET)


Startpoint: opcode[0] (input port clocked by __VIRTUAL_CLK__)
Endpoint: out[5] (output port clocked by __VIRTUAL_CLK__)
Path Group: __VIRTUAL_CLK__
Path Type: max
Corner: Slowest

Fanout     Cap    Slew   Delay    Time   Description
-----------------------------------------------------------------------------
                  0.00    0.00    0.00   clock __VIRTUAL_CLK__ (rise edge)
                          0.00    0.00   clock network delay (ideal)
                          2.00    2.00 ^ input external delay
     1    0.00    0.03    0.02    2.02 ^ opcode[0] (in)
                                         opcode[0] (net)
                  0.03    0.00    2.02 ^ input17/A (sky130_fd_sc_hd__dlymetal6s2s_1)
     6    0.02    0.34    0.35    2.37 ^ input17/X (sky130_fd_sc_hd__dlymetal6s2s_1)
                                         net17 (net)
                  0.34    0.00    2.37 ^ _131_/C_N (sky130_fd_sc_hd__or3b_1)
     1    0.00    0.13    0.91    3.28 v _131_/X (sky130_fd_sc_hd__or3b_1)
                                         _062_ (net)
                  0.13    0.00    3.28 v _132_/A (sky130_fd_sc_hd__buf_2)
    10    0.04    0.17    0.40    3.67 v _132_/X (sky130_fd_sc_hd__buf_2)
                                         _063_ (net)
                  0.17    0.00    3.68 v _134_/C (sky130_fd_sc_hd__and3_1)
     3    0.01    0.12    0.49    4.17 v _134_/X (sky130_fd_sc_hd__and3_1)
                                         _065_ (net)
                  0.12    0.00    4.17 v _136_/C (sky130_fd_sc_hd__nor3_1)
     2    0.01    0.51    0.47    4.64 ^ _136_/Y (sky130_fd_sc_hd__nor3_1)
                                         _067_ (net)
                  0.51    0.00    4.64 ^ _157_/A2 (sky130_fd_sc_hd__o21ai_2)
     3    0.01    0.17    0.32    4.96 v _157_/Y (sky130_fd_sc_hd__o21ai_2)
                                         _087_ (net)
                  0.17    0.00    4.96 v _188_/A1 (sky130_fd_sc_hd__a31o_1)
     3    0.02    0.17    0.49    5.45 v _188_/X (sky130_fd_sc_hd__a31o_1)
                                         _003_ (net)
                  0.17    0.00    5.45 v _201_/A2 (sky130_fd_sc_hd__a21boi_1)
     1    0.01    0.25    0.35    5.80 ^ _201_/Y (sky130_fd_sc_hd__a21boi_1)
                                         _015_ (net)
                  0.25    0.00    5.80 ^ _202_/B (sky130_fd_sc_hd__xnor2_1)
     1    0.00    0.13    0.22    6.02 v _202_/Y (sky130_fd_sc_hd__xnor2_1)
                                         _016_ (net)
                  0.13    0.00    6.02 v _208_/A2 (sky130_fd_sc_hd__a211o_1)
     1    0.01    0.13    0.64    6.66 v _208_/X (sky130_fd_sc_hd__a211o_1)
                                         net25 (net)
                  0.13    0.00    6.66 v output25/A (sky130_fd_sc_hd__buf_2)
     1    0.03    0.17    0.39    7.05 v output25/X (sky130_fd_sc_hd__buf_2)
                                         out[5] (net)
                  0.17    0.00    7.05 v out[5] (out)
                                  7.05   data arrival time

                  0.00   10.00   10.00   clock __VIRTUAL_CLK__ (rise edge)
                          0.00   10.00   clock network delay (ideal)
                         -0.25    9.75   clock uncertainty
                          0.00    9.75   clock reconvergence pessimism
                         -2.00    7.75   output external delay
                                  7.75   data required time
-----------------------------------------------------------------------------
                                  7.75   data required time
                                 -7.05   data arrival time
-----------------------------------------------------------------------------
                                  0.70   slack (MET)


Startpoint: opcode[0] (input port clocked by __VIRTUAL_CLK__)
Endpoint: out[6] (output port clocked by __VIRTUAL_CLK__)
Path Group: __VIRTUAL_CLK__
Path Type: max
Corner: Slowest

Fanout     Cap    Slew   Delay    Time   Description
-----------------------------------------------------------------------------
                  0.00    0.00    0.00   clock __VIRTUAL_CLK__ (rise edge)
                          0.00    0.00   clock network delay (ideal)
                          2.00    2.00 ^ input external delay
     1    0.00    0.03    0.02    2.02 ^ opcode[0] (in)
                                         opcode[0] (net)
                  0.03    0.00    2.02 ^ input17/A (sky130_fd_sc_hd__dlymetal6s2s_1)
     6    0.02    0.34    0.35    2.37 ^ input17/X (sky130_fd_sc_hd__dlymetal6s2s_1)
                                         net17 (net)
                  0.34    0.00    2.37 ^ _131_/C_N (sky130_fd_sc_hd__or3b_1)
     1    0.00    0.13    0.91    3.28 v _131_/X (sky130_fd_sc_hd__or3b_1)
                                         _062_ (net)
                  0.13    0.00    3.28 v _132_/A (sky130_fd_sc_hd__buf_2)
    10    0.04    0.17    0.40    3.67 v _132_/X (sky130_fd_sc_hd__buf_2)
                                         _063_ (net)
                  0.17    0.00    3.68 v _134_/C (sky130_fd_sc_hd__and3_1)
     3    0.01    0.12    0.49    4.17 v _134_/X (sky130_fd_sc_hd__and3_1)
                                         _065_ (net)
                  0.12    0.00    4.17 v _136_/C (sky130_fd_sc_hd__nor3_1)
     2    0.01    0.51    0.47    4.64 ^ _136_/Y (sky130_fd_sc_hd__nor3_1)
                                         _067_ (net)
                  0.51    0.00    4.64 ^ _157_/A2 (sky130_fd_sc_hd__o21ai_2)
     3    0.01    0.17    0.32    4.96 v _157_/Y (sky130_fd_sc_hd__o21ai_2)
                                         _087_ (net)
                  0.17    0.00    4.96 v _188_/A1 (sky130_fd_sc_hd__a31o_1)
     3    0.02    0.17    0.49    5.45 v _188_/X (sky130_fd_sc_hd__a31o_1)
                                         _003_ (net)
                  0.17    0.00    5.45 v _216_/A2 (sky130_fd_sc_hd__a31o_1)
     2    0.01    0.12    0.49    5.94 v _216_/X (sky130_fd_sc_hd__a31o_1)
                                         _029_ (net)
                  0.12    0.00    5.94 v _217_/B (sky130_fd_sc_hd__xnor2_1)
     1    0.00    0.12    0.26    6.19 v _217_/Y (sky130_fd_sc_hd__xnor2_1)
                                         _030_ (net)
                  0.12    0.00    6.19 v _223_/A2 (sky130_fd_sc_hd__o22a_1)
     1    0.01    0.11    0.43    6.62 v _223_/X (sky130_fd_sc_hd__o22a_1)
                                         net26 (net)
                  0.11    0.00    6.62 v output26/A (sky130_fd_sc_hd__buf_2)
     1    0.03    0.17    0.38    7.00 v output26/X (sky130_fd_sc_hd__buf_2)
                                         out[6] (net)
                  0.17    0.00    7.01 v out[6] (out)
                                  7.01   data arrival time

                  0.00   10.00   10.00   clock __VIRTUAL_CLK__ (rise edge)
                          0.00   10.00   clock network delay (ideal)
                         -0.25    9.75   clock uncertainty
                          0.00    9.75   clock reconvergence pessimism
                         -2.00    7.75   output external delay
                                  7.75   data required time
-----------------------------------------------------------------------------
                                  7.75   data required time
                                 -7.01   data arrival time
-----------------------------------------------------------------------------
                                  0.74   slack (MET)


Startpoint: opcode[0] (input port clocked by __VIRTUAL_CLK__)
Endpoint: out[4] (output port clocked by __VIRTUAL_CLK__)
Path Group: __VIRTUAL_CLK__
Path Type: max
Corner: Slowest

Fanout     Cap    Slew   Delay    Time   Description
-----------------------------------------------------------------------------
                  0.00    0.00    0.00   clock __VIRTUAL_CLK__ (rise edge)
                          0.00    0.00   clock network delay (ideal)
                          2.00    2.00 ^ input external delay
     1    0.00    0.03    0.02    2.02 ^ opcode[0] (in)
                                         opcode[0] (net)
                  0.03    0.00    2.02 ^ input17/A (sky130_fd_sc_hd__dlymetal6s2s_1)
     6    0.02    0.34    0.35    2.37 ^ input17/X (sky130_fd_sc_hd__dlymetal6s2s_1)
                                         net17 (net)
                  0.34    0.00    2.37 ^ _131_/C_N (sky130_fd_sc_hd__or3b_1)
     1    0.00    0.13    0.91    3.28 v _131_/X (sky130_fd_sc_hd__or3b_1)
                                         _062_ (net)
                  0.13    0.00    3.28 v _132_/A (sky130_fd_sc_hd__buf_2)
    10    0.04    0.17    0.40    3.67 v _132_/X (sky130_fd_sc_hd__buf_2)
                                         _063_ (net)
                  0.17    0.00    3.68 v _181_/B1 (sky130_fd_sc_hd__o21a_1)
     2    0.00    0.08    0.27    3.95 v _181_/X (sky130_fd_sc_hd__o21a_1)
                                         _109_ (net)
                  0.08    0.00    3.95 v _183_/B (sky130_fd_sc_hd__and2_1)
     2    0.00    0.08    0.35    4.30 v _183_/X (sky130_fd_sc_hd__and2_1)
                                         _111_ (net)
                  0.08    0.00    4.30 v _185_/C (sky130_fd_sc_hd__or3_1)
     1    0.00    0.13    0.73    5.03 v _185_/X (sky130_fd_sc_hd__or3_1)
                                         _000_ (net)
                  0.13    0.00    5.03 v _186_/B (sky130_fd_sc_hd__and2_1)
     3    0.01    0.13    0.43    5.46 v _186_/X (sky130_fd_sc_hd__and2_1)
                                         _001_ (net)
                  0.13    0.00    5.46 v _189_/A (sky130_fd_sc_hd__xor2_1)
     1    0.00    0.12    0.34    5.81 v _189_/X (sky130_fd_sc_hd__xor2_1)
                                         _004_ (net)
                  0.12    0.00    5.81 v _195_/A2 (sky130_fd_sc_hd__o22a_1)
     1    0.01    0.11    0.43    6.23 v _195_/X (sky130_fd_sc_hd__o22a_1)
                                         net24 (net)
                  0.11    0.00    6.23 v output24/A (sky130_fd_sc_hd__buf_2)
     1    0.03    0.17    0.38    6.61 v output24/X (sky130_fd_sc_hd__buf_2)
                                         out[4] (net)
                  0.17    0.00    6.62 v out[4] (out)
                                  6.62   data arrival time

                  0.00   10.00   10.00   clock __VIRTUAL_CLK__ (rise edge)
                          0.00   10.00   clock network delay (ideal)
                         -0.25    9.75   clock uncertainty
                          0.00    9.75   clock reconvergence pessimism
                         -2.00    7.75   output external delay
                                  7.75   data required time
-----------------------------------------------------------------------------
                                  7.75   data required time
                                 -6.62   data arrival time
-----------------------------------------------------------------------------
                                  1.13   slack (MET)


Startpoint: opcode[0] (input port clocked by __VIRTUAL_CLK__)
Endpoint: out[3] (output port clocked by __VIRTUAL_CLK__)
Path Group: __VIRTUAL_CLK__
Path Type: max
Corner: Slowest

Fanout     Cap    Slew   Delay    Time   Description
-----------------------------------------------------------------------------
                  0.00    0.00    0.00   clock __VIRTUAL_CLK__ (rise edge)
                          0.00    0.00   clock network delay (ideal)
                          2.00    2.00 ^ input external delay
     1    0.00    0.03    0.02    2.02 ^ opcode[0] (in)
                                         opcode[0] (net)
                  0.03    0.00    2.02 ^ input17/A (sky130_fd_sc_hd__dlymetal6s2s_1)
     6    0.02    0.34    0.35    2.37 ^ input17/X (sky130_fd_sc_hd__dlymetal6s2s_1)
                                         net17 (net)
                  0.34    0.00    2.37 ^ _131_/C_N (sky130_fd_sc_hd__or3b_1)
     1    0.00    0.13    0.91    3.28 v _131_/X (sky130_fd_sc_hd__or3b_1)
                                         _062_ (net)
                  0.13    0.00    3.28 v _132_/A (sky130_fd_sc_hd__buf_2)
    10    0.04    0.17    0.40    3.67 v _132_/X (sky130_fd_sc_hd__buf_2)
                                         _063_ (net)
                  0.17    0.00    3.68 v _134_/C (sky130_fd_sc_hd__and3_1)
     3    0.01    0.12    0.49    4.17 v _134_/X (sky130_fd_sc_hd__and3_1)
                                         _065_ (net)
                  0.12    0.00    4.17 v _136_/C (sky130_fd_sc_hd__nor3_1)
     2    0.01    0.51    0.47    4.64 ^ _136_/Y (sky130_fd_sc_hd__nor3_1)
                                         _067_ (net)
                  0.51    0.00    4.64 ^ _157_/A2 (sky130_fd_sc_hd__o21ai_2)
     3    0.01    0.17    0.32    4.96 v _157_/Y (sky130_fd_sc_hd__o21ai_2)
                                         _087_ (net)
                  0.17    0.00    4.96 v _173_/A1 (sky130_fd_sc_hd__a21o_1)
     1    0.00    0.08    0.36    5.32 v _173_/X (sky130_fd_sc_hd__a21o_1)
                                         _102_ (net)
                  0.08    0.00    5.32 v _174_/B (sky130_fd_sc_hd__xor2_1)
     1    0.00    0.12    0.29    5.61 v _174_/X (sky130_fd_sc_hd__xor2_1)
                                         _103_ (net)
                  0.12    0.00    5.61 v _180_/A2 (sky130_fd_sc_hd__a211o_1)
     1    0.01    0.11    0.62    6.23 v _180_/X (sky130_fd_sc_hd__a211o_1)
                                         net23 (net)
                  0.11    0.00    6.23 v output23/A (sky130_fd_sc_hd__buf_2)
     1    0.03    0.17    0.38    6.61 v output23/X (sky130_fd_sc_hd__buf_2)
                                         out[3] (net)
                  0.17    0.00    6.61 v out[3] (out)
                                  6.61   data arrival time

                  0.00   10.00   10.00   clock __VIRTUAL_CLK__ (rise edge)
                          0.00   10.00   clock network delay (ideal)
                         -0.25    9.75   clock uncertainty
                          0.00    9.75   clock reconvergence pessimism
                         -2.00    7.75   output external delay
                                  7.75   data required time
-----------------------------------------------------------------------------
                                  7.75   data required time
                                 -6.61   data arrival time
-----------------------------------------------------------------------------
                                  1.14   slack (MET)


Startpoint: opcode[0] (input port clocked by __VIRTUAL_CLK__)
Endpoint: out[2] (output port clocked by __VIRTUAL_CLK__)
Path Group: __VIRTUAL_CLK__
Path Type: max
Corner: Slowest

Fanout     Cap    Slew   Delay    Time   Description
-----------------------------------------------------------------------------
                  0.00    0.00    0.00   clock __VIRTUAL_CLK__ (rise edge)
                          0.00    0.00   clock network delay (ideal)
                          2.00    2.00 ^ input external delay
     1    0.00    0.03    0.02    2.02 ^ opcode[0] (in)
                                         opcode[0] (net)
                  0.03    0.00    2.02 ^ input17/A (sky130_fd_sc_hd__dlymetal6s2s_1)
     6    0.02    0.34    0.35    2.37 ^ input17/X (sky130_fd_sc_hd__dlymetal6s2s_1)
                                         net17 (net)
                  0.34    0.00    2.37 ^ _131_/C_N (sky130_fd_sc_hd__or3b_1)
     1    0.00    0.13    0.91    3.28 v _131_/X (sky130_fd_sc_hd__or3b_1)
                                         _062_ (net)
                  0.13    0.00    3.28 v _132_/A (sky130_fd_sc_hd__buf_2)
    10    0.04    0.17    0.40    3.67 v _132_/X (sky130_fd_sc_hd__buf_2)
                                         _063_ (net)
                  0.17    0.00    3.68 v _134_/C (sky130_fd_sc_hd__and3_1)
     3    0.01    0.12    0.49    4.17 v _134_/X (sky130_fd_sc_hd__and3_1)
                                         _065_ (net)
                  0.12    0.00    4.17 v _136_/C (sky130_fd_sc_hd__nor3_1)
     2    0.01    0.51    0.47    4.64 ^ _136_/Y (sky130_fd_sc_hd__nor3_1)
                                         _067_ (net)
                  0.51    0.00    4.64 ^ _157_/A2 (sky130_fd_sc_hd__o21ai_2)
     3    0.01    0.17    0.32    4.96 v _157_/Y (sky130_fd_sc_hd__o21ai_2)
                                         _087_ (net)
                  0.17    0.00    4.96 v _165_/A (sky130_fd_sc_hd__xor2_1)
     1    0.00    0.13    0.36    5.32 v _165_/X (sky130_fd_sc_hd__xor2_1)
                                         _095_ (net)
                  0.13    0.00    5.32 v _166_/B1 (sky130_fd_sc_hd__o32a_1)
     1    0.00    0.13    0.39    5.70 v _166_/X (sky130_fd_sc_hd__o32a_1)
                                         net22 (net)
                  0.13    0.00    5.70 v output22/A (sky130_fd_sc_hd__buf_2)
     1    0.03    0.17    0.39    6.10 v output22/X (sky130_fd_sc_hd__buf_2)
                                         out[2] (net)
                  0.17    0.00    6.10 v out[2] (out)
                                  6.10   data arrival time

                  0.00   10.00   10.00   clock __VIRTUAL_CLK__ (rise edge)
                          0.00   10.00   clock network delay (ideal)
                         -0.25    9.75   clock uncertainty
                          0.00    9.75   clock reconvergence pessimism
                         -2.00    7.75   output external delay
                                  7.75   data required time
-----------------------------------------------------------------------------
                                  7.75   data required time
                                 -6.10   data arrival time
-----------------------------------------------------------------------------
                                  1.65   slack (MET)


Startpoint: opcode[0] (input port clocked by __VIRTUAL_CLK__)
Endpoint: out[1] (output port clocked by __VIRTUAL_CLK__)
Path Group: __VIRTUAL_CLK__
Path Type: max
Corner: Slowest

Fanout     Cap    Slew   Delay    Time   Description
-----------------------------------------------------------------------------
                  0.00    0.00    0.00   clock __VIRTUAL_CLK__ (rise edge)
                          0.00    0.00   clock network delay (ideal)
                          2.00    2.00 ^ input external delay
     1    0.00    0.03    0.02    2.02 ^ opcode[0] (in)
                                         opcode[0] (net)
                  0.03    0.00    2.02 ^ input17/A (sky130_fd_sc_hd__dlymetal6s2s_1)
     6    0.02    0.34    0.35    2.37 ^ input17/X (sky130_fd_sc_hd__dlymetal6s2s_1)
                                         net17 (net)
                  0.34    0.00    2.37 ^ _131_/C_N (sky130_fd_sc_hd__or3b_1)
     1    0.00    0.13    0.91    3.28 v _131_/X (sky130_fd_sc_hd__or3b_1)
                                         _062_ (net)
                  0.13    0.00    3.28 v _132_/A (sky130_fd_sc_hd__buf_2)
    10    0.04    0.17    0.40    3.67 v _132_/X (sky130_fd_sc_hd__buf_2)
                                         _063_ (net)
                  0.17    0.00    3.68 v _134_/C (sky130_fd_sc_hd__and3_1)
     3    0.01    0.12    0.49    4.17 v _134_/X (sky130_fd_sc_hd__and3_1)
                                         _065_ (net)
                  0.12    0.00    4.17 v _136_/C (sky130_fd_sc_hd__nor3_1)
     2    0.01    0.51    0.47    4.64 ^ _136_/Y (sky130_fd_sc_hd__nor3_1)
                                         _067_ (net)
                  0.51    0.00    4.64 ^ _137_/B (sky130_fd_sc_hd__nor2_1)
     1    0.00    0.12    0.24    4.88 v _137_/Y (sky130_fd_sc_hd__nor2_1)
                                         _068_ (net)
                  0.12    0.00    4.88 v _138_/B (sky130_fd_sc_hd__xnor2_1)
     1    0.00    0.13    0.25    5.12 v _138_/Y (sky130_fd_sc_hd__xnor2_1)
                                         _069_ (net)
                  0.13    0.00    5.12 v _150_/A2 (sky130_fd_sc_hd__o21a_1)
     1    0.00    0.08    0.36    5.49 v _150_/X (sky130_fd_sc_hd__o21a_1)
                                         net21 (net)
                  0.08    0.00    5.49 v output21/A (sky130_fd_sc_hd__buf_2)
     1    0.03    0.17    0.37    5.85 v output21/X (sky130_fd_sc_hd__buf_2)
                                         out[1] (net)
                  0.17    0.00    5.86 v out[1] (out)
                                  5.86   data arrival time

                  0.00   10.00   10.00   clock __VIRTUAL_CLK__ (rise edge)
                          0.00   10.00   clock network delay (ideal)
                         -0.25    9.75   clock uncertainty
                          0.00    9.75   clock reconvergence pessimism
                         -2.00    7.75   output external delay
                                  7.75   data required time
-----------------------------------------------------------------------------
                                  7.75   data required time
                                 -5.86   data arrival time
-----------------------------------------------------------------------------
                                  1.89   slack (MET)


Startpoint: opcode[1] (input port clocked by __VIRTUAL_CLK__)
Endpoint: out[0] (output port clocked by __VIRTUAL_CLK__)
Path Group: __VIRTUAL_CLK__
Path Type: max
Corner: Slowest

Fanout     Cap    Slew   Delay    Time   Description
-----------------------------------------------------------------------------
                  0.00    0.00    0.00   clock __VIRTUAL_CLK__ (rise edge)
                          0.00    0.00   clock network delay (ideal)
                          2.00    2.00 v input external delay
     1    0.00    0.02    0.01    2.01 v opcode[1] (in)
                                         opcode[1] (net)
                  0.02    0.00    2.01 v input18/A (sky130_fd_sc_hd__clkbuf_1)
     2    0.01    0.12    0.20    2.21 v input18/X (sky130_fd_sc_hd__clkbuf_1)
                                         net18 (net)
                  0.12    0.00    2.21 v _114_/A (sky130_fd_sc_hd__clkbuf_2)
    10    0.03    0.21    0.35    2.56 v _114_/X (sky130_fd_sc_hd__clkbuf_2)
                                         _046_ (net)
                  0.21    0.00    2.57 v _121_/B (sky130_fd_sc_hd__and3_2)
     8    0.03    0.20    0.65    3.21 v _121_/X (sky130_fd_sc_hd__and3_2)
                                         _053_ (net)
                  0.20    0.00    3.21 v _123_/A2 (sky130_fd_sc_hd__a22o_1)
     1    0.00    0.07    0.48    3.70 v _123_/X (sky130_fd_sc_hd__a22o_1)
                                         _055_ (net)
                  0.07    0.00    3.70 v _127_/C (sky130_fd_sc_hd__or4_1)
     1    0.00    0.17    1.14    4.84 v _127_/X (sky130_fd_sc_hd__or4_1)
                                         _059_ (net)
                  0.17    0.00    4.84 v _128_/A (sky130_fd_sc_hd__clkbuf_1)
     1    0.00    0.06    0.23    5.07 v _128_/X (sky130_fd_sc_hd__clkbuf_1)
                                         net20 (net)
                  0.06    0.00    5.07 v output20/A (sky130_fd_sc_hd__buf_2)
     1    0.03    0.17    0.36    5.43 v output20/X (sky130_fd_sc_hd__buf_2)
                                         out[0] (net)
                  0.17    0.00    5.43 v out[0] (out)
                                  5.43   data arrival time

                  0.00   10.00   10.00   clock __VIRTUAL_CLK__ (rise edge)
                          0.00   10.00   clock network delay (ideal)
                         -0.25    9.75   clock uncertainty
                          0.00    9.75   clock reconvergence pessimism
                         -2.00    7.75   output external delay
                                  7.75   data required time
-----------------------------------------------------------------------------
                                  7.75   data required time
                                 -5.43   data arrival time
-----------------------------------------------------------------------------
                                  2.32   slack (MET)



worst slack corner Slowest: 0.4988
======================= Typical Corner ===================================

Startpoint: opcode[0] (input port clocked by __VIRTUAL_CLK__)
Endpoint: out[7] (output port clocked by __VIRTUAL_CLK__)
Path Group: __VIRTUAL_CLK__
Path Type: max
Corner: Typical

Fanout     Cap    Slew   Delay    Time   Description
-----------------------------------------------------------------------------
                  0.00    0.00    0.00   clock __VIRTUAL_CLK__ (rise edge)
                          0.00    0.00   clock network delay (ideal)
                          2.00    2.00 ^ input external delay
     1    0.00    0.02    0.01    2.01 ^ opcode[0] (in)
                                         opcode[0] (net)
                  0.02    0.00    2.01 ^ input17/A (sky130_fd_sc_hd__dlymetal6s2s_1)
     6    0.02    0.23    0.22    2.23 ^ input17/X (sky130_fd_sc_hd__dlymetal6s2s_1)
                                         net17 (net)
                  0.23    0.00    2.23 ^ _131_/C_N (sky130_fd_sc_hd__or3b_1)
     1    0.00    0.06    0.38    2.61 v _131_/X (sky130_fd_sc_hd__or3b_1)
                                         _062_ (net)
                  0.06    0.00    2.61 v _132_/A (sky130_fd_sc_hd__buf_2)
    10    0.04    0.09    0.20    2.81 v _132_/X (sky130_fd_sc_hd__buf_2)
                                         _063_ (net)
                  0.09    0.00    2.81 v _134_/C (sky130_fd_sc_hd__and3_1)
     3    0.01    0.06    0.24    3.05 v _134_/X (sky130_fd_sc_hd__and3_1)
                                         _065_ (net)
                  0.06    0.00    3.05 v _136_/C (sky130_fd_sc_hd__nor3_1)
     2    0.01    0.30    0.26    3.31 ^ _136_/Y (sky130_fd_sc_hd__nor3_1)
                                         _067_ (net)
                  0.30    0.00    3.32 ^ _157_/A2 (sky130_fd_sc_hd__o21ai_2)
     3    0.01    0.09    0.14    3.45 v _157_/Y (sky130_fd_sc_hd__o21ai_2)
                                         _087_ (net)
                  0.09    0.00    3.45 v _188_/A1 (sky130_fd_sc_hd__a31o_1)
     3    0.02    0.09    0.26    3.71 v _188_/X (sky130_fd_sc_hd__a31o_1)
                                         _003_ (net)
                  0.09    0.00    3.71 v _216_/A2 (sky130_fd_sc_hd__a31o_1)
     2    0.01    0.06    0.26    3.97 v _216_/X (sky130_fd_sc_hd__a31o_1)
                                         _029_ (net)
                  0.06    0.00    3.97 v _224_/A2 (sky130_fd_sc_hd__a21o_1)
     1    0.01    0.05    0.20    4.18 v _224_/X (sky130_fd_sc_hd__a21o_1)
                                         _036_ (net)
                  0.05    0.00    4.18 v _228_/A (sky130_fd_sc_hd__xnor2_1)
     1    0.00    0.05    0.13    4.30 v _228_/Y (sky130_fd_sc_hd__xnor2_1)
                                         _040_ (net)
                  0.05    0.00    4.30 v _233_/A2 (sky130_fd_sc_hd__o21ai_1)
     1    0.01    0.14    0.15    4.45 ^ _233_/Y (sky130_fd_sc_hd__o21ai_1)
                                         net27 (net)
                  0.14    0.00    4.45 ^ output27/A (sky130_fd_sc_hd__buf_2)
     1    0.03    0.17    0.24    4.70 ^ output27/X (sky130_fd_sc_hd__buf_2)
                                         out[7] (net)
                  0.17    0.00    4.70 ^ out[7] (out)
                                  4.70   data arrival time

                  0.00   10.00   10.00   clock __VIRTUAL_CLK__ (rise edge)
                          0.00   10.00   clock network delay (ideal)
                         -0.25    9.75   clock uncertainty
                          0.00    9.75   clock reconvergence pessimism
                         -2.00    7.75   output external delay
                                  7.75   data required time
-----------------------------------------------------------------------------
                                  7.75   data required time
                                 -4.70   data arrival time
-----------------------------------------------------------------------------
                                  3.05   slack (MET)


Startpoint: opcode[0] (input port clocked by __VIRTUAL_CLK__)
Endpoint: out[5] (output port clocked by __VIRTUAL_CLK__)
Path Group: __VIRTUAL_CLK__
Path Type: max
Corner: Typical

Fanout     Cap    Slew   Delay    Time   Description
-----------------------------------------------------------------------------
                  0.00    0.00    0.00   clock __VIRTUAL_CLK__ (rise edge)
                          0.00    0.00   clock network delay (ideal)
                          2.00    2.00 ^ input external delay
     1    0.00    0.02    0.01    2.01 ^ opcode[0] (in)
                                         opcode[0] (net)
                  0.02    0.00    2.01 ^ input17/A (sky130_fd_sc_hd__dlymetal6s2s_1)
     6    0.02    0.23    0.22    2.23 ^ input17/X (sky130_fd_sc_hd__dlymetal6s2s_1)
                                         net17 (net)
                  0.23    0.00    2.23 ^ _131_/C_N (sky130_fd_sc_hd__or3b_1)
     1    0.00    0.06    0.38    2.61 v _131_/X (sky130_fd_sc_hd__or3b_1)
                                         _062_ (net)
                  0.06    0.00    2.61 v _132_/A (sky130_fd_sc_hd__buf_2)
    10    0.04    0.09    0.20    2.81 v _132_/X (sky130_fd_sc_hd__buf_2)
                                         _063_ (net)
                  0.09    0.00    2.81 v _134_/C (sky130_fd_sc_hd__and3_1)
     3    0.01    0.06    0.24    3.05 v _134_/X (sky130_fd_sc_hd__and3_1)
                                         _065_ (net)
                  0.06    0.00    3.05 v _136_/C (sky130_fd_sc_hd__nor3_1)
     2    0.01    0.30    0.26    3.31 ^ _136_/Y (sky130_fd_sc_hd__nor3_1)
                                         _067_ (net)
                  0.30    0.00    3.32 ^ _157_/A2 (sky130_fd_sc_hd__o21ai_2)
     3    0.01    0.09    0.14    3.45 v _157_/Y (sky130_fd_sc_hd__o21ai_2)
                                         _087_ (net)
                  0.09    0.00    3.45 v _188_/A1 (sky130_fd_sc_hd__a31o_1)
     3    0.02    0.09    0.26    3.71 v _188_/X (sky130_fd_sc_hd__a31o_1)
                                         _003_ (net)
                  0.09    0.00    3.71 v _201_/A2 (sky130_fd_sc_hd__a21boi_1)
     1    0.01    0.16    0.20    3.91 ^ _201_/Y (sky130_fd_sc_hd__a21boi_1)
                                         _015_ (net)
                  0.16    0.00    3.91 ^ _202_/B (sky130_fd_sc_hd__xnor2_1)
     1    0.00    0.07    0.10    4.01 v _202_/Y (sky130_fd_sc_hd__xnor2_1)
                                         _016_ (net)
                  0.07    0.00    4.01 v _208_/A2 (sky130_fd_sc_hd__a211o_1)
     1    0.01    0.07    0.34    4.35 v _208_/X (sky130_fd_sc_hd__a211o_1)
                                         net25 (net)
                  0.07    0.00    4.35 v output25/A (sky130_fd_sc_hd__buf_2)
     1    0.03    0.09    0.20    4.55 v output25/X (sky130_fd_sc_hd__buf_2)
                                         out[5] (net)
                  0.09    0.00    4.55 v out[5] (out)
                                  4.55   data arrival time

                  0.00   10.00   10.00   clock __VIRTUAL_CLK__ (rise edge)
                          0.00   10.00   clock network delay (ideal)
                         -0.25    9.75   clock uncertainty
                          0.00    9.75   clock reconvergence pessimism
                         -2.00    7.75   output external delay
                                  7.75   data required time
-----------------------------------------------------------------------------
                                  7.75   data required time
                                 -4.55   data arrival time
-----------------------------------------------------------------------------
                                  3.20   slack (MET)


Startpoint: opcode[0] (input port clocked by __VIRTUAL_CLK__)
Endpoint: out[6] (output port clocked by __VIRTUAL_CLK__)
Path Group: __VIRTUAL_CLK__
Path Type: max
Corner: Typical

Fanout     Cap    Slew   Delay    Time   Description
-----------------------------------------------------------------------------
                  0.00    0.00    0.00   clock __VIRTUAL_CLK__ (rise edge)
                          0.00    0.00   clock network delay (ideal)
                          2.00    2.00 ^ input external delay
     1    0.00    0.02    0.01    2.01 ^ opcode[0] (in)
                                         opcode[0] (net)
                  0.02    0.00    2.01 ^ input17/A (sky130_fd_sc_hd__dlymetal6s2s_1)
     6    0.02    0.23    0.22    2.23 ^ input17/X (sky130_fd_sc_hd__dlymetal6s2s_1)
                                         net17 (net)
                  0.23    0.00    2.23 ^ _131_/C_N (sky130_fd_sc_hd__or3b_1)
     1    0.00    0.06    0.38    2.61 v _131_/X (sky130_fd_sc_hd__or3b_1)
                                         _062_ (net)
                  0.06    0.00    2.61 v _132_/A (sky130_fd_sc_hd__buf_2)
    10    0.04    0.09    0.20    2.81 v _132_/X (sky130_fd_sc_hd__buf_2)
                                         _063_ (net)
                  0.09    0.00    2.81 v _134_/C (sky130_fd_sc_hd__and3_1)
     3    0.01    0.06    0.24    3.05 v _134_/X (sky130_fd_sc_hd__and3_1)
                                         _065_ (net)
                  0.06    0.00    3.05 v _136_/C (sky130_fd_sc_hd__nor3_1)
     2    0.01    0.30    0.26    3.31 ^ _136_/Y (sky130_fd_sc_hd__nor3_1)
                                         _067_ (net)
                  0.30    0.00    3.32 ^ _157_/A2 (sky130_fd_sc_hd__o21ai_2)
     3    0.01    0.09    0.14    3.45 v _157_/Y (sky130_fd_sc_hd__o21ai_2)
                                         _087_ (net)
                  0.09    0.00    3.45 v _188_/A1 (sky130_fd_sc_hd__a31o_1)
     3    0.02    0.09    0.26    3.71 v _188_/X (sky130_fd_sc_hd__a31o_1)
                                         _003_ (net)
                  0.09    0.00    3.71 v _216_/A2 (sky130_fd_sc_hd__a31o_1)
     2    0.01    0.06    0.26    3.97 v _216_/X (sky130_fd_sc_hd__a31o_1)
                                         _029_ (net)
                  0.06    0.00    3.97 v _217_/B (sky130_fd_sc_hd__xnor2_1)
     1    0.00    0.15    0.17    4.15 ^ _217_/Y (sky130_fd_sc_hd__xnor2_1)
                                         _030_ (net)
                  0.15    0.00    4.15 ^ _223_/A2 (sky130_fd_sc_hd__o22a_1)
     1    0.01    0.07    0.18    4.32 ^ _223_/X (sky130_fd_sc_hd__o22a_1)
                                         net26 (net)
                  0.07    0.00    4.32 ^ output26/A (sky130_fd_sc_hd__buf_2)
     1    0.03    0.17    0.22    4.54 ^ output26/X (sky130_fd_sc_hd__buf_2)
                                         out[6] (net)
                  0.17    0.00    4.54 ^ out[6] (out)
                                  4.54   data arrival time

                  0.00   10.00   10.00   clock __VIRTUAL_CLK__ (rise edge)
                          0.00   10.00   clock network delay (ideal)
                         -0.25    9.75   clock uncertainty
                          0.00    9.75   clock reconvergence pessimism
                         -2.00    7.75   output external delay
                                  7.75   data required time
-----------------------------------------------------------------------------
                                  7.75   data required time
                                 -4.54   data arrival time
-----------------------------------------------------------------------------
                                  3.21   slack (MET)


Startpoint: opcode[0] (input port clocked by __VIRTUAL_CLK__)
Endpoint: out[3] (output port clocked by __VIRTUAL_CLK__)
Path Group: __VIRTUAL_CLK__
Path Type: max
Corner: Typical

Fanout     Cap    Slew   Delay    Time   Description
-----------------------------------------------------------------------------
                  0.00    0.00    0.00   clock __VIRTUAL_CLK__ (rise edge)
                          0.00    0.00   clock network delay (ideal)
                          2.00    2.00 ^ input external delay
     1    0.00    0.02    0.01    2.01 ^ opcode[0] (in)
                                         opcode[0] (net)
                  0.02    0.00    2.01 ^ input17/A (sky130_fd_sc_hd__dlymetal6s2s_1)
     6    0.02    0.23    0.22    2.23 ^ input17/X (sky130_fd_sc_hd__dlymetal6s2s_1)
                                         net17 (net)
                  0.23    0.00    2.23 ^ _131_/C_N (sky130_fd_sc_hd__or3b_1)
     1    0.00    0.06    0.38    2.61 v _131_/X (sky130_fd_sc_hd__or3b_1)
                                         _062_ (net)
                  0.06    0.00    2.61 v _132_/A (sky130_fd_sc_hd__buf_2)
    10    0.04    0.09    0.20    2.81 v _132_/X (sky130_fd_sc_hd__buf_2)
                                         _063_ (net)
                  0.09    0.00    2.81 v _134_/C (sky130_fd_sc_hd__and3_1)
     3    0.01    0.06    0.24    3.05 v _134_/X (sky130_fd_sc_hd__and3_1)
                                         _065_ (net)
                  0.06    0.00    3.05 v _136_/C (sky130_fd_sc_hd__nor3_1)
     2    0.01    0.30    0.26    3.31 ^ _136_/Y (sky130_fd_sc_hd__nor3_1)
                                         _067_ (net)
                  0.30    0.00    3.32 ^ _157_/A2 (sky130_fd_sc_hd__o21ai_2)
     3    0.01    0.09    0.14    3.45 v _157_/Y (sky130_fd_sc_hd__o21ai_2)
                                         _087_ (net)
                  0.09    0.00    3.45 v _173_/A1 (sky130_fd_sc_hd__a21o_1)
     1    0.00    0.04    0.19    3.64 v _173_/X (sky130_fd_sc_hd__a21o_1)
                                         _102_ (net)
                  0.04    0.00    3.64 v _174_/B (sky130_fd_sc_hd__xor2_1)
     1    0.00    0.06    0.15    3.79 v _174_/X (sky130_fd_sc_hd__xor2_1)
                                         _103_ (net)
                  0.06    0.00    3.79 v _180_/A2 (sky130_fd_sc_hd__a211o_1)
     1    0.01    0.06    0.32    4.11 v _180_/X (sky130_fd_sc_hd__a211o_1)
                                         net23 (net)
                  0.06    0.00    4.11 v output23/A (sky130_fd_sc_hd__buf_2)
     1    0.03    0.09    0.20    4.30 v output23/X (sky130_fd_sc_hd__buf_2)
                                         out[3] (net)
                  0.09    0.00    4.31 v out[3] (out)
                                  4.31   data arrival time

                  0.00   10.00   10.00   clock __VIRTUAL_CLK__ (rise edge)
                          0.00   10.00   clock network delay (ideal)
                         -0.25    9.75   clock uncertainty
                          0.00    9.75   clock reconvergence pessimism
                         -2.00    7.75   output external delay
                                  7.75   data required time
-----------------------------------------------------------------------------
                                  7.75   data required time
                                 -4.31   data arrival time
-----------------------------------------------------------------------------
                                  3.44   slack (MET)


Startpoint: opcode[0] (input port clocked by __VIRTUAL_CLK__)
Endpoint: out[4] (output port clocked by __VIRTUAL_CLK__)
Path Group: __VIRTUAL_CLK__
Path Type: max
Corner: Typical

Fanout     Cap    Slew   Delay    Time   Description
-----------------------------------------------------------------------------
                  0.00    0.00    0.00   clock __VIRTUAL_CLK__ (rise edge)
                          0.00    0.00   clock network delay (ideal)
                          2.00    2.00 ^ input external delay
     1    0.00    0.02    0.01    2.01 ^ opcode[0] (in)
                                         opcode[0] (net)
                  0.02    0.00    2.01 ^ input17/A (sky130_fd_sc_hd__dlymetal6s2s_1)
     6    0.02    0.23    0.22    2.23 ^ input17/X (sky130_fd_sc_hd__dlymetal6s2s_1)
                                         net17 (net)
                  0.23    0.00    2.23 ^ _131_/C_N (sky130_fd_sc_hd__or3b_1)
     1    0.00    0.06    0.38    2.61 v _131_/X (sky130_fd_sc_hd__or3b_1)
                                         _062_ (net)
                  0.06    0.00    2.61 v _132_/A (sky130_fd_sc_hd__buf_2)
    10    0.04    0.09    0.20    2.81 v _132_/X (sky130_fd_sc_hd__buf_2)
                                         _063_ (net)
                  0.09    0.00    2.81 v _134_/C (sky130_fd_sc_hd__and3_1)
     3    0.01    0.06    0.24    3.05 v _134_/X (sky130_fd_sc_hd__and3_1)
                                         _065_ (net)
                  0.06    0.00    3.05 v _136_/C (sky130_fd_sc_hd__nor3_1)
     2    0.01    0.30    0.26    3.31 ^ _136_/Y (sky130_fd_sc_hd__nor3_1)
                                         _067_ (net)
                  0.30    0.00    3.32 ^ _157_/A2 (sky130_fd_sc_hd__o21ai_2)
     3    0.01    0.09    0.14    3.45 v _157_/Y (sky130_fd_sc_hd__o21ai_2)
                                         _087_ (net)
                  0.09    0.00    3.45 v _188_/A1 (sky130_fd_sc_hd__a31o_1)
     3    0.02    0.09    0.26    3.71 v _188_/X (sky130_fd_sc_hd__a31o_1)
                                         _003_ (net)
                  0.09    0.00    3.71 v _189_/B (sky130_fd_sc_hd__xor2_1)
     1    0.00    0.06    0.16    3.87 v _189_/X (sky130_fd_sc_hd__xor2_1)
                                         _004_ (net)
                  0.06    0.00    3.87 v _195_/A2 (sky130_fd_sc_hd__o22a_1)
     1    0.01    0.06    0.22    4.09 v _195_/X (sky130_fd_sc_hd__o22a_1)
                                         net24 (net)
                  0.06    0.00    4.09 v output24/A (sky130_fd_sc_hd__buf_2)
     1    0.03    0.09    0.19    4.29 v output24/X (sky130_fd_sc_hd__buf_2)
                                         out[4] (net)
                  0.09    0.00    4.29 v out[4] (out)
                                  4.29   data arrival time

                  0.00   10.00   10.00   clock __VIRTUAL_CLK__ (rise edge)
                          0.00   10.00   clock network delay (ideal)
                         -0.25    9.75   clock uncertainty
                          0.00    9.75   clock reconvergence pessimism
                         -2.00    7.75   output external delay
                                  7.75   data required time
-----------------------------------------------------------------------------
                                  7.75   data required time
                                 -4.29   data arrival time
-----------------------------------------------------------------------------
                                  3.46   slack (MET)


Startpoint: opcode[0] (input port clocked by __VIRTUAL_CLK__)
Endpoint: out[2] (output port clocked by __VIRTUAL_CLK__)
Path Group: __VIRTUAL_CLK__
Path Type: max
Corner: Typical

Fanout     Cap    Slew   Delay    Time   Description
-----------------------------------------------------------------------------
                  0.00    0.00    0.00   clock __VIRTUAL_CLK__ (rise edge)
                          0.00    0.00   clock network delay (ideal)
                          2.00    2.00 ^ input external delay
     1    0.00    0.02    0.01    2.01 ^ opcode[0] (in)
                                         opcode[0] (net)
                  0.02    0.00    2.01 ^ input17/A (sky130_fd_sc_hd__dlymetal6s2s_1)
     6    0.02    0.23    0.22    2.23 ^ input17/X (sky130_fd_sc_hd__dlymetal6s2s_1)
                                         net17 (net)
                  0.23    0.00    2.23 ^ _131_/C_N (sky130_fd_sc_hd__or3b_1)
     1    0.00    0.06    0.38    2.61 v _131_/X (sky130_fd_sc_hd__or3b_1)
                                         _062_ (net)
                  0.06    0.00    2.61 v _132_/A (sky130_fd_sc_hd__buf_2)
    10    0.04    0.09    0.20    2.81 v _132_/X (sky130_fd_sc_hd__buf_2)
                                         _063_ (net)
                  0.09    0.00    2.81 v _134_/C (sky130_fd_sc_hd__and3_1)
     3    0.01    0.06    0.24    3.05 v _134_/X (sky130_fd_sc_hd__and3_1)
                                         _065_ (net)
                  0.06    0.00    3.05 v _136_/C (sky130_fd_sc_hd__nor3_1)
     2    0.01    0.30    0.26    3.31 ^ _136_/Y (sky130_fd_sc_hd__nor3_1)
                                         _067_ (net)
                  0.30    0.00    3.32 ^ _157_/A2 (sky130_fd_sc_hd__o21ai_2)
     3    0.01    0.09    0.14    3.45 v _157_/Y (sky130_fd_sc_hd__o21ai_2)
                                         _087_ (net)
                  0.09    0.00    3.45 v _165_/A (sky130_fd_sc_hd__xor2_1)
     1    0.00    0.13    0.18    3.63 ^ _165_/X (sky130_fd_sc_hd__xor2_1)
                                         _095_ (net)
                  0.13    0.00    3.63 ^ _166_/B1 (sky130_fd_sc_hd__o32a_1)
     1    0.00    0.06    0.18    3.81 ^ _166_/X (sky130_fd_sc_hd__o32a_1)
                                         net22 (net)
                  0.06    0.00    3.81 ^ output22/A (sky130_fd_sc_hd__buf_2)
     1    0.03    0.17    0.22    4.03 ^ output22/X (sky130_fd_sc_hd__buf_2)
                                         out[2] (net)
                  0.17    0.00    4.03 ^ out[2] (out)
                                  4.03   data arrival time

                  0.00   10.00   10.00   clock __VIRTUAL_CLK__ (rise edge)
                          0.00   10.00   clock network delay (ideal)
                         -0.25    9.75   clock uncertainty
                          0.00    9.75   clock reconvergence pessimism
                         -2.00    7.75   output external delay
                                  7.75   data required time
-----------------------------------------------------------------------------
                                  7.75   data required time
                                 -4.03   data arrival time
-----------------------------------------------------------------------------
                                  3.72   slack (MET)


Startpoint: opcode[0] (input port clocked by __VIRTUAL_CLK__)
Endpoint: out[1] (output port clocked by __VIRTUAL_CLK__)
Path Group: __VIRTUAL_CLK__
Path Type: max
Corner: Typical

Fanout     Cap    Slew   Delay    Time   Description
-----------------------------------------------------------------------------
                  0.00    0.00    0.00   clock __VIRTUAL_CLK__ (rise edge)
                          0.00    0.00   clock network delay (ideal)
                          2.00    2.00 ^ input external delay
     1    0.00    0.02    0.01    2.01 ^ opcode[0] (in)
                                         opcode[0] (net)
                  0.02    0.00    2.01 ^ input17/A (sky130_fd_sc_hd__dlymetal6s2s_1)
     6    0.02    0.23    0.22    2.23 ^ input17/X (sky130_fd_sc_hd__dlymetal6s2s_1)
                                         net17 (net)
                  0.23    0.00    2.23 ^ _131_/C_N (sky130_fd_sc_hd__or3b_1)
     1    0.00    0.06    0.38    2.61 v _131_/X (sky130_fd_sc_hd__or3b_1)
                                         _062_ (net)
                  0.06    0.00    2.61 v _132_/A (sky130_fd_sc_hd__buf_2)
    10    0.04    0.09    0.20    2.81 v _132_/X (sky130_fd_sc_hd__buf_2)
                                         _063_ (net)
                  0.09    0.00    2.81 v _134_/C (sky130_fd_sc_hd__and3_1)
     3    0.01    0.06    0.24    3.05 v _134_/X (sky130_fd_sc_hd__and3_1)
                                         _065_ (net)
                  0.06    0.00    3.05 v _136_/C (sky130_fd_sc_hd__nor3_1)
     2    0.01    0.30    0.26    3.31 ^ _136_/Y (sky130_fd_sc_hd__nor3_1)
                                         _067_ (net)
                  0.30    0.00    3.32 ^ _137_/B (sky130_fd_sc_hd__nor2_1)
     1    0.00    0.07    0.09    3.41 v _137_/Y (sky130_fd_sc_hd__nor2_1)
                                         _068_ (net)
                  0.07    0.00    3.41 v _138_/B (sky130_fd_sc_hd__xnor2_1)
     1    0.00    0.07    0.14    3.55 v _138_/Y (sky130_fd_sc_hd__xnor2_1)
                                         _069_ (net)
                  0.07    0.00    3.55 v _150_/A2 (sky130_fd_sc_hd__o21a_1)
     1    0.00    0.04    0.19    3.74 v _150_/X (sky130_fd_sc_hd__o21a_1)
                                         net21 (net)
                  0.04    0.00    3.74 v output21/A (sky130_fd_sc_hd__buf_2)
     1    0.03    0.09    0.19    3.93 v output21/X (sky130_fd_sc_hd__buf_2)
                                         out[1] (net)
                  0.09    0.00    3.93 v out[1] (out)
                                  3.93   data arrival time

                  0.00   10.00   10.00   clock __VIRTUAL_CLK__ (rise edge)
                          0.00   10.00   clock network delay (ideal)
                         -0.25    9.75   clock uncertainty
                          0.00    9.75   clock reconvergence pessimism
                         -2.00    7.75   output external delay
                                  7.75   data required time
-----------------------------------------------------------------------------
                                  7.75   data required time
                                 -3.93   data arrival time
-----------------------------------------------------------------------------
                                  3.82   slack (MET)


Startpoint: opcode[1] (input port clocked by __VIRTUAL_CLK__)
Endpoint: out[0] (output port clocked by __VIRTUAL_CLK__)
Path Group: __VIRTUAL_CLK__
Path Type: max
Corner: Typical

Fanout     Cap    Slew   Delay    Time   Description
-----------------------------------------------------------------------------
                  0.00    0.00    0.00   clock __VIRTUAL_CLK__ (rise edge)
                          0.00    0.00   clock network delay (ideal)
                          2.00    2.00 v input external delay
     1    0.00    0.01    0.01    2.01 v opcode[1] (in)
                                         opcode[1] (net)
                  0.01    0.00    2.01 v input18/A (sky130_fd_sc_hd__clkbuf_1)
     2    0.01    0.06    0.11    2.11 v input18/X (sky130_fd_sc_hd__clkbuf_1)
                                         net18 (net)
                  0.06    0.00    2.11 v _114_/A (sky130_fd_sc_hd__clkbuf_2)
    10    0.03    0.11    0.19    2.30 v _114_/X (sky130_fd_sc_hd__clkbuf_2)
                                         _046_ (net)
                  0.11    0.00    2.30 v _121_/B (sky130_fd_sc_hd__and3_2)
     8    0.03    0.11    0.31    2.62 v _121_/X (sky130_fd_sc_hd__and3_2)
                                         _053_ (net)
                  0.11    0.00    2.62 v _123_/A2 (sky130_fd_sc_hd__a22o_1)
     1    0.00    0.04    0.26    2.88 v _123_/X (sky130_fd_sc_hd__a22o_1)
                                         _055_ (net)
                  0.04    0.00    2.88 v _127_/C (sky130_fd_sc_hd__or4_1)
     1    0.00    0.08    0.48    3.36 v _127_/X (sky130_fd_sc_hd__or4_1)
                                         _059_ (net)
                  0.08    0.00    3.36 v _128_/A (sky130_fd_sc_hd__clkbuf_1)
     1    0.00    0.03    0.11    3.47 v _128_/X (sky130_fd_sc_hd__clkbuf_1)
                                         net20 (net)
                  0.03    0.00    3.47 v output20/A (sky130_fd_sc_hd__buf_2)
     1    0.03    0.09    0.18    3.65 v output20/X (sky130_fd_sc_hd__buf_2)
                                         out[0] (net)
                  0.09    0.00    3.65 v out[0] (out)
                                  3.65   data arrival time

                  0.00   10.00   10.00   clock __VIRTUAL_CLK__ (rise edge)
                          0.00   10.00   clock network delay (ideal)
                         -0.25    9.75   clock uncertainty
                          0.00    9.75   clock reconvergence pessimism
                         -2.00    7.75   output external delay
                                  7.75   data required time
-----------------------------------------------------------------------------
                                  7.75   data required time
                                 -3.65   data arrival time
-----------------------------------------------------------------------------
                                  4.10   slack (MET)



worst slack corner Typical: 3.0532
