
===========================================================================
report_checks -unconstrained
===========================================================================
======================= Fastest Corner ===================================

Startpoint: opcode[0] (input port clocked by __VIRTUAL_CLK__)
Endpoint: out[7] (output port clocked by __VIRTUAL_CLK__)
Path Group: __VIRTUAL_CLK__
Path Type: max
Corner: Fastest

Fanout     Cap    Slew   Delay    Time   Description
-----------------------------------------------------------------------------
                  0.00    0.00    0.00   clock __VIRTUAL_CLK__ (rise edge)
                          0.00    0.00   clock network delay (ideal)
                          2.00    2.00 ^ input external delay
     1    0.00    0.01    0.01    2.01 ^ opcode[0] (in)
                                         opcode[0] (net)
                  0.01    0.00    2.01 ^ input17/A (sky130_fd_sc_hd__dlymetal6s2s_1)
     6    0.02    0.17    0.16    2.17 ^ input17/X (sky130_fd_sc_hd__dlymetal6s2s_1)
                                         net17 (net)
                  0.17    0.00    2.17 ^ _131_/C_N (sky130_fd_sc_hd__or3b_1)
     1    0.00    0.04    0.21    2.38 v _131_/X (sky130_fd_sc_hd__or3b_1)
                                         _062_ (net)
                  0.04    0.00    2.38 v _132_/A (sky130_fd_sc_hd__buf_2)
    10    0.04    0.07    0.13    2.50 v _132_/X (sky130_fd_sc_hd__buf_2)
                                         _063_ (net)
                  0.07    0.00    2.51 v _134_/C (sky130_fd_sc_hd__and3_1)
     3    0.01    0.05    0.15    2.66 v _134_/X (sky130_fd_sc_hd__and3_1)
                                         _065_ (net)
                  0.05    0.00    2.66 v _136_/C (sky130_fd_sc_hd__nor3_1)
     2    0.01    0.21    0.18    2.84 ^ _136_/Y (sky130_fd_sc_hd__nor3_1)
                                         _067_ (net)
                  0.21    0.00    2.84 ^ _157_/A2 (sky130_fd_sc_hd__o21ai_2)
     3    0.01    0.07    0.07    2.91 v _157_/Y (sky130_fd_sc_hd__o21ai_2)
                                         _087_ (net)
                  0.07    0.00    2.91 v _188_/A1 (sky130_fd_sc_hd__a31o_1)
     3    0.02    0.06    0.17    3.08 v _188_/X (sky130_fd_sc_hd__a31o_1)
                                         _003_ (net)
                  0.06    0.00    3.08 v _216_/A2 (sky130_fd_sc_hd__a31o_1)
     2    0.01    0.05    0.17    3.25 v _216_/X (sky130_fd_sc_hd__a31o_1)
                                         _029_ (net)
                  0.05    0.00    3.25 v _224_/A2 (sky130_fd_sc_hd__a21o_1)
     1    0.01    0.03    0.13    3.38 v _224_/X (sky130_fd_sc_hd__a21o_1)
                                         _036_ (net)
                  0.03    0.00    3.38 v _228_/A (sky130_fd_sc_hd__xnor2_1)
     1    0.00    0.03    0.08    3.46 v _228_/Y (sky130_fd_sc_hd__xnor2_1)
                                         _040_ (net)
                  0.03    0.00    3.46 v _233_/A2 (sky130_fd_sc_hd__o21ai_1)
     1    0.01    0.10    0.10    3.57 ^ _233_/Y (sky130_fd_sc_hd__o21ai_1)
                                         net27 (net)
                  0.10    0.00    3.57 ^ output27/A (sky130_fd_sc_hd__buf_2)
     1    0.03    0.13    0.16    3.73 ^ output27/X (sky130_fd_sc_hd__buf_2)
                                         out[7] (net)
                  0.13    0.00    3.73 ^ out[7] (out)
                                  3.73   data arrival time

                  0.00   10.00   10.00   clock __VIRTUAL_CLK__ (rise edge)
                          0.00   10.00   clock network delay (ideal)
                         -0.25    9.75   clock uncertainty
                          0.00    9.75   clock reconvergence pessimism
                         -2.00    7.75   output external delay
                                  7.75   data required time
-----------------------------------------------------------------------------
                                  7.75   data required time
                                 -3.73   data arrival time
-----------------------------------------------------------------------------
                                  4.02   slack (MET)



======================= Slowest Corner ===================================

Startpoint: opcode[0] (input port clocked by __VIRTUAL_CLK__)
Endpoint: out[7] (output port clocked by __VIRTUAL_CLK__)
Path Group: __VIRTUAL_CLK__
Path Type: max
Corner: Slowest

Fanout     Cap    Slew   Delay    Time   Description
-----------------------------------------------------------------------------
                  0.00    0.00    0.00   clock __VIRTUAL_CLK__ (rise edge)
                          0.00    0.00   clock network delay (ideal)
                          2.00    2.00 ^ input external delay
     1    0.00    0.03    0.02    2.02 ^ opcode[0] (in)
                                         opcode[0] (net)
                  0.03    0.00    2.02 ^ input17/A (sky130_fd_sc_hd__dlymetal6s2s_1)
     6    0.02    0.34    0.35    2.37 ^ input17/X (sky130_fd_sc_hd__dlymetal6s2s_1)
                                         net17 (net)
                  0.34    0.00    2.37 ^ _131_/C_N (sky130_fd_sc_hd__or3b_1)
     1    0.00    0.13    0.91    3.28 v _131_/X (sky130_fd_sc_hd__or3b_1)
                                         _062_ (net)
                  0.13    0.00    3.28 v _132_/A (sky130_fd_sc_hd__buf_2)
    10    0.04    0.17    0.40    3.67 v _132_/X (sky130_fd_sc_hd__buf_2)
                                         _063_ (net)
                  0.17    0.00    3.68 v _134_/C (sky130_fd_sc_hd__and3_1)
     3    0.01    0.12    0.49    4.17 v _134_/X (sky130_fd_sc_hd__and3_1)
                                         _065_ (net)
                  0.12    0.00    4.17 v _136_/C (sky130_fd_sc_hd__nor3_1)
     2    0.01    0.51    0.47    4.64 ^ _136_/Y (sky130_fd_sc_hd__nor3_1)
                                         _067_ (net)
                  0.51    0.00    4.64 ^ _157_/A2 (sky130_fd_sc_hd__o21ai_2)
     3    0.01    0.17    0.32    4.96 v _157_/Y (sky130_fd_sc_hd__o21ai_2)
                                         _087_ (net)
                  0.17    0.00    4.96 v _188_/A1 (sky130_fd_sc_hd__a31o_1)
     3    0.02    0.17    0.49    5.45 v _188_/X (sky130_fd_sc_hd__a31o_1)
                                         _003_ (net)
                  0.17    0.00    5.45 v _216_/A2 (sky130_fd_sc_hd__a31o_1)
     2    0.01    0.12    0.49    5.94 v _216_/X (sky130_fd_sc_hd__a31o_1)
                                         _029_ (net)
                  0.12    0.00    5.94 v _224_/A2 (sky130_fd_sc_hd__a21o_1)
     1    0.01    0.09    0.38    6.32 v _224_/X (sky130_fd_sc_hd__a21o_1)
                                         _036_ (net)
                  0.09    0.00    6.32 v _228_/A (sky130_fd_sc_hd__xnor2_1)
     1    0.00    0.09    0.23    6.55 v _228_/Y (sky130_fd_sc_hd__xnor2_1)
                                         _040_ (net)
                  0.09    0.00    6.55 v _233_/A2 (sky130_fd_sc_hd__o21ai_1)
     1    0.01    0.23    0.26    6.81 ^ _233_/Y (sky130_fd_sc_hd__o21ai_1)
                                         net27 (net)
                  0.23    0.00    6.81 ^ output27/A (sky130_fd_sc_hd__buf_2)
     1    0.03    0.27    0.44    7.25 ^ output27/X (sky130_fd_sc_hd__buf_2)
                                         out[7] (net)
                  0.27    0.00    7.25 ^ out[7] (out)
                                  7.25   data arrival time

                  0.00   10.00   10.00   clock __VIRTUAL_CLK__ (rise edge)
                          0.00   10.00   clock network delay (ideal)
                         -0.25    9.75   clock uncertainty
                          0.00    9.75   clock reconvergence pessimism
                         -2.00    7.75   output external delay
                                  7.75   data required time
-----------------------------------------------------------------------------
                                  7.75   data required time
                                 -7.25   data arrival time
-----------------------------------------------------------------------------
                                  0.50   slack (MET)



======================= Typical Corner ===================================

Startpoint: opcode[0] (input port clocked by __VIRTUAL_CLK__)
Endpoint: out[7] (output port clocked by __VIRTUAL_CLK__)
Path Group: __VIRTUAL_CLK__
Path Type: max
Corner: Typical

Fanout     Cap    Slew   Delay    Time   Description
-----------------------------------------------------------------------------
                  0.00    0.00    0.00   clock __VIRTUAL_CLK__ (rise edge)
                          0.00    0.00   clock network delay (ideal)
                          2.00    2.00 ^ input external delay
     1    0.00    0.02    0.01    2.01 ^ opcode[0] (in)
                                         opcode[0] (net)
                  0.02    0.00    2.01 ^ input17/A (sky130_fd_sc_hd__dlymetal6s2s_1)
     6    0.02    0.23    0.22    2.23 ^ input17/X (sky130_fd_sc_hd__dlymetal6s2s_1)
                                         net17 (net)
                  0.23    0.00    2.23 ^ _131_/C_N (sky130_fd_sc_hd__or3b_1)
     1    0.00    0.06    0.38    2.61 v _131_/X (sky130_fd_sc_hd__or3b_1)
                                         _062_ (net)
                  0.06    0.00    2.61 v _132_/A (sky130_fd_sc_hd__buf_2)
    10    0.04    0.09    0.20    2.81 v _132_/X (sky130_fd_sc_hd__buf_2)
                                         _063_ (net)
                  0.09    0.00    2.81 v _134_/C (sky130_fd_sc_hd__and3_1)
     3    0.01    0.06    0.24    3.05 v _134_/X (sky130_fd_sc_hd__and3_1)
                                         _065_ (net)
                  0.06    0.00    3.05 v _136_/C (sky130_fd_sc_hd__nor3_1)
     2    0.01    0.30    0.26    3.31 ^ _136_/Y (sky130_fd_sc_hd__nor3_1)
                                         _067_ (net)
                  0.30    0.00    3.32 ^ _157_/A2 (sky130_fd_sc_hd__o21ai_2)
     3    0.01    0.09    0.14    3.45 v _157_/Y (sky130_fd_sc_hd__o21ai_2)
                                         _087_ (net)
                  0.09    0.00    3.45 v _188_/A1 (sky130_fd_sc_hd__a31o_1)
     3    0.02    0.09    0.26    3.71 v _188_/X (sky130_fd_sc_hd__a31o_1)
                                         _003_ (net)
                  0.09    0.00    3.71 v _216_/A2 (sky130_fd_sc_hd__a31o_1)
     2    0.01    0.06    0.26    3.97 v _216_/X (sky130_fd_sc_hd__a31o_1)
                                         _029_ (net)
                  0.06    0.00    3.97 v _224_/A2 (sky130_fd_sc_hd__a21o_1)
     1    0.01    0.05    0.20    4.18 v _224_/X (sky130_fd_sc_hd__a21o_1)
                                         _036_ (net)
                  0.05    0.00    4.18 v _228_/A (sky130_fd_sc_hd__xnor2_1)
     1    0.00    0.05    0.13    4.30 v _228_/Y (sky130_fd_sc_hd__xnor2_1)
                                         _040_ (net)
                  0.05    0.00    4.30 v _233_/A2 (sky130_fd_sc_hd__o21ai_1)
     1    0.01    0.14    0.15    4.45 ^ _233_/Y (sky130_fd_sc_hd__o21ai_1)
                                         net27 (net)
                  0.14    0.00    4.45 ^ output27/A (sky130_fd_sc_hd__buf_2)
     1    0.03    0.17    0.24    4.70 ^ output27/X (sky130_fd_sc_hd__buf_2)
                                         out[7] (net)
                  0.17    0.00    4.70 ^ out[7] (out)
                                  4.70   data arrival time

                  0.00   10.00   10.00   clock __VIRTUAL_CLK__ (rise edge)
                          0.00   10.00   clock network delay (ideal)
                         -0.25    9.75   clock uncertainty
                          0.00    9.75   clock reconvergence pessimism
                         -2.00    7.75   output external delay
                                  7.75   data required time
-----------------------------------------------------------------------------
                                  7.75   data required time
                                 -4.70   data arrival time
-----------------------------------------------------------------------------
                                  3.05   slack (MET)




===========================================================================
report_checks --slack_max -0.01
============================================================================
======================= Fastest Corner ===================================

No paths found.

======================= Slowest Corner ===================================

No paths found.

======================= Typical Corner ===================================

No paths found.


===========================================================================
 report_check_types -max_slew -max_cap -max_fanout -violators
============================================================================
======================= Fastest Corner ===================================


max slew violations count Fastest: 0
max fanout violations count Fastest: 0
max cap violations count Fastest: 0
======================= Slowest Corner ===================================


max slew violations count Slowest: 0
max fanout violations count Slowest: 0
max cap violations count Slowest: 0
======================= Typical Corner ===================================


max slew violations count Typical: 0
max fanout violations count Typical: 0
max cap violations count Typical: 0

===========================================================================
report_parasitic_annotation -report_unannotated
============================================================================
Found 0 unannotated drivers.
Found 0 partially unannotated drivers.

===========================================================================
max slew violation count 0
max fanout violation count 0
max cap violation count 0
============================================================================

===========================================================================
check_setup -verbose -unconstrained_endpoints -multiple_clock -no_clock -no_input_delay -loops -generated_clocks
===========================================================================
