
===========================================================================
report_checks -path_delay min (Hold)
============================================================================
======================= Fastest Corner ===================================

Startpoint: B[7] (input port clocked by __VIRTUAL_CLK__)
Endpoint: out[7] (output port clocked by __VIRTUAL_CLK__)
Path Group: __VIRTUAL_CLK__
Path Type: min
Corner: Fastest

Fanout     Cap    Slew   Delay    Time   Description
-----------------------------------------------------------------------------
                  0.00    0.00    0.00   clock __VIRTUAL_CLK__ (rise edge)
                          0.00    0.00   clock network delay (ideal)
                          2.00    2.00 v input external delay
     1    0.00    0.01    0.00    2.00 v B[7] (in)
                                         B[7] (net)
                  0.01    0.00    2.00 v input16/A (sky130_fd_sc_hd__buf_1)
     3    0.01    0.06    0.08    2.08 v input16/X (sky130_fd_sc_hd__buf_1)
                                         net16 (net)
                  0.06    0.00    2.08 v _229_/A2 (sky130_fd_sc_hd__o21ai_1)
     1    0.00    0.05    0.09    2.17 ^ _229_/Y (sky130_fd_sc_hd__o21ai_1)
                                         _041_ (net)
                  0.05    0.00    2.17 ^ _232_/B1 (sky130_fd_sc_hd__o211a_1)
     1    0.00    0.03    0.07    2.23 ^ _232_/X (sky130_fd_sc_hd__o211a_1)
                                         _044_ (net)
                  0.03    0.00    2.23 ^ _233_/B1 (sky130_fd_sc_hd__o21ai_1)
     1    0.01    0.03    0.03    2.26 v _233_/Y (sky130_fd_sc_hd__o21ai_1)
                                         net27 (net)
                  0.03    0.00    2.26 v output27/A (sky130_fd_sc_hd__buf_2)
     1    0.03    0.06    0.11    2.37 v output27/X (sky130_fd_sc_hd__buf_2)
                                         out[7] (net)
                  0.06    0.00    2.37 v out[7] (out)
                                  2.37   data arrival time

                  0.00    0.00    0.00   clock __VIRTUAL_CLK__ (rise edge)
                          0.00    0.00   clock network delay (ideal)
                          0.25    0.25   clock uncertainty
                          0.00    0.25   clock reconvergence pessimism
                         -2.00   -1.75   output external delay
                                 -1.75   data required time
-----------------------------------------------------------------------------
                                 -1.75   data required time
                                 -2.37   data arrival time
-----------------------------------------------------------------------------
                                  4.12   slack (MET)


Startpoint: B[3] (input port clocked by __VIRTUAL_CLK__)
Endpoint: out[3] (output port clocked by __VIRTUAL_CLK__)
Path Group: __VIRTUAL_CLK__
Path Type: min
Corner: Fastest

Fanout     Cap    Slew   Delay    Time   Description
-----------------------------------------------------------------------------
                  0.00    0.00    0.00   clock __VIRTUAL_CLK__ (rise edge)
                          0.00    0.00   clock network delay (ideal)
                          2.00    2.00 ^ input external delay
     1    0.00    0.02    0.01    2.01 ^ B[3] (in)
                                         B[3] (net)
                  0.02    0.00    2.01 ^ input12/A (sky130_fd_sc_hd__clkbuf_2)
     7    0.02    0.10    0.10    2.11 ^ input12/X (sky130_fd_sc_hd__clkbuf_2)
                                         net12 (net)
                  0.10    0.00    2.12 ^ _176_/A2 (sky130_fd_sc_hd__o22a_1)
     1    0.00    0.03    0.07    2.19 ^ _176_/X (sky130_fd_sc_hd__o22a_1)
                                         _105_ (net)
                  0.03    0.00    2.19 ^ _180_/B1 (sky130_fd_sc_hd__a211o_1)
     1    0.01    0.04    0.06    2.26 ^ _180_/X (sky130_fd_sc_hd__a211o_1)
                                         net23 (net)
                  0.04    0.00    2.26 ^ output23/A (sky130_fd_sc_hd__buf_2)
     1    0.03    0.13    0.13    2.39 ^ output23/X (sky130_fd_sc_hd__buf_2)
                                         out[3] (net)
                  0.13    0.00    2.39 ^ out[3] (out)
                                  2.39   data arrival time

                  0.00    0.00    0.00   clock __VIRTUAL_CLK__ (rise edge)
                          0.00    0.00   clock network delay (ideal)
                          0.25    0.25   clock uncertainty
                          0.00    0.25   clock reconvergence pessimism
                         -2.00   -1.75   output external delay
                                 -1.75   data required time
-----------------------------------------------------------------------------
                                 -1.75   data required time
                                 -2.39   data arrival time
-----------------------------------------------------------------------------
                                  4.14   slack (MET)


Startpoint: B[5] (input port clocked by __VIRTUAL_CLK__)
Endpoint: out[5] (output port clocked by __VIRTUAL_CLK__)
Path Group: __VIRTUAL_CLK__
Path Type: min
Corner: Fastest

Fanout     Cap    Slew   Delay    Time   Description
-----------------------------------------------------------------------------
                  0.00    0.00    0.00   clock __VIRTUAL_CLK__ (rise edge)
                          0.00    0.00   clock network delay (ideal)
                          2.00    2.00 ^ input external delay
     1    0.00    0.02    0.01    2.01 ^ B[5] (in)
                                         B[5] (net)
                  0.02    0.00    2.01 ^ input14/A (sky130_fd_sc_hd__clkbuf_2)
     5    0.02    0.10    0.10    2.11 ^ input14/X (sky130_fd_sc_hd__clkbuf_2)
                                         net14 (net)
                  0.10    0.00    2.11 ^ _204_/A2 (sky130_fd_sc_hd__o22a_1)
     1    0.00    0.03    0.07    2.19 ^ _204_/X (sky130_fd_sc_hd__o22a_1)
                                         _018_ (net)
                  0.03    0.00    2.19 ^ _208_/B1 (sky130_fd_sc_hd__a211o_1)
     1    0.01    0.06    0.07    2.26 ^ _208_/X (sky130_fd_sc_hd__a211o_1)
                                         net25 (net)
                  0.06    0.00    2.26 ^ output25/A (sky130_fd_sc_hd__buf_2)
     1    0.03    0.13    0.14    2.40 ^ output25/X (sky130_fd_sc_hd__buf_2)
                                         out[5] (net)
                  0.13    0.00    2.40 ^ out[5] (out)
                                  2.40   data arrival time

                  0.00    0.00    0.00   clock __VIRTUAL_CLK__ (rise edge)
                          0.00    0.00   clock network delay (ideal)
                          0.25    0.25   clock uncertainty
                          0.00    0.25   clock reconvergence pessimism
                         -2.00   -1.75   output external delay
                                 -1.75   data required time
-----------------------------------------------------------------------------
                                 -1.75   data required time
                                 -2.40   data arrival time
-----------------------------------------------------------------------------
                                  4.15   slack (MET)


Startpoint: B[6] (input port clocked by __VIRTUAL_CLK__)
Endpoint: out[6] (output port clocked by __VIRTUAL_CLK__)
Path Group: __VIRTUAL_CLK__
Path Type: min
Corner: Fastest

Fanout     Cap    Slew   Delay    Time   Description
-----------------------------------------------------------------------------
                  0.00    0.00    0.00   clock __VIRTUAL_CLK__ (rise edge)
                          0.00    0.00   clock network delay (ideal)
                          2.00    2.00 ^ input external delay
     1    0.00    0.02    0.01    2.01 ^ B[6] (in)
                                         B[6] (net)
                  0.02    0.00    2.01 ^ input15/A (sky130_fd_sc_hd__clkbuf_2)
     5    0.02    0.09    0.10    2.11 ^ input15/X (sky130_fd_sc_hd__clkbuf_2)
                                         net15 (net)
                  0.09    0.00    2.11 ^ _219_/A2 (sky130_fd_sc_hd__a311o_1)
     1    0.00    0.03    0.10    2.21 ^ _219_/X (sky130_fd_sc_hd__a311o_1)
                                         _032_ (net)
                  0.03    0.00    2.21 ^ _223_/B1 (sky130_fd_sc_hd__o22a_1)
     1    0.01    0.05    0.08    2.29 ^ _223_/X (sky130_fd_sc_hd__o22a_1)
                                         net26 (net)
                  0.05    0.00    2.29 ^ output26/A (sky130_fd_sc_hd__buf_2)
     1    0.03    0.13    0.13    2.42 ^ output26/X (sky130_fd_sc_hd__buf_2)
                                         out[6] (net)
                  0.13    0.00    2.42 ^ out[6] (out)
                                  2.42   data arrival time

                  0.00    0.00    0.00   clock __VIRTUAL_CLK__ (rise edge)
                          0.00    0.00   clock network delay (ideal)
                          0.25    0.25   clock uncertainty
                          0.00    0.25   clock reconvergence pessimism
                         -2.00   -1.75   output external delay
                                 -1.75   data required time
-----------------------------------------------------------------------------
                                 -1.75   data required time
                                 -2.42   data arrival time
-----------------------------------------------------------------------------
                                  4.17   slack (MET)


Startpoint: A[1] (input port clocked by __VIRTUAL_CLK__)
Endpoint: out[2] (output port clocked by __VIRTUAL_CLK__)
Path Group: __VIRTUAL_CLK__
Path Type: min
Corner: Fastest

Fanout     Cap    Slew   Delay    Time   Description
-----------------------------------------------------------------------------
                  0.00    0.00    0.00   clock __VIRTUAL_CLK__ (rise edge)
                          0.00    0.00   clock network delay (ideal)
                          2.00    2.00 ^ input external delay
     1    0.00    0.01    0.01    2.01 ^ A[1] (in)
                                         A[1] (net)
                  0.01    0.00    2.01 ^ input2/A (sky130_fd_sc_hd__buf_2)
     9    0.03    0.12    0.12    2.12 ^ input2/X (sky130_fd_sc_hd__buf_2)
                                         net2 (net)
                  0.12    0.00    2.13 ^ _155_/B2 (sky130_fd_sc_hd__a221o_1)
     1    0.00    0.03    0.09    2.21 ^ _155_/X (sky130_fd_sc_hd__a221o_1)
                                         _085_ (net)
                  0.03    0.00    2.21 ^ _166_/A3 (sky130_fd_sc_hd__o32a_1)
     1    0.00    0.04    0.07    2.29 ^ _166_/X (sky130_fd_sc_hd__o32a_1)
                                         net22 (net)
                  0.04    0.00    2.29 ^ output22/A (sky130_fd_sc_hd__buf_2)
     1    0.03    0.13    0.13    2.42 ^ output22/X (sky130_fd_sc_hd__buf_2)
                                         out[2] (net)
                  0.13    0.00    2.42 ^ out[2] (out)
                                  2.42   data arrival time

                  0.00    0.00    0.00   clock __VIRTUAL_CLK__ (rise edge)
                          0.00    0.00   clock network delay (ideal)
                          0.25    0.25   clock uncertainty
                          0.00    0.25   clock reconvergence pessimism
                         -2.00   -1.75   output external delay
                                 -1.75   data required time
-----------------------------------------------------------------------------
                                 -1.75   data required time
                                 -2.42   data arrival time
-----------------------------------------------------------------------------
                                  4.17   slack (MET)


Startpoint: A[4] (input port clocked by __VIRTUAL_CLK__)
Endpoint: out[4] (output port clocked by __VIRTUAL_CLK__)
Path Group: __VIRTUAL_CLK__
Path Type: min
Corner: Fastest

Fanout     Cap    Slew   Delay    Time   Description
-----------------------------------------------------------------------------
                  0.00    0.00    0.00   clock __VIRTUAL_CLK__ (rise edge)
                          0.00    0.00   clock network delay (ideal)
                          2.00    2.00 ^ input external delay
     1    0.00    0.02    0.01    2.01 ^ A[4] (in)
                                         A[4] (net)
                  0.02    0.00    2.01 ^ input5/A (sky130_fd_sc_hd__clkbuf_2)
     8    0.03    0.13    0.12    2.13 ^ input5/X (sky130_fd_sc_hd__clkbuf_2)
                                         net5 (net)
                  0.13    0.00    2.13 ^ _191_/A1 (sky130_fd_sc_hd__o22a_1)
     1    0.00    0.03    0.09    2.22 ^ _191_/X (sky130_fd_sc_hd__o22a_1)
                                         _006_ (net)
                  0.03    0.00    2.22 ^ _195_/B1 (sky130_fd_sc_hd__o22a_1)
     1    0.01    0.05    0.07    2.29 ^ _195_/X (sky130_fd_sc_hd__o22a_1)
                                         net24 (net)
                  0.05    0.00    2.29 ^ output24/A (sky130_fd_sc_hd__buf_2)
     1    0.03    0.13    0.13    2.43 ^ output24/X (sky130_fd_sc_hd__buf_2)
                                         out[4] (net)
                  0.13    0.00    2.43 ^ out[4] (out)
                                  2.43   data arrival time

                  0.00    0.00    0.00   clock __VIRTUAL_CLK__ (rise edge)
                          0.00    0.00   clock network delay (ideal)
                          0.25    0.25   clock uncertainty
                          0.00    0.25   clock reconvergence pessimism
                         -2.00   -1.75   output external delay
                                 -1.75   data required time
-----------------------------------------------------------------------------
                                 -1.75   data required time
                                 -2.43   data arrival time
-----------------------------------------------------------------------------
                                  4.18   slack (MET)


Startpoint: A[1] (input port clocked by __VIRTUAL_CLK__)
Endpoint: out[1] (output port clocked by __VIRTUAL_CLK__)
Path Group: __VIRTUAL_CLK__
Path Type: min
Corner: Fastest

Fanout     Cap    Slew   Delay    Time   Description
-----------------------------------------------------------------------------
                  0.00    0.00    0.00   clock __VIRTUAL_CLK__ (rise edge)
                          0.00    0.00   clock network delay (ideal)
                          2.00    2.00 v input external delay
     1    0.00    0.00    0.00    2.00 v A[1] (in)
                                         A[1] (net)
                  0.00    0.00    2.00 v input2/A (sky130_fd_sc_hd__buf_2)
     9    0.03    0.06    0.09    2.10 v input2/X (sky130_fd_sc_hd__buf_2)
                                         net2 (net)
                  0.06    0.00    2.10 v _144_/A (sky130_fd_sc_hd__nor2_1)
     1    0.00    0.05    0.07    2.17 ^ _144_/Y (sky130_fd_sc_hd__nor2_1)
                                         _075_ (net)
                  0.05    0.00    2.17 ^ _149_/C (sky130_fd_sc_hd__or4_1)
     1    0.00    0.03    0.07    2.24 ^ _149_/X (sky130_fd_sc_hd__or4_1)
                                         _080_ (net)
                  0.03    0.00    2.24 ^ _150_/B1 (sky130_fd_sc_hd__o21a_1)
     1    0.00    0.04    0.06    2.30 ^ _150_/X (sky130_fd_sc_hd__o21a_1)
                                         net21 (net)
                  0.04    0.00    2.30 ^ output21/A (sky130_fd_sc_hd__buf_2)
     1    0.03    0.13    0.13    2.43 ^ output21/X (sky130_fd_sc_hd__buf_2)
                                         out[1] (net)
                  0.13    0.00    2.43 ^ out[1] (out)
                                  2.43   data arrival time

                  0.00    0.00    0.00   clock __VIRTUAL_CLK__ (rise edge)
                          0.00    0.00   clock network delay (ideal)
                          0.25    0.25   clock uncertainty
                          0.00    0.25   clock reconvergence pessimism
                         -2.00   -1.75   output external delay
                                 -1.75   data required time
-----------------------------------------------------------------------------
                                 -1.75   data required time
                                 -2.43   data arrival time
-----------------------------------------------------------------------------
                                  4.18   slack (MET)


Startpoint: A[0] (input port clocked by __VIRTUAL_CLK__)
Endpoint: out[0] (output port clocked by __VIRTUAL_CLK__)
Path Group: __VIRTUAL_CLK__
Path Type: min
Corner: Fastest

Fanout     Cap    Slew   Delay    Time   Description
-----------------------------------------------------------------------------
                  0.00    0.00    0.00   clock __VIRTUAL_CLK__ (rise edge)
                          0.00    0.00   clock network delay (ideal)
                          2.00    2.00 v input external delay
     1    0.00    0.01    0.00    2.00 v A[0] (in)
                                         A[0] (net)
                  0.01    0.00    2.00 v input1/A (sky130_fd_sc_hd__dlymetal6s2s_1)
     6    0.02    0.08    0.12    2.12 v input1/X (sky130_fd_sc_hd__dlymetal6s2s_1)
                                         net1 (net)
                  0.08    0.00    2.12 v _126_/A (sky130_fd_sc_hd__nor2_1)
     1    0.00    0.05    0.07    2.19 ^ _126_/Y (sky130_fd_sc_hd__nor2_1)
                                         _058_ (net)
                  0.05    0.00    2.19 ^ _127_/D (sky130_fd_sc_hd__or4_1)
     1    0.00    0.03    0.06    2.25 ^ _127_/X (sky130_fd_sc_hd__or4_1)
                                         _059_ (net)
                  0.03    0.00    2.25 ^ _128_/A (sky130_fd_sc_hd__clkbuf_1)
     1    0.00    0.04    0.06    2.31 ^ _128_/X (sky130_fd_sc_hd__clkbuf_1)
                                         net20 (net)
                  0.04    0.00    2.31 ^ output20/A (sky130_fd_sc_hd__buf_2)
     1    0.03    0.13    0.13    2.44 ^ output20/X (sky130_fd_sc_hd__buf_2)
                                         out[0] (net)
                  0.13    0.00    2.44 ^ out[0] (out)
                                  2.44   data arrival time

                  0.00    0.00    0.00   clock __VIRTUAL_CLK__ (rise edge)
                          0.00    0.00   clock network delay (ideal)
                          0.25    0.25   clock uncertainty
                          0.00    0.25   clock reconvergence pessimism
                         -2.00   -1.75   output external delay
                                 -1.75   data required time
-----------------------------------------------------------------------------
                                 -1.75   data required time
                                 -2.44   data arrival time
-----------------------------------------------------------------------------
                                  4.19   slack (MET)



worst slack corner Fastest: 4.1227
======================= Slowest Corner ===================================

Startpoint: B[3] (input port clocked by __VIRTUAL_CLK__)
Endpoint: out[3] (output port clocked by __VIRTUAL_CLK__)
Path Group: __VIRTUAL_CLK__
Path Type: min
Corner: Slowest

Fanout     Cap    Slew   Delay    Time   Description
-----------------------------------------------------------------------------
                  0.00    0.00    0.00   clock __VIRTUAL_CLK__ (rise edge)
                          0.00    0.00   clock network delay (ideal)
                          2.00    2.00 ^ input external delay
     1    0.00    0.04    0.02    2.02 ^ B[3] (in)
                                         B[3] (net)
                  0.04    0.00    2.02 ^ input12/A (sky130_fd_sc_hd__clkbuf_2)
     7    0.02    0.20    0.26    2.28 ^ input12/X (sky130_fd_sc_hd__clkbuf_2)
                                         net12 (net)
                  0.20    0.00    2.28 ^ _176_/A2 (sky130_fd_sc_hd__o22a_1)
     1    0.00    0.08    0.28    2.56 ^ _176_/X (sky130_fd_sc_hd__o22a_1)
                                         _105_ (net)
                  0.08    0.00    2.56 ^ _180_/B1 (sky130_fd_sc_hd__a211o_1)
     1    0.01    0.09    0.18    2.74 ^ _180_/X (sky130_fd_sc_hd__a211o_1)
                                         net23 (net)
                  0.09    0.00    2.74 ^ output23/A (sky130_fd_sc_hd__buf_2)
     1    0.03    0.28    0.34    3.08 ^ output23/X (sky130_fd_sc_hd__buf_2)
                                         out[3] (net)
                  0.28    0.00    3.08 ^ out[3] (out)
                                  3.08   data arrival time

                  0.00    0.00    0.00   clock __VIRTUAL_CLK__ (rise edge)
                          0.00    0.00   clock network delay (ideal)
                          0.25    0.25   clock uncertainty
                          0.00    0.25   clock reconvergence pessimism
                         -2.00   -1.75   output external delay
                                 -1.75   data required time
-----------------------------------------------------------------------------
                                 -1.75   data required time
                                 -3.08   data arrival time
-----------------------------------------------------------------------------
                                  4.83   slack (MET)


Startpoint: B[5] (input port clocked by __VIRTUAL_CLK__)
Endpoint: out[5] (output port clocked by __VIRTUAL_CLK__)
Path Group: __VIRTUAL_CLK__
Path Type: min
Corner: Slowest

Fanout     Cap    Slew   Delay    Time   Description
-----------------------------------------------------------------------------
                  0.00    0.00    0.00   clock __VIRTUAL_CLK__ (rise edge)
                          0.00    0.00   clock network delay (ideal)
                          2.00    2.00 ^ input external delay
     1    0.00    0.04    0.02    2.02 ^ B[5] (in)
                                         B[5] (net)
                  0.04    0.00    2.02 ^ input14/A (sky130_fd_sc_hd__clkbuf_2)
     5    0.02    0.20    0.26    2.27 ^ input14/X (sky130_fd_sc_hd__clkbuf_2)
                                         net14 (net)
                  0.20    0.00    2.28 ^ _204_/A2 (sky130_fd_sc_hd__o22a_1)
     1    0.00    0.07    0.28    2.55 ^ _204_/X (sky130_fd_sc_hd__o22a_1)
                                         _018_ (net)
                  0.07    0.00    2.55 ^ _208_/B1 (sky130_fd_sc_hd__a211o_1)
     1    0.01    0.12    0.20    2.75 ^ _208_/X (sky130_fd_sc_hd__a211o_1)
                                         net25 (net)
                  0.12    0.00    2.75 ^ output25/A (sky130_fd_sc_hd__buf_2)
     1    0.03    0.27    0.35    3.10 ^ output25/X (sky130_fd_sc_hd__buf_2)
                                         out[5] (net)
                  0.27    0.00    3.10 ^ out[5] (out)
                                  3.10   data arrival time

                  0.00    0.00    0.00   clock __VIRTUAL_CLK__ (rise edge)
                          0.00    0.00   clock network delay (ideal)
                          0.25    0.25   clock uncertainty
                          0.00    0.25   clock reconvergence pessimism
                         -2.00   -1.75   output external delay
                                 -1.75   data required time
-----------------------------------------------------------------------------
                                 -1.75   data required time
                                 -3.10   data arrival time
-----------------------------------------------------------------------------
                                  4.85   slack (MET)


Startpoint: B[7] (input port clocked by __VIRTUAL_CLK__)
Endpoint: out[7] (output port clocked by __VIRTUAL_CLK__)
Path Group: __VIRTUAL_CLK__
Path Type: min
Corner: Slowest

Fanout     Cap    Slew   Delay    Time   Description
-----------------------------------------------------------------------------
                  0.00    0.00    0.00   clock __VIRTUAL_CLK__ (rise edge)
                          0.00    0.00   clock network delay (ideal)
                          2.00    2.00 ^ input external delay
     1    0.00    0.04    0.02    2.02 ^ B[7] (in)
                                         B[7] (net)
                  0.04    0.00    2.02 ^ input16/A (sky130_fd_sc_hd__buf_1)
     3    0.01    0.28    0.27    2.29 ^ input16/X (sky130_fd_sc_hd__buf_1)
                                         net16 (net)
                  0.28    0.00    2.29 ^ _229_/A2 (sky130_fd_sc_hd__o21ai_1)
     1    0.00    0.09    0.18    2.47 v _229_/Y (sky130_fd_sc_hd__o21ai_1)
                                         _041_ (net)
                  0.09    0.00    2.47 v _232_/B1 (sky130_fd_sc_hd__o211a_1)
     1    0.00    0.06    0.22    2.69 v _232_/X (sky130_fd_sc_hd__o211a_1)
                                         _044_ (net)
                  0.06    0.00    2.69 v _233_/B1 (sky130_fd_sc_hd__o21ai_1)
     1    0.01    0.18    0.14    2.84 ^ _233_/Y (sky130_fd_sc_hd__o21ai_1)
                                         net27 (net)
                  0.18    0.00    2.84 ^ output27/A (sky130_fd_sc_hd__buf_2)
     1    0.03    0.27    0.37    3.21 ^ output27/X (sky130_fd_sc_hd__buf_2)
                                         out[7] (net)
                  0.27    0.00    3.21 ^ out[7] (out)
                                  3.21   data arrival time

                  0.00    0.00    0.00   clock __VIRTUAL_CLK__ (rise edge)
                          0.00    0.00   clock network delay (ideal)
                          0.25    0.25   clock uncertainty
                          0.00    0.25   clock reconvergence pessimism
                         -2.00   -1.75   output external delay
                                 -1.75   data required time
-----------------------------------------------------------------------------
                                 -1.75   data required time
                                 -3.21   data arrival time
-----------------------------------------------------------------------------
                                  4.96   slack (MET)


Startpoint: A[1] (input port clocked by __VIRTUAL_CLK__)
Endpoint: out[2] (output port clocked by __VIRTUAL_CLK__)
Path Group: __VIRTUAL_CLK__
Path Type: min
Corner: Slowest

Fanout     Cap    Slew   Delay    Time   Description
-----------------------------------------------------------------------------
                  0.00    0.00    0.00   clock __VIRTUAL_CLK__ (rise edge)
                          0.00    0.00   clock network delay (ideal)
                          2.00    2.00 ^ input external delay
     1    0.00    0.03    0.01    2.01 ^ A[1] (in)
                                         A[1] (net)
                  0.03    0.00    2.01 ^ input2/A (sky130_fd_sc_hd__buf_2)
     9    0.03    0.24    0.29    2.30 ^ input2/X (sky130_fd_sc_hd__buf_2)
                                         net2 (net)
                  0.24    0.00    2.31 ^ _155_/B2 (sky130_fd_sc_hd__a221o_1)
     1    0.00    0.07    0.31    2.62 ^ _155_/X (sky130_fd_sc_hd__a221o_1)
                                         _085_ (net)
                  0.07    0.00    2.62 ^ _166_/A3 (sky130_fd_sc_hd__o32a_1)
     1    0.00    0.10    0.26    2.88 ^ _166_/X (sky130_fd_sc_hd__o32a_1)
                                         net22 (net)
                  0.10    0.00    2.88 ^ output22/A (sky130_fd_sc_hd__buf_2)
     1    0.03    0.28    0.34    3.22 ^ output22/X (sky130_fd_sc_hd__buf_2)
                                         out[2] (net)
                  0.28    0.00    3.22 ^ out[2] (out)
                                  3.22   data arrival time

                  0.00    0.00    0.00   clock __VIRTUAL_CLK__ (rise edge)
                          0.00    0.00   clock network delay (ideal)
                          0.25    0.25   clock uncertainty
                          0.00    0.25   clock reconvergence pessimism
                         -2.00   -1.75   output external delay
                                 -1.75   data required time
-----------------------------------------------------------------------------
                                 -1.75   data required time
                                 -3.22   data arrival time
-----------------------------------------------------------------------------
                                  4.97   slack (MET)


Startpoint: A[0] (input port clocked by __VIRTUAL_CLK__)
Endpoint: out[0] (output port clocked by __VIRTUAL_CLK__)
Path Group: __VIRTUAL_CLK__
Path Type: min
Corner: Slowest

Fanout     Cap    Slew   Delay    Time   Description
-----------------------------------------------------------------------------
                  0.00    0.00    0.00   clock __VIRTUAL_CLK__ (rise edge)
                          0.00    0.00   clock network delay (ideal)
                          2.00    2.00 v input external delay
     1    0.00    0.02    0.01    2.01 v A[0] (in)
                                         A[0] (net)
                  0.02    0.00    2.01 v input1/A (sky130_fd_sc_hd__dlymetal6s2s_1)
     6    0.02    0.21    0.36    2.37 v input1/X (sky130_fd_sc_hd__dlymetal6s2s_1)
                                         net1 (net)
                  0.21    0.00    2.37 v _126_/A (sky130_fd_sc_hd__nor2_1)
     1    0.00    0.11    0.19    2.56 ^ _126_/Y (sky130_fd_sc_hd__nor2_1)
                                         _058_ (net)
                  0.11    0.00    2.56 ^ _127_/D (sky130_fd_sc_hd__or4_1)
     1    0.00    0.06    0.17    2.73 ^ _127_/X (sky130_fd_sc_hd__or4_1)
                                         _059_ (net)
                  0.06    0.00    2.73 ^ _128_/A (sky130_fd_sc_hd__clkbuf_1)
     1    0.00    0.10    0.15    2.89 ^ _128_/X (sky130_fd_sc_hd__clkbuf_1)
                                         net20 (net)
                  0.10    0.00    2.89 ^ output20/A (sky130_fd_sc_hd__buf_2)
     1    0.03    0.27    0.34    3.23 ^ output20/X (sky130_fd_sc_hd__buf_2)
                                         out[0] (net)
                  0.27    0.00    3.23 ^ out[0] (out)
                                  3.23   data arrival time

                  0.00    0.00    0.00   clock __VIRTUAL_CLK__ (rise edge)
                          0.00    0.00   clock network delay (ideal)
                          0.25    0.25   clock uncertainty
                          0.00    0.25   clock reconvergence pessimism
                         -2.00   -1.75   output external delay
                                 -1.75   data required time
-----------------------------------------------------------------------------
                                 -1.75   data required time
                                 -3.23   data arrival time
-----------------------------------------------------------------------------
                                  4.98   slack (MET)


Startpoint: A[5] (input port clocked by __VIRTUAL_CLK__)
Endpoint: out[6] (output port clocked by __VIRTUAL_CLK__)
Path Group: __VIRTUAL_CLK__
Path Type: min
Corner: Slowest

Fanout     Cap    Slew   Delay    Time   Description
-----------------------------------------------------------------------------
                  0.00    0.00    0.00   clock __VIRTUAL_CLK__ (rise edge)
                          0.00    0.00   clock network delay (ideal)
                          2.00    2.00 ^ input external delay
     1    0.00    0.03    0.01    2.01 ^ A[5] (in)
                                         A[5] (net)
                  0.03    0.00    2.01 ^ input6/A (sky130_fd_sc_hd__buf_2)
     9    0.03    0.25    0.29    2.31 ^ input6/X (sky130_fd_sc_hd__buf_2)
                                         net6 (net)
                  0.25    0.00    2.31 ^ _222_/B2 (sky130_fd_sc_hd__a221o_1)
     1    0.00    0.08    0.33    2.64 ^ _222_/X (sky130_fd_sc_hd__a221o_1)
                                         _035_ (net)
                  0.08    0.00    2.64 ^ _223_/B2 (sky130_fd_sc_hd__o22a_1)
     1    0.01    0.11    0.24    2.88 ^ _223_/X (sky130_fd_sc_hd__o22a_1)
                                         net26 (net)
                  0.11    0.00    2.88 ^ output26/A (sky130_fd_sc_hd__buf_2)
     1    0.03    0.27    0.34    3.23 ^ output26/X (sky130_fd_sc_hd__buf_2)
                                         out[6] (net)
                  0.27    0.00    3.23 ^ out[6] (out)
                                  3.23   data arrival time

                  0.00    0.00    0.00   clock __VIRTUAL_CLK__ (rise edge)
                          0.00    0.00   clock network delay (ideal)
                          0.25    0.25   clock uncertainty
                          0.00    0.25   clock reconvergence pessimism
                         -2.00   -1.75   output external delay
                                 -1.75   data required time
-----------------------------------------------------------------------------
                                 -1.75   data required time
                                 -3.23   data arrival time
-----------------------------------------------------------------------------
                                  4.98   slack (MET)


Startpoint: A[1] (input port clocked by __VIRTUAL_CLK__)
Endpoint: out[1] (output port clocked by __VIRTUAL_CLK__)
Path Group: __VIRTUAL_CLK__
Path Type: min
Corner: Slowest

Fanout     Cap    Slew   Delay    Time   Description
-----------------------------------------------------------------------------
                  0.00    0.00    0.00   clock __VIRTUAL_CLK__ (rise edge)
                          0.00    0.00   clock network delay (ideal)
                          2.00    2.00 v input external delay
     1    0.00    0.02    0.01    2.01 v A[1] (in)
                                         A[1] (net)
                  0.02    0.00    2.01 v input2/A (sky130_fd_sc_hd__buf_2)
     9    0.03    0.14    0.29    2.30 v input2/X (sky130_fd_sc_hd__buf_2)
                                         net2 (net)
                  0.14    0.00    2.30 v _144_/A (sky130_fd_sc_hd__nor2_1)
     1    0.00    0.12    0.18    2.48 ^ _144_/Y (sky130_fd_sc_hd__nor2_1)
                                         _075_ (net)
                  0.12    0.00    2.48 ^ _149_/C (sky130_fd_sc_hd__or4_1)
     1    0.00    0.08    0.20    2.67 ^ _149_/X (sky130_fd_sc_hd__or4_1)
                                         _080_ (net)
                  0.08    0.00    2.67 ^ _150_/B1 (sky130_fd_sc_hd__o21a_1)
     1    0.00    0.09    0.23    2.90 ^ _150_/X (sky130_fd_sc_hd__o21a_1)
                                         net21 (net)
                  0.09    0.00    2.90 ^ output21/A (sky130_fd_sc_hd__buf_2)
     1    0.03    0.28    0.34    3.24 ^ output21/X (sky130_fd_sc_hd__buf_2)
                                         out[1] (net)
                  0.28    0.00    3.24 ^ out[1] (out)
                                  3.24   data arrival time

                  0.00    0.00    0.00   clock __VIRTUAL_CLK__ (rise edge)
                          0.00    0.00   clock network delay (ideal)
                          0.25    0.25   clock uncertainty
                          0.00    0.25   clock reconvergence pessimism
                         -2.00   -1.75   output external delay
                                 -1.75   data required time
-----------------------------------------------------------------------------
                                 -1.75   data required time
                                 -3.24   data arrival time
-----------------------------------------------------------------------------
                                  4.99   slack (MET)


Startpoint: A[4] (input port clocked by __VIRTUAL_CLK__)
Endpoint: out[4] (output port clocked by __VIRTUAL_CLK__)
Path Group: __VIRTUAL_CLK__
Path Type: min
Corner: Slowest

Fanout     Cap    Slew   Delay    Time   Description
-----------------------------------------------------------------------------
                  0.00    0.00    0.00   clock __VIRTUAL_CLK__ (rise edge)
                          0.00    0.00   clock network delay (ideal)
                          2.00    2.00 ^ input external delay
     1    0.00    0.04    0.02    2.02 ^ A[4] (in)
                                         A[4] (net)
                  0.04    0.00    2.02 ^ input5/A (sky130_fd_sc_hd__clkbuf_2)
     8    0.03    0.25    0.29    2.31 ^ input5/X (sky130_fd_sc_hd__clkbuf_2)
                                         net5 (net)
                  0.25    0.00    2.31 ^ _191_/A1 (sky130_fd_sc_hd__o22a_1)
     1    0.00    0.08    0.33    2.64 ^ _191_/X (sky130_fd_sc_hd__o22a_1)
                                         _006_ (net)
                  0.08    0.00    2.64 ^ _195_/B1 (sky130_fd_sc_hd__o22a_1)
     1    0.01    0.11    0.27    2.91 ^ _195_/X (sky130_fd_sc_hd__o22a_1)
                                         net24 (net)
                  0.11    0.00    2.91 ^ output24/A (sky130_fd_sc_hd__buf_2)
     1    0.03    0.27    0.34    3.26 ^ output24/X (sky130_fd_sc_hd__buf_2)
                                         out[4] (net)
                  0.27    0.00    3.26 ^ out[4] (out)
                                  3.26   data arrival time

                  0.00    0.00    0.00   clock __VIRTUAL_CLK__ (rise edge)
                          0.00    0.00   clock network delay (ideal)
                          0.25    0.25   clock uncertainty
                          0.00    0.25   clock reconvergence pessimism
                         -2.00   -1.75   output external delay
                                 -1.75   data required time
-----------------------------------------------------------------------------
                                 -1.75   data required time
                                 -3.26   data arrival time
-----------------------------------------------------------------------------
                                  5.01   slack (MET)



worst slack corner Slowest: 4.8328
======================= Typical Corner ===================================

Startpoint: B[3] (input port clocked by __VIRTUAL_CLK__)
Endpoint: out[3] (output port clocked by __VIRTUAL_CLK__)
Path Group: __VIRTUAL_CLK__
Path Type: min
Corner: Typical

Fanout     Cap    Slew   Delay    Time   Description
-----------------------------------------------------------------------------
                  0.00    0.00    0.00   clock __VIRTUAL_CLK__ (rise edge)
                          0.00    0.00   clock network delay (ideal)
                          2.00    2.00 ^ input external delay
     1    0.00    0.02    0.01    2.01 ^ B[3] (in)
                                         B[3] (net)
                  0.02    0.00    2.01 ^ input12/A (sky130_fd_sc_hd__clkbuf_2)
     7    0.02    0.13    0.15    2.16 ^ input12/X (sky130_fd_sc_hd__clkbuf_2)
                                         net12 (net)
                  0.13    0.00    2.16 ^ _176_/A2 (sky130_fd_sc_hd__o22a_1)
     1    0.00    0.04    0.14    2.30 ^ _176_/X (sky130_fd_sc_hd__o22a_1)
                                         _105_ (net)
                  0.04    0.00    2.30 ^ _180_/B1 (sky130_fd_sc_hd__a211o_1)
     1    0.01    0.06    0.10    2.40 ^ _180_/X (sky130_fd_sc_hd__a211o_1)
                                         net23 (net)
                  0.06    0.00    2.40 ^ output23/A (sky130_fd_sc_hd__buf_2)
     1    0.03    0.17    0.19    2.59 ^ output23/X (sky130_fd_sc_hd__buf_2)
                                         out[3] (net)
                  0.17    0.00    2.60 ^ out[3] (out)
                                  2.60   data arrival time

                  0.00    0.00    0.00   clock __VIRTUAL_CLK__ (rise edge)
                          0.00    0.00   clock network delay (ideal)
                          0.25    0.25   clock uncertainty
                          0.00    0.25   clock reconvergence pessimism
                         -2.00   -1.75   output external delay
                                 -1.75   data required time
-----------------------------------------------------------------------------
                                 -1.75   data required time
                                 -2.60   data arrival time
-----------------------------------------------------------------------------
                                  4.35   slack (MET)


Startpoint: B[5] (input port clocked by __VIRTUAL_CLK__)
Endpoint: out[5] (output port clocked by __VIRTUAL_CLK__)
Path Group: __VIRTUAL_CLK__
Path Type: min
Corner: Typical

Fanout     Cap    Slew   Delay    Time   Description
-----------------------------------------------------------------------------
                  0.00    0.00    0.00   clock __VIRTUAL_CLK__ (rise edge)
                          0.00    0.00   clock network delay (ideal)
                          2.00    2.00 ^ input external delay
     1    0.00    0.02    0.01    2.01 ^ B[5] (in)
                                         B[5] (net)
                  0.02    0.00    2.01 ^ input14/A (sky130_fd_sc_hd__clkbuf_2)
     5    0.02    0.13    0.15    2.16 ^ input14/X (sky130_fd_sc_hd__clkbuf_2)
                                         net14 (net)
                  0.13    0.00    2.16 ^ _204_/A2 (sky130_fd_sc_hd__o22a_1)
     1    0.00    0.04    0.13    2.30 ^ _204_/X (sky130_fd_sc_hd__o22a_1)
                                         _018_ (net)
                  0.04    0.00    2.30 ^ _208_/B1 (sky130_fd_sc_hd__a211o_1)
     1    0.01    0.07    0.11    2.41 ^ _208_/X (sky130_fd_sc_hd__a211o_1)
                                         net25 (net)
                  0.07    0.00    2.41 ^ output25/A (sky130_fd_sc_hd__buf_2)
     1    0.03    0.17    0.20    2.61 ^ output25/X (sky130_fd_sc_hd__buf_2)
                                         out[5] (net)
                  0.17    0.00    2.61 ^ out[5] (out)
                                  2.61   data arrival time

                  0.00    0.00    0.00   clock __VIRTUAL_CLK__ (rise edge)
                          0.00    0.00   clock network delay (ideal)
                          0.25    0.25   clock uncertainty
                          0.00    0.25   clock reconvergence pessimism
                         -2.00   -1.75   output external delay
                                 -1.75   data required time
-----------------------------------------------------------------------------
                                 -1.75   data required time
                                 -2.61   data arrival time
-----------------------------------------------------------------------------
                                  4.36   slack (MET)


Startpoint: B[7] (input port clocked by __VIRTUAL_CLK__)
Endpoint: out[7] (output port clocked by __VIRTUAL_CLK__)
Path Group: __VIRTUAL_CLK__
Path Type: min
Corner: Typical

Fanout     Cap    Slew   Delay    Time   Description
-----------------------------------------------------------------------------
                  0.00    0.00    0.00   clock __VIRTUAL_CLK__ (rise edge)
                          0.00    0.00   clock network delay (ideal)
                          2.00    2.00 v input external delay
     1    0.00    0.01    0.00    2.00 v B[7] (in)
                                         B[7] (net)
                  0.01    0.00    2.00 v input16/A (sky130_fd_sc_hd__buf_1)
     3    0.01    0.09    0.12    2.12 v input16/X (sky130_fd_sc_hd__buf_1)
                                         net16 (net)
                  0.09    0.00    2.12 v _229_/A2 (sky130_fd_sc_hd__o21ai_1)
     1    0.00    0.09    0.13    2.25 ^ _229_/Y (sky130_fd_sc_hd__o21ai_1)
                                         _041_ (net)
                  0.09    0.00    2.25 ^ _232_/B1 (sky130_fd_sc_hd__o211a_1)
     1    0.00    0.04    0.14    2.39 ^ _232_/X (sky130_fd_sc_hd__o211a_1)
                                         _044_ (net)
                  0.04    0.00    2.39 ^ _233_/B1 (sky130_fd_sc_hd__o21ai_1)
     1    0.01    0.04    0.06    2.45 v _233_/Y (sky130_fd_sc_hd__o21ai_1)
                                         net27 (net)
                  0.04    0.00    2.45 v output27/A (sky130_fd_sc_hd__buf_2)
     1    0.03    0.09    0.17    2.62 v output27/X (sky130_fd_sc_hd__buf_2)
                                         out[7] (net)
                  0.09    0.00    2.63 v out[7] (out)
                                  2.63   data arrival time

                  0.00    0.00    0.00   clock __VIRTUAL_CLK__ (rise edge)
                          0.00    0.00   clock network delay (ideal)
                          0.25    0.25   clock uncertainty
                          0.00    0.25   clock reconvergence pessimism
                         -2.00   -1.75   output external delay
                                 -1.75   data required time
-----------------------------------------------------------------------------
                                 -1.75   data required time
                                 -2.63   data arrival time
-----------------------------------------------------------------------------
                                  4.38   slack (MET)


Startpoint: A[1] (input port clocked by __VIRTUAL_CLK__)
Endpoint: out[2] (output port clocked by __VIRTUAL_CLK__)
Path Group: __VIRTUAL_CLK__
Path Type: min
Corner: Typical

Fanout     Cap    Slew   Delay    Time   Description
-----------------------------------------------------------------------------
                  0.00    0.00    0.00   clock __VIRTUAL_CLK__ (rise edge)
                          0.00    0.00   clock network delay (ideal)
                          2.00    2.00 ^ input external delay
     1    0.00    0.02    0.01    2.01 ^ A[1] (in)
                                         A[1] (net)
                  0.02    0.00    2.01 ^ input2/A (sky130_fd_sc_hd__buf_2)
     9    0.03    0.15    0.17    2.17 ^ input2/X (sky130_fd_sc_hd__buf_2)
                                         net2 (net)
                  0.15    0.00    2.18 ^ _155_/B2 (sky130_fd_sc_hd__a221o_1)
     1    0.00    0.04    0.15    2.33 ^ _155_/X (sky130_fd_sc_hd__a221o_1)
                                         _085_ (net)
                  0.04    0.00    2.33 ^ _166_/A3 (sky130_fd_sc_hd__o32a_1)
     1    0.00    0.06    0.13    2.46 ^ _166_/X (sky130_fd_sc_hd__o32a_1)
                                         net22 (net)
                  0.06    0.00    2.46 ^ output22/A (sky130_fd_sc_hd__buf_2)
     1    0.03    0.17    0.19    2.65 ^ output22/X (sky130_fd_sc_hd__buf_2)
                                         out[2] (net)
                  0.17    0.00    2.65 ^ out[2] (out)
                                  2.65   data arrival time

                  0.00    0.00    0.00   clock __VIRTUAL_CLK__ (rise edge)
                          0.00    0.00   clock network delay (ideal)
                          0.25    0.25   clock uncertainty
                          0.00    0.25   clock reconvergence pessimism
                         -2.00   -1.75   output external delay
                                 -1.75   data required time
-----------------------------------------------------------------------------
                                 -1.75   data required time
                                 -2.65   data arrival time
-----------------------------------------------------------------------------
                                  4.40   slack (MET)


Startpoint: A[0] (input port clocked by __VIRTUAL_CLK__)
Endpoint: out[0] (output port clocked by __VIRTUAL_CLK__)
Path Group: __VIRTUAL_CLK__
Path Type: min
Corner: Typical

Fanout     Cap    Slew   Delay    Time   Description
-----------------------------------------------------------------------------
                  0.00    0.00    0.00   clock __VIRTUAL_CLK__ (rise edge)
                          0.00    0.00   clock network delay (ideal)
                          2.00    2.00 v input external delay
     1    0.00    0.01    0.00    2.00 v A[0] (in)
                                         A[0] (net)
                  0.01    0.00    2.00 v input1/A (sky130_fd_sc_hd__dlymetal6s2s_1)
     6    0.02    0.11    0.18    2.18 v input1/X (sky130_fd_sc_hd__dlymetal6s2s_1)
                                         net1 (net)
                  0.11    0.00    2.18 v _126_/A (sky130_fd_sc_hd__nor2_1)
     1    0.00    0.06    0.10    2.29 ^ _126_/Y (sky130_fd_sc_hd__nor2_1)
                                         _058_ (net)
                  0.06    0.00    2.29 ^ _127_/D (sky130_fd_sc_hd__or4_1)
     1    0.00    0.04    0.09    2.38 ^ _127_/X (sky130_fd_sc_hd__or4_1)
                                         _059_ (net)
                  0.04    0.00    2.38 ^ _128_/A (sky130_fd_sc_hd__clkbuf_1)
     1    0.00    0.06    0.08    2.46 ^ _128_/X (sky130_fd_sc_hd__clkbuf_1)
                                         net20 (net)
                  0.06    0.00    2.46 ^ output20/A (sky130_fd_sc_hd__buf_2)
     1    0.03    0.17    0.19    2.66 ^ output20/X (sky130_fd_sc_hd__buf_2)
                                         out[0] (net)
                  0.17    0.00    2.66 ^ out[0] (out)
                                  2.66   data arrival time

                  0.00    0.00    0.00   clock __VIRTUAL_CLK__ (rise edge)
                          0.00    0.00   clock network delay (ideal)
                          0.25    0.25   clock uncertainty
                          0.00    0.25   clock reconvergence pessimism
                         -2.00   -1.75   output external delay
                                 -1.75   data required time
-----------------------------------------------------------------------------
                                 -1.75   data required time
                                 -2.66   data arrival time
-----------------------------------------------------------------------------
                                  4.41   slack (MET)


Startpoint: B[6] (input port clocked by __VIRTUAL_CLK__)
Endpoint: out[6] (output port clocked by __VIRTUAL_CLK__)
Path Group: __VIRTUAL_CLK__
Path Type: min
Corner: Typical

Fanout     Cap    Slew   Delay    Time   Description
-----------------------------------------------------------------------------
                  0.00    0.00    0.00   clock __VIRTUAL_CLK__ (rise edge)
                          0.00    0.00   clock network delay (ideal)
                          2.00    2.00 ^ input external delay
     1    0.00    0.02    0.01    2.01 ^ B[6] (in)
                                         B[6] (net)
                  0.02    0.00    2.01 ^ input15/A (sky130_fd_sc_hd__clkbuf_2)
     5    0.02    0.12    0.14    2.16 ^ input15/X (sky130_fd_sc_hd__clkbuf_2)
                                         net15 (net)
                  0.12    0.00    2.16 ^ _219_/A2 (sky130_fd_sc_hd__a311o_1)
     1    0.00    0.05    0.17    2.33 ^ _219_/X (sky130_fd_sc_hd__a311o_1)
                                         _032_ (net)
                  0.05    0.00    2.33 ^ _223_/B1 (sky130_fd_sc_hd__o22a_1)
     1    0.01    0.07    0.14    2.46 ^ _223_/X (sky130_fd_sc_hd__o22a_1)
                                         net26 (net)
                  0.07    0.00    2.46 ^ output26/A (sky130_fd_sc_hd__buf_2)
     1    0.03    0.17    0.20    2.66 ^ output26/X (sky130_fd_sc_hd__buf_2)
                                         out[6] (net)
                  0.17    0.00    2.66 ^ out[6] (out)
                                  2.66   data arrival time

                  0.00    0.00    0.00   clock __VIRTUAL_CLK__ (rise edge)
                          0.00    0.00   clock network delay (ideal)
                          0.25    0.25   clock uncertainty
                          0.00    0.25   clock reconvergence pessimism
                         -2.00   -1.75   output external delay
                                 -1.75   data required time
-----------------------------------------------------------------------------
                                 -1.75   data required time
                                 -2.66   data arrival time
-----------------------------------------------------------------------------
                                  4.41   slack (MET)


Startpoint: A[1] (input port clocked by __VIRTUAL_CLK__)
Endpoint: out[1] (output port clocked by __VIRTUAL_CLK__)
Path Group: __VIRTUAL_CLK__
Path Type: min
Corner: Typical

Fanout     Cap    Slew   Delay    Time   Description
-----------------------------------------------------------------------------
                  0.00    0.00    0.00   clock __VIRTUAL_CLK__ (rise edge)
                          0.00    0.00   clock network delay (ideal)
                          2.00    2.00 v input external delay
     1    0.00    0.01    0.00    2.00 v A[1] (in)
                                         A[1] (net)
                  0.01    0.00    2.00 v input2/A (sky130_fd_sc_hd__buf_2)
     9    0.03    0.08    0.15    2.15 v input2/X (sky130_fd_sc_hd__buf_2)
                                         net2 (net)
                  0.08    0.00    2.15 v _144_/A (sky130_fd_sc_hd__nor2_1)
     1    0.00    0.07    0.10    2.25 ^ _144_/Y (sky130_fd_sc_hd__nor2_1)
                                         _075_ (net)
                  0.07    0.00    2.25 ^ _149_/C (sky130_fd_sc_hd__or4_1)
     1    0.00    0.05    0.11    2.36 ^ _149_/X (sky130_fd_sc_hd__or4_1)
                                         _080_ (net)
                  0.05    0.00    2.36 ^ _150_/B1 (sky130_fd_sc_hd__o21a_1)
     1    0.00    0.05    0.11    2.47 ^ _150_/X (sky130_fd_sc_hd__o21a_1)
                                         net21 (net)
                  0.05    0.00    2.47 ^ output21/A (sky130_fd_sc_hd__buf_2)
     1    0.03    0.17    0.19    2.66 ^ output21/X (sky130_fd_sc_hd__buf_2)
                                         out[1] (net)
                  0.17    0.00    2.67 ^ out[1] (out)
                                  2.67   data arrival time

                  0.00    0.00    0.00   clock __VIRTUAL_CLK__ (rise edge)
                          0.00    0.00   clock network delay (ideal)
                          0.25    0.25   clock uncertainty
                          0.00    0.25   clock reconvergence pessimism
                         -2.00   -1.75   output external delay
                                 -1.75   data required time
-----------------------------------------------------------------------------
                                 -1.75   data required time
                                 -2.67   data arrival time
-----------------------------------------------------------------------------
                                  4.42   slack (MET)


Startpoint: A[4] (input port clocked by __VIRTUAL_CLK__)
Endpoint: out[4] (output port clocked by __VIRTUAL_CLK__)
Path Group: __VIRTUAL_CLK__
Path Type: min
Corner: Typical

Fanout     Cap    Slew   Delay    Time   Description
-----------------------------------------------------------------------------
                  0.00    0.00    0.00   clock __VIRTUAL_CLK__ (rise edge)
                          0.00    0.00   clock network delay (ideal)
                          2.00    2.00 ^ input external delay
     1    0.00    0.02    0.01    2.01 ^ A[4] (in)
                                         A[4] (net)
                  0.02    0.00    2.01 ^ input5/A (sky130_fd_sc_hd__clkbuf_2)
     8    0.03    0.16    0.17    2.18 ^ input5/X (sky130_fd_sc_hd__clkbuf_2)
                                         net5 (net)
                  0.16    0.00    2.18 ^ _194_/A1 (sky130_fd_sc_hd__a311o_1)
     1    0.00    0.05    0.17    2.35 ^ _194_/X (sky130_fd_sc_hd__a311o_1)
                                         _009_ (net)
                  0.05    0.00    2.35 ^ _195_/B2 (sky130_fd_sc_hd__o22a_1)
     1    0.01    0.06    0.12    2.47 ^ _195_/X (sky130_fd_sc_hd__o22a_1)
                                         net24 (net)
                  0.06    0.00    2.47 ^ output24/A (sky130_fd_sc_hd__buf_2)
     1    0.03    0.17    0.19    2.67 ^ output24/X (sky130_fd_sc_hd__buf_2)
                                         out[4] (net)
                  0.17    0.00    2.67 ^ out[4] (out)
                                  2.67   data arrival time

                  0.00    0.00    0.00   clock __VIRTUAL_CLK__ (rise edge)
                          0.00    0.00   clock network delay (ideal)
                          0.25    0.25   clock uncertainty
                          0.00    0.25   clock reconvergence pessimism
                         -2.00   -1.75   output external delay
                                 -1.75   data required time
-----------------------------------------------------------------------------
                                 -1.75   data required time
                                 -2.67   data arrival time
-----------------------------------------------------------------------------
                                  4.42   slack (MET)



worst slack corner Typical: 4.3458
