
===========================================================================
 report_power
============================================================================
======================= Fastest Corner ===================================

Group                  Internal  Switching    Leakage      Total
                          Power      Power      Power      Power (Watts)
----------------------------------------------------------------
Sequential             0.00e+00   0.00e+00   0.00e+00   0.00e+00   0.0%
Combinational          4.91e-06   1.11e-05   1.59e-10   1.60e-05 100.0%
Clock                  0.00e+00   0.00e+00   1.78e-10   1.78e-10   0.0%
Macro                  0.00e+00   0.00e+00   0.00e+00   0.00e+00   0.0%
Pad                    0.00e+00   0.00e+00   0.00e+00   0.00e+00   0.0%
----------------------------------------------------------------
Total                  4.91e-06   1.11e-05   3.37e-10   1.60e-05 100.0%
                          30.6%      69.4%       0.0%

======================= Slowest Corner ===================================

Group                  Internal  Switching    Leakage      Total
                          Power      Power      Power      Power (Watts)
----------------------------------------------------------------
Sequential             0.00e+00   0.00e+00   0.00e+00   0.00e+00   0.0%
Combinational          3.64e-06   7.43e-06   1.53e-07   1.12e-05 100.0%
Clock                  0.00e+00   0.00e+00   1.78e-10   1.78e-10   0.0%
Macro                  0.00e+00   0.00e+00   0.00e+00   0.00e+00   0.0%
Pad                    0.00e+00   0.00e+00   0.00e+00   0.00e+00   0.0%
----------------------------------------------------------------
Total                  3.64e-06   7.43e-06   1.53e-07   1.12e-05 100.0%
                          32.4%      66.2%       1.4%

======================= Typical Corner ===================================

Group                  Internal  Switching    Leakage      Total
                          Power      Power      Power      Power (Watts)
----------------------------------------------------------------
Sequential             0.00e+00   0.00e+00   0.00e+00   0.00e+00   0.0%
Combinational          4.41e-06   9.44e-06   8.87e-11   1.39e-05 100.0%
Clock                  0.00e+00   0.00e+00   1.78e-10   1.78e-10   0.0%
Macro                  0.00e+00   0.00e+00   0.00e+00   0.00e+00   0.0%
Pad                    0.00e+00   0.00e+00   0.00e+00   0.00e+00   0.0%
----------------------------------------------------------------
Total                  4.41e-06   9.44e-06   2.67e-10   1.39e-05 100.0%
                          31.8%      68.2%       0.0%

