Sun Apr 27 01:45:23 +0000 2025 - Executing "{openroad -exit -no_init -python /openlane/scripts/odbpy/lefutil.py get_metal_layers -o /openlane/designs/project1/runs/RUN_2025.04.27_01.45.23/tmp/layers.list /home/furkan/.volare/sky130A/libs.ref/sky130_fd_sc_hd/techlef/sky130_fd_sc_hd__nom.tlef}"

Sun Apr 27 01:45:24 +0000 2025 - Executing "{/openlane/scripts/mergeLef.py -o /openlane/designs/project1/runs/RUN_2025.04.27_01.45.23/tmp/merged.nom.lef -i /home/furkan/.volare/sky130A/libs.ref/sky130_fd_sc_hd/techlef/sky130_fd_sc_hd__nom.tlef {/home/furkan/.volare/sky130A/libs.ref/sky130_fd_sc_hd/lef/sky130_fd_sc_hd.lef /home/furkan/.volare/sky130A/libs.ref/sky130_fd_sc_hd/lef/sky130_ef_sc_hd.lef} |& tee /dev/null}"

Sun Apr 27 01:45:24 +0000 2025 - Executing "{/openlane/scripts/mergeLef.py -o /openlane/designs/project1/runs/RUN_2025.04.27_01.45.23/tmp/merged.min.lef -i /home/furkan/.volare/sky130A/libs.ref/sky130_fd_sc_hd/techlef/sky130_fd_sc_hd__min.tlef {/home/furkan/.volare/sky130A/libs.ref/sky130_fd_sc_hd/lef/sky130_fd_sc_hd.lef /home/furkan/.volare/sky130A/libs.ref/sky130_fd_sc_hd/lef/sky130_ef_sc_hd.lef} |& tee /dev/null}"

Sun Apr 27 01:45:24 +0000 2025 - Executing "{/openlane/scripts/mergeLef.py -o /openlane/designs/project1/runs/RUN_2025.04.27_01.45.23/tmp/merged.max.lef -i /home/furkan/.volare/sky130A/libs.ref/sky130_fd_sc_hd/techlef/sky130_fd_sc_hd__max.tlef {/home/furkan/.volare/sky130A/libs.ref/sky130_fd_sc_hd/lef/sky130_fd_sc_hd.lef /home/furkan/.volare/sky130A/libs.ref/sky130_fd_sc_hd/lef/sky130_ef_sc_hd.lef} |& tee /dev/null}"

Sun Apr 27 01:45:24 +0000 2025 - Executing "{python3 /openlane/scripts/mergeLib.py --output /openlane/designs/project1/runs/RUN_2025.04.27_01.45.23/tmp/synthesis/merged.lib --name sky130A_merged /home/furkan/.volare/sky130A/libs.ref/sky130_fd_sc_hd/lib/sky130_fd_sc_hd__tt_025C_1v80.lib}"

Sun Apr 27 01:45:24 +0000 2025 - Executing "{python3 /openlane/scripts/libtrim.py --cell-file /openlane/designs/project1/runs/RUN_2025.04.27_01.45.23/tmp/synthesis/trimmed.lib.exclude.list --output /openlane/designs/project1/runs/RUN_2025.04.27_01.45.23/tmp/synthesis/trimmed.lib /openlane/designs/project1/runs/RUN_2025.04.27_01.45.23/tmp/synthesis/merged.lib}"

Sun Apr 27 01:45:24 +0000 2025 - Executing "{python3 /openlane/scripts/libtrim.py --cell-file /openlane/designs/project1/runs/RUN_2025.04.27_01.45.23/tmp/cts/cts.lib.exclude.list --output /openlane/designs/project1/runs/RUN_2025.04.27_01.45.23/tmp/cts/cts.lib /home/furkan/.volare/sky130A/libs.ref/sky130_fd_sc_hd/lib/sky130_fd_sc_hd__tt_025C_1v80.lib}"

Sun Apr 27 01:45:25 +0000 2025 - Executing "{python3 /openlane/scripts/libtrim.py --cell-file /openlane/designs/project1/runs/RUN_2025.04.27_01.45.23/tmp/cts/cts-fastest.lib.exclude.list --output /openlane/designs/project1/runs/RUN_2025.04.27_01.45.23/tmp/cts/cts-fastest.lib /home/furkan/.volare/sky130A/libs.ref/sky130_fd_sc_hd/lib/sky130_fd_sc_hd__ff_n40C_1v95.lib}"

Sun Apr 27 01:45:25 +0000 2025 - Executing "{python3 /openlane/scripts/libtrim.py --cell-file /openlane/designs/project1/runs/RUN_2025.04.27_01.45.23/tmp/cts/cts-slowest.lib.exclude.list --output /openlane/designs/project1/runs/RUN_2025.04.27_01.45.23/tmp/cts/cts-slowest.lib /home/furkan/.volare/sky130A/libs.ref/sky130_fd_sc_hd/lib/sky130_fd_sc_hd__ss_100C_1v60.lib}"

Sun Apr 27 01:45:25 +0000 2025 - Executing "{python3 /openlane/scripts/new_tracks.py -i /home/furkan/.volare/sky130A/libs.tech/openlane/sky130_fd_sc_hd/tracks.info -o /openlane/designs/project1/runs/RUN_2025.04.27_01.45.23/tmp/routing/config.tracks}"

Sun Apr 27 01:45:25 +0000 2025 - Executing "{echo {OpenLane e73fb3c57e687a0023fcd4dcfd1566ecd478362a} > /openlane/designs/project1/runs/RUN_2025.04.27_01.45.23/OPENLANE_COMMIT}"

Sun Apr 27 01:45:25 +0000 2025 - Executing "{yosys -c /openlane/scripts/yosys/blackbox.tcl}"

Sun Apr 27 01:45:26 +0000 2025 - Executing "{verilator -Wall --lint-only --Wno-DECLFILENAME --top-module project1 /openlane/designs/project1/runs/RUN_2025.04.27_01.45.23/tmp/synthesis/blackbox/sky130_fd_sc_hd__blackbox.v /openlane/designs/project1/src/project1.v -Wno-fatal --relative-includes |& tee /openlane/designs/project1/runs/RUN_2025.04.27_01.45.23/logs/synthesis/linter.log /dev/null}"

Sun Apr 27 01:45:26 +0000 2025 - Executing "{sed -E {s/^([[:space:]]+)pg_pin(.*)/\1pin\2\n\1    direction : "inout";/g} /home/furkan/.volare/sky130A/libs.ref/sky130_fd_sc_hd/lib/sky130_fd_sc_hd__tt_025C_1v80.lib > /openlane/designs/project1/runs/RUN_2025.04.27_01.45.23/tmp/synthesis/1-sky130_fd_sc_hd__tt_025C_1v80.no_pg.lib}"

Sun Apr 27 01:45:26 +0000 2025 - Executing "{sed -E {s/^([[:space:]]+)pg_pin(.*)/\1pin\2\n\1    direction : "inout";/g} /openlane/designs/project1/runs/RUN_2025.04.27_01.45.23/tmp/synthesis/trimmed.lib > /openlane/designs/project1/runs/RUN_2025.04.27_01.45.23/tmp/synthesis/1-trimmed.no_pg.lib}"

Sun Apr 27 01:45:26 +0000 2025 - Executing "yosys -c /openlane/scripts/yosys/synth.tcl |& tee /dev/null /openlane/designs/project1/runs/RUN_2025.04.27_01.45.23/logs/synthesis/1-synthesis.log"

Sun Apr 27 01:45:26 +0000 2025 - Executing "{yosys -c /openlane/scripts/yosys/synth.tcl |& tee /dev/null /openlane/designs/project1/runs/RUN_2025.04.27_01.45.23/logs/synthesis/1-synthesis.log}"

Sun Apr 27 01:45:26 +0000 2025 - Executing "{sed -i.bak -e {s/\(set ::env(CURRENT_NETLIST)\).*/\1 \/openlane\/designs\/project1\/runs\/RUN_2025.04.27_01.45.23\/results\/synthesis\/project1.v/} /openlane/designs/project1/runs/RUN_2025.04.27_01.45.23/config.tcl}"

Sun Apr 27 01:45:27 +0000 2025 - Executing "{sed -i.bak /defparam/d /openlane/designs/project1/runs/RUN_2025.04.27_01.45.23/results/synthesis/project1.v}"

Sun Apr 27 01:45:27 +0000 2025 - Executing "sta -exit -no_init /openlane/scripts/openroad/sta/multi_corner.tcl |& tee /dev/null /openlane/designs/project1/runs/RUN_2025.04.27_01.45.23/logs/synthesis/2-sta.log"

Sun Apr 27 01:45:27 +0000 2025 - Executing "{sta -exit -no_init /openlane/scripts/openroad/sta/multi_corner.tcl |& tee /dev/null /openlane/designs/project1/runs/RUN_2025.04.27_01.45.23/logs/synthesis/2-sta.log}"

Sun Apr 27 01:45:27 +0000 2025 - Executing "openroad -exit /openlane/scripts/openroad/floorplan.tcl |& tee /dev/null /openlane/designs/project1/runs/RUN_2025.04.27_01.45.23/logs/floorplan/3-initial_fp.log"

Sun Apr 27 01:45:27 +0000 2025 - Executing "{openroad -exit /openlane/scripts/openroad/floorplan.tcl |& tee /dev/null /openlane/designs/project1/runs/RUN_2025.04.27_01.45.23/logs/floorplan/3-initial_fp.log}"

Sun Apr 27 01:45:28 +0000 2025 - Executing "{openroad -exit -no_init -python /openlane/scripts/odbpy/defutil.py extract_core_dims --output-data /openlane/designs/project1/runs/RUN_2025.04.27_01.45.23/tmp/dimensions.txt --input-lef /openlane/designs/project1/runs/RUN_2025.04.27_01.45.23/tmp/merged.nom.lef /openlane/designs/project1/runs/RUN_2025.04.27_01.45.23/tmp/floorplan/3-initial_fp.def}"

Sun Apr 27 01:45:28 +0000 2025 - Executing "openroad -exit /openlane/scripts/openroad/ioplacer.tcl |& tee /dev/null /openlane/designs/project1/runs/RUN_2025.04.27_01.45.23/logs/floorplan/4-io.log"

Sun Apr 27 01:45:28 +0000 2025 - Executing "{openroad -exit /openlane/scripts/openroad/ioplacer.tcl |& tee /dev/null /openlane/designs/project1/runs/RUN_2025.04.27_01.45.23/logs/floorplan/4-io.log}"

Sun Apr 27 01:45:28 +0000 2025 - Executing "openroad -exit /openlane/scripts/openroad/tapcell.tcl |& tee /dev/null /openlane/designs/project1/runs/RUN_2025.04.27_01.45.23/logs/floorplan/5-tap.log"

Sun Apr 27 01:45:28 +0000 2025 - Executing "{openroad -exit /openlane/scripts/openroad/tapcell.tcl |& tee /dev/null /openlane/designs/project1/runs/RUN_2025.04.27_01.45.23/logs/floorplan/5-tap.log}"

Sun Apr 27 01:45:29 +0000 2025 - Executing "openroad -exit /openlane/scripts/openroad/pdn.tcl |& tee /dev/null /openlane/designs/project1/runs/RUN_2025.04.27_01.45.23/logs/floorplan/6-pdn.log"

Sun Apr 27 01:45:29 +0000 2025 - Executing "{openroad -exit /openlane/scripts/openroad/pdn.tcl |& tee /dev/null /openlane/designs/project1/runs/RUN_2025.04.27_01.45.23/logs/floorplan/6-pdn.log}"

Sun Apr 27 01:45:29 +0000 2025 - Executing "{openroad -exit -no_init -python /openlane/scripts/odbpy/random_place.py --input-lef /openlane/designs/project1/runs/RUN_2025.04.27_01.45.23/tmp/merged.nom.lef --output-def /openlane/designs/project1/runs/RUN_2025.04.27_01.45.23/tmp/placement/7-global.def --output /openlane/designs/project1/runs/RUN_2025.04.27_01.45.23/tmp/placement/7-global.odb /openlane/designs/project1/runs/RUN_2025.04.27_01.45.23/results/floorplan/project1.odb |& tee /dev/null /openlane/designs/project1/runs/RUN_2025.04.27_01.45.23/logs/placement/7-global.log}"

Sun Apr 27 01:45:30 +0000 2025 - Executing "openroad -exit /openlane/scripts/openroad/resizer.tcl |& tee /dev/null /openlane/designs/project1/runs/RUN_2025.04.27_01.45.23/logs/placement/8-resizer.log"

Sun Apr 27 01:45:30 +0000 2025 - Executing "{openroad -exit /openlane/scripts/openroad/resizer.tcl |& tee /dev/null /openlane/designs/project1/runs/RUN_2025.04.27_01.45.23/logs/placement/8-resizer.log}"

Sun Apr 27 01:45:31 +0000 2025 - Executing "{sed -i.bak -e {s/\(set ::env(CURRENT_NETLIST)\).*/\1 \/openlane\/designs\/project1\/runs\/RUN_2025.04.27_01.45.23\/tmp\/placement\/8-resizer.nl.v/} /openlane/designs/project1/runs/RUN_2025.04.27_01.45.23/config.tcl}"

Sun Apr 27 01:45:31 +0000 2025 - Executing "openroad -exit /openlane/scripts/openroad/dpl.tcl |& tee /dev/null /openlane/designs/project1/runs/RUN_2025.04.27_01.45.23/logs/placement/9-detailed.log"

Sun Apr 27 01:45:31 +0000 2025 - Executing "{openroad -exit /openlane/scripts/openroad/dpl.tcl |& tee /dev/null /openlane/designs/project1/runs/RUN_2025.04.27_01.45.23/logs/placement/9-detailed.log}"

Sun Apr 27 01:45:32 +0000 2025 - Executing "{sed -i.bak -e {s/\(set ::env(CURRENT_NETLIST)\).*/\1 \/openlane\/designs\/project1\/runs\/RUN_2025.04.27_01.45.23\/results\/placement\/project1.nl.v/} /openlane/designs/project1/runs/RUN_2025.04.27_01.45.23/config.tcl}"

Sun Apr 27 01:45:32 +0000 2025 - Executing "openroad -exit /openlane/scripts/openroad/sta/multi_corner.tcl |& tee /dev/null /openlane/designs/project1/runs/RUN_2025.04.27_01.45.23/logs/placement/10-dpl_sta.log"

Sun Apr 27 01:45:32 +0000 2025 - Executing "{openroad -exit /openlane/scripts/openroad/sta/multi_corner.tcl |& tee /dev/null /openlane/designs/project1/runs/RUN_2025.04.27_01.45.23/logs/placement/10-dpl_sta.log}"

Sun Apr 27 01:45:32 +0000 2025 - Executing "openroad -exit /openlane/scripts/openroad/cts.tcl |& tee /dev/null /openlane/designs/project1/runs/RUN_2025.04.27_01.45.23/logs/cts/11-cts.log"

Sun Apr 27 01:45:32 +0000 2025 - Executing "{openroad -exit /openlane/scripts/openroad/cts.tcl |& tee /dev/null /openlane/designs/project1/runs/RUN_2025.04.27_01.45.23/logs/cts/11-cts.log}"

Sun Apr 27 01:45:37 +0000 2025 - Executing "openroad -exit /openlane/scripts/openroad/sta/multi_corner.tcl |& tee /dev/null /openlane/designs/project1/runs/RUN_2025.04.27_01.45.23/logs/cts/12-cts_sta.log"

Sun Apr 27 01:45:37 +0000 2025 - Executing "{openroad -exit /openlane/scripts/openroad/sta/multi_corner.tcl |& tee /dev/null /openlane/designs/project1/runs/RUN_2025.04.27_01.45.23/logs/cts/12-cts_sta.log}"

Sun Apr 27 01:45:38 +0000 2025 - Executing "openroad -exit /openlane/scripts/openroad/resizer_timing.tcl |& tee /dev/null /openlane/designs/project1/runs/RUN_2025.04.27_01.45.23/logs/cts/13-resizer.log"

Sun Apr 27 01:45:38 +0000 2025 - Executing "{openroad -exit /openlane/scripts/openroad/resizer_timing.tcl |& tee /dev/null /openlane/designs/project1/runs/RUN_2025.04.27_01.45.23/logs/cts/13-resizer.log}"

Sun Apr 27 01:45:39 +0000 2025 - Executing "{sed -i.bak -e {s/\(set ::env(CURRENT_NETLIST)\).*/\1 \/openlane\/designs\/project1\/runs\/RUN_2025.04.27_01.45.23\/tmp\/cts\/13-project1.resized.nl.v/} /openlane/designs/project1/runs/RUN_2025.04.27_01.45.23/config.tcl}"

Sun Apr 27 01:45:39 +0000 2025 - Executing "openroad -exit /openlane/scripts/openroad/resizer_routing_design.tcl |& tee /dev/null /openlane/designs/project1/runs/RUN_2025.04.27_01.45.23/logs/routing/14-resizer_design.log"

Sun Apr 27 01:45:39 +0000 2025 - Executing "{openroad -exit /openlane/scripts/openroad/resizer_routing_design.tcl |& tee /dev/null /openlane/designs/project1/runs/RUN_2025.04.27_01.45.23/logs/routing/14-resizer_design.log}"

Sun Apr 27 01:45:40 +0000 2025 - Executing "{sed -i.bak -e {s/\(set ::env(CURRENT_NETLIST)\).*/\1 \/openlane\/designs\/project1\/runs\/RUN_2025.04.27_01.45.23\/tmp\/14-project1.nl.v/} /openlane/designs/project1/runs/RUN_2025.04.27_01.45.23/config.tcl}"

Sun Apr 27 01:45:40 +0000 2025 - Executing "openroad -exit /openlane/scripts/openroad/sta/multi_corner.tcl |& tee /dev/null /openlane/designs/project1/runs/RUN_2025.04.27_01.45.23/logs/routing/15-rsz_design_sta.log"

Sun Apr 27 01:45:41 +0000 2025 - Executing "{openroad -exit /openlane/scripts/openroad/sta/multi_corner.tcl |& tee /dev/null /openlane/designs/project1/runs/RUN_2025.04.27_01.45.23/logs/routing/15-rsz_design_sta.log}"

Sun Apr 27 01:45:41 +0000 2025 - Executing "openroad -exit /openlane/scripts/openroad/resizer_routing_timing.tcl |& tee /dev/null /openlane/designs/project1/runs/RUN_2025.04.27_01.45.23/logs/routing/16-resizer_timing.log"

Sun Apr 27 01:45:41 +0000 2025 - Executing "{openroad -exit /openlane/scripts/openroad/resizer_routing_timing.tcl |& tee /dev/null /openlane/designs/project1/runs/RUN_2025.04.27_01.45.23/logs/routing/16-resizer_timing.log}"

Sun Apr 27 01:45:42 +0000 2025 - Executing "{sed -i.bak -e {s/\(set ::env(CURRENT_NETLIST)\).*/\1 \/openlane\/designs\/project1\/runs\/RUN_2025.04.27_01.45.23\/tmp\/16-project1.nl.v/} /openlane/designs/project1/runs/RUN_2025.04.27_01.45.23/config.tcl}"

Sun Apr 27 01:45:42 +0000 2025 - Executing "openroad -exit /openlane/scripts/openroad/sta/multi_corner.tcl |& tee /dev/null /openlane/designs/project1/runs/RUN_2025.04.27_01.45.23/logs/routing/17-rsz_timing_sta.log"

Sun Apr 27 01:45:42 +0000 2025 - Executing "{openroad -exit /openlane/scripts/openroad/sta/multi_corner.tcl |& tee /dev/null /openlane/designs/project1/runs/RUN_2025.04.27_01.45.23/logs/routing/17-rsz_timing_sta.log}"

Sun Apr 27 01:45:43 +0000 2025 - Executing "openroad -exit /openlane/scripts/openroad/repair_antennas.tcl |& tee /dev/null /openlane/designs/project1/runs/RUN_2025.04.27_01.45.23/logs/routing/18-global.log"

Sun Apr 27 01:45:43 +0000 2025 - Executing "{openroad -exit /openlane/scripts/openroad/repair_antennas.tcl |& tee /dev/null /openlane/designs/project1/runs/RUN_2025.04.27_01.45.23/logs/routing/18-global.log}"

Sun Apr 27 01:45:43 +0000 2025 - Executing "openroad -exit /openlane/scripts/openroad/write_views.tcl |& tee /dev/null /openlane/designs/project1/runs/RUN_2025.04.27_01.45.23/logs/routing/18-global_write_netlist.log"

Sun Apr 27 01:45:43 +0000 2025 - Executing "{openroad -exit /openlane/scripts/openroad/write_views.tcl |& tee /dev/null /openlane/designs/project1/runs/RUN_2025.04.27_01.45.23/logs/routing/18-global_write_netlist.log}"

Sun Apr 27 01:45:44 +0000 2025 - Executing "{sed -i.bak -e {s/\(set ::env(CURRENT_NETLIST)\).*/\1 \/openlane\/designs\/project1\/runs\/RUN_2025.04.27_01.45.23\/tmp\/routing\/global.nl.v/} /openlane/designs/project1/runs/RUN_2025.04.27_01.45.23/config.tcl}"

Sun Apr 27 01:45:44 +0000 2025 - Executing "openroad -exit /openlane/scripts/openroad/sta/multi_corner.tcl |& tee /dev/null /openlane/designs/project1/runs/RUN_2025.04.27_01.45.23/logs/routing/20-grt_sta.log"

Sun Apr 27 01:45:44 +0000 2025 - Executing "{openroad -exit /openlane/scripts/openroad/sta/multi_corner.tcl |& tee /dev/null /openlane/designs/project1/runs/RUN_2025.04.27_01.45.23/logs/routing/20-grt_sta.log}"

Sun Apr 27 01:45:44 +0000 2025 - Executing "openroad -exit /openlane/scripts/openroad/fill.tcl |& tee /dev/null /openlane/designs/project1/runs/RUN_2025.04.27_01.45.23/logs/routing/21-fill.log"

Sun Apr 27 01:45:44 +0000 2025 - Executing "{openroad -exit /openlane/scripts/openroad/fill.tcl |& tee /dev/null /openlane/designs/project1/runs/RUN_2025.04.27_01.45.23/logs/routing/21-fill.log}"

Sun Apr 27 01:45:45 +0000 2025 - Executing "{sed -i.bak -e {s/\(set ::env(CURRENT_NETLIST)\).*/\1 \/openlane\/designs\/project1\/runs\/RUN_2025.04.27_01.45.23\/tmp\/routing\/21-fill.nl.v/} /openlane/designs/project1/runs/RUN_2025.04.27_01.45.23/config.tcl}"

Sun Apr 27 01:45:45 +0000 2025 - Executing "openroad -exit -metrics /openlane/designs/project1/runs/RUN_2025.04.27_01.45.23/reports/routing/22-drt_metrics.json /openlane/scripts/openroad/droute.tcl |& tee /dev/null /openlane/designs/project1/runs/RUN_2025.04.27_01.45.23/logs/routing/22-detailed.log"

Sun Apr 27 01:45:45 +0000 2025 - Executing "{openroad -exit -metrics /openlane/designs/project1/runs/RUN_2025.04.27_01.45.23/reports/routing/22-drt_metrics.json /openlane/scripts/openroad/droute.tcl |& tee /dev/null /openlane/designs/project1/runs/RUN_2025.04.27_01.45.23/logs/routing/22-detailed.log}"

Sun Apr 27 01:45:46 +0000 2025 - Executing "{sed -i.bak -e {s/\(set ::env(CURRENT_NETLIST)\).*/\1 \/openlane\/designs\/project1\/runs\/RUN_2025.04.27_01.45.23\/results\/routing\/project1.nl.v/} /openlane/designs/project1/runs/RUN_2025.04.27_01.45.23/config.tcl}"

Sun Apr 27 01:45:46 +0000 2025 - Executing "{python3 /openlane/scripts/drc_rosetta.py tr to_klayout -o /openlane/designs/project1/runs/RUN_2025.04.27_01.45.23/reports/routing/drt.klayout.xml --design-name project1 /openlane/designs/project1/runs/RUN_2025.04.27_01.45.23/reports/routing/drt.drc}"

Sun Apr 27 01:45:46 +0000 2025 - Executing "{openroad -exit -no_init -python /openlane/scripts/odbpy/wire_lengths.py --report-out /openlane/designs/project1/runs/RUN_2025.04.27_01.45.23/reports/routing/23-wire_lengths.csv --input-lef /openlane/designs/project1/runs/RUN_2025.04.27_01.45.23/tmp/merged.nom.lef --output-def /openlane/designs/project1/runs/RUN_2025.04.27_01.45.23/results/routing/project1.def --output /openlane/designs/project1/runs/RUN_2025.04.27_01.45.23/results/routing/project1.odb /openlane/designs/project1/runs/RUN_2025.04.27_01.45.23/results/routing/project1.odb |& tee /dev/null /openlane/designs/project1/runs/RUN_2025.04.27_01.45.23/logs/routing/23-wire_lengths.log}"

Sun Apr 27 01:45:47 +0000 2025 - Executing "openroad -exit /openlane/scripts/openroad/rcx.tcl |& tee /dev/null /openlane/designs/project1/runs/RUN_2025.04.27_01.45.23/logs/signoff/24-parasitics_extraction.min.log"

Sun Apr 27 01:45:47 +0000 2025 - Executing "{openroad -exit /openlane/scripts/openroad/rcx.tcl |& tee /dev/null /openlane/designs/project1/runs/RUN_2025.04.27_01.45.23/logs/signoff/24-parasitics_extraction.min.log}"

Sun Apr 27 01:45:47 +0000 2025 - Executing "sta -exit -no_init /openlane/scripts/openroad/sta/multi_corner.tcl |& tee /dev/null /openlane/designs/project1/runs/RUN_2025.04.27_01.45.23/logs/signoff/25-rcx_mcsta.min.log"

Sun Apr 27 01:45:47 +0000 2025 - Executing "{sta -exit -no_init /openlane/scripts/openroad/sta/multi_corner.tcl |& tee /dev/null /openlane/designs/project1/runs/RUN_2025.04.27_01.45.23/logs/signoff/25-rcx_mcsta.min.log}"

Sun Apr 27 01:45:48 +0000 2025 - Executing "openroad -exit /openlane/scripts/openroad/rcx.tcl |& tee /dev/null /openlane/designs/project1/runs/RUN_2025.04.27_01.45.23/logs/signoff/26-parasitics_extraction.max.log"

Sun Apr 27 01:45:48 +0000 2025 - Executing "{openroad -exit /openlane/scripts/openroad/rcx.tcl |& tee /dev/null /openlane/designs/project1/runs/RUN_2025.04.27_01.45.23/logs/signoff/26-parasitics_extraction.max.log}"

Sun Apr 27 01:45:49 +0000 2025 - Executing "sta -exit -no_init /openlane/scripts/openroad/sta/multi_corner.tcl |& tee /dev/null /openlane/designs/project1/runs/RUN_2025.04.27_01.45.23/logs/signoff/27-rcx_mcsta.max.log"

Sun Apr 27 01:45:49 +0000 2025 - Executing "{sta -exit -no_init /openlane/scripts/openroad/sta/multi_corner.tcl |& tee /dev/null /openlane/designs/project1/runs/RUN_2025.04.27_01.45.23/logs/signoff/27-rcx_mcsta.max.log}"

Sun Apr 27 01:45:50 +0000 2025 - Executing "openroad -exit /openlane/scripts/openroad/rcx.tcl |& tee /dev/null /openlane/designs/project1/runs/RUN_2025.04.27_01.45.23/logs/signoff/28-parasitics_extraction.nom.log"

Sun Apr 27 01:45:50 +0000 2025 - Executing "{openroad -exit /openlane/scripts/openroad/rcx.tcl |& tee /dev/null /openlane/designs/project1/runs/RUN_2025.04.27_01.45.23/logs/signoff/28-parasitics_extraction.nom.log}"

Sun Apr 27 01:45:51 +0000 2025 - Executing "sta -exit -no_init /openlane/scripts/openroad/sta/multi_corner.tcl |& tee /dev/null /openlane/designs/project1/runs/RUN_2025.04.27_01.45.23/logs/signoff/29-rcx_mcsta.nom.log"

Sun Apr 27 01:45:51 +0000 2025 - Executing "{sta -exit -no_init /openlane/scripts/openroad/sta/multi_corner.tcl |& tee /dev/null /openlane/designs/project1/runs/RUN_2025.04.27_01.45.23/logs/signoff/29-rcx_mcsta.nom.log}"

Sun Apr 27 01:45:52 +0000 2025 - Executing "openroad -exit /openlane/scripts/openroad/irdrop.tcl |& tee /dev/null /openlane/designs/project1/runs/RUN_2025.04.27_01.45.23/logs/signoff/30-irdrop.log"

Sun Apr 27 01:45:52 +0000 2025 - Executing "{openroad -exit /openlane/scripts/openroad/irdrop.tcl |& tee /dev/null /openlane/designs/project1/runs/RUN_2025.04.27_01.45.23/logs/signoff/30-irdrop.log}"

Sun Apr 27 01:45:53 +0000 2025 - Executing "magic -noconsole -dnull -rcfile /home/furkan/.volare/sky130A/libs.tech/magic/sky130A.magicrc < /openlane/scripts/magic/wrapper.tcl |& tee /dev/null /openlane/designs/project1/runs/RUN_2025.04.27_01.45.23/logs/signoff/31-gdsii.log"

Sun Apr 27 01:45:53 +0000 2025 - Executing "{magic -noconsole -dnull -rcfile /home/furkan/.volare/sky130A/libs.tech/magic/sky130A.magicrc < /openlane/scripts/magic/wrapper.tcl |& tee /dev/null /openlane/designs/project1/runs/RUN_2025.04.27_01.45.23/logs/signoff/31-gdsii.log}"

Sun Apr 27 01:45:53 +0000 2025 - Executing "magic -noconsole -dnull -rcfile /home/furkan/.volare/sky130A/libs.tech/magic/sky130A.magicrc < /openlane/scripts/magic/wrapper.tcl |& tee /dev/null /openlane/designs/project1/runs/RUN_2025.04.27_01.45.23/logs/signoff/31-gds_ptrs.log"

Sun Apr 27 01:45:53 +0000 2025 - Executing "{magic -noconsole -dnull -rcfile /home/furkan/.volare/sky130A/libs.tech/magic/sky130A.magicrc < /openlane/scripts/magic/wrapper.tcl |& tee /dev/null /openlane/designs/project1/runs/RUN_2025.04.27_01.45.23/logs/signoff/31-gds_ptrs.log}"

Sun Apr 27 01:45:53 +0000 2025 - Executing "{sed -i.bak -n {/^<< properties >>/,/^<< end >>/p} /openlane/designs/project1/runs/RUN_2025.04.27_01.45.23/tmp/signoff/gds_ptrs.mag}"

Sun Apr 27 01:45:53 +0000 2025 - Executing "magic -noconsole -dnull -rcfile /home/furkan/.volare/sky130A/libs.tech/magic/sky130A.magicrc < /openlane/scripts/magic/wrapper.tcl |& tee /dev/null /openlane/designs/project1/runs/RUN_2025.04.27_01.45.23/logs/signoff/31-lef.log"

Sun Apr 27 01:45:53 +0000 2025 - Executing "{magic -noconsole -dnull -rcfile /home/furkan/.volare/sky130A/libs.tech/magic/sky130A.magicrc < /openlane/scripts/magic/wrapper.tcl |& tee /dev/null /openlane/designs/project1/runs/RUN_2025.04.27_01.45.23/logs/signoff/31-lef.log}"

Sun Apr 27 01:45:53 +0000 2025 - Executing "magic -noconsole -dnull -rcfile /home/furkan/.volare/sky130A/libs.tech/magic/sky130A.magicrc < /openlane/scripts/magic/wrapper.tcl |& tee /dev/null /openlane/designs/project1/runs/RUN_2025.04.27_01.45.23/logs/signoff/31-maglef.log"

Sun Apr 27 01:45:53 +0000 2025 - Executing "{magic -noconsole -dnull -rcfile /home/furkan/.volare/sky130A/libs.tech/magic/sky130A.magicrc < /openlane/scripts/magic/wrapper.tcl |& tee /dev/null /openlane/designs/project1/runs/RUN_2025.04.27_01.45.23/logs/signoff/31-maglef.log}"

Sun Apr 27 01:45:54 +0000 2025 - Executing "{python3 /openlane/scripts/klayout/stream_out.py --output /openlane/designs/project1/runs/RUN_2025.04.27_01.45.23/results/signoff/project1.klayout.gds --lyt /home/furkan/.volare/sky130A/libs.tech/klayout/tech/sky130A.lyt --lym /home/furkan/.volare/sky130A/libs.tech/klayout/tech/sky130A.map --lyp /home/furkan/.volare/sky130A/libs.tech/klayout/tech/sky130A.lyp --top project1 --with-gds-file /home/furkan/.volare/sky130A/libs.ref/sky130_fd_sc_hd/gds/sky130_fd_sc_hd.gds --input-lef /openlane/designs/project1/runs/RUN_2025.04.27_01.45.23/tmp/merged.nom.lef /openlane/designs/project1/runs/RUN_2025.04.27_01.45.23/results/routing/project1.def |& tee /dev/null /openlane/designs/project1/runs/RUN_2025.04.27_01.45.23/logs/signoff/32-gdsii-klayout.log}"

Sun Apr 27 01:45:54 +0000 2025 - Executing "{klayout -b -r /openlane/scripts/klayout/xor.drc -rd a=/openlane/designs/project1/runs/RUN_2025.04.27_01.45.23/results/signoff/project1.gds -rd b=/openlane/designs/project1/runs/RUN_2025.04.27_01.45.23/results/signoff/project1.klayout.gds -rd jobs=1 -rd rdb_out=/openlane/designs/project1/runs/RUN_2025.04.27_01.45.23/reports/signoff/33-xor.xml -rd ignore=81/14 -rd rpt_out=/openlane/designs/project1/runs/RUN_2025.04.27_01.45.23/reports/signoff/33-xor.rpt |& tee /dev/null /openlane/designs/project1/runs/RUN_2025.04.27_01.45.23/logs/signoff/33-xor.log}"

Sun Apr 27 01:45:55 +0000 2025 - Executing "magic -noconsole -dnull -rcfile /home/furkan/.volare/sky130A/libs.tech/magic/sky130A.magicrc < /openlane/scripts/magic/wrapper.tcl |& tee /dev/null /openlane/designs/project1/runs/RUN_2025.04.27_01.45.23/logs/signoff/34-spice.log"

Sun Apr 27 01:45:55 +0000 2025 - Executing "{magic -noconsole -dnull -rcfile /home/furkan/.volare/sky130A/libs.tech/magic/sky130A.magicrc < /openlane/scripts/magic/wrapper.tcl |& tee /dev/null /openlane/designs/project1/runs/RUN_2025.04.27_01.45.23/logs/signoff/34-spice.log}"

Sun Apr 27 01:45:55 +0000 2025 - Executing "{openroad -exit -no_init -python /openlane/scripts/odbpy/power_utils.py write_powered_def --output /openlane/designs/project1/runs/RUN_2025.04.27_01.45.23/tmp/signoff/34-project1.p.def --input-lef /openlane/designs/project1/runs/RUN_2025.04.27_01.45.23/tmp/merged.nom.lef --power-port VPWR --ground-port VGND --powered-netlist {} /openlane/designs/project1/runs/RUN_2025.04.27_01.45.23/results/routing/project1.def |& tee /dev/null /openlane/designs/project1/runs/RUN_2025.04.27_01.45.23/logs/signoff/35-write_powered_def.log}"

Sun Apr 27 01:45:55 +0000 2025 - Executing "openroad -exit /openlane/scripts/openroad/write_views.tcl |& tee /dev/null /openlane/designs/project1/runs/RUN_2025.04.27_01.45.23/logs/signoff/35-write_powered_verilog.log"

Sun Apr 27 01:45:55 +0000 2025 - Executing "{openroad -exit /openlane/scripts/openroad/write_views.tcl |& tee /dev/null /openlane/designs/project1/runs/RUN_2025.04.27_01.45.23/logs/signoff/35-write_powered_verilog.log}"

Sun Apr 27 01:45:56 +0000 2025 - Executing "{sed -i.bak -e {s/\(set ::env(CURRENT_NETLIST)\).*/\1 \/openlane\/designs\/project1\/runs\/RUN_2025.04.27_01.45.23\/tmp\/signoff\/34-project1.nl.v/} /openlane/designs/project1/runs/RUN_2025.04.27_01.45.23/config.tcl}"

Sun Apr 27 01:45:56 +0000 2025 - Executing "{netgen -batch source /openlane/designs/project1/runs/RUN_2025.04.27_01.45.23/tmp/signoff/37-setup_file.lef.lvs |& tee /dev/null /openlane/designs/project1/runs/RUN_2025.04.27_01.45.23/logs/signoff/37-lvs.lef.log}"

Sun Apr 27 01:45:56 +0000 2025 - Executing "magic -noconsole -dnull -rcfile /home/furkan/.volare/sky130A/libs.tech/magic/sky130A.magicrc < /openlane/scripts/magic/wrapper.tcl |& tee /dev/null /openlane/designs/project1/runs/RUN_2025.04.27_01.45.23/logs/signoff/38-drc.log"

Sun Apr 27 01:45:56 +0000 2025 - Executing "{magic -noconsole -dnull -rcfile /home/furkan/.volare/sky130A/libs.tech/magic/sky130A.magicrc < /openlane/scripts/magic/wrapper.tcl |& tee /dev/null /openlane/designs/project1/runs/RUN_2025.04.27_01.45.23/logs/signoff/38-drc.log}"

Sun Apr 27 01:45:57 +0000 2025 - Executing "{python3 /openlane/scripts/drc_rosetta.py magic to_tcl -o /openlane/designs/project1/runs/RUN_2025.04.27_01.45.23/reports/signoff/drc.tcl /openlane/designs/project1/runs/RUN_2025.04.27_01.45.23/reports/signoff/drc.rpt}"

Sun Apr 27 01:45:57 +0000 2025 - Executing "{python3 /openlane/scripts/drc_rosetta.py magic to_tr -o /openlane/designs/project1/runs/RUN_2025.04.27_01.45.23/reports/signoff/drc.tr /openlane/designs/project1/runs/RUN_2025.04.27_01.45.23/reports/signoff/drc.rpt}"

Sun Apr 27 01:45:57 +0000 2025 - Executing "{python3 /openlane/scripts/drc_rosetta.py tr to_klayout -o /openlane/designs/project1/runs/RUN_2025.04.27_01.45.23/reports/signoff/drc.klayout.xml --design-name project1 /openlane/designs/project1/runs/RUN_2025.04.27_01.45.23/reports/signoff/drc.tr}"

Sun Apr 27 01:45:57 +0000 2025 - Executing "{python3 /openlane/scripts/drc_rosetta.py magic to_rdb -o /openlane/designs/project1/runs/RUN_2025.04.27_01.45.23/reports/signoff/drc.rdb /openlane/designs/project1/runs/RUN_2025.04.27_01.45.23/reports/signoff/drc.rpt}"

Sun Apr 27 01:45:57 +0000 2025 - Executing "{klayout -b -zz -r /home/furkan/.volare/sky130A/libs.tech/klayout/drc/sky130A_mr.drc -rd topcell=project1 -rd input=/openlane/designs/project1/runs/RUN_2025.04.27_01.45.23/results/signoff/project1.gds -rd report=/openlane/designs/project1/runs/RUN_2025.04.27_01.45.23/reports/signoff/violations.xml -rd feol=true -rd beol=true -rd floating_metal=false -rd seal=true -rd thread=1 |& tee /dev/null /openlane/designs/project1/runs/RUN_2025.04.27_01.45.23/logs/signoff/39-drc-klayout.log}"

Sun Apr 27 01:45:58 +0000 2025 - Executing "{python3 /openlane/scripts/klayout/xml_drc_report_to_json.py --xml-file /openlane/designs/project1/runs/RUN_2025.04.27_01.45.23/reports/signoff/violations.xml --json-file /openlane/designs/project1/runs/RUN_2025.04.27_01.45.23/reports/signoff/violations.json}"

Sun Apr 27 01:45:58 +0000 2025 - Executing "openroad -exit /openlane/scripts/openroad/antenna_check.tcl |& tee /dev/null /openlane/designs/project1/runs/RUN_2025.04.27_01.45.23/logs/signoff/40-arc.log"

Sun Apr 27 01:45:58 +0000 2025 - Executing "{openroad -exit /openlane/scripts/openroad/antenna_check.tcl |& tee /dev/null /openlane/designs/project1/runs/RUN_2025.04.27_01.45.23/logs/signoff/40-arc.log}"

Sun Apr 27 01:45:58 +0000 2025 - Executing "{python3 /openlane/scripts/extract_antenna_violators.py --output /openlane/designs/project1/runs/RUN_2025.04.27_01.45.23/reports/signoff/40-antenna_violators.rpt --plain-out /openlane/designs/project1/runs/RUN_2025.04.27_01.45.23/reports/signoff/40-antenna_violators_pins.txt /openlane/designs/project1/runs/RUN_2025.04.27_01.45.23/logs/signoff/40-arc.log}"

Sun Apr 27 01:45:58 +0000 2025 - Executing "{python3 /openlane/scripts/write_runtime.py --conclude --seconds --time-in 1745718358 {flow completed}}"

Sun Apr 27 01:45:58 +0000 2025 - Executing "{python3 /openlane/scripts/generate_reports.py -d /openlane/designs/project1 --design_name project1 --tag RUN_2025.04.27_01.45.23 --output_file /openlane/designs/project1/runs/RUN_2025.04.27_01.45.23/reports/metrics.csv --man_report /openlane/designs/project1/runs/RUN_2025.04.27_01.45.23/reports/manufacturability.rpt --run_path /openlane/designs/project1/runs/RUN_2025.04.27_01.45.23}"

