OpenROAD b16bda7e82721d10566ff7e2b68f1ff0be9f9e38 
Features included (+) or not (-): +Charts +GPU +GUI +Python
This program is licensed under the BSD-3 license. See the LICENSE file for details.
Components of this program may be licensed under more restrictive licenses which must be honored.
Top-level design name: top_module
Block boundaries: 0 0 300000 300000
Horizontal Tracks Origin: 340, Count: 441, Step: 680
Vertical Tracks Origin: 230, Count: 652, Step: 460
Placement details for the #E side
Virtual pin count:  0
Actual pin count:  64
Total pin count:  64
Tracks count:  221
Tracks per pin:  3
Used tracks count:  190
Unused track count:  31
Starting track index:  15
Placement Map:
[340, 1700, 3060, 4420, 5780, 7140, 8500, 9860, 11220, 12580, 13940, 15300, 16660, 18020, 19380, [91m20740[0m, 22100, 23460, [91m24820[0m, 26180, 27540, [91m28900[0m, 30260, 31620, [91m32980[0m, 34340, 35700, [91m37060[0m, 38420, 39780, [91m41140[0m, 42500, 43860, [91m45220[0m, 46580, 47940, [91m49300[0m, 50660, 52020, [91m53380[0m, 54740, 56100, [91m57460[0m, 58820, 60180, [91m61540[0m, 62900, 64260, [91m65620[0m, 66980, 68340, [91m69700[0m, 71060, 72420, [91m73780[0m, 75140, 76500, [91m77860[0m, 79220, 80580, [91m81940[0m, 83300, 84660, [91m86020[0m, 87380, 88740, [91m90100[0m, 91460, 92820, [91m94180[0m, 95540, 96900, [91m98260[0m, 99620, 100980, [91m102340[0m, 103700, 105060, [91m106420[0m, 107780, 109140, [91m110500[0m, 111860, 113220, [91m114580[0m, 115940, 117300, [91m118660[0m, 120020, 121380, [91m122740[0m, 124100, 125460, [91m126820[0m, 128180, 129540, [91m130900[0m, 132260, 133620, [91m134980[0m, 136340, 137700, [91m139060[0m, 140420, 141780, [91m143140[0m, 144500, 145860, [91m147220[0m, 148580, 149940, [91m151300[0m, 152660, 154020, [91m155380[0m, 156740, 158100, [91m159460[0m, 160820, 162180, [91m163540[0m, 164900, 166260, [91m167620[0m, 168980, 170340, [91m171700[0m, 173060, 174420, [91m175780[0m, 177140, 178500, [91m179860[0m, 181220, 182580, [91m183940[0m, 185300, 186660, [91m188020[0m, 189380, 190740, [91m192100[0m, 193460, 194820, [91m196180[0m, 197540, 198900, [91m200260[0m, 201620, 202980, [91m204340[0m, 205700, 207060, [91m208420[0m, 209780, 211140, [91m212500[0m, 213860, 215220, [91m216580[0m, 217940, 219300, [91m220660[0m, 222020, 223380, [91m224740[0m, 226100, 227460, [91m228820[0m, 230180, 231540, [91m232900[0m, 234260, 235620, [91m236980[0m, 238340, 239700, [91m241060[0m, 242420, 243780, [91m245140[0m, 246500, 247860, [91m249220[0m, 250580, 251940, [91m253300[0m, 254660, 256020, [91m257380[0m, 258740, 260100, [91m261460[0m, 262820, 264180, [91m265540[0m, 266900, 268260, [91m269620[0m, 270980, 272340, [91m273700[0m, 275060, 276420, [91m277780[0m, 279140, 280500, 281860, 283220, 284580, 285940, 287300, 288660, 290020, 291380, 292740, 294100, 295460, 296820, 298180, 299540, ]
Indices of used tracks: [15, 18, 21, 24, 27, 30, 33, 36, 39, 42, 45, 48, 51, 54, 57, 60, 63, 66, 69, 72, 75, 78, 81, 84, 87, 90, 93, 96, 99, 102, 105, 108, 111, 114, 117, 120, 123, 126, 129, 132, 135, 138, 141, 144, 147, 150, 153, 156, 159, 162, 165, 168, 171, 174, 177, 180, 183, 186, 189, 192, 195, 198, 201, 204]
---
Placement details for the #W side
Virtual pin count:  0
Actual pin count:  3
Total pin count:  3
Tracks count:  221
Tracks per pin:  73
Used tracks count:  147
Unused track count:  74
Starting track index:  37
Placement Map:
[340, 1700, 3060, 4420, 5780, 7140, 8500, 9860, 11220, 12580, 13940, 15300, 16660, 18020, 19380, 20740, 22100, 23460, 24820, 26180, 27540, 28900, 30260, 31620, 32980, 34340, 35700, 37060, 38420, 39780, 41140, 42500, 43860, 45220, 46580, 47940, 49300, [91m50660[0m, 52020, 53380, 54740, 56100, 57460, 58820, 60180, 61540, 62900, 64260, 65620, 66980, 68340, 69700, 71060, 72420, 73780, 75140, 76500, 77860, 79220, 80580, 81940, 83300, 84660, 86020, 87380, 88740, 90100, 91460, 92820, 94180, 95540, 96900, 98260, 99620, 100980, 102340, 103700, 105060, 106420, 107780, 109140, 110500, 111860, 113220, 114580, 115940, 117300, 118660, 120020, 121380, 122740, 124100, 125460, 126820, 128180, 129540, 130900, 132260, 133620, 134980, 136340, 137700, 139060, 140420, 141780, 143140, 144500, 145860, 147220, 148580, [91m149940[0m, 151300, 152660, 154020, 155380, 156740, 158100, 159460, 160820, 162180, 163540, 164900, 166260, 167620, 168980, 170340, 171700, 173060, 174420, 175780, 177140, 178500, 179860, 181220, 182580, 183940, 185300, 186660, 188020, 189380, 190740, 192100, 193460, 194820, 196180, 197540, 198900, 200260, 201620, 202980, 204340, 205700, 207060, 208420, 209780, 211140, 212500, 213860, 215220, 216580, 217940, 219300, 220660, 222020, 223380, 224740, 226100, 227460, 228820, 230180, 231540, 232900, 234260, 235620, 236980, 238340, 239700, 241060, 242420, 243780, 245140, 246500, 247860, [91m249220[0m, 250580, 251940, 253300, 254660, 256020, 257380, 258740, 260100, 261460, 262820, 264180, 265540, 266900, 268260, 269620, 270980, 272340, 273700, 275060, 276420, 277780, 279140, 280500, 281860, 283220, 284580, 285940, 287300, 288660, 290020, 291380, 292740, 294100, 295460, 296820, 298180, 299540, ]
Indices of used tracks: [37, 110, 183]
---
