
===========================================================================
 report_power
============================================================================
======================= Fastest Corner ===================================

Group                  Internal  Switching    Leakage      Total
                          Power      Power      Power      Power (Watts)
----------------------------------------------------------------
Sequential             6.01e-03   8.16e-04   1.49e-08   6.82e-03  45.2%
Combinational          2.70e-03   1.90e-03   2.21e-08   4.60e-03  30.5%
Clock                  1.58e-03   2.08e-03   1.63e-08   3.66e-03  24.3%
Macro                  0.00e+00   0.00e+00   0.00e+00   0.00e+00   0.0%
Pad                    0.00e+00   0.00e+00   0.00e+00   0.00e+00   0.0%
----------------------------------------------------------------
Total                  1.03e-02   4.79e-03   5.33e-08   1.51e-02 100.0%
                          68.2%      31.8%       0.0%

======================= Slowest Corner ===================================

Group                  Internal  Switching    Leakage      Total
                          Power      Power      Power      Power (Watts)
----------------------------------------------------------------
Sequential             4.07e-03   5.20e-04   1.48e-05   4.61e-03  44.9%
Combinational          1.91e-03   1.24e-03   3.06e-05   3.19e-03  31.0%
Clock                  1.14e-03   1.33e-03   1.86e-06   2.48e-03  24.1%
Macro                  0.00e+00   0.00e+00   0.00e+00   0.00e+00   0.0%
Pad                    0.00e+00   0.00e+00   0.00e+00   0.00e+00   0.0%
----------------------------------------------------------------
Total                  7.13e-03   3.10e-03   4.73e-05   1.03e-02 100.0%
                          69.4%      30.2%       0.5%

======================= Typical Corner ===================================

Group                  Internal  Switching    Leakage      Total
                          Power      Power      Power      Power (Watts)
----------------------------------------------------------------
Sequential             5.20e-03   6.76e-04   8.57e-09   5.88e-03  45.1%
Combinational          2.42e-03   1.59e-03   2.00e-08   4.01e-03  30.8%
Clock                  1.39e-03   1.74e-03   1.18e-08   3.13e-03  24.1%
Macro                  0.00e+00   0.00e+00   0.00e+00   0.00e+00   0.0%
Pad                    0.00e+00   0.00e+00   0.00e+00   0.00e+00   0.0%
----------------------------------------------------------------
Total                  9.01e-03   4.01e-03   4.04e-08   1.30e-02 100.0%
                          69.2%      30.8%       0.0%

