OpenROAD b16bda7e82721d10566ff7e2b68f1ff0be9f9e38 
Features included (+) or not (-): +Charts +GPU +GUI +Python
This program is licensed under the BSD-3 license. See the LICENSE file for details.
Components of this program may be licensed under more restrictive licenses which must be honored.
define_corners Typical
read_liberty -corner Typical /home/furkan/.volare/sky130A/libs.ref/sky130_fd_sc_hd/lib/sky130_fd_sc_hd__tt_025C_1v80.lib
Using 1e-12 for capacitance...
Using 1e+03 for resistance...
Using 1e-09 for time...
Using 1e+00 for voltage...
Using 1e-03 for current...
Using 1e-09 for power...
Using 1e-06 for distance...
[INFO]: Reading ODB at '/openlane/designs/project4/runs/RUN_2025.05.22_00.40.45/results/routing/project4.odb'…
Reading design constraints file at '/openlane/designs/project4/src/project4.sdc'…
Net: _3062_
  Pin: _7534_/A0 (sky130_fd_sc_hd__mux2_1)
    Layer: met3
      Partial area ratio:    0.62
      Required ratio:    0.00 (Gate area) 
      Partial area ratio:    3.68
      Required ratio: 2778.20 (Side area) 
      Cumulative area ratio:   86.73
      Required ratio:    0.00 (Cumulative area) 
      Cumulative area ratio:  443.82
      Required ratio:    0.00 (Cumulative side area) 

    Layer: met2
      Partial area ratio:    6.76
      Required ratio:    0.00 (Gate area) 
      Partial area ratio:   34.81
      Required ratio:  400.00 (Side area) 
      Cumulative area ratio:   86.11
      Required ratio:    0.00 (Cumulative area) 
      Cumulative area ratio:  440.14
      Required ratio:    0.00 (Cumulative side area) 

    Layer: met1
      Partial area ratio:    0.00
      Required ratio:    0.00 (Gate area) 
      Partial area ratio:    0.00
      Required ratio:  400.00 (Side area) 
      Cumulative area ratio:    0.00
      Required ratio:    0.00 (Cumulative area) 
      Cumulative area ratio:    0.00
      Required ratio:    0.00 (Cumulative side area) 

    Layer: li1
      Partial area ratio:    0.00
      Required ratio:    0.00 (Gate area) 
      Partial area ratio:    0.00
      Required ratio:   75.00 (Side area) 
      Cumulative area ratio:    0.00
      Required ratio:    0.00 (Cumulative area) 
      Cumulative area ratio:    0.00
      Required ratio:    0.00 (Cumulative side area) 

    Via: M2M3_PR
      Partial area ratio:    0.03
      Required ratio:    6.00 (Gate area) 
      Cumulative area ratio:    0.80
      Required ratio:    0.00 (Cumulative area) 

    Via: M1M2_PR
      Partial area ratio:    0.18
      Required ratio:    6.00 (Gate area) 
      Cumulative area ratio:    0.41
      Required ratio:    0.00 (Cumulative area) 

    Via: L1M1_PR_MR
      Partial area ratio:    0.23
      Required ratio:    3.00 (Gate area) 
      Cumulative area ratio:    0.23
      Required ratio:    0.00 (Cumulative area) 

  Pin: _7602_/A0 (sky130_fd_sc_hd__mux2_1)
    Layer: met3
      Partial area ratio:    0.62
      Required ratio:    0.00 (Gate area) 
      Partial area ratio:    3.68
      Required ratio: 2778.20 (Side area) 
      Cumulative area ratio:  111.29
      Required ratio:    0.00 (Cumulative area) 
      Cumulative area ratio:  571.27
      Required ratio:    0.00 (Cumulative side area) 

    Layer: met2
      Partial area ratio:    6.76
      Required ratio:    0.00 (Gate area) 
      Partial area ratio:   34.81
      Required ratio:  400.00 (Side area) 
      Cumulative area ratio:  110.67
      Required ratio:    0.00 (Cumulative area) 
      Cumulative area ratio:  567.58
      Required ratio:    0.00 (Cumulative side area) 

    Layer: met1
      Partial area ratio:   10.44
      Required ratio:    0.00 (Gate area) 
      Partial area ratio:   55.33
      Required ratio:  400.00 (Side area) 
      Cumulative area ratio:   10.44
      Required ratio:    0.00 (Cumulative area) 
      Cumulative area ratio:   55.33
      Required ratio:    0.00 (Cumulative side area) 

    Layer: li1
      Partial area ratio:    0.00
      Required ratio:    0.00 (Gate area) 
      Partial area ratio:    0.00
      Required ratio:   75.00 (Side area) 
      Cumulative area ratio:    0.00
      Required ratio:    0.00 (Cumulative area) 
      Cumulative area ratio:    0.00
      Required ratio:    0.00 (Cumulative side area) 

    Via: M2M3_PR
      Partial area ratio:    0.03
      Required ratio:    6.00 (Gate area) 
      Cumulative area ratio:    1.15
      Required ratio:    0.00 (Cumulative area) 

    Via: M1M2_PR
      Partial area ratio:    0.18
      Required ratio:    6.00 (Gate area) 
      Cumulative area ratio:    0.41
      Required ratio:    0.00 (Cumulative area) 

    Via: L1M1_PR_MR
      Partial area ratio:    0.23
      Required ratio:    3.00 (Gate area) 
      Cumulative area ratio:    0.23
      Required ratio:    0.00 (Cumulative area) 

  Pin: _7738_/A0 (sky130_fd_sc_hd__mux2_1)
    Layer: met3
      Partial area ratio:    0.62
      Required ratio:    0.00 (Gate area) 
      Partial area ratio:    3.68
      Required ratio: 2778.20 (Side area) 
      Cumulative area ratio:  101.51
      Required ratio:    0.00 (Cumulative area) 
      Cumulative area ratio:  520.04
      Required ratio:    0.00 (Cumulative side area) 

    Layer: met2
      Partial area ratio:    6.76
      Required ratio:    0.00 (Gate area) 
      Partial area ratio:   34.81
      Required ratio:  400.00 (Side area) 
      Cumulative area ratio:  100.89
      Required ratio:    0.00 (Cumulative area) 
      Cumulative area ratio:  516.36
      Required ratio:    0.00 (Cumulative side area) 

    Layer: met1
      Partial area ratio:    0.67
      Required ratio:    0.00 (Gate area) 
      Partial area ratio:    4.11
      Required ratio:  400.00 (Side area) 
      Cumulative area ratio:    0.67
      Required ratio:    0.00 (Cumulative area) 
      Cumulative area ratio:    4.11
      Required ratio:    0.00 (Cumulative side area) 

    Layer: li1
      Partial area ratio:    0.00
      Required ratio:    0.00 (Gate area) 
      Partial area ratio:    0.00
      Required ratio:   75.00 (Side area) 
      Cumulative area ratio:    0.00
      Required ratio:    0.00 (Cumulative area) 
      Cumulative area ratio:    0.00
      Required ratio:    0.00 (Cumulative side area) 

    Via: M2M3_PR
      Partial area ratio:    0.03
      Required ratio:    6.00 (Gate area) 
      Cumulative area ratio:    1.15
      Required ratio:    0.00 (Cumulative area) 

    Via: M1M2_PR
      Partial area ratio:    0.18
      Required ratio:    6.00 (Gate area) 
      Cumulative area ratio:    0.41
      Required ratio:    0.00 (Cumulative area) 

    Via: L1M1_PR_MR
      Partial area ratio:    0.23
      Required ratio:    3.00 (Gate area) 
      Cumulative area ratio:    0.23
      Required ratio:    0.00 (Cumulative area) 

  Pin: _7329_/A0 (sky130_fd_sc_hd__mux2_1)
    Layer: met3
      Partial area ratio:    0.62
      Required ratio:    0.00 (Gate area) 
      Partial area ratio:    3.68
      Required ratio: 2778.20 (Side area) 
      Cumulative area ratio:  102.02
      Required ratio:    0.00 (Cumulative area) 
      Cumulative area ratio:  522.60
      Required ratio:    0.00 (Cumulative side area) 

    Layer: met2
      Partial area ratio:    6.76
      Required ratio:    0.00 (Gate area) 
      Partial area ratio:   34.81
      Required ratio:  400.00 (Side area) 
      Cumulative area ratio:  101.40
      Required ratio:    0.00 (Cumulative area) 
      Cumulative area ratio:  518.92
      Required ratio:    0.00 (Cumulative side area) 

    Layer: met1
      Partial area ratio:    1.18
      Required ratio:    0.00 (Gate area) 
      Partial area ratio:    6.67
      Required ratio:  400.00 (Side area) 
      Cumulative area ratio:    1.18
      Required ratio:    0.00 (Cumulative area) 
      Cumulative area ratio:    6.67
      Required ratio:    0.00 (Cumulative side area) 

    Layer: li1
      Partial area ratio:    0.00
      Required ratio:    0.00 (Gate area) 
      Partial area ratio:    0.00
      Required ratio:   75.00 (Side area) 
      Cumulative area ratio:    0.00
      Required ratio:    0.00 (Cumulative area) 
      Cumulative area ratio:    0.00
      Required ratio:    0.00 (Cumulative side area) 

    Via: M2M3_PR
      Partial area ratio:    0.03
      Required ratio:    6.00 (Gate area) 
      Cumulative area ratio:    1.15
      Required ratio:    0.00 (Cumulative area) 

    Via: M1M2_PR
      Partial area ratio:    0.18
      Required ratio:    6.00 (Gate area) 
      Cumulative area ratio:    0.41
      Required ratio:    0.00 (Cumulative area) 

    Via: L1M1_PR_MR
      Partial area ratio:    0.23
      Required ratio:    3.00 (Gate area) 
      Cumulative area ratio:    0.23
      Required ratio:    0.00 (Cumulative area) 

  Pin: _6364_/A0 (sky130_fd_sc_hd__mux2_1)
    Layer: met3
      Partial area ratio:    0.62
      Required ratio:    0.00 (Gate area) 
      Partial area ratio:    3.68
      Required ratio: 2778.20 (Side area) 
      Cumulative area ratio:  100.84
      Required ratio:    0.00 (Cumulative area) 
      Cumulative area ratio:  515.93
      Required ratio:    0.00 (Cumulative side area) 

    Layer: met2
      Partial area ratio:    6.76
      Required ratio:    0.00 (Gate area) 
      Partial area ratio:   34.81
      Required ratio:  400.00 (Side area) 
      Cumulative area ratio:  100.23
      Required ratio:    0.00 (Cumulative area) 
      Cumulative area ratio:  512.25
      Required ratio:    0.00 (Cumulative side area) 

    Layer: met1
      Partial area ratio:    0.00
      Required ratio:    0.00 (Gate area) 
      Partial area ratio:    0.00
      Required ratio:  400.00 (Side area) 
      Cumulative area ratio:    0.00
      Required ratio:    0.00 (Cumulative area) 
      Cumulative area ratio:    0.00
      Required ratio:    0.00 (Cumulative side area) 

    Layer: li1
      Partial area ratio:    0.00
      Required ratio:    0.00 (Gate area) 
      Partial area ratio:    0.00
      Required ratio:   75.00 (Side area) 
      Cumulative area ratio:    0.00
      Required ratio:    0.00 (Cumulative area) 
      Cumulative area ratio:    0.00
      Required ratio:    0.00 (Cumulative side area) 

    Via: M2M3_PR
      Partial area ratio:    0.03
      Required ratio:    6.00 (Gate area) 
      Cumulative area ratio:    1.15
      Required ratio:    0.00 (Cumulative area) 

    Via: M1M2_PR
      Partial area ratio:    0.18
      Required ratio:    6.00 (Gate area) 
      Cumulative area ratio:    0.41
      Required ratio:    0.00 (Cumulative area) 

    Via: L1M1_PR_MR
      Partial area ratio:    0.23
      Required ratio:    3.00 (Gate area) 
      Cumulative area ratio:    0.23
      Required ratio:    0.00 (Cumulative area) 

  Pin: _7261_/A0 (sky130_fd_sc_hd__mux2_1)
    Layer: met3
      Partial area ratio:    0.62
      Required ratio:    0.00 (Gate area) 
      Partial area ratio:    3.68
      Required ratio: 2778.20 (Side area) 
      Cumulative area ratio:  100.84
      Required ratio:    0.00 (Cumulative area) 
      Cumulative area ratio:  515.93
      Required ratio:    0.00 (Cumulative side area) 

    Layer: met2
      Partial area ratio:    6.76
      Required ratio:    0.00 (Gate area) 
      Partial area ratio:   34.81
      Required ratio:  400.00 (Side area) 
      Cumulative area ratio:  100.23
      Required ratio:    0.00 (Cumulative area) 
      Cumulative area ratio:  512.25
      Required ratio:    0.00 (Cumulative side area) 

    Layer: met1
      Partial area ratio:   14.11
      Required ratio:    0.00 (Gate area) 
      Partial area ratio:   72.11
      Required ratio:  400.00 (Side area) 
      Cumulative area ratio:   14.11
      Required ratio:    0.00 (Cumulative area) 
      Cumulative area ratio:   72.11
      Required ratio:    0.00 (Cumulative side area) 

    Layer: li1
      Partial area ratio:    0.00
      Required ratio:    0.00 (Gate area) 
      Partial area ratio:    0.00
      Required ratio:   75.00 (Side area) 
      Cumulative area ratio:    0.00
      Required ratio:    0.00 (Cumulative area) 
      Cumulative area ratio:    0.00
      Required ratio:    0.00 (Cumulative side area) 

    Via: M2M3_PR
      Partial area ratio:    0.03
      Required ratio:    6.00 (Gate area) 
      Cumulative area ratio:    0.98
      Required ratio:    0.00 (Cumulative area) 

    Via: M1M2_PR
      Partial area ratio:    0.36
      Required ratio:    6.00 (Gate area) 
      Cumulative area ratio:    0.59
      Required ratio:    0.00 (Cumulative area) 

    Via: L1M1_PR_MR
      Partial area ratio:    0.23
      Required ratio:    3.00 (Gate area) 
      Cumulative area ratio:    0.23
      Required ratio:    0.00 (Cumulative area) 

  Pin: _7398_/A0 (sky130_fd_sc_hd__mux2_1)
    Layer: met3
      Partial area ratio:    0.62
      Required ratio:    0.00 (Gate area) 
      Partial area ratio:    3.68
      Required ratio: 2778.20 (Side area) 
      Cumulative area ratio:   88.42
      Required ratio:    0.00 (Cumulative area) 
      Cumulative area ratio:  453.04
      Required ratio:    0.00 (Cumulative side area) 

    Layer: met2
      Partial area ratio:    6.76
      Required ratio:    0.00 (Gate area) 
      Partial area ratio:   34.81
      Required ratio:  400.00 (Side area) 
      Cumulative area ratio:   87.80
      Required ratio:    0.00 (Cumulative area) 
      Cumulative area ratio:  449.36
      Required ratio:    0.00 (Cumulative side area) 

    Layer: met1
      Partial area ratio:    1.69
      Required ratio:    0.00 (Gate area) 
      Partial area ratio:    9.22
      Required ratio:  400.00 (Side area) 
      Cumulative area ratio:    1.69
      Required ratio:    0.00 (Cumulative area) 
      Cumulative area ratio:    9.22
      Required ratio:    0.00 (Cumulative side area) 

    Layer: li1
      Partial area ratio:    0.00
      Required ratio:    0.00 (Gate area) 
      Partial area ratio:    0.00
      Required ratio:   75.00 (Side area) 
      Cumulative area ratio:    0.00
      Required ratio:    0.00 (Cumulative area) 
      Cumulative area ratio:    0.00
      Required ratio:    0.00 (Cumulative side area) 

    Via: M2M3_PR
      Partial area ratio:    0.03
      Required ratio:    6.00 (Gate area) 
      Cumulative area ratio:    0.80
      Required ratio:    0.00 (Cumulative area) 

    Via: M1M2_PR
      Partial area ratio:    0.18
      Required ratio:    6.00 (Gate area) 
      Cumulative area ratio:    0.41
      Required ratio:    0.00 (Cumulative area) 

    Via: L1M1_PR_MR
      Partial area ratio:    0.23
      Required ratio:    3.00 (Gate area) 
      Cumulative area ratio:    0.23
      Required ratio:    0.00 (Cumulative area) 

  Pin: _7466_/A0 (sky130_fd_sc_hd__mux2_1)
    Layer: met3
      Partial area ratio:    0.62
      Required ratio:    0.00 (Gate area) 
      Partial area ratio:    3.68
      Required ratio: 2778.20 (Side area) 
      Cumulative area ratio:   86.73
      Required ratio:    0.00 (Cumulative area) 
      Cumulative area ratio:  443.82
      Required ratio:    0.00 (Cumulative side area) 

    Layer: met2
      Partial area ratio:    6.76
      Required ratio:    0.00 (Gate area) 
      Partial area ratio:   34.81
      Required ratio:  400.00 (Side area) 
      Cumulative area ratio:   86.11
      Required ratio:    0.00 (Cumulative area) 
      Cumulative area ratio:  440.14
      Required ratio:    0.00 (Cumulative side area) 

    Layer: met1
      Partial area ratio:   79.36
      Required ratio:    0.00 (Gate area) 
      Partial area ratio:  405.33
      Required ratio:  400.00 (Side area) (VIOLATED)
      Cumulative area ratio:   79.36
      Required ratio:    0.00 (Cumulative area) 
      Cumulative area ratio:  405.33
      Required ratio:    0.00 (Cumulative side area) 

    Layer: li1
      Partial area ratio:    0.00
      Required ratio:    0.00 (Gate area) 
      Partial area ratio:    0.00
      Required ratio:   75.00 (Side area) 
      Cumulative area ratio:    0.00
      Required ratio:    0.00 (Cumulative area) 
      Cumulative area ratio:    0.00
      Required ratio:    0.00 (Cumulative side area) 

    Via: M2M3_PR
      Partial area ratio:    0.03
      Required ratio:    6.00 (Gate area) 
      Cumulative area ratio:    0.62
      Required ratio:    0.00 (Cumulative area) 

    Via: M1M2_PR
      Partial area ratio:    0.36
      Required ratio:    6.00 (Gate area) 
      Cumulative area ratio:    0.59
      Required ratio:    0.00 (Cumulative area) 

    Via: L1M1_PR_MR
      Partial area ratio:    0.23
      Required ratio:    3.00 (Gate area) 
      Cumulative area ratio:    0.23
      Required ratio:    0.00 (Cumulative area) 

  Pin: _6749_/A0 (sky130_fd_sc_hd__mux2_1)
    Layer: met3
      Partial area ratio:    0.62
      Required ratio:    0.00 (Gate area) 
      Partial area ratio:    3.68
      Required ratio: 2778.20 (Side area) 
      Cumulative area ratio:   15.87
      Required ratio:    0.00 (Cumulative area) 
      Cumulative area ratio:   82.49
      Required ratio:    0.00 (Cumulative side area) 

    Layer: met2
      Partial area ratio:    6.76
      Required ratio:    0.00 (Gate area) 
      Partial area ratio:   34.81
      Required ratio:  400.00 (Side area) 
      Cumulative area ratio:   15.25
      Required ratio:    0.00 (Cumulative area) 
      Cumulative area ratio:   78.81
      Required ratio:    0.00 (Cumulative side area) 

    Layer: met1
      Partial area ratio:    8.49
      Required ratio:    0.00 (Gate area) 
      Partial area ratio:   44.00
      Required ratio:  400.00 (Side area) 
      Cumulative area ratio:    8.49
      Required ratio:    0.00 (Cumulative area) 
      Cumulative area ratio:   44.00
      Required ratio:    0.00 (Cumulative side area) 

    Layer: li1
      Partial area ratio:    0.00
      Required ratio:    0.00 (Gate area) 
      Partial area ratio:    0.00
      Required ratio:   75.00 (Side area) 
      Cumulative area ratio:    0.00
      Required ratio:    0.00 (Cumulative area) 
      Cumulative area ratio:    0.00
      Required ratio:    0.00 (Cumulative side area) 

    Via: M2M3_PR
      Partial area ratio:    0.03
      Required ratio:    6.00 (Gate area) 
      Cumulative area ratio:    0.62
      Required ratio:    0.00 (Cumulative area) 

    Via: M1M2_PR
      Partial area ratio:    0.36
      Required ratio:    6.00 (Gate area) 
      Cumulative area ratio:    0.59
      Required ratio:    0.00 (Cumulative area) 

    Via: L1M1_PR_MR
      Partial area ratio:    0.23
      Required ratio:    3.00 (Gate area) 
      Cumulative area ratio:    0.23
      Required ratio:    0.00 (Cumulative area) 

  Pin: _6613_/A0 (sky130_fd_sc_hd__mux2_1)
    Layer: met3
      Partial area ratio:    0.62
      Required ratio:    0.00 (Gate area) 
      Partial area ratio:    3.68
      Required ratio: 2778.20 (Side area) 
      Cumulative area ratio:   15.87
      Required ratio:    0.00 (Cumulative area) 
      Cumulative area ratio:   82.49
      Required ratio:    0.00 (Cumulative side area) 

    Layer: met2
      Partial area ratio:    6.76
      Required ratio:    0.00 (Gate area) 
      Partial area ratio:   34.81
      Required ratio:  400.00 (Side area) 
      Cumulative area ratio:   15.25
      Required ratio:    0.00 (Cumulative area) 
      Cumulative area ratio:   78.81
      Required ratio:    0.00 (Cumulative side area) 

    Layer: met1
      Partial area ratio:    0.00
      Required ratio:    0.00 (Gate area) 
      Partial area ratio:    0.00
      Required ratio:  400.00 (Side area) 
      Cumulative area ratio:    0.00
      Required ratio:    0.00 (Cumulative area) 
      Cumulative area ratio:    0.00
      Required ratio:    0.00 (Cumulative side area) 

    Layer: li1
      Partial area ratio:    0.00
      Required ratio:    0.00 (Gate area) 
      Partial area ratio:    0.00
      Required ratio:   75.00 (Side area) 
      Cumulative area ratio:    0.00
      Required ratio:    0.00 (Cumulative area) 
      Cumulative area ratio:    0.00
      Required ratio:    0.00 (Cumulative side area) 

    Via: M2M3_PR
      Partial area ratio:    0.03
      Required ratio:    6.00 (Gate area) 
      Cumulative area ratio:    0.80
      Required ratio:    0.00 (Cumulative area) 

    Via: M1M2_PR
      Partial area ratio:    0.18
      Required ratio:    6.00 (Gate area) 
      Cumulative area ratio:    0.41
      Required ratio:    0.00 (Cumulative area) 

    Via: L1M1_PR_MR
      Partial area ratio:    0.23
      Required ratio:    3.00 (Gate area) 
      Cumulative area ratio:    0.23
      Required ratio:    0.00 (Cumulative area) 


Net: _3128_
  Pin: _8279_/A0 (sky130_fd_sc_hd__mux2_1)
    Layer: met2
      Partial area ratio:   12.24
      Required ratio:    0.00 (Gate area) 
      Partial area ratio:   62.15
      Required ratio: 2918.08 (Side area) 
      Cumulative area ratio:   14.95
      Required ratio:    0.00 (Cumulative area) 
      Cumulative area ratio:   76.49
      Required ratio:    0.00 (Cumulative side area) 

    Layer: met1
      Partial area ratio:    2.71
      Required ratio:    0.00 (Gate area) 
      Partial area ratio:   14.33
      Required ratio:  400.00 (Side area) 
      Cumulative area ratio:    2.71
      Required ratio:    0.00 (Cumulative area) 
      Cumulative area ratio:   14.33
      Required ratio:    0.00 (Cumulative side area) 

    Layer: li1
      Partial area ratio:    0.00
      Required ratio:    0.00 (Gate area) 
      Partial area ratio:    0.00
      Required ratio:   75.00 (Side area) 
      Cumulative area ratio:    0.00
      Required ratio:    0.00 (Cumulative area) 
      Cumulative area ratio:    0.00
      Required ratio:    0.00 (Cumulative side area) 

    Layer: met3
      Partial area ratio:    3.14
      Required ratio:    0.00 (Gate area) 
      Partial area ratio:   17.12
      Required ratio: 2918.08 (Side area) 
      Cumulative area ratio:   18.09
      Required ratio:    0.00 (Cumulative area) 
      Cumulative area ratio:   93.60
      Required ratio:    0.00 (Cumulative side area) 

    Via: M2M3_PR
      Partial area ratio:    0.08
      Required ratio:    6.00 (Gate area) 
      Cumulative area ratio:    0.49
      Required ratio:    0.00 (Cumulative area) 

    Via: M1M2_PR
      Partial area ratio:    0.18
      Required ratio:    6.00 (Gate area) 
      Cumulative area ratio:    0.41
      Required ratio:    0.00 (Cumulative area) 

    Via: L1M1_PR_MR
      Partial area ratio:    0.23
      Required ratio:    3.00 (Gate area) 
      Cumulative area ratio:    0.23
      Required ratio:    0.00 (Cumulative area) 

  Pin: _8006_/A0 (sky130_fd_sc_hd__mux2_1)
    Layer: met2
      Partial area ratio:   12.24
      Required ratio:    0.00 (Gate area) 
      Partial area ratio:   62.15
      Required ratio: 2918.08 (Side area) 
      Cumulative area ratio:  122.70
      Required ratio:    0.00 (Cumulative area) 
      Cumulative area ratio:  629.26
      Required ratio:    0.00 (Cumulative side area) 

    Layer: met1
      Partial area ratio:    1.69
      Required ratio:    0.00 (Gate area) 
      Partial area ratio:    9.22
      Required ratio:  400.00 (Side area) 
      Cumulative area ratio:    1.69
      Required ratio:    0.00 (Cumulative area) 
      Cumulative area ratio:    9.22
      Required ratio:    0.00 (Cumulative side area) 

    Layer: li1
      Partial area ratio:    0.00
      Required ratio:    0.00 (Gate area) 
      Partial area ratio:    0.00
      Required ratio:   75.00 (Side area) 
      Cumulative area ratio:    0.00
      Required ratio:    0.00 (Cumulative area) 
      Cumulative area ratio:    0.00
      Required ratio:    0.00 (Cumulative side area) 

    Layer: met3
      Partial area ratio:    3.14
      Required ratio:    0.00 (Gate area) 
      Partial area ratio:   17.12
      Required ratio: 2918.08 (Side area) 
      Cumulative area ratio:  125.84
      Required ratio:    0.00 (Cumulative area) 
      Cumulative area ratio:  646.38
      Required ratio:    0.00 (Cumulative side area) 

    Via: M2M3_PR
      Partial area ratio:    0.08
      Required ratio:    6.00 (Gate area) 
      Cumulative area ratio:    1.20
      Required ratio:    0.00 (Cumulative area) 

    Via: M1M2_PR
      Partial area ratio:    0.18
      Required ratio:    6.00 (Gate area) 
      Cumulative area ratio:    0.41
      Required ratio:    0.00 (Cumulative area) 

    Via: L1M1_PR_MR
      Partial area ratio:    0.23
      Required ratio:    3.00 (Gate area) 
      Cumulative area ratio:    0.23
      Required ratio:    0.00 (Cumulative area) 

  Pin: _6460_/A1 (sky130_fd_sc_hd__mux2_1)
    Layer: met2
      Partial area ratio:   12.24
      Required ratio:    0.00 (Gate area) 
      Partial area ratio:   62.15
      Required ratio: 2918.08 (Side area) 
      Cumulative area ratio:  123.72
      Required ratio:    0.00 (Cumulative area) 
      Cumulative area ratio:  634.37
      Required ratio:    0.00 (Cumulative side area) 

    Layer: met1
      Partial area ratio:    2.71
      Required ratio:    0.00 (Gate area) 
      Partial area ratio:   14.33
      Required ratio:  400.00 (Side area) 
      Cumulative area ratio:    2.71
      Required ratio:    0.00 (Cumulative area) 
      Cumulative area ratio:   14.33
      Required ratio:    0.00 (Cumulative side area) 

    Layer: li1
      Partial area ratio:    0.00
      Required ratio:    0.00 (Gate area) 
      Partial area ratio:    0.00
      Required ratio:   75.00 (Side area) 
      Cumulative area ratio:    0.00
      Required ratio:    0.00 (Cumulative area) 
      Cumulative area ratio:    0.00
      Required ratio:    0.00 (Cumulative side area) 

    Layer: met3
      Partial area ratio:    3.14
      Required ratio:    0.00 (Gate area) 
      Partial area ratio:   17.12
      Required ratio: 2918.08 (Side area) 
      Cumulative area ratio:  126.86
      Required ratio:    0.00 (Cumulative area) 
      Cumulative area ratio:  651.49
      Required ratio:    0.00 (Cumulative side area) 

    Via: M2M3_PR
      Partial area ratio:    0.08
      Required ratio:    6.00 (Gate area) 
      Cumulative area ratio:    1.20
      Required ratio:    0.00 (Cumulative area) 

    Via: M1M2_PR
      Partial area ratio:    0.18
      Required ratio:    6.00 (Gate area) 
      Cumulative area ratio:    0.41
      Required ratio:    0.00 (Cumulative area) 

    Via: L1M1_PR_MR
      Partial area ratio:    0.23
      Required ratio:    3.00 (Gate area) 
      Cumulative area ratio:    0.23
      Required ratio:    0.00 (Cumulative area) 

  Pin: _7870_/A0 (sky130_fd_sc_hd__mux2_1)
    Layer: met2
      Partial area ratio:   12.24
      Required ratio:    0.00 (Gate area) 
      Partial area ratio:   62.15
      Required ratio: 2918.08 (Side area) 
      Cumulative area ratio:  121.01
      Required ratio:    0.00 (Cumulative area) 
      Cumulative area ratio:  620.04
      Required ratio:    0.00 (Cumulative side area) 

    Layer: met1
      Partial area ratio:  108.78
      Required ratio:    0.00 (Gate area) 
      Partial area ratio:  557.89
      Required ratio:  400.00 (Side area) (VIOLATED)
      Cumulative area ratio:  108.78
      Required ratio:    0.00 (Cumulative area) 
      Cumulative area ratio:  557.89
      Required ratio:    0.00 (Cumulative side area) 

    Layer: li1
      Partial area ratio:    0.00
      Required ratio:    0.00 (Gate area) 
      Partial area ratio:    0.00
      Required ratio:   75.00 (Side area) 
      Cumulative area ratio:    0.00
      Required ratio:    0.00 (Cumulative area) 
      Cumulative area ratio:    0.00
      Required ratio:    0.00 (Cumulative side area) 

    Layer: met3
      Partial area ratio:    3.14
      Required ratio:    0.00 (Gate area) 
      Partial area ratio:   17.12
      Required ratio: 2918.08 (Side area) 
      Cumulative area ratio:  124.15
      Required ratio:    0.00 (Cumulative area) 
      Cumulative area ratio:  637.16
      Required ratio:    0.00 (Cumulative side area) 

    Via: M2M3_PR
      Partial area ratio:    0.08
      Required ratio:    6.00 (Gate area) 
      Cumulative area ratio:    1.02
      Required ratio:    0.00 (Cumulative area) 

    Via: M1M2_PR
      Partial area ratio:    0.71
      Required ratio:    6.00 (Gate area) 
      Cumulative area ratio:    0.94
      Required ratio:    0.00 (Cumulative area) 

    Via: L1M1_PR_MR
      Partial area ratio:    0.23
      Required ratio:    3.00 (Gate area) 
      Cumulative area ratio:    0.23
      Required ratio:    0.00 (Cumulative area) 

  Pin: _6677_/A1 (sky130_fd_sc_hd__mux2_1)
    Layer: met3
      Partial area ratio:    3.14
      Required ratio:    0.00 (Gate area) 
      Partial area ratio:   17.12
      Required ratio: 2918.08 (Side area) 
      Cumulative area ratio:   47.55
      Required ratio:    0.00 (Cumulative area) 
      Cumulative area ratio:  246.20
      Required ratio:    0.00 (Cumulative side area) 

    Layer: met2
      Partial area ratio:    4.22
      Required ratio:    0.00 (Gate area) 
      Partial area ratio:   21.86
      Required ratio:  400.00 (Side area) 
      Cumulative area ratio:   44.42
      Required ratio:    0.00 (Cumulative area) 
      Cumulative area ratio:  229.08
      Required ratio:    0.00 (Cumulative side area) 

    Layer: met1
      Partial area ratio:   40.20
      Required ratio:    0.00 (Gate area) 
      Partial area ratio:  207.22
      Required ratio:  400.00 (Side area) 
      Cumulative area ratio:   40.20
      Required ratio:    0.00 (Cumulative area) 
      Cumulative area ratio:  207.22
      Required ratio:    0.00 (Cumulative side area) 

    Layer: li1
      Partial area ratio:    0.00
      Required ratio:    0.00 (Gate area) 
      Partial area ratio:    0.00
      Required ratio:   75.00 (Side area) 
      Cumulative area ratio:    0.00
      Required ratio:    0.00 (Cumulative area) 
      Cumulative area ratio:    0.00
      Required ratio:    0.00 (Cumulative side area) 

    Via: M2M3_PR
      Partial area ratio:    0.05
      Required ratio:    6.00 (Gate area) 
      Cumulative area ratio:    0.64
      Required ratio:    0.00 (Cumulative area) 

    Via: M1M2_PR
      Partial area ratio:    0.36
      Required ratio:    6.00 (Gate area) 
      Cumulative area ratio:    0.59
      Required ratio:    0.00 (Cumulative area) 

    Via: L1M1_PR_MR
      Partial area ratio:    0.23
      Required ratio:    3.00 (Gate area) 
      Cumulative area ratio:    0.23
      Required ratio:    0.00 (Cumulative area) 

  Pin: _7019_/A1 (sky130_fd_sc_hd__mux2_1)
    Layer: met3
      Partial area ratio:    3.14
      Required ratio:    0.00 (Gate area) 
      Partial area ratio:   17.12
      Required ratio: 2918.08 (Side area) 
      Cumulative area ratio:   64.42
      Required ratio:    0.00 (Cumulative area) 
      Cumulative area ratio:  334.42
      Required ratio:    0.00 (Cumulative side area) 

    Layer: met2
      Partial area ratio:    4.22
      Required ratio:    0.00 (Gate area) 
      Partial area ratio:   21.86
      Required ratio:  400.00 (Side area) 
      Cumulative area ratio:   61.28
      Required ratio:    0.00 (Cumulative area) 
      Cumulative area ratio:  317.31
      Required ratio:    0.00 (Cumulative side area) 

    Layer: met1
      Partial area ratio:   16.87
      Required ratio:    0.00 (Gate area) 
      Partial area ratio:   88.22
      Required ratio:  400.00 (Side area) 
      Cumulative area ratio:   16.87
      Required ratio:    0.00 (Cumulative area) 
      Cumulative area ratio:   88.22
      Required ratio:    0.00 (Cumulative side area) 

    Layer: li1
      Partial area ratio:    0.00
      Required ratio:    0.00 (Gate area) 
      Partial area ratio:    0.00
      Required ratio:   75.00 (Side area) 
      Cumulative area ratio:    0.00
      Required ratio:    0.00 (Cumulative area) 
      Cumulative area ratio:    0.00
      Required ratio:    0.00 (Cumulative side area) 

    Via: M2M3_PR
      Partial area ratio:    0.05
      Required ratio:    6.00 (Gate area) 
      Cumulative area ratio:    1.00
      Required ratio:    0.00 (Cumulative area) 

    Via: M1M2_PR
      Partial area ratio:    0.36
      Required ratio:    6.00 (Gate area) 
      Cumulative area ratio:    0.59
      Required ratio:    0.00 (Cumulative area) 

    Via: L1M1_PR_MR
      Partial area ratio:    0.23
      Required ratio:    3.00 (Gate area) 
      Cumulative area ratio:    0.23
      Required ratio:    0.00 (Cumulative area) 

  Pin: _6814_/A1 (sky130_fd_sc_hd__mux2_1)
    Layer: met3
      Partial area ratio:    3.14
      Required ratio:    0.00 (Gate area) 
      Partial area ratio:   17.12
      Required ratio: 2918.08 (Side area) 
      Cumulative area ratio:   72.58
      Required ratio:    0.00 (Cumulative area) 
      Cumulative area ratio:  378.31
      Required ratio:    0.00 (Cumulative side area) 

    Layer: met2
      Partial area ratio:    4.22
      Required ratio:    0.00 (Gate area) 
      Partial area ratio:   21.86
      Required ratio:  400.00 (Side area) 
      Cumulative area ratio:   69.44
      Required ratio:    0.00 (Cumulative area) 
      Cumulative area ratio:  361.19
      Required ratio:    0.00 (Cumulative side area) 

    Layer: met1
      Partial area ratio:    3.22
      Required ratio:    0.00 (Gate area) 
      Partial area ratio:   16.89
      Required ratio:  400.00 (Side area) 
      Cumulative area ratio:    3.22
      Required ratio:    0.00 (Cumulative area) 
      Cumulative area ratio:   16.89
      Required ratio:    0.00 (Cumulative side area) 

    Layer: li1
      Partial area ratio:    0.00
      Required ratio:    0.00 (Gate area) 
      Partial area ratio:    0.00
      Required ratio:   75.00 (Side area) 
      Cumulative area ratio:    0.00
      Required ratio:    0.00 (Cumulative area) 
      Cumulative area ratio:    0.00
      Required ratio:    0.00 (Cumulative side area) 

    Via: M2M3_PR
      Partial area ratio:    0.05
      Required ratio:    6.00 (Gate area) 
      Cumulative area ratio:    1.89
      Required ratio:    0.00 (Cumulative area) 

    Via: M1M2_PR
      Partial area ratio:    0.18
      Required ratio:    6.00 (Gate area) 
      Cumulative area ratio:    0.41
      Required ratio:    0.00 (Cumulative area) 

    Via: L1M1_PR_MR
      Partial area ratio:    0.23
      Required ratio:    3.00 (Gate area) 
      Cumulative area ratio:    0.23
      Required ratio:    0.00 (Cumulative area) 

  Pin: _6882_/A1 (sky130_fd_sc_hd__mux2_1)
    Layer: met3
      Partial area ratio:    3.14
      Required ratio:    0.00 (Gate area) 
      Partial area ratio:   17.12
      Required ratio: 2918.08 (Side area) 
      Cumulative area ratio:   69.35
      Required ratio:    0.00 (Cumulative area) 
      Cumulative area ratio:  361.42
      Required ratio:    0.00 (Cumulative side area) 

    Layer: met2
      Partial area ratio:    4.22
      Required ratio:    0.00 (Gate area) 
      Partial area ratio:   21.86
      Required ratio:  400.00 (Side area) 
      Cumulative area ratio:   66.22
      Required ratio:    0.00 (Cumulative area) 
      Cumulative area ratio:  344.31
      Required ratio:    0.00 (Cumulative side area) 

    Layer: met1
      Partial area ratio:    2.71
      Required ratio:    0.00 (Gate area) 
      Partial area ratio:   14.33
      Required ratio:  400.00 (Side area) 
      Cumulative area ratio:    2.71
      Required ratio:    0.00 (Cumulative area) 
      Cumulative area ratio:   14.33
      Required ratio:    0.00 (Cumulative side area) 

    Layer: li1
      Partial area ratio:    0.00
      Required ratio:    0.00 (Gate area) 
      Partial area ratio:    0.00
      Required ratio:   75.00 (Side area) 
      Cumulative area ratio:    0.00
      Required ratio:    0.00 (Cumulative area) 
      Cumulative area ratio:    0.00
      Required ratio:    0.00 (Cumulative side area) 

    Via: M2M3_PR
      Partial area ratio:    0.05
      Required ratio:    6.00 (Gate area) 
      Cumulative area ratio:    1.71
      Required ratio:    0.00 (Cumulative area) 

    Via: M1M2_PR
      Partial area ratio:    0.36
      Required ratio:    6.00 (Gate area) 
      Cumulative area ratio:    0.59
      Required ratio:    0.00 (Cumulative area) 

    Via: L1M1_PR_MR
      Partial area ratio:    0.23
      Required ratio:    3.00 (Gate area) 
      Cumulative area ratio:    0.23
      Required ratio:    0.00 (Cumulative area) 

  Pin: _6950_/A1 (sky130_fd_sc_hd__mux2_1)
    Layer: met3
      Partial area ratio:    3.14
      Required ratio:    0.00 (Gate area) 
      Partial area ratio:   17.12
      Required ratio: 2918.08 (Side area) 
      Cumulative area ratio:   66.64
      Required ratio:    0.00 (Cumulative area) 
      Cumulative area ratio:  347.09
      Required ratio:    0.00 (Cumulative side area) 

    Layer: met2
      Partial area ratio:    4.22
      Required ratio:    0.00 (Gate area) 
      Partial area ratio:   21.86
      Required ratio:  400.00 (Side area) 
      Cumulative area ratio:   63.51
      Required ratio:    0.00 (Cumulative area) 
      Cumulative area ratio:  329.97
      Required ratio:    0.00 (Cumulative side area) 

    Layer: met1
      Partial area ratio:    2.22
      Required ratio:    0.00 (Gate area) 
      Partial area ratio:   12.67
      Required ratio:  400.00 (Side area) 
      Cumulative area ratio:    2.22
      Required ratio:    0.00 (Cumulative area) 
      Cumulative area ratio:   12.67
      Required ratio:    0.00 (Cumulative side area) 

    Layer: li1
      Partial area ratio:    0.00
      Required ratio:    0.00 (Gate area) 
      Partial area ratio:    0.00
      Required ratio:   75.00 (Side area) 
      Cumulative area ratio:    0.00
      Required ratio:    0.00 (Cumulative area) 
      Cumulative area ratio:    0.00
      Required ratio:    0.00 (Cumulative side area) 

    Via: M2M3_PR
      Partial area ratio:    0.05
      Required ratio:    6.00 (Gate area) 
      Cumulative area ratio:    1.35
      Required ratio:    0.00 (Cumulative area) 

    Via: M1M2_PR
      Partial area ratio:    0.36
      Required ratio:    6.00 (Gate area) 
      Cumulative area ratio:    0.59
      Required ratio:    0.00 (Cumulative area) 

    Via: L1M1_PR_MR
      Partial area ratio:    0.23
      Required ratio:    3.00 (Gate area) 
      Cumulative area ratio:    0.23
      Required ratio:    0.00 (Cumulative area) 

  Pin: _6539_/A1 (sky130_fd_sc_hd__mux2_1)
    Layer: met3
      Partial area ratio:    3.14
      Required ratio:    0.00 (Gate area) 
      Partial area ratio:   17.12
      Required ratio: 2918.08 (Side area) 
      Cumulative area ratio:   64.42
      Required ratio:    0.00 (Cumulative area) 
      Cumulative area ratio:  334.42
      Required ratio:    0.00 (Cumulative side area) 

    Layer: met2
      Partial area ratio:    4.22
      Required ratio:    0.00 (Gate area) 
      Partial area ratio:   21.86
      Required ratio:  400.00 (Side area) 
      Cumulative area ratio:   61.28
      Required ratio:    0.00 (Cumulative area) 
      Cumulative area ratio:  317.31
      Required ratio:    0.00 (Cumulative side area) 

    Layer: met1
      Partial area ratio:    0.00
      Required ratio:    0.00 (Gate area) 
      Partial area ratio:    0.00
      Required ratio:  400.00 (Side area) 
      Cumulative area ratio:    0.00
      Required ratio:    0.00 (Cumulative area) 
      Cumulative area ratio:    0.00
      Required ratio:    0.00 (Cumulative side area) 

    Layer: li1
      Partial area ratio:    0.00
      Required ratio:    0.00 (Gate area) 
      Partial area ratio:    0.00
      Required ratio:   75.00 (Side area) 
      Cumulative area ratio:    0.00
      Required ratio:    0.00 (Cumulative area) 
      Cumulative area ratio:    0.00
      Required ratio:    0.00 (Cumulative side area) 

    Via: M2M3_PR
      Partial area ratio:    0.05
      Required ratio:    6.00 (Gate area) 
      Cumulative area ratio:    1.18
      Required ratio:    0.00 (Cumulative area) 

    Via: M1M2_PR
      Partial area ratio:    0.18
      Required ratio:    6.00 (Gate area) 
      Cumulative area ratio:    0.41
      Required ratio:    0.00 (Cumulative area) 

    Via: L1M1_PR_MR
      Partial area ratio:    0.23
      Required ratio:    3.00 (Gate area) 
      Cumulative area ratio:    0.23
      Required ratio:    0.00 (Cumulative area) 


[INFO ANT-0002] Found 2 net violations.
[INFO ANT-0001] Found 2 pin violations.
