OpenSTA 2.5.0 GITDIR-NOT Copyright (c) 2024, Parallax Software, Inc.
License GPLv3: GNU GPL version 3 <http://gnu.org/licenses/gpl.html>

This is free software, and you are free to change and redistribute it
under certain conditions; type `show_copying' for details. 
This program comes with ABSOLUTELY NO WARRANTY; for details type `show_warranty'.
define_corners Typical
read_liberty -corner Typical /home/furkan/.volare/sky130A/libs.ref/sky130_fd_sc_hd/lib/sky130_fd_sc_hd__tt_025C_1v80.lib
Using 1e-12 for capacitance...
Using 1e+03 for resistance...
Using 1e-09 for time...
Using 1e+00 for voltage...
Using 1e-03 for current...
Using 1e-09 for power...
Using 1e-06 for distance...
Reading netlist '/openlane/designs/project2/runs/RUN_2025.05.04_23.06.35/results/synthesis/project2.v'…
Reading design constraints file at '/openlane/scripts/base.sdc'…
[INFO]: Setting output delay to: 2.0
[INFO]: Setting input delay to: 2.0
Warning: base.sdc line 18, port '__VIRTUAL_CLK__' not found.
[INFO]: Setting load to: 0.033442
[INFO]: Setting clock uncertainty to: 0.25
[INFO]: Setting clock transition to: 0.15
Warning: base.sdc line 52, transition time can not be specified for virtual clocks.
[INFO]: Setting timing derate to: 5.0 %
min_report

===========================================================================
report_checks -path_delay min (Hold)
============================================================================
======================= Typical Corner ===================================

Startpoint: B[7] (input port clocked by __VIRTUAL_CLK__)
Endpoint: out[7] (output port clocked by __VIRTUAL_CLK__)
Path Group: __VIRTUAL_CLK__
Path Type: min

Fanout     Cap    Slew   Delay    Time   Description
-----------------------------------------------------------------------------
                  0.00    0.00    0.00   clock __VIRTUAL_CLK__ (rise edge)
                          0.00    0.00   clock network delay (ideal)
                          2.00    2.00 ^ input external delay
     3    0.02    0.08    0.05    2.05 ^ B[7] (in)
                                         B[7] (net)
                  0.08    0.00    2.05 ^ _229_/A2 (sky130_fd_sc_hd__o21ai_2)
     1    0.00    0.02    0.05    2.10 v _229_/Y (sky130_fd_sc_hd__o21ai_2)
                                         _041_ (net)
                  0.02    0.00    2.10 v _232_/B1 (sky130_fd_sc_hd__o211a_2)
     1    0.00    0.03    0.12    2.21 v _232_/X (sky130_fd_sc_hd__o211a_2)
                                         _044_ (net)
                  0.03    0.00    2.21 v _233_/B1 (sky130_fd_sc_hd__o21ai_2)
     1    0.03    0.20    0.15    2.36 ^ _233_/Y (sky130_fd_sc_hd__o21ai_2)
                                         out[7] (net)
                  0.20    0.00    2.36 ^ out[7] (out)
                                  2.36   data arrival time

                  0.00    0.00    0.00   clock __VIRTUAL_CLK__ (rise edge)
                          0.00    0.00   clock network delay (ideal)
                          0.25    0.25   clock uncertainty
                          0.00    0.25   clock reconvergence pessimism
                         -2.00   -1.75   output external delay
                                 -1.75   data required time
-----------------------------------------------------------------------------
                                 -1.75   data required time
                                 -2.36   data arrival time
-----------------------------------------------------------------------------
                                  4.11   slack (MET)


Startpoint: A[2] (input port clocked by __VIRTUAL_CLK__)
Endpoint: out[3] (output port clocked by __VIRTUAL_CLK__)
Path Group: __VIRTUAL_CLK__
Path Type: min

Fanout     Cap    Slew   Delay    Time   Description
-----------------------------------------------------------------------------
                  0.00    0.00    0.00   clock __VIRTUAL_CLK__ (rise edge)
                          0.00    0.00   clock network delay (ideal)
                          2.00    2.00 ^ input external delay
     7    0.02    0.11    0.07    2.07 ^ A[2] (in)
                                         A[2] (net)
                  0.11    0.00    2.07 ^ _179_/A1 (sky130_fd_sc_hd__a211o_2)
     1    0.00    0.03    0.13    2.20 ^ _179_/X (sky130_fd_sc_hd__a211o_2)
                                         _108_ (net)
                  0.03    0.00    2.20 ^ _180_/C1 (sky130_fd_sc_hd__a211o_2)
     1    0.03    0.16    0.17    2.37 ^ _180_/X (sky130_fd_sc_hd__a211o_2)
                                         out[3] (net)
                  0.16    0.00    2.37 ^ out[3] (out)
                                  2.37   data arrival time

                  0.00    0.00    0.00   clock __VIRTUAL_CLK__ (rise edge)
                          0.00    0.00   clock network delay (ideal)
                          0.25    0.25   clock uncertainty
                          0.00    0.25   clock reconvergence pessimism
                         -2.00   -1.75   output external delay
                                 -1.75   data required time
-----------------------------------------------------------------------------
                                 -1.75   data required time
                                 -2.37   data arrival time
-----------------------------------------------------------------------------
                                  4.12   slack (MET)


Startpoint: B[5] (input port clocked by __VIRTUAL_CLK__)
Endpoint: out[5] (output port clocked by __VIRTUAL_CLK__)
Path Group: __VIRTUAL_CLK__
Path Type: min

Fanout     Cap    Slew   Delay    Time   Description
-----------------------------------------------------------------------------
                  0.00    0.00    0.00   clock __VIRTUAL_CLK__ (rise edge)
                          0.00    0.00   clock network delay (ideal)
                          2.00    2.00 ^ input external delay
     5    0.02    0.10    0.07    2.07 ^ B[5] (in)
                                         B[5] (net)
                  0.10    0.00    2.07 ^ _204_/A2 (sky130_fd_sc_hd__o22a_2)
     1    0.00    0.03    0.13    2.20 ^ _204_/X (sky130_fd_sc_hd__o22a_2)
                                         _018_ (net)
                  0.03    0.00    2.20 ^ _208_/B1 (sky130_fd_sc_hd__a211o_2)
     1    0.03    0.16    0.18    2.37 ^ _208_/X (sky130_fd_sc_hd__a211o_2)
                                         out[5] (net)
                  0.16    0.00    2.37 ^ out[5] (out)
                                  2.37   data arrival time

                  0.00    0.00    0.00   clock __VIRTUAL_CLK__ (rise edge)
                          0.00    0.00   clock network delay (ideal)
                          0.25    0.25   clock uncertainty
                          0.00    0.25   clock reconvergence pessimism
                         -2.00   -1.75   output external delay
                                 -1.75   data required time
-----------------------------------------------------------------------------
                                 -1.75   data required time
                                 -2.37   data arrival time
-----------------------------------------------------------------------------
                                  4.12   slack (MET)


Startpoint: B[4] (input port clocked by __VIRTUAL_CLK__)
Endpoint: out[4] (output port clocked by __VIRTUAL_CLK__)
Path Group: __VIRTUAL_CLK__
Path Type: min

Fanout     Cap    Slew   Delay    Time   Description
-----------------------------------------------------------------------------
                  0.00    0.00    0.00   clock __VIRTUAL_CLK__ (rise edge)
                          0.00    0.00   clock network delay (ideal)
                          2.00    2.00 ^ input external delay
     6    0.02    0.09    0.06    2.06 ^ B[4] (in)
                                         B[4] (net)
                  0.09    0.00    2.06 ^ _191_/A2 (sky130_fd_sc_hd__o22a_2)
     1    0.00    0.03    0.13    2.19 ^ _191_/X (sky130_fd_sc_hd__o22a_2)
                                         _006_ (net)
                  0.03    0.00    2.19 ^ _195_/B1 (sky130_fd_sc_hd__o22a_2)
     1    0.03    0.18    0.22    2.41 ^ _195_/X (sky130_fd_sc_hd__o22a_2)
                                         out[4] (net)
                  0.18    0.00    2.41 ^ out[4] (out)
                                  2.41   data arrival time

                  0.00    0.00    0.00   clock __VIRTUAL_CLK__ (rise edge)
                          0.00    0.00   clock network delay (ideal)
                          0.25    0.25   clock uncertainty
                          0.00    0.25   clock reconvergence pessimism
                         -2.00   -1.75   output external delay
                                 -1.75   data required time
-----------------------------------------------------------------------------
                                 -1.75   data required time
                                 -2.41   data arrival time
-----------------------------------------------------------------------------
                                  4.16   slack (MET)


Startpoint: A[7] (input port clocked by __VIRTUAL_CLK__)
Endpoint: out[6] (output port clocked by __VIRTUAL_CLK__)
Path Group: __VIRTUAL_CLK__
Path Type: min

Fanout     Cap    Slew   Delay    Time   Description
-----------------------------------------------------------------------------
                  0.00    0.00    0.00   clock __VIRTUAL_CLK__ (rise edge)
                          0.00    0.00   clock network delay (ideal)
                          2.00    2.00 ^ input external delay
     5    0.02    0.10    0.07    2.07 ^ A[7] (in)
                                         A[7] (net)
                  0.10    0.00    2.07 ^ _222_/A1 (sky130_fd_sc_hd__a221o_2)
     1    0.00    0.03    0.14    2.21 ^ _222_/X (sky130_fd_sc_hd__a221o_2)
                                         _035_ (net)
                  0.03    0.00    2.21 ^ _223_/B2 (sky130_fd_sc_hd__o22a_2)
     1    0.03    0.18    0.21    2.42 ^ _223_/X (sky130_fd_sc_hd__o22a_2)
                                         out[6] (net)
                  0.18    0.00    2.42 ^ out[6] (out)
                                  2.42   data arrival time

                  0.00    0.00    0.00   clock __VIRTUAL_CLK__ (rise edge)
                          0.00    0.00   clock network delay (ideal)
                          0.25    0.25   clock uncertainty
                          0.00    0.25   clock reconvergence pessimism
                         -2.00   -1.75   output external delay
                                 -1.75   data required time
-----------------------------------------------------------------------------
                                 -1.75   data required time
                                 -2.42   data arrival time
-----------------------------------------------------------------------------
                                  4.17   slack (MET)


Startpoint: B[2] (input port clocked by __VIRTUAL_CLK__)
Endpoint: out[2] (output port clocked by __VIRTUAL_CLK__)
Path Group: __VIRTUAL_CLK__
Path Type: min

Fanout     Cap    Slew   Delay    Time   Description
-----------------------------------------------------------------------------
                  0.00    0.00    0.00   clock __VIRTUAL_CLK__ (rise edge)
                          0.00    0.00   clock network delay (ideal)
                          2.00    2.00 ^ input external delay
     6    0.02    0.09    0.06    2.06 ^ B[2] (in)
                                         B[2] (net)
                  0.09    0.00    2.06 ^ _152_/A2 (sky130_fd_sc_hd__o22a_2)
     1    0.00    0.03    0.13    2.19 ^ _152_/X (sky130_fd_sc_hd__o22a_2)
                                         _082_ (net)
                  0.03    0.00    2.19 ^ _166_/A1 (sky130_fd_sc_hd__o32a_2)
     1    0.03    0.18    0.24    2.42 ^ _166_/X (sky130_fd_sc_hd__o32a_2)
                                         out[2] (net)
                  0.18    0.00    2.42 ^ out[2] (out)
                                  2.42   data arrival time

                  0.00    0.00    0.00   clock __VIRTUAL_CLK__ (rise edge)
                          0.00    0.00   clock network delay (ideal)
                          0.25    0.25   clock uncertainty
                          0.00    0.25   clock reconvergence pessimism
                         -2.00   -1.75   output external delay
                                 -1.75   data required time
-----------------------------------------------------------------------------
                                 -1.75   data required time
                                 -2.42   data arrival time
-----------------------------------------------------------------------------
                                  4.17   slack (MET)


Startpoint: A[1] (input port clocked by __VIRTUAL_CLK__)
Endpoint: out[1] (output port clocked by __VIRTUAL_CLK__)
Path Group: __VIRTUAL_CLK__
Path Type: min

Fanout     Cap    Slew   Delay    Time   Description
-----------------------------------------------------------------------------
                  0.00    0.00    0.00   clock __VIRTUAL_CLK__ (rise edge)
                          0.00    0.00   clock network delay (ideal)
                          2.00    2.00 v input external delay
     9    0.03    0.06    0.04    2.04 v A[1] (in)
                                         A[1] (net)
                  0.06    0.00    2.04 v _144_/A (sky130_fd_sc_hd__nor2_2)
     1    0.00    0.05    0.09    2.13 ^ _144_/Y (sky130_fd_sc_hd__nor2_2)
                                         _075_ (net)
                  0.05    0.00    2.13 ^ _149_/C (sky130_fd_sc_hd__or4_2)
     1    0.00    0.03    0.10    2.22 ^ _149_/X (sky130_fd_sc_hd__or4_2)
                                         _080_ (net)
                  0.03    0.00    2.22 ^ _150_/B1 (sky130_fd_sc_hd__o21a_2)
     1    0.03    0.18    0.21    2.44 ^ _150_/X (sky130_fd_sc_hd__o21a_2)
                                         out[1] (net)
                  0.18    0.00    2.44 ^ out[1] (out)
                                  2.44   data arrival time

                  0.00    0.00    0.00   clock __VIRTUAL_CLK__ (rise edge)
                          0.00    0.00   clock network delay (ideal)
                          0.25    0.25   clock uncertainty
                          0.00    0.25   clock reconvergence pessimism
                         -2.00   -1.75   output external delay
                                 -1.75   data required time
-----------------------------------------------------------------------------
                                 -1.75   data required time
                                 -2.44   data arrival time
-----------------------------------------------------------------------------
                                  4.19   slack (MET)


Startpoint: A[0] (input port clocked by __VIRTUAL_CLK__)
Endpoint: out[0] (output port clocked by __VIRTUAL_CLK__)
Path Group: __VIRTUAL_CLK__
Path Type: min

Fanout     Cap    Slew   Delay    Time   Description
-----------------------------------------------------------------------------
                  0.00    0.00    0.00   clock __VIRTUAL_CLK__ (rise edge)
                          0.00    0.00   clock network delay (ideal)
                          2.00    2.00 v input external delay
     6    0.02    0.04    0.03    2.03 v A[0] (in)
                                         A[0] (net)
                  0.04    0.00    2.03 v _126_/A (sky130_fd_sc_hd__nor2_2)
     1    0.00    0.05    0.07    2.10 ^ _126_/Y (sky130_fd_sc_hd__nor2_2)
                                         _058_ (net)
                  0.05    0.00    2.10 ^ _127_/D (sky130_fd_sc_hd__or4_2)
     1    0.00    0.03    0.09    2.19 ^ _127_/X (sky130_fd_sc_hd__or4_2)
                                         _059_ (net)
                  0.03    0.00    2.19 ^ _128_/A (sky130_fd_sc_hd__buf_1)
     1    0.03    0.40    0.30    2.49 ^ _128_/X (sky130_fd_sc_hd__buf_1)
                                         out[0] (net)
                  0.40    0.00    2.49 ^ out[0] (out)
                                  2.49   data arrival time

                  0.00    0.00    0.00   clock __VIRTUAL_CLK__ (rise edge)
                          0.00    0.00   clock network delay (ideal)
                          0.25    0.25   clock uncertainty
                          0.00    0.25   clock reconvergence pessimism
                         -2.00   -1.75   output external delay
                                 -1.75   data required time
-----------------------------------------------------------------------------
                                 -1.75   data required time
                                 -2.49   data arrival time
-----------------------------------------------------------------------------
                                  4.24   slack (MET)



worst slack corner Typical: 4.1101
min_report_end
max_report

===========================================================================
report_checks -path_delay max (Setup)
============================================================================
======================= Typical Corner ===================================

Startpoint: opcode[0] (input port clocked by __VIRTUAL_CLK__)
Endpoint: out[7] (output port clocked by __VIRTUAL_CLK__)
Path Group: __VIRTUAL_CLK__
Path Type: max

Fanout     Cap    Slew   Delay    Time   Description
-----------------------------------------------------------------------------
                  0.00    0.00    0.00   clock __VIRTUAL_CLK__ (rise edge)
                          0.00    0.00   clock network delay (ideal)
                          2.00    2.00 ^ input external delay
     6    0.01    0.07    0.05    2.05 ^ opcode[0] (in)
                                         opcode[0] (net)
                  0.07    0.00    2.05 ^ _131_/C_N (sky130_fd_sc_hd__or3b_2)
     1    0.00    0.07    0.45    2.50 v _131_/X (sky130_fd_sc_hd__or3b_2)
                                         _062_ (net)
                  0.07    0.00    2.50 v _132_/A (sky130_fd_sc_hd__buf_1)
    10    0.03    0.16    0.22    2.71 v _132_/X (sky130_fd_sc_hd__buf_1)
                                         _063_ (net)
                  0.16    0.00    2.71 v _181_/B1 (sky130_fd_sc_hd__o21a_2)
     2    0.01    0.04    0.18    2.89 v _181_/X (sky130_fd_sc_hd__o21a_2)
                                         _109_ (net)
                  0.04    0.00    2.89 v _183_/B (sky130_fd_sc_hd__and2_2)
     2    0.01    0.04    0.20    3.09 v _183_/X (sky130_fd_sc_hd__and2_2)
                                         _111_ (net)
                  0.04    0.00    3.09 v _185_/C (sky130_fd_sc_hd__or3_2)
     1    0.00    0.07    0.41    3.50 v _185_/X (sky130_fd_sc_hd__or3_2)
                                         _000_ (net)
                  0.07    0.00    3.50 v _186_/B (sky130_fd_sc_hd__and2_2)
     3    0.02    0.07    0.24    3.75 v _186_/X (sky130_fd_sc_hd__and2_2)
                                         _001_ (net)
                  0.07    0.00    3.75 v _216_/A1 (sky130_fd_sc_hd__a31o_2)
     2    0.01    0.06    0.24    3.99 v _216_/X (sky130_fd_sc_hd__a31o_2)
                                         _029_ (net)
                  0.06    0.00    3.99 v _224_/A2 (sky130_fd_sc_hd__a21o_2)
     1    0.01    0.05    0.24    4.23 v _224_/X (sky130_fd_sc_hd__a21o_2)
                                         _036_ (net)
                  0.05    0.00    4.23 v _228_/A (sky130_fd_sc_hd__xnor2_2)
     1    0.00    0.05    0.14    4.36 v _228_/Y (sky130_fd_sc_hd__xnor2_2)
                                         _040_ (net)
                  0.05    0.00    4.36 v _233_/A2 (sky130_fd_sc_hd__o21ai_2)
     1    0.03    0.40    0.35    4.71 ^ _233_/Y (sky130_fd_sc_hd__o21ai_2)
                                         out[7] (net)
                  0.40    0.00    4.71 ^ out[7] (out)
                                  4.71   data arrival time

                  0.00   10.00   10.00   clock __VIRTUAL_CLK__ (rise edge)
                          0.00   10.00   clock network delay (ideal)
                         -0.25    9.75   clock uncertainty
                          0.00    9.75   clock reconvergence pessimism
                         -2.00    7.75   output external delay
                                  7.75   data required time
-----------------------------------------------------------------------------
                                  7.75   data required time
                                 -4.71   data arrival time
-----------------------------------------------------------------------------
                                  3.04   slack (MET)


Startpoint: opcode[0] (input port clocked by __VIRTUAL_CLK__)
Endpoint: out[5] (output port clocked by __VIRTUAL_CLK__)
Path Group: __VIRTUAL_CLK__
Path Type: max

Fanout     Cap    Slew   Delay    Time   Description
-----------------------------------------------------------------------------
                  0.00    0.00    0.00   clock __VIRTUAL_CLK__ (rise edge)
                          0.00    0.00   clock network delay (ideal)
                          2.00    2.00 ^ input external delay
     6    0.01    0.07    0.05    2.05 ^ opcode[0] (in)
                                         opcode[0] (net)
                  0.07    0.00    2.05 ^ _131_/C_N (sky130_fd_sc_hd__or3b_2)
     1    0.00    0.07    0.45    2.50 v _131_/X (sky130_fd_sc_hd__or3b_2)
                                         _062_ (net)
                  0.07    0.00    2.50 v _132_/A (sky130_fd_sc_hd__buf_1)
    10    0.03    0.16    0.22    2.71 v _132_/X (sky130_fd_sc_hd__buf_1)
                                         _063_ (net)
                  0.16    0.00    2.71 v _181_/B1 (sky130_fd_sc_hd__o21a_2)
     2    0.01    0.04    0.18    2.89 v _181_/X (sky130_fd_sc_hd__o21a_2)
                                         _109_ (net)
                  0.04    0.00    2.89 v _183_/B (sky130_fd_sc_hd__and2_2)
     2    0.01    0.04    0.20    3.09 v _183_/X (sky130_fd_sc_hd__and2_2)
                                         _111_ (net)
                  0.04    0.00    3.09 v _185_/C (sky130_fd_sc_hd__or3_2)
     1    0.00    0.07    0.41    3.50 v _185_/X (sky130_fd_sc_hd__or3_2)
                                         _000_ (net)
                  0.07    0.00    3.50 v _186_/B (sky130_fd_sc_hd__and2_2)
     3    0.02    0.07    0.24    3.75 v _186_/X (sky130_fd_sc_hd__and2_2)
                                         _001_ (net)
                  0.07    0.00    3.75 v _201_/A1 (sky130_fd_sc_hd__a21boi_2)
     1    0.01    0.14    0.17    3.92 ^ _201_/Y (sky130_fd_sc_hd__a21boi_2)
                                         _015_ (net)
                  0.14    0.00    3.92 ^ _202_/B (sky130_fd_sc_hd__xnor2_2)
     1    0.00    0.04    0.07    3.98 v _202_/Y (sky130_fd_sc_hd__xnor2_2)
                                         _016_ (net)
                  0.04    0.00    3.98 v _208_/A2 (sky130_fd_sc_hd__a211o_2)
     1    0.03    0.12    0.44    4.43 v _208_/X (sky130_fd_sc_hd__a211o_2)
                                         out[5] (net)
                  0.12    0.00    4.43 v out[5] (out)
                                  4.43   data arrival time

                  0.00   10.00   10.00   clock __VIRTUAL_CLK__ (rise edge)
                          0.00   10.00   clock network delay (ideal)
                         -0.25    9.75   clock uncertainty
                          0.00    9.75   clock reconvergence pessimism
                         -2.00    7.75   output external delay
                                  7.75   data required time
-----------------------------------------------------------------------------
                                  7.75   data required time
                                 -4.43   data arrival time
-----------------------------------------------------------------------------
                                  3.32   slack (MET)


Startpoint: opcode[0] (input port clocked by __VIRTUAL_CLK__)
Endpoint: out[6] (output port clocked by __VIRTUAL_CLK__)
Path Group: __VIRTUAL_CLK__
Path Type: max

Fanout     Cap    Slew   Delay    Time   Description
-----------------------------------------------------------------------------
                  0.00    0.00    0.00   clock __VIRTUAL_CLK__ (rise edge)
                          0.00    0.00   clock network delay (ideal)
                          2.00    2.00 ^ input external delay
     6    0.01    0.07    0.05    2.05 ^ opcode[0] (in)
                                         opcode[0] (net)
                  0.07    0.00    2.05 ^ _131_/C_N (sky130_fd_sc_hd__or3b_2)
     1    0.00    0.07    0.45    2.50 v _131_/X (sky130_fd_sc_hd__or3b_2)
                                         _062_ (net)
                  0.07    0.00    2.50 v _132_/A (sky130_fd_sc_hd__buf_1)
    10    0.03    0.16    0.22    2.71 v _132_/X (sky130_fd_sc_hd__buf_1)
                                         _063_ (net)
                  0.16    0.00    2.71 v _181_/B1 (sky130_fd_sc_hd__o21a_2)
     2    0.01    0.04    0.18    2.89 v _181_/X (sky130_fd_sc_hd__o21a_2)
                                         _109_ (net)
                  0.04    0.00    2.89 v _183_/B (sky130_fd_sc_hd__and2_2)
     2    0.01    0.04    0.20    3.09 v _183_/X (sky130_fd_sc_hd__and2_2)
                                         _111_ (net)
                  0.04    0.00    3.09 v _185_/C (sky130_fd_sc_hd__or3_2)
     1    0.00    0.07    0.41    3.50 v _185_/X (sky130_fd_sc_hd__or3_2)
                                         _000_ (net)
                  0.07    0.00    3.50 v _186_/B (sky130_fd_sc_hd__and2_2)
     3    0.02    0.07    0.24    3.75 v _186_/X (sky130_fd_sc_hd__and2_2)
                                         _001_ (net)
                  0.07    0.00    3.75 v _216_/A1 (sky130_fd_sc_hd__a31o_2)
     2    0.01    0.06    0.24    3.99 v _216_/X (sky130_fd_sc_hd__a31o_2)
                                         _029_ (net)
                  0.06    0.00    3.99 v _217_/B (sky130_fd_sc_hd__xnor2_2)
     1    0.00    0.04    0.13    4.11 v _217_/Y (sky130_fd_sc_hd__xnor2_2)
                                         _030_ (net)
                  0.04    0.00    4.11 v _223_/A2 (sky130_fd_sc_hd__o22a_2)
     1    0.03    0.12    0.31    4.42 v _223_/X (sky130_fd_sc_hd__o22a_2)
                                         out[6] (net)
                  0.12    0.00    4.42 v out[6] (out)
                                  4.42   data arrival time

                  0.00   10.00   10.00   clock __VIRTUAL_CLK__ (rise edge)
                          0.00   10.00   clock network delay (ideal)
                         -0.25    9.75   clock uncertainty
                          0.00    9.75   clock reconvergence pessimism
                         -2.00    7.75   output external delay
                                  7.75   data required time
-----------------------------------------------------------------------------
                                  7.75   data required time
                                 -4.42   data arrival time
-----------------------------------------------------------------------------
                                  3.33   slack (MET)


Startpoint: opcode[0] (input port clocked by __VIRTUAL_CLK__)
Endpoint: out[4] (output port clocked by __VIRTUAL_CLK__)
Path Group: __VIRTUAL_CLK__
Path Type: max

Fanout     Cap    Slew   Delay    Time   Description
-----------------------------------------------------------------------------
                  0.00    0.00    0.00   clock __VIRTUAL_CLK__ (rise edge)
                          0.00    0.00   clock network delay (ideal)
                          2.00    2.00 ^ input external delay
     6    0.01    0.07    0.05    2.05 ^ opcode[0] (in)
                                         opcode[0] (net)
                  0.07    0.00    2.05 ^ _131_/C_N (sky130_fd_sc_hd__or3b_2)
     1    0.00    0.07    0.45    2.50 v _131_/X (sky130_fd_sc_hd__or3b_2)
                                         _062_ (net)
                  0.07    0.00    2.50 v _132_/A (sky130_fd_sc_hd__buf_1)
    10    0.03    0.16    0.22    2.71 v _132_/X (sky130_fd_sc_hd__buf_1)
                                         _063_ (net)
                  0.16    0.00    2.71 v _181_/B1 (sky130_fd_sc_hd__o21a_2)
     2    0.01    0.04    0.18    2.89 v _181_/X (sky130_fd_sc_hd__o21a_2)
                                         _109_ (net)
                  0.04    0.00    2.89 v _183_/B (sky130_fd_sc_hd__and2_2)
     2    0.01    0.04    0.20    3.09 v _183_/X (sky130_fd_sc_hd__and2_2)
                                         _111_ (net)
                  0.04    0.00    3.09 v _185_/C (sky130_fd_sc_hd__or3_2)
     1    0.00    0.07    0.41    3.50 v _185_/X (sky130_fd_sc_hd__or3_2)
                                         _000_ (net)
                  0.07    0.00    3.50 v _186_/B (sky130_fd_sc_hd__and2_2)
     3    0.02    0.07    0.24    3.75 v _186_/X (sky130_fd_sc_hd__and2_2)
                                         _001_ (net)
                  0.07    0.00    3.75 v _189_/A (sky130_fd_sc_hd__xor2_2)
     1    0.00    0.04    0.17    3.92 v _189_/X (sky130_fd_sc_hd__xor2_2)
                                         _004_ (net)
                  0.04    0.00    3.92 v _195_/A2 (sky130_fd_sc_hd__o22a_2)
     1    0.03    0.12    0.31    4.23 v _195_/X (sky130_fd_sc_hd__o22a_2)
                                         out[4] (net)
                  0.12    0.00    4.23 v out[4] (out)
                                  4.23   data arrival time

                  0.00   10.00   10.00   clock __VIRTUAL_CLK__ (rise edge)
                          0.00   10.00   clock network delay (ideal)
                         -0.25    9.75   clock uncertainty
                          0.00    9.75   clock reconvergence pessimism
                         -2.00    7.75   output external delay
                                  7.75   data required time
-----------------------------------------------------------------------------
                                  7.75   data required time
                                 -4.23   data arrival time
-----------------------------------------------------------------------------
                                  3.52   slack (MET)


Startpoint: opcode[0] (input port clocked by __VIRTUAL_CLK__)
Endpoint: out[3] (output port clocked by __VIRTUAL_CLK__)
Path Group: __VIRTUAL_CLK__
Path Type: max

Fanout     Cap    Slew   Delay    Time   Description
-----------------------------------------------------------------------------
                  0.00    0.00    0.00   clock __VIRTUAL_CLK__ (rise edge)
                          0.00    0.00   clock network delay (ideal)
                          2.00    2.00 ^ input external delay
     6    0.01    0.07    0.05    2.05 ^ opcode[0] (in)
                                         opcode[0] (net)
                  0.07    0.00    2.05 ^ _131_/C_N (sky130_fd_sc_hd__or3b_2)
     1    0.00    0.07    0.45    2.50 v _131_/X (sky130_fd_sc_hd__or3b_2)
                                         _062_ (net)
                  0.07    0.00    2.50 v _132_/A (sky130_fd_sc_hd__buf_1)
    10    0.03    0.16    0.22    2.71 v _132_/X (sky130_fd_sc_hd__buf_1)
                                         _063_ (net)
                  0.16    0.00    2.71 v _134_/C (sky130_fd_sc_hd__and3_2)
     3    0.01    0.06    0.30    3.01 v _134_/X (sky130_fd_sc_hd__and3_2)
                                         _065_ (net)
                  0.06    0.00    3.01 v _136_/C (sky130_fd_sc_hd__nor3_2)
     2    0.01    0.22    0.18    3.19 ^ _136_/Y (sky130_fd_sc_hd__nor3_2)
                                         _067_ (net)
                  0.22    0.00    3.19 ^ _157_/A2 (sky130_fd_sc_hd__o21ai_2)
     3    0.01    0.08    0.12    3.31 v _157_/Y (sky130_fd_sc_hd__o21ai_2)
                                         _087_ (net)
                  0.08    0.00    3.31 v _173_/A1 (sky130_fd_sc_hd__a21o_2)
     1    0.01    0.05    0.22    3.53 v _173_/X (sky130_fd_sc_hd__a21o_2)
                                         _102_ (net)
                  0.05    0.00    3.53 v _174_/B (sky130_fd_sc_hd__xor2_2)
     1    0.00    0.05    0.14    3.67 v _174_/X (sky130_fd_sc_hd__xor2_2)
                                         _103_ (net)
                  0.05    0.00    3.67 v _180_/A2 (sky130_fd_sc_hd__a211o_2)
     1    0.03    0.12    0.44    4.11 v _180_/X (sky130_fd_sc_hd__a211o_2)
                                         out[3] (net)
                  0.12    0.00    4.11 v out[3] (out)
                                  4.11   data arrival time

                  0.00   10.00   10.00   clock __VIRTUAL_CLK__ (rise edge)
                          0.00   10.00   clock network delay (ideal)
                         -0.25    9.75   clock uncertainty
                          0.00    9.75   clock reconvergence pessimism
                         -2.00    7.75   output external delay
                                  7.75   data required time
-----------------------------------------------------------------------------
                                  7.75   data required time
                                 -4.11   data arrival time
-----------------------------------------------------------------------------
                                  3.64   slack (MET)


Startpoint: opcode[1] (input port clocked by __VIRTUAL_CLK__)
Endpoint: out[1] (output port clocked by __VIRTUAL_CLK__)
Path Group: __VIRTUAL_CLK__
Path Type: max

Fanout     Cap    Slew   Delay    Time   Description
-----------------------------------------------------------------------------
                  0.00    0.00    0.00   clock __VIRTUAL_CLK__ (rise edge)
                          0.00    0.00   clock network delay (ideal)
                          2.00    2.00 ^ input external delay
     2    0.00    0.02    0.01    2.01 ^ opcode[1] (in)
                                         opcode[1] (net)
                  0.02    0.00    2.01 ^ _114_/A (sky130_fd_sc_hd__buf_1)
    10    0.02    0.27    0.24    2.26 ^ _114_/X (sky130_fd_sc_hd__buf_1)
                                         _046_ (net)
                  0.27    0.00    2.26 ^ _140_/B (sky130_fd_sc_hd__or3_2)
     1    0.00    0.03    0.18    2.43 ^ _140_/X (sky130_fd_sc_hd__or3_2)
                                         _071_ (net)
                  0.03    0.00    2.43 ^ _141_/A (sky130_fd_sc_hd__buf_1)
     7    0.03    0.37    0.31    2.75 ^ _141_/X (sky130_fd_sc_hd__buf_1)
                                         _072_ (net)
                  0.37    0.00    2.75 ^ _142_/B1 (sky130_fd_sc_hd__a21oi_2)
     1    0.00    0.07    0.04    2.79 v _142_/Y (sky130_fd_sc_hd__a21oi_2)
                                         _073_ (net)
                  0.07    0.00    2.79 v _143_/B2 (sky130_fd_sc_hd__o22a_2)
     1    0.00    0.03    0.19    2.98 v _143_/X (sky130_fd_sc_hd__o22a_2)
                                         _074_ (net)
                  0.03    0.00    2.98 v _149_/B (sky130_fd_sc_hd__or4_2)
     1    0.00    0.10    0.66    3.63 v _149_/X (sky130_fd_sc_hd__or4_2)
                                         _080_ (net)
                  0.10    0.00    3.63 v _150_/B1 (sky130_fd_sc_hd__o21a_2)
     1    0.03    0.10    0.22    3.85 v _150_/X (sky130_fd_sc_hd__o21a_2)
                                         out[1] (net)
                  0.10    0.00    3.85 v out[1] (out)
                                  3.85   data arrival time

                  0.00   10.00   10.00   clock __VIRTUAL_CLK__ (rise edge)
                          0.00   10.00   clock network delay (ideal)
                         -0.25    9.75   clock uncertainty
                          0.00    9.75   clock reconvergence pessimism
                         -2.00    7.75   output external delay
                                  7.75   data required time
-----------------------------------------------------------------------------
                                  7.75   data required time
                                 -3.85   data arrival time
-----------------------------------------------------------------------------
                                  3.90   slack (MET)


Startpoint: opcode[0] (input port clocked by __VIRTUAL_CLK__)
Endpoint: out[2] (output port clocked by __VIRTUAL_CLK__)
Path Group: __VIRTUAL_CLK__
Path Type: max

Fanout     Cap    Slew   Delay    Time   Description
-----------------------------------------------------------------------------
                  0.00    0.00    0.00   clock __VIRTUAL_CLK__ (rise edge)
                          0.00    0.00   clock network delay (ideal)
                          2.00    2.00 ^ input external delay
     6    0.01    0.07    0.05    2.05 ^ opcode[0] (in)
                                         opcode[0] (net)
                  0.07    0.00    2.05 ^ _131_/C_N (sky130_fd_sc_hd__or3b_2)
     1    0.00    0.07    0.45    2.50 v _131_/X (sky130_fd_sc_hd__or3b_2)
                                         _062_ (net)
                  0.07    0.00    2.50 v _132_/A (sky130_fd_sc_hd__buf_1)
    10    0.03    0.16    0.22    2.71 v _132_/X (sky130_fd_sc_hd__buf_1)
                                         _063_ (net)
                  0.16    0.00    2.71 v _134_/C (sky130_fd_sc_hd__and3_2)
     3    0.01    0.06    0.30    3.01 v _134_/X (sky130_fd_sc_hd__and3_2)
                                         _065_ (net)
                  0.06    0.00    3.01 v _136_/C (sky130_fd_sc_hd__nor3_2)
     2    0.01    0.22    0.18    3.19 ^ _136_/Y (sky130_fd_sc_hd__nor3_2)
                                         _067_ (net)
                  0.22    0.00    3.19 ^ _157_/A2 (sky130_fd_sc_hd__o21ai_2)
     3    0.01    0.08    0.12    3.31 v _157_/Y (sky130_fd_sc_hd__o21ai_2)
                                         _087_ (net)
                  0.08    0.00    3.31 v _165_/A (sky130_fd_sc_hd__xor2_2)
     1    0.00    0.05    0.18    3.49 v _165_/X (sky130_fd_sc_hd__xor2_2)
                                         _095_ (net)
                  0.05    0.00    3.49 v _166_/B1 (sky130_fd_sc_hd__o32a_2)
     1    0.03    0.12    0.29    3.78 v _166_/X (sky130_fd_sc_hd__o32a_2)
                                         out[2] (net)
                  0.12    0.00    3.78 v out[2] (out)
                                  3.78   data arrival time

                  0.00   10.00   10.00   clock __VIRTUAL_CLK__ (rise edge)
                          0.00   10.00   clock network delay (ideal)
                         -0.25    9.75   clock uncertainty
                          0.00    9.75   clock reconvergence pessimism
                         -2.00    7.75   output external delay
                                  7.75   data required time
-----------------------------------------------------------------------------
                                  7.75   data required time
                                 -3.78   data arrival time
-----------------------------------------------------------------------------
                                  3.97   slack (MET)


Startpoint: opcode[1] (input port clocked by __VIRTUAL_CLK__)
Endpoint: out[0] (output port clocked by __VIRTUAL_CLK__)
Path Group: __VIRTUAL_CLK__
Path Type: max

Fanout     Cap    Slew   Delay    Time   Description
-----------------------------------------------------------------------------
                  0.00    0.00    0.00   clock __VIRTUAL_CLK__ (rise edge)
                          0.00    0.00   clock network delay (ideal)
                          2.00    2.00 ^ input external delay
     2    0.00    0.02    0.01    2.01 ^ opcode[1] (in)
                                         opcode[1] (net)
                  0.02    0.00    2.01 ^ _114_/A (sky130_fd_sc_hd__buf_1)
    10    0.02    0.27    0.24    2.26 ^ _114_/X (sky130_fd_sc_hd__buf_1)
                                         _046_ (net)
                  0.27    0.00    2.26 ^ _124_/B (sky130_fd_sc_hd__or3_2)
     1    0.00    0.03    0.18    2.43 ^ _124_/X (sky130_fd_sc_hd__or3_2)
                                         _056_ (net)
                  0.03    0.00    2.43 ^ _125_/A (sky130_fd_sc_hd__buf_1)
     8    0.04    0.42    0.35    2.79 ^ _125_/X (sky130_fd_sc_hd__buf_1)
                                         _057_ (net)
                  0.42    0.00    2.79 ^ _126_/B (sky130_fd_sc_hd__nor2_2)
     1    0.00    0.06    0.04    2.82 v _126_/Y (sky130_fd_sc_hd__nor2_2)
                                         _058_ (net)
                  0.06    0.00    2.82 v _127_/D (sky130_fd_sc_hd__or4_2)
     1    0.00    0.09    0.55    3.37 v _127_/X (sky130_fd_sc_hd__or4_2)
                                         _059_ (net)
                  0.09    0.00    3.37 v _128_/A (sky130_fd_sc_hd__buf_1)
     1    0.03    0.19    0.25    3.63 v _128_/X (sky130_fd_sc_hd__buf_1)
                                         out[0] (net)
                  0.19    0.00    3.63 v out[0] (out)
                                  3.63   data arrival time

                  0.00   10.00   10.00   clock __VIRTUAL_CLK__ (rise edge)
                          0.00   10.00   clock network delay (ideal)
                         -0.25    9.75   clock uncertainty
                          0.00    9.75   clock reconvergence pessimism
                         -2.00    7.75   output external delay
                                  7.75   data required time
-----------------------------------------------------------------------------
                                  7.75   data required time
                                 -3.63   data arrival time
-----------------------------------------------------------------------------
                                  4.12   slack (MET)



worst slack corner Typical: 3.0416
max_report_end
checks_report

===========================================================================
report_checks -unconstrained
===========================================================================
======================= Typical Corner ===================================

Startpoint: opcode[0] (input port clocked by __VIRTUAL_CLK__)
Endpoint: out[7] (output port clocked by __VIRTUAL_CLK__)
Path Group: __VIRTUAL_CLK__
Path Type: max

Fanout     Cap    Slew   Delay    Time   Description
-----------------------------------------------------------------------------
                  0.00    0.00    0.00   clock __VIRTUAL_CLK__ (rise edge)
                          0.00    0.00   clock network delay (ideal)
                          2.00    2.00 ^ input external delay
     6    0.01    0.07    0.05    2.05 ^ opcode[0] (in)
                                         opcode[0] (net)
                  0.07    0.00    2.05 ^ _131_/C_N (sky130_fd_sc_hd__or3b_2)
     1    0.00    0.07    0.45    2.50 v _131_/X (sky130_fd_sc_hd__or3b_2)
                                         _062_ (net)
                  0.07    0.00    2.50 v _132_/A (sky130_fd_sc_hd__buf_1)
    10    0.03    0.16    0.22    2.71 v _132_/X (sky130_fd_sc_hd__buf_1)
                                         _063_ (net)
                  0.16    0.00    2.71 v _181_/B1 (sky130_fd_sc_hd__o21a_2)
     2    0.01    0.04    0.18    2.89 v _181_/X (sky130_fd_sc_hd__o21a_2)
                                         _109_ (net)
                  0.04    0.00    2.89 v _183_/B (sky130_fd_sc_hd__and2_2)
     2    0.01    0.04    0.20    3.09 v _183_/X (sky130_fd_sc_hd__and2_2)
                                         _111_ (net)
                  0.04    0.00    3.09 v _185_/C (sky130_fd_sc_hd__or3_2)
     1    0.00    0.07    0.41    3.50 v _185_/X (sky130_fd_sc_hd__or3_2)
                                         _000_ (net)
                  0.07    0.00    3.50 v _186_/B (sky130_fd_sc_hd__and2_2)
     3    0.02    0.07    0.24    3.75 v _186_/X (sky130_fd_sc_hd__and2_2)
                                         _001_ (net)
                  0.07    0.00    3.75 v _216_/A1 (sky130_fd_sc_hd__a31o_2)
     2    0.01    0.06    0.24    3.99 v _216_/X (sky130_fd_sc_hd__a31o_2)
                                         _029_ (net)
                  0.06    0.00    3.99 v _224_/A2 (sky130_fd_sc_hd__a21o_2)
     1    0.01    0.05    0.24    4.23 v _224_/X (sky130_fd_sc_hd__a21o_2)
                                         _036_ (net)
                  0.05    0.00    4.23 v _228_/A (sky130_fd_sc_hd__xnor2_2)
     1    0.00    0.05    0.14    4.36 v _228_/Y (sky130_fd_sc_hd__xnor2_2)
                                         _040_ (net)
                  0.05    0.00    4.36 v _233_/A2 (sky130_fd_sc_hd__o21ai_2)
     1    0.03    0.40    0.35    4.71 ^ _233_/Y (sky130_fd_sc_hd__o21ai_2)
                                         out[7] (net)
                  0.40    0.00    4.71 ^ out[7] (out)
                                  4.71   data arrival time

                  0.00   10.00   10.00   clock __VIRTUAL_CLK__ (rise edge)
                          0.00   10.00   clock network delay (ideal)
                         -0.25    9.75   clock uncertainty
                          0.00    9.75   clock reconvergence pessimism
                         -2.00    7.75   output external delay
                                  7.75   data required time
-----------------------------------------------------------------------------
                                  7.75   data required time
                                 -4.71   data arrival time
-----------------------------------------------------------------------------
                                  3.04   slack (MET)




===========================================================================
report_checks --slack_max -0.01
============================================================================
======================= Typical Corner ===================================

No paths found.


===========================================================================
 report_check_types -max_slew -max_cap -max_fanout -violators
============================================================================
======================= Typical Corner ===================================


max slew violations count Typical: 0
max fanout violations count Typical: 0
max cap violations count Typical: 0

===========================================================================
report_parasitic_annotation -report_unannotated
============================================================================
Found 140 unannotated drivers.
 A[0]
 A[1]
 A[2]
 A[3]
 A[4]
 A[5]
 A[6]
 A[7]
 B[0]
 B[1]
 B[2]
 B[3]
 B[4]
 B[5]
 B[6]
 B[7]
 opcode[0]
 opcode[1]
 opcode[2]
 _113_/Y
 _114_/X
 _115_/X
 _116_/Y
 _117_/Y
 _118_/X
 _119_/Y
 _120_/X
 _121_/X
 _122_/X
 _123_/X
 _124_/X
 _125_/X
 _126_/Y
 _127_/X
 _128_/X
 _129_/X
 _130_/X
 _131_/X
 _132_/X
 _133_/Y
 _134_/X
 _135_/X
 _136_/Y
 _137_/Y
 _138_/Y
 _139_/Y
 _140_/X
 _141_/X
 _142_/Y
 _143_/X
 _144_/Y
 _145_/X
 _146_/X
 _147_/X
 _148_/X
 _149_/X
 _150_/X
 _151_/Y
 _152_/X
 _153_/X
 _154_/Y
 _155_/X
 _156_/Y
 _157_/Y
 _158_/X
 _159_/X
 _160_/Y
 _161_/Y
 _162_/Y
 _163_/X
 _164_/Y
 _165_/X
 _166_/X
 _167_/X
 _168_/X
 _169_/Y
 _170_/X
 _171_/Y
 _172_/Y
 _173_/X
 _174_/X
 _175_/Y
 _176_/X
 _177_/X
 _178_/Y
 _179_/X
 _180_/X
 _181_/X
 _182_/Y
 _183_/X
 _184_/Y
 _185_/X
 _186_/X
 _187_/X
 _188_/X
 _189_/X
 _190_/Y
 _191_/X
 _192_/Y
 _193_/X
 _194_/X
 _195_/X
 _196_/X
 _197_/Y
 _198_/X
 _199_/Y
 _200_/Y
 _201_/Y
 _202_/Y
 _203_/Y
 _204_/X
 _205_/Y
 _206_/X
 _207_/X
 _208_/X
 _209_/X
 _210_/Y
 _211_/X
 _212_/X
 _213_/X
 _214_/Y
 _215_/Y
 _216_/X
 _217_/Y
 _218_/Y
 _219_/X
 _220_/Y
 _221_/X
 _222_/X
 _223_/X
 _224_/X
 _225_/Y
 _226_/X
 _227_/X
 _228_/Y
 _229_/Y
 _230_/X
 _231_/X
 _232_/X
 _233_/Y
Found 0 partially unannotated drivers.

===========================================================================
max slew violation count 0
max fanout violation count 0
max cap violation count 0
============================================================================

===========================================================================
check_setup -verbose -unconstrained_endpoints -multiple_clock -no_clock -no_input_delay -loops -generated_clocks
===========================================================================
checks_report_end
power_report

===========================================================================
 report_power
============================================================================
======================= Typical Corner ===================================

Group                  Internal  Switching    Leakage      Total
                          Power      Power      Power      Power (Watts)
----------------------------------------------------------------
Sequential             0.00e+00   0.00e+00   0.00e+00   0.00e+00   0.0%
Combinational          3.13e-05   3.23e-05   4.17e-10   6.36e-05 100.0%
Clock                  0.00e+00   0.00e+00   0.00e+00   0.00e+00   0.0%
Macro                  0.00e+00   0.00e+00   0.00e+00   0.00e+00   0.0%
Pad                    0.00e+00   0.00e+00   0.00e+00   0.00e+00   0.0%
----------------------------------------------------------------
Total                  3.13e-05   3.23e-05   4.17e-10   6.36e-05 100.0%
                          49.2%      50.8%       0.0%

power_report_end
summary_report

===========================================================================
report_tns
============================================================================
tns 0.00

===========================================================================
report_wns
============================================================================
wns 0.00

===========================================================================
report_worst_slack -max (Setup)
============================================================================
worst slack 3.04

===========================================================================
report_worst_slack -min (Hold)
============================================================================
worst slack 4.11
summary_report_end
check_nonpropagated_clocks
__VIRTUAL_CLK__
check_nonpropagated_clocks_end
[WARNING] Did not save OpenROAD database!
Writing SDF to '/openlane/designs/project2/runs/RUN_2025.05.04_23.06.35/results/synthesis/project2.sdf'…
