Sun May 04 23:06:35 +0000 2025 - Executing "{openroad -exit -no_init -python /openlane/scripts/odbpy/lefutil.py get_metal_layers -o /openlane/designs/project2/runs/RUN_2025.05.04_23.06.35/tmp/layers.list /home/furkan/.volare/sky130A/libs.ref/sky130_fd_sc_hd/techlef/sky130_fd_sc_hd__nom.tlef}"

Sun May 04 23:06:35 +0000 2025 - Executing "{/openlane/scripts/mergeLef.py -o /openlane/designs/project2/runs/RUN_2025.05.04_23.06.35/tmp/merged.nom.lef -i /home/furkan/.volare/sky130A/libs.ref/sky130_fd_sc_hd/techlef/sky130_fd_sc_hd__nom.tlef {/home/furkan/.volare/sky130A/libs.ref/sky130_fd_sc_hd/lef/sky130_fd_sc_hd.lef /home/furkan/.volare/sky130A/libs.ref/sky130_fd_sc_hd/lef/sky130_ef_sc_hd.lef} |& tee /dev/null}"

Sun May 04 23:06:35 +0000 2025 - Executing "{/openlane/scripts/mergeLef.py -o /openlane/designs/project2/runs/RUN_2025.05.04_23.06.35/tmp/merged.min.lef -i /home/furkan/.volare/sky130A/libs.ref/sky130_fd_sc_hd/techlef/sky130_fd_sc_hd__min.tlef {/home/furkan/.volare/sky130A/libs.ref/sky130_fd_sc_hd/lef/sky130_fd_sc_hd.lef /home/furkan/.volare/sky130A/libs.ref/sky130_fd_sc_hd/lef/sky130_ef_sc_hd.lef} |& tee /dev/null}"

Sun May 04 23:06:35 +0000 2025 - Executing "{/openlane/scripts/mergeLef.py -o /openlane/designs/project2/runs/RUN_2025.05.04_23.06.35/tmp/merged.max.lef -i /home/furkan/.volare/sky130A/libs.ref/sky130_fd_sc_hd/techlef/sky130_fd_sc_hd__max.tlef {/home/furkan/.volare/sky130A/libs.ref/sky130_fd_sc_hd/lef/sky130_fd_sc_hd.lef /home/furkan/.volare/sky130A/libs.ref/sky130_fd_sc_hd/lef/sky130_ef_sc_hd.lef} |& tee /dev/null}"

Sun May 04 23:06:35 +0000 2025 - Executing "{python3 /openlane/scripts/mergeLib.py --output /openlane/designs/project2/runs/RUN_2025.05.04_23.06.35/tmp/synthesis/merged.lib --name sky130A_merged /home/furkan/.volare/sky130A/libs.ref/sky130_fd_sc_hd/lib/sky130_fd_sc_hd__tt_025C_1v80.lib}"

Sun May 04 23:06:36 +0000 2025 - Executing "{python3 /openlane/scripts/libtrim.py --cell-file /openlane/designs/project2/runs/RUN_2025.05.04_23.06.35/tmp/synthesis/trimmed.lib.exclude.list --output /openlane/designs/project2/runs/RUN_2025.05.04_23.06.35/tmp/synthesis/trimmed.lib /openlane/designs/project2/runs/RUN_2025.05.04_23.06.35/tmp/synthesis/merged.lib}"

Sun May 04 23:06:36 +0000 2025 - Executing "{python3 /openlane/scripts/libtrim.py --cell-file /openlane/designs/project2/runs/RUN_2025.05.04_23.06.35/tmp/cts/cts.lib.exclude.list --output /openlane/designs/project2/runs/RUN_2025.05.04_23.06.35/tmp/cts/cts.lib /home/furkan/.volare/sky130A/libs.ref/sky130_fd_sc_hd/lib/sky130_fd_sc_hd__tt_025C_1v80.lib}"

Sun May 04 23:06:36 +0000 2025 - Executing "{python3 /openlane/scripts/libtrim.py --cell-file /openlane/designs/project2/runs/RUN_2025.05.04_23.06.35/tmp/cts/cts-fastest.lib.exclude.list --output /openlane/designs/project2/runs/RUN_2025.05.04_23.06.35/tmp/cts/cts-fastest.lib /home/furkan/.volare/sky130A/libs.ref/sky130_fd_sc_hd/lib/sky130_fd_sc_hd__ff_n40C_1v95.lib}"

Sun May 04 23:06:36 +0000 2025 - Executing "{python3 /openlane/scripts/libtrim.py --cell-file /openlane/designs/project2/runs/RUN_2025.05.04_23.06.35/tmp/cts/cts-slowest.lib.exclude.list --output /openlane/designs/project2/runs/RUN_2025.05.04_23.06.35/tmp/cts/cts-slowest.lib /home/furkan/.volare/sky130A/libs.ref/sky130_fd_sc_hd/lib/sky130_fd_sc_hd__ss_100C_1v60.lib}"

Sun May 04 23:06:37 +0000 2025 - Executing "{python3 /openlane/scripts/new_tracks.py -i /home/furkan/.volare/sky130A/libs.tech/openlane/sky130_fd_sc_hd/tracks.info -o /openlane/designs/project2/runs/RUN_2025.05.04_23.06.35/tmp/routing/config.tracks}"

Sun May 04 23:06:37 +0000 2025 - Executing "{echo {OpenLane e73fb3c57e687a0023fcd4dcfd1566ecd478362a} > /openlane/designs/project2/runs/RUN_2025.05.04_23.06.35/OPENLANE_COMMIT}"

Sun May 04 23:06:37 +0000 2025 - Executing "{sed -E {s/^([[:space:]]+)pg_pin(.*)/\1pin\2\n\1    direction : "inout";/g} /home/furkan/.volare/sky130A/libs.ref/sky130_fd_sc_hd/lib/sky130_fd_sc_hd__tt_025C_1v80.lib > /openlane/designs/project2/runs/RUN_2025.05.04_23.06.35/tmp/synthesis/1-sky130_fd_sc_hd__tt_025C_1v80.no_pg.lib}"

Sun May 04 23:06:37 +0000 2025 - Executing "{sed -E {s/^([[:space:]]+)pg_pin(.*)/\1pin\2\n\1    direction : "inout";/g} /openlane/designs/project2/runs/RUN_2025.05.04_23.06.35/tmp/synthesis/trimmed.lib > /openlane/designs/project2/runs/RUN_2025.05.04_23.06.35/tmp/synthesis/1-trimmed.no_pg.lib}"

Sun May 04 23:06:37 +0000 2025 - Executing "yosys -c /openlane/scripts/yosys/synth.tcl |& tee /dev/null /openlane/designs/project2/runs/RUN_2025.05.04_23.06.35/logs/synthesis/1-synthesis.log"

Sun May 04 23:06:37 +0000 2025 - Executing "{yosys -c /openlane/scripts/yosys/synth.tcl |& tee /dev/null /openlane/designs/project2/runs/RUN_2025.05.04_23.06.35/logs/synthesis/1-synthesis.log}"

Sun May 04 23:06:38 +0000 2025 - Executing "{sed -i.bak -e {s/\(set ::env(CURRENT_NETLIST)\).*/\1 \/openlane\/designs\/project2\/runs\/RUN_2025.05.04_23.06.35\/results\/synthesis\/project2.v/} /openlane/designs/project2/runs/RUN_2025.05.04_23.06.35/config.tcl}"

Sun May 04 23:06:38 +0000 2025 - Executing "{sed -i.bak /defparam/d /openlane/designs/project2/runs/RUN_2025.05.04_23.06.35/results/synthesis/project2.v}"

Sun May 04 23:06:38 +0000 2025 - Executing "sta -exit -no_init /openlane/scripts/openroad/sta/multi_corner.tcl |& tee /dev/null /openlane/designs/project2/runs/RUN_2025.05.04_23.06.35/logs/synthesis/2-sta.log"

Sun May 04 23:06:38 +0000 2025 - Executing "{sta -exit -no_init /openlane/scripts/openroad/sta/multi_corner.tcl |& tee /dev/null /openlane/designs/project2/runs/RUN_2025.05.04_23.06.35/logs/synthesis/2-sta.log}"

Sun May 04 23:06:38 +0000 2025 - Executing "openroad -exit /openlane/scripts/openroad/floorplan.tcl |& tee /dev/null /openlane/designs/project2/runs/RUN_2025.05.04_23.06.35/logs/floorplan/3-initial_fp.log"

Sun May 04 23:06:38 +0000 2025 - Executing "{openroad -exit /openlane/scripts/openroad/floorplan.tcl |& tee /dev/null /openlane/designs/project2/runs/RUN_2025.05.04_23.06.35/logs/floorplan/3-initial_fp.log}"

Sun May 04 23:06:39 +0000 2025 - Executing "{openroad -exit -no_init -python /openlane/scripts/odbpy/snap_to_grid.py --output /openlane/designs/project2/runs/RUN_2025.05.04_23.06.35/tmp/floorplan/3-minimized_pdn.txt --input-lef /openlane/designs/project2/runs/RUN_2025.05.04_23.06.35/tmp/merged.nom.lef 9.9475 9.860000000000001 19.895 19.720000000000002}"

Sun May 04 23:06:39 +0000 2025 - Executing "{openroad -exit -no_init -python /openlane/scripts/odbpy/defutil.py extract_core_dims --output-data /openlane/designs/project2/runs/RUN_2025.05.04_23.06.35/tmp/dimensions.txt --input-lef /openlane/designs/project2/runs/RUN_2025.05.04_23.06.35/tmp/merged.nom.lef /openlane/designs/project2/runs/RUN_2025.05.04_23.06.35/tmp/floorplan/3-initial_fp.def}"

Sun May 04 23:06:39 +0000 2025 - Executing "openroad -exit /openlane/scripts/openroad/ioplacer.tcl |& tee /dev/null /openlane/designs/project2/runs/RUN_2025.05.04_23.06.35/logs/floorplan/4-io.log"

Sun May 04 23:06:39 +0000 2025 - Executing "{openroad -exit /openlane/scripts/openroad/ioplacer.tcl |& tee /dev/null /openlane/designs/project2/runs/RUN_2025.05.04_23.06.35/logs/floorplan/4-io.log}"

Sun May 04 23:06:40 +0000 2025 - Executing "openroad -exit /openlane/scripts/openroad/tapcell.tcl |& tee /dev/null /openlane/designs/project2/runs/RUN_2025.05.04_23.06.35/logs/floorplan/5-tap.log"

Sun May 04 23:06:40 +0000 2025 - Executing "{openroad -exit /openlane/scripts/openroad/tapcell.tcl |& tee /dev/null /openlane/designs/project2/runs/RUN_2025.05.04_23.06.35/logs/floorplan/5-tap.log}"

Sun May 04 23:06:40 +0000 2025 - Executing "openroad -exit /openlane/scripts/openroad/pdn.tcl |& tee /dev/null /openlane/designs/project2/runs/RUN_2025.05.04_23.06.35/logs/floorplan/6-pdn.log"

Sun May 04 23:06:40 +0000 2025 - Executing "{openroad -exit /openlane/scripts/openroad/pdn.tcl |& tee /dev/null /openlane/designs/project2/runs/RUN_2025.05.04_23.06.35/logs/floorplan/6-pdn.log}"

Sun May 04 23:06:41 +0000 2025 - Executing "openroad -exit /openlane/scripts/openroad/gpl.tcl |& tee /dev/null /openlane/designs/project2/runs/RUN_2025.05.04_23.06.35/logs/placement/6-global_skip_io.log"

Sun May 04 23:06:41 +0000 2025 - Executing "{openroad -exit /openlane/scripts/openroad/gpl.tcl |& tee /dev/null /openlane/designs/project2/runs/RUN_2025.05.04_23.06.35/logs/placement/6-global_skip_io.log}"

Sun May 04 23:06:41 +0000 2025 - Executing "{sed -i.bak -e {s/\(set ::env(CURRENT_NETLIST)\).*/\1 \/openlane\/designs\/project2\/runs\/RUN_2025.05.04_23.06.35\/tmp\/placement\/7-global_skip_io.nl.v/} /openlane/designs/project2/runs/RUN_2025.05.04_23.06.35/config.tcl}"

Sun May 04 23:06:41 +0000 2025 - Executing "openroad -exit /openlane/scripts/openroad/sta/multi_corner.tcl |& tee /dev/null /openlane/designs/project2/runs/RUN_2025.05.04_23.06.35/logs/placement/8-gpl_sta.log"

Sun May 04 23:06:41 +0000 2025 - Executing "{openroad -exit /openlane/scripts/openroad/sta/multi_corner.tcl |& tee /dev/null /openlane/designs/project2/runs/RUN_2025.05.04_23.06.35/logs/placement/8-gpl_sta.log}"

Sun May 04 23:06:42 +0000 2025 - Executing "openroad -exit /openlane/scripts/openroad/ioplacer.tcl |& tee /dev/null /openlane/designs/project2/runs/RUN_2025.05.04_23.06.35/logs/placement/9-io.log"

Sun May 04 23:06:42 +0000 2025 - Executing "{openroad -exit /openlane/scripts/openroad/ioplacer.tcl |& tee /dev/null /openlane/designs/project2/runs/RUN_2025.05.04_23.06.35/logs/placement/9-io.log}"

Sun May 04 23:06:42 +0000 2025 - Executing "openroad -exit /openlane/scripts/openroad/gpl.tcl |& tee /dev/null /openlane/designs/project2/runs/RUN_2025.05.04_23.06.35/logs/placement/9-global.log"

Sun May 04 23:06:42 +0000 2025 - Executing "{openroad -exit /openlane/scripts/openroad/gpl.tcl |& tee /dev/null /openlane/designs/project2/runs/RUN_2025.05.04_23.06.35/logs/placement/9-global.log}"

Sun May 04 23:06:43 +0000 2025 - Executing "{sed -i.bak -e {s/\(set ::env(CURRENT_NETLIST)\).*/\1 \/openlane\/designs\/project2\/runs\/RUN_2025.05.04_23.06.35\/tmp\/placement\/10-global.nl.v/} /openlane/designs/project2/runs/RUN_2025.05.04_23.06.35/config.tcl}"

Sun May 04 23:06:43 +0000 2025 - Executing "openroad -exit /openlane/scripts/openroad/sta/multi_corner.tcl |& tee /dev/null /openlane/designs/project2/runs/RUN_2025.05.04_23.06.35/logs/placement/11-gpl_sta.log"

Sun May 04 23:06:43 +0000 2025 - Executing "{openroad -exit /openlane/scripts/openroad/sta/multi_corner.tcl |& tee /dev/null /openlane/designs/project2/runs/RUN_2025.05.04_23.06.35/logs/placement/11-gpl_sta.log}"

Sun May 04 23:06:43 +0000 2025 - Executing "openroad -exit /openlane/scripts/openroad/resizer.tcl |& tee /dev/null /openlane/designs/project2/runs/RUN_2025.05.04_23.06.35/logs/placement/12-resizer.log"

Sun May 04 23:06:43 +0000 2025 - Executing "{openroad -exit /openlane/scripts/openroad/resizer.tcl |& tee /dev/null /openlane/designs/project2/runs/RUN_2025.05.04_23.06.35/logs/placement/12-resizer.log}"

Sun May 04 23:06:45 +0000 2025 - Executing "{sed -i.bak -e {s/\(set ::env(CURRENT_NETLIST)\).*/\1 \/openlane\/designs\/project2\/runs\/RUN_2025.05.04_23.06.35\/tmp\/placement\/12-resizer.nl.v/} /openlane/designs/project2/runs/RUN_2025.05.04_23.06.35/config.tcl}"

Sun May 04 23:06:45 +0000 2025 - Executing "openroad -exit /openlane/scripts/openroad/dpl.tcl |& tee /dev/null /openlane/designs/project2/runs/RUN_2025.05.04_23.06.35/logs/placement/13-detailed.log"

Sun May 04 23:06:45 +0000 2025 - Executing "{openroad -exit /openlane/scripts/openroad/dpl.tcl |& tee /dev/null /openlane/designs/project2/runs/RUN_2025.05.04_23.06.35/logs/placement/13-detailed.log}"

Sun May 04 23:06:46 +0000 2025 - Executing "{sed -i.bak -e {s/\(set ::env(CURRENT_NETLIST)\).*/\1 \/openlane\/designs\/project2\/runs\/RUN_2025.05.04_23.06.35\/results\/placement\/project2.nl.v/} /openlane/designs/project2/runs/RUN_2025.05.04_23.06.35/config.tcl}"

Sun May 04 23:06:46 +0000 2025 - Executing "openroad -exit /openlane/scripts/openroad/sta/multi_corner.tcl |& tee /dev/null /openlane/designs/project2/runs/RUN_2025.05.04_23.06.35/logs/placement/14-dpl_sta.log"

Sun May 04 23:06:46 +0000 2025 - Executing "{openroad -exit /openlane/scripts/openroad/sta/multi_corner.tcl |& tee /dev/null /openlane/designs/project2/runs/RUN_2025.05.04_23.06.35/logs/placement/14-dpl_sta.log}"

Sun May 04 23:06:46 +0000 2025 - Executing "openroad -exit /openlane/scripts/openroad/resizer_timing.tcl |& tee /dev/null /openlane/designs/project2/runs/RUN_2025.05.04_23.06.35/logs/cts/15-resizer.log"

Sun May 04 23:06:46 +0000 2025 - Executing "{openroad -exit /openlane/scripts/openroad/resizer_timing.tcl |& tee /dev/null /openlane/designs/project2/runs/RUN_2025.05.04_23.06.35/logs/cts/15-resizer.log}"

Sun May 04 23:06:48 +0000 2025 - Executing "{sed -i.bak -e {s/\(set ::env(CURRENT_NETLIST)\).*/\1 \/openlane\/designs\/project2\/runs\/RUN_2025.05.04_23.06.35\/tmp\/cts\/15-project2.resized.nl.v/} /openlane/designs/project2/runs/RUN_2025.05.04_23.06.35/config.tcl}"

Sun May 04 23:06:48 +0000 2025 - Executing "openroad -exit /openlane/scripts/openroad/resizer_routing_design.tcl |& tee /dev/null /openlane/designs/project2/runs/RUN_2025.05.04_23.06.35/logs/routing/16-resizer_design.log"

Sun May 04 23:06:48 +0000 2025 - Executing "{openroad -exit /openlane/scripts/openroad/resizer_routing_design.tcl |& tee /dev/null /openlane/designs/project2/runs/RUN_2025.05.04_23.06.35/logs/routing/16-resizer_design.log}"

Sun May 04 23:06:49 +0000 2025 - Executing "{sed -i.bak -e {s/\(set ::env(CURRENT_NETLIST)\).*/\1 \/openlane\/designs\/project2\/runs\/RUN_2025.05.04_23.06.35\/tmp\/16-project2.nl.v/} /openlane/designs/project2/runs/RUN_2025.05.04_23.06.35/config.tcl}"

Sun May 04 23:06:50 +0000 2025 - Executing "openroad -exit /openlane/scripts/openroad/sta/multi_corner.tcl |& tee /dev/null /openlane/designs/project2/runs/RUN_2025.05.04_23.06.35/logs/routing/17-rsz_design_sta.log"

Sun May 04 23:06:50 +0000 2025 - Executing "{openroad -exit /openlane/scripts/openroad/sta/multi_corner.tcl |& tee /dev/null /openlane/designs/project2/runs/RUN_2025.05.04_23.06.35/logs/routing/17-rsz_design_sta.log}"

Sun May 04 23:06:50 +0000 2025 - Executing "openroad -exit /openlane/scripts/openroad/resizer_routing_timing.tcl |& tee /dev/null /openlane/designs/project2/runs/RUN_2025.05.04_23.06.35/logs/routing/18-resizer_timing.log"

Sun May 04 23:06:50 +0000 2025 - Executing "{openroad -exit /openlane/scripts/openroad/resizer_routing_timing.tcl |& tee /dev/null /openlane/designs/project2/runs/RUN_2025.05.04_23.06.35/logs/routing/18-resizer_timing.log}"

Sun May 04 23:06:51 +0000 2025 - Executing "{sed -i.bak -e {s/\(set ::env(CURRENT_NETLIST)\).*/\1 \/openlane\/designs\/project2\/runs\/RUN_2025.05.04_23.06.35\/tmp\/18-project2.nl.v/} /openlane/designs/project2/runs/RUN_2025.05.04_23.06.35/config.tcl}"

Sun May 04 23:06:52 +0000 2025 - Executing "openroad -exit /openlane/scripts/openroad/sta/multi_corner.tcl |& tee /dev/null /openlane/designs/project2/runs/RUN_2025.05.04_23.06.35/logs/routing/19-rsz_timing_sta.log"

Sun May 04 23:06:52 +0000 2025 - Executing "{openroad -exit /openlane/scripts/openroad/sta/multi_corner.tcl |& tee /dev/null /openlane/designs/project2/runs/RUN_2025.05.04_23.06.35/logs/routing/19-rsz_timing_sta.log}"

Sun May 04 23:06:52 +0000 2025 - Executing "openroad -exit /openlane/scripts/openroad/repair_antennas.tcl |& tee /dev/null /openlane/designs/project2/runs/RUN_2025.05.04_23.06.35/logs/routing/20-global.log"

Sun May 04 23:06:52 +0000 2025 - Executing "{openroad -exit /openlane/scripts/openroad/repair_antennas.tcl |& tee /dev/null /openlane/designs/project2/runs/RUN_2025.05.04_23.06.35/logs/routing/20-global.log}"

Sun May 04 23:06:53 +0000 2025 - Executing "openroad -exit /openlane/scripts/openroad/write_views.tcl |& tee /dev/null /openlane/designs/project2/runs/RUN_2025.05.04_23.06.35/logs/routing/20-global_write_netlist.log"

Sun May 04 23:06:53 +0000 2025 - Executing "{openroad -exit /openlane/scripts/openroad/write_views.tcl |& tee /dev/null /openlane/designs/project2/runs/RUN_2025.05.04_23.06.35/logs/routing/20-global_write_netlist.log}"

Sun May 04 23:06:53 +0000 2025 - Executing "{sed -i.bak -e {s/\(set ::env(CURRENT_NETLIST)\).*/\1 \/openlane\/designs\/project2\/runs\/RUN_2025.05.04_23.06.35\/tmp\/routing\/global.nl.v/} /openlane/designs/project2/runs/RUN_2025.05.04_23.06.35/config.tcl}"

Sun May 04 23:06:53 +0000 2025 - Executing "openroad -exit /openlane/scripts/openroad/sta/multi_corner.tcl |& tee /dev/null /openlane/designs/project2/runs/RUN_2025.05.04_23.06.35/logs/routing/22-grt_sta.log"

Sun May 04 23:06:53 +0000 2025 - Executing "{openroad -exit /openlane/scripts/openroad/sta/multi_corner.tcl |& tee /dev/null /openlane/designs/project2/runs/RUN_2025.05.04_23.06.35/logs/routing/22-grt_sta.log}"

Sun May 04 23:06:54 +0000 2025 - Executing "openroad -exit /openlane/scripts/openroad/fill.tcl |& tee /dev/null /openlane/designs/project2/runs/RUN_2025.05.04_23.06.35/logs/routing/23-fill.log"

Sun May 04 23:06:54 +0000 2025 - Executing "{openroad -exit /openlane/scripts/openroad/fill.tcl |& tee /dev/null /openlane/designs/project2/runs/RUN_2025.05.04_23.06.35/logs/routing/23-fill.log}"

Sun May 04 23:06:54 +0000 2025 - Executing "{sed -i.bak -e {s/\(set ::env(CURRENT_NETLIST)\).*/\1 \/openlane\/designs\/project2\/runs\/RUN_2025.05.04_23.06.35\/tmp\/routing\/23-fill.nl.v/} /openlane/designs/project2/runs/RUN_2025.05.04_23.06.35/config.tcl}"

Sun May 04 23:06:54 +0000 2025 - Executing "openroad -exit -metrics /openlane/designs/project2/runs/RUN_2025.05.04_23.06.35/reports/routing/24-drt_metrics.json /openlane/scripts/openroad/droute.tcl |& tee /dev/null /openlane/designs/project2/runs/RUN_2025.05.04_23.06.35/logs/routing/24-detailed.log"

Sun May 04 23:06:54 +0000 2025 - Executing "{openroad -exit -metrics /openlane/designs/project2/runs/RUN_2025.05.04_23.06.35/reports/routing/24-drt_metrics.json /openlane/scripts/openroad/droute.tcl |& tee /dev/null /openlane/designs/project2/runs/RUN_2025.05.04_23.06.35/logs/routing/24-detailed.log}"

Sun May 04 23:07:04 +0000 2025 - Executing "{sed -i.bak -e {s/\(set ::env(CURRENT_NETLIST)\).*/\1 \/openlane\/designs\/project2\/runs\/RUN_2025.05.04_23.06.35\/results\/routing\/project2.nl.v/} /openlane/designs/project2/runs/RUN_2025.05.04_23.06.35/config.tcl}"

Sun May 04 23:07:04 +0000 2025 - Executing "{python3 /openlane/scripts/drc_rosetta.py tr to_klayout -o /openlane/designs/project2/runs/RUN_2025.05.04_23.06.35/reports/routing/drt.klayout.xml --design-name project2 /openlane/designs/project2/runs/RUN_2025.05.04_23.06.35/reports/routing/drt.drc}"

Sun May 04 23:07:04 +0000 2025 - Executing "{openroad -exit -no_init -python /openlane/scripts/odbpy/wire_lengths.py --report-out /openlane/designs/project2/runs/RUN_2025.05.04_23.06.35/reports/routing/25-wire_lengths.csv --input-lef /openlane/designs/project2/runs/RUN_2025.05.04_23.06.35/tmp/merged.nom.lef --output-def /openlane/designs/project2/runs/RUN_2025.05.04_23.06.35/results/routing/project2.def --output /openlane/designs/project2/runs/RUN_2025.05.04_23.06.35/results/routing/project2.odb /openlane/designs/project2/runs/RUN_2025.05.04_23.06.35/results/routing/project2.odb |& tee /dev/null /openlane/designs/project2/runs/RUN_2025.05.04_23.06.35/logs/routing/25-wire_lengths.log}"

Sun May 04 23:07:04 +0000 2025 - Executing "openroad -exit /openlane/scripts/openroad/rcx.tcl |& tee /dev/null /openlane/designs/project2/runs/RUN_2025.05.04_23.06.35/logs/signoff/26-parasitics_extraction.min.log"

Sun May 04 23:07:04 +0000 2025 - Executing "{openroad -exit /openlane/scripts/openroad/rcx.tcl |& tee /dev/null /openlane/designs/project2/runs/RUN_2025.05.04_23.06.35/logs/signoff/26-parasitics_extraction.min.log}"

Sun May 04 23:07:03 +0000 2025 - Executing "sta -exit -no_init /openlane/scripts/openroad/sta/multi_corner.tcl |& tee /dev/null /openlane/designs/project2/runs/RUN_2025.05.04_23.06.35/logs/signoff/27-rcx_mcsta.min.log"

Sun May 04 23:07:03 +0000 2025 - Executing "{sta -exit -no_init /openlane/scripts/openroad/sta/multi_corner.tcl |& tee /dev/null /openlane/designs/project2/runs/RUN_2025.05.04_23.06.35/logs/signoff/27-rcx_mcsta.min.log}"

Sun May 04 23:07:05 +0000 2025 - Executing "openroad -exit /openlane/scripts/openroad/rcx.tcl |& tee /dev/null /openlane/designs/project2/runs/RUN_2025.05.04_23.06.35/logs/signoff/28-parasitics_extraction.max.log"

Sun May 04 23:07:05 +0000 2025 - Executing "{openroad -exit /openlane/scripts/openroad/rcx.tcl |& tee /dev/null /openlane/designs/project2/runs/RUN_2025.05.04_23.06.35/logs/signoff/28-parasitics_extraction.max.log}"

Sun May 04 23:07:05 +0000 2025 - Executing "sta -exit -no_init /openlane/scripts/openroad/sta/multi_corner.tcl |& tee /dev/null /openlane/designs/project2/runs/RUN_2025.05.04_23.06.35/logs/signoff/29-rcx_mcsta.max.log"

Sun May 04 23:07:05 +0000 2025 - Executing "{sta -exit -no_init /openlane/scripts/openroad/sta/multi_corner.tcl |& tee /dev/null /openlane/designs/project2/runs/RUN_2025.05.04_23.06.35/logs/signoff/29-rcx_mcsta.max.log}"

Sun May 04 23:07:07 +0000 2025 - Executing "openroad -exit /openlane/scripts/openroad/rcx.tcl |& tee /dev/null /openlane/designs/project2/runs/RUN_2025.05.04_23.06.35/logs/signoff/30-parasitics_extraction.nom.log"

Sun May 04 23:07:07 +0000 2025 - Executing "{openroad -exit /openlane/scripts/openroad/rcx.tcl |& tee /dev/null /openlane/designs/project2/runs/RUN_2025.05.04_23.06.35/logs/signoff/30-parasitics_extraction.nom.log}"

Sun May 04 23:07:07 +0000 2025 - Executing "sta -exit -no_init /openlane/scripts/openroad/sta/multi_corner.tcl |& tee /dev/null /openlane/designs/project2/runs/RUN_2025.05.04_23.06.35/logs/signoff/31-rcx_mcsta.nom.log"

Sun May 04 23:07:07 +0000 2025 - Executing "{sta -exit -no_init /openlane/scripts/openroad/sta/multi_corner.tcl |& tee /dev/null /openlane/designs/project2/runs/RUN_2025.05.04_23.06.35/logs/signoff/31-rcx_mcsta.nom.log}"

Sun May 04 23:07:09 +0000 2025 - Executing "openroad -exit /openlane/scripts/openroad/irdrop.tcl |& tee /dev/null /openlane/designs/project2/runs/RUN_2025.05.04_23.06.35/logs/signoff/32-irdrop.log"

Sun May 04 23:07:09 +0000 2025 - Executing "{openroad -exit /openlane/scripts/openroad/irdrop.tcl |& tee /dev/null /openlane/designs/project2/runs/RUN_2025.05.04_23.06.35/logs/signoff/32-irdrop.log}"

Sun May 04 23:07:09 +0000 2025 - Executing "magic -noconsole -dnull -rcfile /home/furkan/.volare/sky130A/libs.tech/magic/sky130A.magicrc < /openlane/scripts/magic/wrapper.tcl |& tee /dev/null /openlane/designs/project2/runs/RUN_2025.05.04_23.06.35/logs/signoff/33-gdsii.log"

Sun May 04 23:07:09 +0000 2025 - Executing "{magic -noconsole -dnull -rcfile /home/furkan/.volare/sky130A/libs.tech/magic/sky130A.magicrc < /openlane/scripts/magic/wrapper.tcl |& tee /dev/null /openlane/designs/project2/runs/RUN_2025.05.04_23.06.35/logs/signoff/33-gdsii.log}"

Sun May 04 23:07:10 +0000 2025 - Executing "magic -noconsole -dnull -rcfile /home/furkan/.volare/sky130A/libs.tech/magic/sky130A.magicrc < /openlane/scripts/magic/wrapper.tcl |& tee /dev/null /openlane/designs/project2/runs/RUN_2025.05.04_23.06.35/logs/signoff/33-gds_ptrs.log"

Sun May 04 23:07:10 +0000 2025 - Executing "{magic -noconsole -dnull -rcfile /home/furkan/.volare/sky130A/libs.tech/magic/sky130A.magicrc < /openlane/scripts/magic/wrapper.tcl |& tee /dev/null /openlane/designs/project2/runs/RUN_2025.05.04_23.06.35/logs/signoff/33-gds_ptrs.log}"

Sun May 04 23:07:10 +0000 2025 - Executing "{sed -i.bak -n {/^<< properties >>/,/^<< end >>/p} /openlane/designs/project2/runs/RUN_2025.05.04_23.06.35/tmp/signoff/gds_ptrs.mag}"

Sun May 04 23:07:10 +0000 2025 - Executing "magic -noconsole -dnull -rcfile /home/furkan/.volare/sky130A/libs.tech/magic/sky130A.magicrc < /openlane/scripts/magic/wrapper.tcl |& tee /dev/null /openlane/designs/project2/runs/RUN_2025.05.04_23.06.35/logs/signoff/33-lef.log"

Sun May 04 23:07:10 +0000 2025 - Executing "{magic -noconsole -dnull -rcfile /home/furkan/.volare/sky130A/libs.tech/magic/sky130A.magicrc < /openlane/scripts/magic/wrapper.tcl |& tee /dev/null /openlane/designs/project2/runs/RUN_2025.05.04_23.06.35/logs/signoff/33-lef.log}"

Sun May 04 23:07:10 +0000 2025 - Executing "magic -noconsole -dnull -rcfile /home/furkan/.volare/sky130A/libs.tech/magic/sky130A.magicrc < /openlane/scripts/magic/wrapper.tcl |& tee /dev/null /openlane/designs/project2/runs/RUN_2025.05.04_23.06.35/logs/signoff/33-maglef.log"

Sun May 04 23:07:10 +0000 2025 - Executing "{magic -noconsole -dnull -rcfile /home/furkan/.volare/sky130A/libs.tech/magic/sky130A.magicrc < /openlane/scripts/magic/wrapper.tcl |& tee /dev/null /openlane/designs/project2/runs/RUN_2025.05.04_23.06.35/logs/signoff/33-maglef.log}"

Sun May 04 23:07:11 +0000 2025 - Executing "{python3 /openlane/scripts/klayout/stream_out.py --output /openlane/designs/project2/runs/RUN_2025.05.04_23.06.35/results/signoff/project2.klayout.gds --lyt /home/furkan/.volare/sky130A/libs.tech/klayout/tech/sky130A.lyt --lym /home/furkan/.volare/sky130A/libs.tech/klayout/tech/sky130A.map --lyp /home/furkan/.volare/sky130A/libs.tech/klayout/tech/sky130A.lyp --top project2 --with-gds-file /home/furkan/.volare/sky130A/libs.ref/sky130_fd_sc_hd/gds/sky130_fd_sc_hd.gds --input-lef /openlane/designs/project2/runs/RUN_2025.05.04_23.06.35/tmp/merged.nom.lef /openlane/designs/project2/runs/RUN_2025.05.04_23.06.35/results/routing/project2.def |& tee /dev/null /openlane/designs/project2/runs/RUN_2025.05.04_23.06.35/logs/signoff/34-gdsii-klayout.log}"

Sun May 04 23:07:11 +0000 2025 - Executing "{klayout -b -r /openlane/scripts/klayout/xor.drc -rd a=/openlane/designs/project2/runs/RUN_2025.05.04_23.06.35/results/signoff/project2.gds -rd b=/openlane/designs/project2/runs/RUN_2025.05.04_23.06.35/results/signoff/project2.klayout.gds -rd jobs=1 -rd rdb_out=/openlane/designs/project2/runs/RUN_2025.05.04_23.06.35/reports/signoff/35-xor.xml -rd ignore=81/14 -rd rpt_out=/openlane/designs/project2/runs/RUN_2025.05.04_23.06.35/reports/signoff/35-xor.rpt |& tee /dev/null /openlane/designs/project2/runs/RUN_2025.05.04_23.06.35/logs/signoff/35-xor.log}"

Sun May 04 23:07:12 +0000 2025 - Executing "magic -noconsole -dnull -rcfile /home/furkan/.volare/sky130A/libs.tech/magic/sky130A.magicrc < /openlane/scripts/magic/wrapper.tcl |& tee /dev/null /openlane/designs/project2/runs/RUN_2025.05.04_23.06.35/logs/signoff/36-spice.log"

Sun May 04 23:07:12 +0000 2025 - Executing "{magic -noconsole -dnull -rcfile /home/furkan/.volare/sky130A/libs.tech/magic/sky130A.magicrc < /openlane/scripts/magic/wrapper.tcl |& tee /dev/null /openlane/designs/project2/runs/RUN_2025.05.04_23.06.35/logs/signoff/36-spice.log}"

Sun May 04 23:07:12 +0000 2025 - Executing "{openroad -exit -no_init -python /openlane/scripts/odbpy/power_utils.py write_powered_def --output /openlane/designs/project2/runs/RUN_2025.05.04_23.06.35/tmp/signoff/36-project2.p.def --input-lef /openlane/designs/project2/runs/RUN_2025.05.04_23.06.35/tmp/merged.nom.lef --power-port VPWR --ground-port VGND --powered-netlist {} /openlane/designs/project2/runs/RUN_2025.05.04_23.06.35/results/routing/project2.def |& tee /dev/null /openlane/designs/project2/runs/RUN_2025.05.04_23.06.35/logs/signoff/37-write_powered_def.log}"

Sun May 04 23:07:12 +0000 2025 - Executing "openroad -exit /openlane/scripts/openroad/write_views.tcl |& tee /dev/null /openlane/designs/project2/runs/RUN_2025.05.04_23.06.35/logs/signoff/37-write_powered_verilog.log"

Sun May 04 23:07:12 +0000 2025 - Executing "{openroad -exit /openlane/scripts/openroad/write_views.tcl |& tee /dev/null /openlane/designs/project2/runs/RUN_2025.05.04_23.06.35/logs/signoff/37-write_powered_verilog.log}"

Sun May 04 23:07:13 +0000 2025 - Executing "{sed -i.bak -e {s/\(set ::env(CURRENT_NETLIST)\).*/\1 \/openlane\/designs\/project2\/runs\/RUN_2025.05.04_23.06.35\/tmp\/signoff\/36-project2.nl.v/} /openlane/designs/project2/runs/RUN_2025.05.04_23.06.35/config.tcl}"

Sun May 04 23:07:13 +0000 2025 - Executing "{netgen -batch source /openlane/designs/project2/runs/RUN_2025.05.04_23.06.35/tmp/signoff/39-setup_file.lef.lvs |& tee /dev/null /openlane/designs/project2/runs/RUN_2025.05.04_23.06.35/logs/signoff/39-lvs.lef.log}"

Sun May 04 23:07:13 +0000 2025 - Executing "magic -noconsole -dnull -rcfile /home/furkan/.volare/sky130A/libs.tech/magic/sky130A.magicrc < /openlane/scripts/magic/wrapper.tcl |& tee /dev/null /openlane/designs/project2/runs/RUN_2025.05.04_23.06.35/logs/signoff/40-drc.log"

Sun May 04 23:07:13 +0000 2025 - Executing "{magic -noconsole -dnull -rcfile /home/furkan/.volare/sky130A/libs.tech/magic/sky130A.magicrc < /openlane/scripts/magic/wrapper.tcl |& tee /dev/null /openlane/designs/project2/runs/RUN_2025.05.04_23.06.35/logs/signoff/40-drc.log}"

Sun May 04 23:07:14 +0000 2025 - Executing "{python3 /openlane/scripts/drc_rosetta.py magic to_tcl -o /openlane/designs/project2/runs/RUN_2025.05.04_23.06.35/reports/signoff/drc.tcl /openlane/designs/project2/runs/RUN_2025.05.04_23.06.35/reports/signoff/drc.rpt}"

Sun May 04 23:07:14 +0000 2025 - Executing "{python3 /openlane/scripts/drc_rosetta.py magic to_tr -o /openlane/designs/project2/runs/RUN_2025.05.04_23.06.35/reports/signoff/drc.tr /openlane/designs/project2/runs/RUN_2025.05.04_23.06.35/reports/signoff/drc.rpt}"

Sun May 04 23:07:14 +0000 2025 - Executing "{python3 /openlane/scripts/drc_rosetta.py tr to_klayout -o /openlane/designs/project2/runs/RUN_2025.05.04_23.06.35/reports/signoff/drc.klayout.xml --design-name project2 /openlane/designs/project2/runs/RUN_2025.05.04_23.06.35/reports/signoff/drc.tr}"

Sun May 04 23:07:14 +0000 2025 - Executing "{python3 /openlane/scripts/drc_rosetta.py magic to_rdb -o /openlane/designs/project2/runs/RUN_2025.05.04_23.06.35/reports/signoff/drc.rdb /openlane/designs/project2/runs/RUN_2025.05.04_23.06.35/reports/signoff/drc.rpt}"

Sun May 04 23:07:14 +0000 2025 - Executing "{klayout -b -zz -r /home/furkan/.volare/sky130A/libs.tech/klayout/drc/sky130A_mr.drc -rd topcell=project2 -rd input=/openlane/designs/project2/runs/RUN_2025.05.04_23.06.35/results/signoff/project2.gds -rd report=/openlane/designs/project2/runs/RUN_2025.05.04_23.06.35/reports/signoff/violations.xml -rd feol=true -rd beol=true -rd floating_metal=false -rd seal=true -rd thread=1 |& tee /dev/null /openlane/designs/project2/runs/RUN_2025.05.04_23.06.35/logs/signoff/41-drc-klayout.log}"

Sun May 04 23:07:16 +0000 2025 - Executing "{python3 /openlane/scripts/klayout/xml_drc_report_to_json.py --xml-file /openlane/designs/project2/runs/RUN_2025.05.04_23.06.35/reports/signoff/violations.xml --json-file /openlane/designs/project2/runs/RUN_2025.05.04_23.06.35/reports/signoff/violations.json}"

Sun May 04 23:07:16 +0000 2025 - Executing "openroad -exit /openlane/scripts/openroad/antenna_check.tcl |& tee /dev/null /openlane/designs/project2/runs/RUN_2025.05.04_23.06.35/logs/signoff/42-arc.log"

Sun May 04 23:07:16 +0000 2025 - Executing "{openroad -exit /openlane/scripts/openroad/antenna_check.tcl |& tee /dev/null /openlane/designs/project2/runs/RUN_2025.05.04_23.06.35/logs/signoff/42-arc.log}"

Sun May 04 23:07:16 +0000 2025 - Executing "{python3 /openlane/scripts/extract_antenna_violators.py --output /openlane/designs/project2/runs/RUN_2025.05.04_23.06.35/reports/signoff/42-antenna_violators.rpt --plain-out /openlane/designs/project2/runs/RUN_2025.05.04_23.06.35/reports/signoff/42-antenna_violators_pins.txt /openlane/designs/project2/runs/RUN_2025.05.04_23.06.35/logs/signoff/42-arc.log}"

Sun May 04 23:07:16 +0000 2025 - Executing "{python3 /openlane/scripts/write_runtime.py --conclude --seconds --time-in 1746400036 {flow completed}}"

Sun May 04 23:07:16 +0000 2025 - Executing "{python3 /openlane/scripts/generate_reports.py -d /openlane/designs/project2 --design_name project2 --tag RUN_2025.05.04_23.06.35 --output_file /openlane/designs/project2/runs/RUN_2025.05.04_23.06.35/reports/metrics.csv --man_report /openlane/designs/project2/runs/RUN_2025.05.04_23.06.35/reports/manufacturability.rpt --run_path /openlane/designs/project2/runs/RUN_2025.05.04_23.06.35}"

