
===========================================================================
report_checks -unconstrained
===========================================================================
======================= Typical Corner ===================================

Startpoint: opcode[0] (input port clocked by __VIRTUAL_CLK__)
Endpoint: out[7] (output port clocked by __VIRTUAL_CLK__)
Path Group: __VIRTUAL_CLK__
Path Type: max

Fanout     Cap    Slew   Delay    Time   Description
-----------------------------------------------------------------------------
                  0.00    0.00    0.00   clock __VIRTUAL_CLK__ (rise edge)
                          0.00    0.00   clock network delay (ideal)
                          2.00    2.00 ^ input external delay
     6    0.01    0.07    0.05    2.05 ^ opcode[0] (in)
                                         opcode[0] (net)
                  0.07    0.00    2.05 ^ _131_/C_N (sky130_fd_sc_hd__or3b_2)
     1    0.00    0.07    0.45    2.50 v _131_/X (sky130_fd_sc_hd__or3b_2)
                                         _062_ (net)
                  0.07    0.00    2.50 v _132_/A (sky130_fd_sc_hd__buf_1)
    10    0.03    0.16    0.22    2.71 v _132_/X (sky130_fd_sc_hd__buf_1)
                                         _063_ (net)
                  0.16    0.00    2.71 v _181_/B1 (sky130_fd_sc_hd__o21a_2)
     2    0.01    0.04    0.18    2.89 v _181_/X (sky130_fd_sc_hd__o21a_2)
                                         _109_ (net)
                  0.04    0.00    2.89 v _183_/B (sky130_fd_sc_hd__and2_2)
     2    0.01    0.04    0.20    3.09 v _183_/X (sky130_fd_sc_hd__and2_2)
                                         _111_ (net)
                  0.04    0.00    3.09 v _185_/C (sky130_fd_sc_hd__or3_2)
     1    0.00    0.07    0.41    3.50 v _185_/X (sky130_fd_sc_hd__or3_2)
                                         _000_ (net)
                  0.07    0.00    3.50 v _186_/B (sky130_fd_sc_hd__and2_2)
     3    0.02    0.07    0.24    3.75 v _186_/X (sky130_fd_sc_hd__and2_2)
                                         _001_ (net)
                  0.07    0.00    3.75 v _216_/A1 (sky130_fd_sc_hd__a31o_2)
     2    0.01    0.06    0.24    3.99 v _216_/X (sky130_fd_sc_hd__a31o_2)
                                         _029_ (net)
                  0.06    0.00    3.99 v _224_/A2 (sky130_fd_sc_hd__a21o_2)
     1    0.01    0.05    0.24    4.23 v _224_/X (sky130_fd_sc_hd__a21o_2)
                                         _036_ (net)
                  0.05    0.00    4.23 v _228_/A (sky130_fd_sc_hd__xnor2_2)
     1    0.00    0.05    0.14    4.36 v _228_/Y (sky130_fd_sc_hd__xnor2_2)
                                         _040_ (net)
                  0.05    0.00    4.36 v _233_/A2 (sky130_fd_sc_hd__o21ai_2)
     1    0.03    0.40    0.35    4.71 ^ _233_/Y (sky130_fd_sc_hd__o21ai_2)
                                         out[7] (net)
                  0.40    0.00    4.71 ^ out[7] (out)
                                  4.71   data arrival time

                  0.00   10.00   10.00   clock __VIRTUAL_CLK__ (rise edge)
                          0.00   10.00   clock network delay (ideal)
                         -0.25    9.75   clock uncertainty
                          0.00    9.75   clock reconvergence pessimism
                         -2.00    7.75   output external delay
                                  7.75   data required time
-----------------------------------------------------------------------------
                                  7.75   data required time
                                 -4.71   data arrival time
-----------------------------------------------------------------------------
                                  3.04   slack (MET)




===========================================================================
report_checks --slack_max -0.01
============================================================================
======================= Typical Corner ===================================

No paths found.


===========================================================================
 report_check_types -max_slew -max_cap -max_fanout -violators
============================================================================
======================= Typical Corner ===================================


max slew violations count Typical: 0
max fanout violations count Typical: 0
max cap violations count Typical: 0

===========================================================================
report_parasitic_annotation -report_unannotated
============================================================================
Found 140 unannotated drivers.
 A[0]
 A[1]
 A[2]
 A[3]
 A[4]
 A[5]
 A[6]
 A[7]
 B[0]
 B[1]
 B[2]
 B[3]
 B[4]
 B[5]
 B[6]
 B[7]
 opcode[0]
 opcode[1]
 opcode[2]
 _113_/Y
 _114_/X
 _115_/X
 _116_/Y
 _117_/Y
 _118_/X
 _119_/Y
 _120_/X
 _121_/X
 _122_/X
 _123_/X
 _124_/X
 _125_/X
 _126_/Y
 _127_/X
 _128_/X
 _129_/X
 _130_/X
 _131_/X
 _132_/X
 _133_/Y
 _134_/X
 _135_/X
 _136_/Y
 _137_/Y
 _138_/Y
 _139_/Y
 _140_/X
 _141_/X
 _142_/Y
 _143_/X
 _144_/Y
 _145_/X
 _146_/X
 _147_/X
 _148_/X
 _149_/X
 _150_/X
 _151_/Y
 _152_/X
 _153_/X
 _154_/Y
 _155_/X
 _156_/Y
 _157_/Y
 _158_/X
 _159_/X
 _160_/Y
 _161_/Y
 _162_/Y
 _163_/X
 _164_/Y
 _165_/X
 _166_/X
 _167_/X
 _168_/X
 _169_/Y
 _170_/X
 _171_/Y
 _172_/Y
 _173_/X
 _174_/X
 _175_/Y
 _176_/X
 _177_/X
 _178_/Y
 _179_/X
 _180_/X
 _181_/X
 _182_/Y
 _183_/X
 _184_/Y
 _185_/X
 _186_/X
 _187_/X
 _188_/X
 _189_/X
 _190_/Y
 _191_/X
 _192_/Y
 _193_/X
 _194_/X
 _195_/X
 _196_/X
 _197_/Y
 _198_/X
 _199_/Y
 _200_/Y
 _201_/Y
 _202_/Y
 _203_/Y
 _204_/X
 _205_/Y
 _206_/X
 _207_/X
 _208_/X
 _209_/X
 _210_/Y
 _211_/X
 _212_/X
 _213_/X
 _214_/Y
 _215_/Y
 _216_/X
 _217_/Y
 _218_/Y
 _219_/X
 _220_/Y
 _221_/X
 _222_/X
 _223_/X
 _224_/X
 _225_/Y
 _226_/X
 _227_/X
 _228_/Y
 _229_/Y
 _230_/X
 _231_/X
 _232_/X
 _233_/Y
Found 0 partially unannotated drivers.

===========================================================================
max slew violation count 0
max fanout violation count 0
max cap violation count 0
============================================================================

===========================================================================
check_setup -verbose -unconstrained_endpoints -multiple_clock -no_clock -no_input_delay -loops -generated_clocks
===========================================================================
