
===========================================================================
report_checks -path_delay max (Setup)
============================================================================
======================= Typical Corner ===================================

Startpoint: opcode[0] (input port clocked by __VIRTUAL_CLK__)
Endpoint: out[7] (output port clocked by __VIRTUAL_CLK__)
Path Group: __VIRTUAL_CLK__
Path Type: max

Fanout     Cap    Slew   Delay    Time   Description
-----------------------------------------------------------------------------
                  0.00    0.00    0.00   clock __VIRTUAL_CLK__ (rise edge)
                          0.00    0.00   clock network delay (ideal)
                          2.00    2.00 ^ input external delay
     6    0.01    0.07    0.05    2.05 ^ opcode[0] (in)
                                         opcode[0] (net)
                  0.07    0.00    2.05 ^ _131_/C_N (sky130_fd_sc_hd__or3b_2)
     1    0.00    0.07    0.45    2.50 v _131_/X (sky130_fd_sc_hd__or3b_2)
                                         _062_ (net)
                  0.07    0.00    2.50 v _132_/A (sky130_fd_sc_hd__buf_1)
    10    0.03    0.16    0.22    2.71 v _132_/X (sky130_fd_sc_hd__buf_1)
                                         _063_ (net)
                  0.16    0.00    2.71 v _181_/B1 (sky130_fd_sc_hd__o21a_2)
     2    0.01    0.04    0.18    2.89 v _181_/X (sky130_fd_sc_hd__o21a_2)
                                         _109_ (net)
                  0.04    0.00    2.89 v _183_/B (sky130_fd_sc_hd__and2_2)
     2    0.01    0.04    0.20    3.09 v _183_/X (sky130_fd_sc_hd__and2_2)
                                         _111_ (net)
                  0.04    0.00    3.09 v _185_/C (sky130_fd_sc_hd__or3_2)
     1    0.00    0.07    0.41    3.50 v _185_/X (sky130_fd_sc_hd__or3_2)
                                         _000_ (net)
                  0.07    0.00    3.50 v _186_/B (sky130_fd_sc_hd__and2_2)
     3    0.02    0.07    0.24    3.75 v _186_/X (sky130_fd_sc_hd__and2_2)
                                         _001_ (net)
                  0.07    0.00    3.75 v _216_/A1 (sky130_fd_sc_hd__a31o_2)
     2    0.01    0.06    0.24    3.99 v _216_/X (sky130_fd_sc_hd__a31o_2)
                                         _029_ (net)
                  0.06    0.00    3.99 v _224_/A2 (sky130_fd_sc_hd__a21o_2)
     1    0.01    0.05    0.24    4.23 v _224_/X (sky130_fd_sc_hd__a21o_2)
                                         _036_ (net)
                  0.05    0.00    4.23 v _228_/A (sky130_fd_sc_hd__xnor2_2)
     1    0.00    0.05    0.14    4.36 v _228_/Y (sky130_fd_sc_hd__xnor2_2)
                                         _040_ (net)
                  0.05    0.00    4.36 v _233_/A2 (sky130_fd_sc_hd__o21ai_2)
     1    0.03    0.40    0.35    4.71 ^ _233_/Y (sky130_fd_sc_hd__o21ai_2)
                                         out[7] (net)
                  0.40    0.00    4.71 ^ out[7] (out)
                                  4.71   data arrival time

                  0.00   10.00   10.00   clock __VIRTUAL_CLK__ (rise edge)
                          0.00   10.00   clock network delay (ideal)
                         -0.25    9.75   clock uncertainty
                          0.00    9.75   clock reconvergence pessimism
                         -2.00    7.75   output external delay
                                  7.75   data required time
-----------------------------------------------------------------------------
                                  7.75   data required time
                                 -4.71   data arrival time
-----------------------------------------------------------------------------
                                  3.04   slack (MET)


Startpoint: opcode[0] (input port clocked by __VIRTUAL_CLK__)
Endpoint: out[5] (output port clocked by __VIRTUAL_CLK__)
Path Group: __VIRTUAL_CLK__
Path Type: max

Fanout     Cap    Slew   Delay    Time   Description
-----------------------------------------------------------------------------
                  0.00    0.00    0.00   clock __VIRTUAL_CLK__ (rise edge)
                          0.00    0.00   clock network delay (ideal)
                          2.00    2.00 ^ input external delay
     6    0.01    0.07    0.05    2.05 ^ opcode[0] (in)
                                         opcode[0] (net)
                  0.07    0.00    2.05 ^ _131_/C_N (sky130_fd_sc_hd__or3b_2)
     1    0.00    0.07    0.45    2.50 v _131_/X (sky130_fd_sc_hd__or3b_2)
                                         _062_ (net)
                  0.07    0.00    2.50 v _132_/A (sky130_fd_sc_hd__buf_1)
    10    0.03    0.16    0.22    2.71 v _132_/X (sky130_fd_sc_hd__buf_1)
                                         _063_ (net)
                  0.16    0.00    2.71 v _181_/B1 (sky130_fd_sc_hd__o21a_2)
     2    0.01    0.04    0.18    2.89 v _181_/X (sky130_fd_sc_hd__o21a_2)
                                         _109_ (net)
                  0.04    0.00    2.89 v _183_/B (sky130_fd_sc_hd__and2_2)
     2    0.01    0.04    0.20    3.09 v _183_/X (sky130_fd_sc_hd__and2_2)
                                         _111_ (net)
                  0.04    0.00    3.09 v _185_/C (sky130_fd_sc_hd__or3_2)
     1    0.00    0.07    0.41    3.50 v _185_/X (sky130_fd_sc_hd__or3_2)
                                         _000_ (net)
                  0.07    0.00    3.50 v _186_/B (sky130_fd_sc_hd__and2_2)
     3    0.02    0.07    0.24    3.75 v _186_/X (sky130_fd_sc_hd__and2_2)
                                         _001_ (net)
                  0.07    0.00    3.75 v _201_/A1 (sky130_fd_sc_hd__a21boi_2)
     1    0.01    0.14    0.17    3.92 ^ _201_/Y (sky130_fd_sc_hd__a21boi_2)
                                         _015_ (net)
                  0.14    0.00    3.92 ^ _202_/B (sky130_fd_sc_hd__xnor2_2)
     1    0.00    0.04    0.07    3.98 v _202_/Y (sky130_fd_sc_hd__xnor2_2)
                                         _016_ (net)
                  0.04    0.00    3.98 v _208_/A2 (sky130_fd_sc_hd__a211o_2)
     1    0.03    0.12    0.44    4.43 v _208_/X (sky130_fd_sc_hd__a211o_2)
                                         out[5] (net)
                  0.12    0.00    4.43 v out[5] (out)
                                  4.43   data arrival time

                  0.00   10.00   10.00   clock __VIRTUAL_CLK__ (rise edge)
                          0.00   10.00   clock network delay (ideal)
                         -0.25    9.75   clock uncertainty
                          0.00    9.75   clock reconvergence pessimism
                         -2.00    7.75   output external delay
                                  7.75   data required time
-----------------------------------------------------------------------------
                                  7.75   data required time
                                 -4.43   data arrival time
-----------------------------------------------------------------------------
                                  3.32   slack (MET)


Startpoint: opcode[0] (input port clocked by __VIRTUAL_CLK__)
Endpoint: out[6] (output port clocked by __VIRTUAL_CLK__)
Path Group: __VIRTUAL_CLK__
Path Type: max

Fanout     Cap    Slew   Delay    Time   Description
-----------------------------------------------------------------------------
                  0.00    0.00    0.00   clock __VIRTUAL_CLK__ (rise edge)
                          0.00    0.00   clock network delay (ideal)
                          2.00    2.00 ^ input external delay
     6    0.01    0.07    0.05    2.05 ^ opcode[0] (in)
                                         opcode[0] (net)
                  0.07    0.00    2.05 ^ _131_/C_N (sky130_fd_sc_hd__or3b_2)
     1    0.00    0.07    0.45    2.50 v _131_/X (sky130_fd_sc_hd__or3b_2)
                                         _062_ (net)
                  0.07    0.00    2.50 v _132_/A (sky130_fd_sc_hd__buf_1)
    10    0.03    0.16    0.22    2.71 v _132_/X (sky130_fd_sc_hd__buf_1)
                                         _063_ (net)
                  0.16    0.00    2.71 v _181_/B1 (sky130_fd_sc_hd__o21a_2)
     2    0.01    0.04    0.18    2.89 v _181_/X (sky130_fd_sc_hd__o21a_2)
                                         _109_ (net)
                  0.04    0.00    2.89 v _183_/B (sky130_fd_sc_hd__and2_2)
     2    0.01    0.04    0.20    3.09 v _183_/X (sky130_fd_sc_hd__and2_2)
                                         _111_ (net)
                  0.04    0.00    3.09 v _185_/C (sky130_fd_sc_hd__or3_2)
     1    0.00    0.07    0.41    3.50 v _185_/X (sky130_fd_sc_hd__or3_2)
                                         _000_ (net)
                  0.07    0.00    3.50 v _186_/B (sky130_fd_sc_hd__and2_2)
     3    0.02    0.07    0.24    3.75 v _186_/X (sky130_fd_sc_hd__and2_2)
                                         _001_ (net)
                  0.07    0.00    3.75 v _216_/A1 (sky130_fd_sc_hd__a31o_2)
     2    0.01    0.06    0.24    3.99 v _216_/X (sky130_fd_sc_hd__a31o_2)
                                         _029_ (net)
                  0.06    0.00    3.99 v _217_/B (sky130_fd_sc_hd__xnor2_2)
     1    0.00    0.04    0.13    4.11 v _217_/Y (sky130_fd_sc_hd__xnor2_2)
                                         _030_ (net)
                  0.04    0.00    4.11 v _223_/A2 (sky130_fd_sc_hd__o22a_2)
     1    0.03    0.12    0.31    4.42 v _223_/X (sky130_fd_sc_hd__o22a_2)
                                         out[6] (net)
                  0.12    0.00    4.42 v out[6] (out)
                                  4.42   data arrival time

                  0.00   10.00   10.00   clock __VIRTUAL_CLK__ (rise edge)
                          0.00   10.00   clock network delay (ideal)
                         -0.25    9.75   clock uncertainty
                          0.00    9.75   clock reconvergence pessimism
                         -2.00    7.75   output external delay
                                  7.75   data required time
-----------------------------------------------------------------------------
                                  7.75   data required time
                                 -4.42   data arrival time
-----------------------------------------------------------------------------
                                  3.33   slack (MET)


Startpoint: opcode[0] (input port clocked by __VIRTUAL_CLK__)
Endpoint: out[4] (output port clocked by __VIRTUAL_CLK__)
Path Group: __VIRTUAL_CLK__
Path Type: max

Fanout     Cap    Slew   Delay    Time   Description
-----------------------------------------------------------------------------
                  0.00    0.00    0.00   clock __VIRTUAL_CLK__ (rise edge)
                          0.00    0.00   clock network delay (ideal)
                          2.00    2.00 ^ input external delay
     6    0.01    0.07    0.05    2.05 ^ opcode[0] (in)
                                         opcode[0] (net)
                  0.07    0.00    2.05 ^ _131_/C_N (sky130_fd_sc_hd__or3b_2)
     1    0.00    0.07    0.45    2.50 v _131_/X (sky130_fd_sc_hd__or3b_2)
                                         _062_ (net)
                  0.07    0.00    2.50 v _132_/A (sky130_fd_sc_hd__buf_1)
    10    0.03    0.16    0.22    2.71 v _132_/X (sky130_fd_sc_hd__buf_1)
                                         _063_ (net)
                  0.16    0.00    2.71 v _181_/B1 (sky130_fd_sc_hd__o21a_2)
     2    0.01    0.04    0.18    2.89 v _181_/X (sky130_fd_sc_hd__o21a_2)
                                         _109_ (net)
                  0.04    0.00    2.89 v _183_/B (sky130_fd_sc_hd__and2_2)
     2    0.01    0.04    0.20    3.09 v _183_/X (sky130_fd_sc_hd__and2_2)
                                         _111_ (net)
                  0.04    0.00    3.09 v _185_/C (sky130_fd_sc_hd__or3_2)
     1    0.00    0.07    0.41    3.50 v _185_/X (sky130_fd_sc_hd__or3_2)
                                         _000_ (net)
                  0.07    0.00    3.50 v _186_/B (sky130_fd_sc_hd__and2_2)
     3    0.02    0.07    0.24    3.75 v _186_/X (sky130_fd_sc_hd__and2_2)
                                         _001_ (net)
                  0.07    0.00    3.75 v _189_/A (sky130_fd_sc_hd__xor2_2)
     1    0.00    0.04    0.17    3.92 v _189_/X (sky130_fd_sc_hd__xor2_2)
                                         _004_ (net)
                  0.04    0.00    3.92 v _195_/A2 (sky130_fd_sc_hd__o22a_2)
     1    0.03    0.12    0.31    4.23 v _195_/X (sky130_fd_sc_hd__o22a_2)
                                         out[4] (net)
                  0.12    0.00    4.23 v out[4] (out)
                                  4.23   data arrival time

                  0.00   10.00   10.00   clock __VIRTUAL_CLK__ (rise edge)
                          0.00   10.00   clock network delay (ideal)
                         -0.25    9.75   clock uncertainty
                          0.00    9.75   clock reconvergence pessimism
                         -2.00    7.75   output external delay
                                  7.75   data required time
-----------------------------------------------------------------------------
                                  7.75   data required time
                                 -4.23   data arrival time
-----------------------------------------------------------------------------
                                  3.52   slack (MET)


Startpoint: opcode[0] (input port clocked by __VIRTUAL_CLK__)
Endpoint: out[3] (output port clocked by __VIRTUAL_CLK__)
Path Group: __VIRTUAL_CLK__
Path Type: max

Fanout     Cap    Slew   Delay    Time   Description
-----------------------------------------------------------------------------
                  0.00    0.00    0.00   clock __VIRTUAL_CLK__ (rise edge)
                          0.00    0.00   clock network delay (ideal)
                          2.00    2.00 ^ input external delay
     6    0.01    0.07    0.05    2.05 ^ opcode[0] (in)
                                         opcode[0] (net)
                  0.07    0.00    2.05 ^ _131_/C_N (sky130_fd_sc_hd__or3b_2)
     1    0.00    0.07    0.45    2.50 v _131_/X (sky130_fd_sc_hd__or3b_2)
                                         _062_ (net)
                  0.07    0.00    2.50 v _132_/A (sky130_fd_sc_hd__buf_1)
    10    0.03    0.16    0.22    2.71 v _132_/X (sky130_fd_sc_hd__buf_1)
                                         _063_ (net)
                  0.16    0.00    2.71 v _134_/C (sky130_fd_sc_hd__and3_2)
     3    0.01    0.06    0.30    3.01 v _134_/X (sky130_fd_sc_hd__and3_2)
                                         _065_ (net)
                  0.06    0.00    3.01 v _136_/C (sky130_fd_sc_hd__nor3_2)
     2    0.01    0.22    0.18    3.19 ^ _136_/Y (sky130_fd_sc_hd__nor3_2)
                                         _067_ (net)
                  0.22    0.00    3.19 ^ _157_/A2 (sky130_fd_sc_hd__o21ai_2)
     3    0.01    0.08    0.12    3.31 v _157_/Y (sky130_fd_sc_hd__o21ai_2)
                                         _087_ (net)
                  0.08    0.00    3.31 v _173_/A1 (sky130_fd_sc_hd__a21o_2)
     1    0.01    0.05    0.22    3.53 v _173_/X (sky130_fd_sc_hd__a21o_2)
                                         _102_ (net)
                  0.05    0.00    3.53 v _174_/B (sky130_fd_sc_hd__xor2_2)
     1    0.00    0.05    0.14    3.67 v _174_/X (sky130_fd_sc_hd__xor2_2)
                                         _103_ (net)
                  0.05    0.00    3.67 v _180_/A2 (sky130_fd_sc_hd__a211o_2)
     1    0.03    0.12    0.44    4.11 v _180_/X (sky130_fd_sc_hd__a211o_2)
                                         out[3] (net)
                  0.12    0.00    4.11 v out[3] (out)
                                  4.11   data arrival time

                  0.00   10.00   10.00   clock __VIRTUAL_CLK__ (rise edge)
                          0.00   10.00   clock network delay (ideal)
                         -0.25    9.75   clock uncertainty
                          0.00    9.75   clock reconvergence pessimism
                         -2.00    7.75   output external delay
                                  7.75   data required time
-----------------------------------------------------------------------------
                                  7.75   data required time
                                 -4.11   data arrival time
-----------------------------------------------------------------------------
                                  3.64   slack (MET)


Startpoint: opcode[1] (input port clocked by __VIRTUAL_CLK__)
Endpoint: out[1] (output port clocked by __VIRTUAL_CLK__)
Path Group: __VIRTUAL_CLK__
Path Type: max

Fanout     Cap    Slew   Delay    Time   Description
-----------------------------------------------------------------------------
                  0.00    0.00    0.00   clock __VIRTUAL_CLK__ (rise edge)
                          0.00    0.00   clock network delay (ideal)
                          2.00    2.00 ^ input external delay
     2    0.00    0.02    0.01    2.01 ^ opcode[1] (in)
                                         opcode[1] (net)
                  0.02    0.00    2.01 ^ _114_/A (sky130_fd_sc_hd__buf_1)
    10    0.02    0.27    0.24    2.26 ^ _114_/X (sky130_fd_sc_hd__buf_1)
                                         _046_ (net)
                  0.27    0.00    2.26 ^ _140_/B (sky130_fd_sc_hd__or3_2)
     1    0.00    0.03    0.18    2.43 ^ _140_/X (sky130_fd_sc_hd__or3_2)
                                         _071_ (net)
                  0.03    0.00    2.43 ^ _141_/A (sky130_fd_sc_hd__buf_1)
     7    0.03    0.37    0.31    2.75 ^ _141_/X (sky130_fd_sc_hd__buf_1)
                                         _072_ (net)
                  0.37    0.00    2.75 ^ _142_/B1 (sky130_fd_sc_hd__a21oi_2)
     1    0.00    0.07    0.04    2.79 v _142_/Y (sky130_fd_sc_hd__a21oi_2)
                                         _073_ (net)
                  0.07    0.00    2.79 v _143_/B2 (sky130_fd_sc_hd__o22a_2)
     1    0.00    0.03    0.19    2.98 v _143_/X (sky130_fd_sc_hd__o22a_2)
                                         _074_ (net)
                  0.03    0.00    2.98 v _149_/B (sky130_fd_sc_hd__or4_2)
     1    0.00    0.10    0.66    3.63 v _149_/X (sky130_fd_sc_hd__or4_2)
                                         _080_ (net)
                  0.10    0.00    3.63 v _150_/B1 (sky130_fd_sc_hd__o21a_2)
     1    0.03    0.10    0.22    3.85 v _150_/X (sky130_fd_sc_hd__o21a_2)
                                         out[1] (net)
                  0.10    0.00    3.85 v out[1] (out)
                                  3.85   data arrival time

                  0.00   10.00   10.00   clock __VIRTUAL_CLK__ (rise edge)
                          0.00   10.00   clock network delay (ideal)
                         -0.25    9.75   clock uncertainty
                          0.00    9.75   clock reconvergence pessimism
                         -2.00    7.75   output external delay
                                  7.75   data required time
-----------------------------------------------------------------------------
                                  7.75   data required time
                                 -3.85   data arrival time
-----------------------------------------------------------------------------
                                  3.90   slack (MET)


Startpoint: opcode[0] (input port clocked by __VIRTUAL_CLK__)
Endpoint: out[2] (output port clocked by __VIRTUAL_CLK__)
Path Group: __VIRTUAL_CLK__
Path Type: max

Fanout     Cap    Slew   Delay    Time   Description
-----------------------------------------------------------------------------
                  0.00    0.00    0.00   clock __VIRTUAL_CLK__ (rise edge)
                          0.00    0.00   clock network delay (ideal)
                          2.00    2.00 ^ input external delay
     6    0.01    0.07    0.05    2.05 ^ opcode[0] (in)
                                         opcode[0] (net)
                  0.07    0.00    2.05 ^ _131_/C_N (sky130_fd_sc_hd__or3b_2)
     1    0.00    0.07    0.45    2.50 v _131_/X (sky130_fd_sc_hd__or3b_2)
                                         _062_ (net)
                  0.07    0.00    2.50 v _132_/A (sky130_fd_sc_hd__buf_1)
    10    0.03    0.16    0.22    2.71 v _132_/X (sky130_fd_sc_hd__buf_1)
                                         _063_ (net)
                  0.16    0.00    2.71 v _134_/C (sky130_fd_sc_hd__and3_2)
     3    0.01    0.06    0.30    3.01 v _134_/X (sky130_fd_sc_hd__and3_2)
                                         _065_ (net)
                  0.06    0.00    3.01 v _136_/C (sky130_fd_sc_hd__nor3_2)
     2    0.01    0.22    0.18    3.19 ^ _136_/Y (sky130_fd_sc_hd__nor3_2)
                                         _067_ (net)
                  0.22    0.00    3.19 ^ _157_/A2 (sky130_fd_sc_hd__o21ai_2)
     3    0.01    0.08    0.12    3.31 v _157_/Y (sky130_fd_sc_hd__o21ai_2)
                                         _087_ (net)
                  0.08    0.00    3.31 v _165_/A (sky130_fd_sc_hd__xor2_2)
     1    0.00    0.05    0.18    3.49 v _165_/X (sky130_fd_sc_hd__xor2_2)
                                         _095_ (net)
                  0.05    0.00    3.49 v _166_/B1 (sky130_fd_sc_hd__o32a_2)
     1    0.03    0.12    0.29    3.78 v _166_/X (sky130_fd_sc_hd__o32a_2)
                                         out[2] (net)
                  0.12    0.00    3.78 v out[2] (out)
                                  3.78   data arrival time

                  0.00   10.00   10.00   clock __VIRTUAL_CLK__ (rise edge)
                          0.00   10.00   clock network delay (ideal)
                         -0.25    9.75   clock uncertainty
                          0.00    9.75   clock reconvergence pessimism
                         -2.00    7.75   output external delay
                                  7.75   data required time
-----------------------------------------------------------------------------
                                  7.75   data required time
                                 -3.78   data arrival time
-----------------------------------------------------------------------------
                                  3.97   slack (MET)


Startpoint: opcode[1] (input port clocked by __VIRTUAL_CLK__)
Endpoint: out[0] (output port clocked by __VIRTUAL_CLK__)
Path Group: __VIRTUAL_CLK__
Path Type: max

Fanout     Cap    Slew   Delay    Time   Description
-----------------------------------------------------------------------------
                  0.00    0.00    0.00   clock __VIRTUAL_CLK__ (rise edge)
                          0.00    0.00   clock network delay (ideal)
                          2.00    2.00 ^ input external delay
     2    0.00    0.02    0.01    2.01 ^ opcode[1] (in)
                                         opcode[1] (net)
                  0.02    0.00    2.01 ^ _114_/A (sky130_fd_sc_hd__buf_1)
    10    0.02    0.27    0.24    2.26 ^ _114_/X (sky130_fd_sc_hd__buf_1)
                                         _046_ (net)
                  0.27    0.00    2.26 ^ _124_/B (sky130_fd_sc_hd__or3_2)
     1    0.00    0.03    0.18    2.43 ^ _124_/X (sky130_fd_sc_hd__or3_2)
                                         _056_ (net)
                  0.03    0.00    2.43 ^ _125_/A (sky130_fd_sc_hd__buf_1)
     8    0.04    0.42    0.35    2.79 ^ _125_/X (sky130_fd_sc_hd__buf_1)
                                         _057_ (net)
                  0.42    0.00    2.79 ^ _126_/B (sky130_fd_sc_hd__nor2_2)
     1    0.00    0.06    0.04    2.82 v _126_/Y (sky130_fd_sc_hd__nor2_2)
                                         _058_ (net)
                  0.06    0.00    2.82 v _127_/D (sky130_fd_sc_hd__or4_2)
     1    0.00    0.09    0.55    3.37 v _127_/X (sky130_fd_sc_hd__or4_2)
                                         _059_ (net)
                  0.09    0.00    3.37 v _128_/A (sky130_fd_sc_hd__buf_1)
     1    0.03    0.19    0.25    3.63 v _128_/X (sky130_fd_sc_hd__buf_1)
                                         out[0] (net)
                  0.19    0.00    3.63 v out[0] (out)
                                  3.63   data arrival time

                  0.00   10.00   10.00   clock __VIRTUAL_CLK__ (rise edge)
                          0.00   10.00   clock network delay (ideal)
                         -0.25    9.75   clock uncertainty
                          0.00    9.75   clock reconvergence pessimism
                         -2.00    7.75   output external delay
                                  7.75   data required time
-----------------------------------------------------------------------------
                                  7.75   data required time
                                 -3.63   data arrival time
-----------------------------------------------------------------------------
                                  4.12   slack (MET)



worst slack corner Typical: 3.0416
