OpenROAD b16bda7e82721d10566ff7e2b68f1ff0be9f9e38 
Features included (+) or not (-): +Charts +GPU +GUI +Python
This program is licensed under the BSD-3 license. See the LICENSE file for details.
Components of this program may be licensed under more restrictive licenses which must be honored.
define_corners Typical
read_liberty -corner Typical /home/furkan/.volare/sky130A/libs.ref/sky130_fd_sc_hd/lib/sky130_fd_sc_hd__tt_025C_1v80.lib
Using 1e-12 for capacitance...
Using 1e+03 for resistance...
Using 1e-09 for time...
Using 1e+00 for voltage...
Using 1e-03 for current...
Using 1e-09 for power...
Using 1e-06 for distance...
[INFO]: Reading ODB at '/openlane/designs/project4/runs/RUN_2025.05.22_00.40.45/results/floorplan/project4.odb'…
Reading design constraints file at '/openlane/designs/project4/src/project4.sdc'…
[INFO]: Setting RC values...
[INFO]: Setting signal min routing layer to: met1 and clock min routing layer to met3. 
[INFO]: Setting signal max routing layer to: met5 and clock max routing layer to met5. 
[WARNING GPL-0150] -skip_io will disable timing driven mode.
[WARNING GPL-0151] -skip_io will disable routability driven mode.
[INFO GPL-0002] DBU: 1000
[INFO GPL-0003] SiteSize: (  0.460  2.720 ) um
[INFO GPL-0004] CoreBBox: (  5.520 10.880 ) ( 394.220 388.960 ) um
[INFO GPL-0006] NumInstances:              7717
[INFO GPL-0007] NumPlaceInstances:         5324
[INFO GPL-0008] NumFixedInstances:         2393
[INFO GPL-0009] NumDummyInstances:            0
[INFO GPL-0010] NumNets:                   5375
[INFO GPL-0011] NumPins:                  18721
[INFO GPL-0012] DieBBox:  (  0.000  0.000 ) ( 400.000 400.000 ) um
[INFO GPL-0013] CoreBBox: (  5.520 10.880 ) ( 394.220 388.960 ) um
[INFO GPL-0016] CoreArea:            146959.696 um^2
[INFO GPL-0017] NonPlaceInstsArea:     3689.789 um^2
[INFO GPL-0018] PlaceInstsArea:       62849.027 um^2
[INFO GPL-0019] Util:                    43.868 %
[INFO GPL-0020] StdInstsArea:         62849.027 um^2
[INFO GPL-0021] MacroInstsArea:           0.000 um^2
[INFO GPL-0031] FillerInit:NumGCells:      7922
[INFO GPL-0032] FillerInit:NumGNets:       5375
[INFO GPL-0033] FillerInit:NumGPins:      18721
[INFO GPL-0023] TargetDensity:            0.650
[INFO GPL-0024] AvrgPlaceInstArea:       11.805 um^2
[INFO GPL-0025] IdealBinArea:            18.161 um^2
[INFO GPL-0026] IdealBinCnt:               8091
[INFO GPL-0027] TotalBinArea:        146959.696 um^2
[INFO GPL-0028] BinCnt:        64     64
[INFO GPL-0029] BinSize: (  6.074  5.908 )
[INFO GPL-0030] NumBins: 4096
[NesterovSolve] Iter:    1 overflow: 0.998 HPWL: 14295168
[NesterovSolve] Iter:   10 overflow: 0.997 HPWL: 8411147
[NesterovSolve] Iter:   20 overflow: 0.997 HPWL: 8316544
[NesterovSolve] Iter:   30 overflow: 0.997 HPWL: 8293145
[NesterovSolve] Iter:   40 overflow: 0.997 HPWL: 8291363
[NesterovSolve] Iter:   50 overflow: 0.997 HPWL: 8309124
[NesterovSolve] Iter:   60 overflow: 0.997 HPWL: 8321775
[NesterovSolve] Iter:   70 overflow: 0.997 HPWL: 8331608
[NesterovSolve] Iter:   80 overflow: 0.997 HPWL: 8348381
[NesterovSolve] Iter:   90 overflow: 0.997 HPWL: 8391293
[NesterovSolve] Iter:  100 overflow: 0.996 HPWL: 8487611
[NesterovSolve] Iter:  110 overflow: 0.995 HPWL: 8695252
[NesterovSolve] Iter:  120 overflow: 0.995 HPWL: 9097899
[NesterovSolve] Iter:  130 overflow: 0.993 HPWL: 9871627
[NesterovSolve] Iter:  140 overflow: 0.992 HPWL: 11893440
[NesterovSolve] Iter:  150 overflow: 0.983 HPWL: 17472235
[NesterovSolve] Iter:  160 overflow: 0.971 HPWL: 24173685
[NesterovSolve] Iter:  170 overflow: 0.964 HPWL: 27635504
[NesterovSolve] Iter:  180 overflow: 0.958 HPWL: 30547588
[NesterovSolve] Iter:  190 overflow: 0.940 HPWL: 37530886
[NesterovSolve] Iter:  200 overflow: 0.912 HPWL: 46232101
[NesterovSolve] Iter:  210 overflow: 0.892 HPWL: 53019640
[NesterovSolve] Iter:  220 overflow: 0.860 HPWL: 61760966
[NesterovSolve] Iter:  230 overflow: 0.824 HPWL: 70237414
[NesterovSolve] Iter:  240 overflow: 0.792 HPWL: 78334416
[NesterovSolve] Iter:  250 overflow: 0.747 HPWL: 87234888
[NesterovSolve] Iter:  260 overflow: 0.702 HPWL: 95485544
[NesterovSolve] Iter:  270 overflow: 0.657 HPWL: 103010019
[NesterovSolve] Iter:  280 overflow: 0.606 HPWL: 109289298
[NesterovSolve] Iter:  290 overflow: 0.551 HPWL: 114244906
[NesterovSolve] Iter:  300 overflow: 0.499 HPWL: 118195961
[NesterovSolve] Iter:  310 overflow: 0.456 HPWL: 122882391
[NesterovSolve] Iter:  320 overflow: 0.421 HPWL: 125212628
[NesterovSolve] Iter:  330 overflow: 0.382 HPWL: 127223720
[NesterovSolve] Iter:  340 overflow: 0.342 HPWL: 128712831
[NesterovSolve] Iter:  350 overflow: 0.308 HPWL: 129528397
[NesterovSolve] Iter:  360 overflow: 0.273 HPWL: 130533113
[NesterovSolve] Iter:  370 overflow: 0.242 HPWL: 131255417
[NesterovSolve] Iter:  380 overflow: 0.212 HPWL: 131939874
[NesterovSolve] Iter:  390 overflow: 0.183 HPWL: 132431964
[NesterovSolve] Iter:  400 overflow: 0.156 HPWL: 132829025
[NesterovSolve] Iter:  410 overflow: 0.132 HPWL: 133302494
[NesterovSolve] Iter:  420 overflow: 0.109 HPWL: 133807427
[NesterovSolve] Finished with Overflow: 0.099921
Setting global connections for newly added cells…
Writing OpenROAD database to '/openlane/designs/project4/runs/RUN_2025.05.22_00.40.45/tmp/placement/7-global_skip_io.odb'…
Writing netlist to '/openlane/designs/project4/runs/RUN_2025.05.22_00.40.45/tmp/placement/7-global_skip_io.nl.v'…
Writing powered netlist to '/openlane/designs/project4/runs/RUN_2025.05.22_00.40.45/tmp/placement/7-global_skip_io.pnl.v'…
Writing layout to '/openlane/designs/project4/runs/RUN_2025.05.22_00.40.45/tmp/placement/7-global_skip_io.def'…
