OpenROAD b16bda7e82721d10566ff7e2b68f1ff0be9f9e38 
Features included (+) or not (-): +Charts +GPU +GUI +Python
This program is licensed under the BSD-3 license. See the LICENSE file for details.
Components of this program may be licensed under more restrictive licenses which must be honored.
define_corners Typical
read_liberty -corner Typical /home/furkan/.volare/sky130A/libs.ref/sky130_fd_sc_hd/lib/sky130_fd_sc_hd__tt_025C_1v80.lib
Using 1e-12 for capacitance...
Using 1e+03 for resistance...
Using 1e-09 for time...
Using 1e+00 for voltage...
Using 1e-03 for current...
Using 1e-09 for power...
Using 1e-06 for distance...
[INFO]: Reading ODB at '/openlane/designs/project3/runs/RUN_2025.05.21_23.45.57/tmp/routing/20-diodes.odb'…
Reading design constraints file at '/openlane/designs/project3/src/project3.sdc'…
Placement Analysis
---------------------------------
total displacement        441.7 u
average displacement        0.9 u
max displacement           11.5 u
original HPWL           12134.6 u
legalized HPWL          12342.4 u
delta HPWL                    2 %

[INFO DPL-0020] Mirrored 138 instances
[INFO DPL-0021] HPWL before           12342.4 u
[INFO DPL-0022] HPWL after            12171.2 u
[INFO DPL-0023] HPWL delta               -1.4 %
Setting global connections for newly added cells…
Writing OpenROAD database to '/openlane/designs/project3/runs/RUN_2025.05.21_23.45.57/tmp/routing/./20-diodes_legalized.odb'…
Writing netlist to '/openlane/designs/project3/runs/RUN_2025.05.21_23.45.57/tmp/routing/./20-diodes_legalized.nl.v'…
Writing powered netlist to '/openlane/designs/project3/runs/RUN_2025.05.21_23.45.57/tmp/routing/./20-diodes_legalized.pnl.v'…
Writing layout to '/openlane/designs/project3/runs/RUN_2025.05.21_23.45.57/tmp/routing/./20-diodes_legalized.def'…
