OpenROAD b16bda7e82721d10566ff7e2b68f1ff0be9f9e38 
Features included (+) or not (-): +Charts +GPU +GUI +Python
This program is licensed under the BSD-3 license. See the LICENSE file for details.
Components of this program may be licensed under more restrictive licenses which must be honored.
define_corners Typical
read_liberty -corner Typical /home/furkan/.volare/sky130A/libs.ref/sky130_fd_sc_hd/lib/sky130_fd_sc_hd__tt_025C_1v80.lib
Using 1e-12 for capacitance...
Using 1e+03 for resistance...
Using 1e-09 for time...
Using 1e+00 for voltage...
Using 1e-03 for current...
Using 1e-09 for power...
Using 1e-06 for distance...
[INFO]: Reading ODB at '/openlane/designs/project3/runs/RUN_2025.05.21_23.45.57/tmp/routing/./20-diodes_legalized.odb'…
Reading design constraints file at '/openlane/designs/project3/src/project3.sdc'…
[INFO]: Setting signal min routing layer to: met1 and clock min routing layer to met3. 
[INFO]: Setting signal max routing layer to: met5 and clock max routing layer to met5. 
-congestion_iterations 50 -verbose -congestion_report_file /openlane/designs/project3/runs/RUN_2025.05.21_23.45.57/tmp/routing/groute-congestion.rpt
[INFO GRT-0020] Min routing layer: met1
[INFO GRT-0021] Max routing layer: met5
[INFO GRT-0022] Global adjustment: 30%
[INFO GRT-0023] Grid origin: (0, 0)
[INFO GRT-0043] No OR_DEFAULT vias defined.
[INFO GRT-0088] Layer li1     Track-Pitch = 0.4600  line-2-Via Pitch: 0.3400
[INFO GRT-0088] Layer met1    Track-Pitch = 0.3400  line-2-Via Pitch: 0.3400
[INFO GRT-0088] Layer met2    Track-Pitch = 0.4600  line-2-Via Pitch: 0.3500
[INFO GRT-0088] Layer met3    Track-Pitch = 0.6800  line-2-Via Pitch: 0.6150
[INFO GRT-0088] Layer met4    Track-Pitch = 0.9200  line-2-Via Pitch: 1.0400
[INFO GRT-0088] Layer met5    Track-Pitch = 3.4000  line-2-Via Pitch: 3.1100
[INFO GRT-0019] Found 6 clock nets.
[INFO GRT-0001] Minimum degree: 2
[INFO GRT-0002] Maximum degree: 21
[INFO GRT-0003] Macros: 0
[INFO GRT-0043] No OR_DEFAULT vias defined.
[INFO GRT-0004] Blockages: 448

[INFO GRT-0053] Routing resources analysis:
          Routing      Original      Derated      Resource
Layer     Direction    Resources     Resources    Reduction (%)
---------------------------------------------------------------
li1        Vertical            0             0          0.00%
met1       Horizontal       2831          1356          52.10%
met2       Vertical         2279          1392          38.92%
met3       Horizontal       1410           885          37.23%
met4       Vertical          935           464          50.37%
met5       Horizontal        282           100          64.54%
---------------------------------------------------------------

[INFO GRT-0101] Running extra iterations to remove overflow.
[INFO GRT-0197] Via related to pin nodes: 1652
[INFO GRT-0198] Via related Steiner nodes: 47
[INFO GRT-0199] Via filling finished.
[INFO GRT-0111] Final number of vias: 2377
[INFO GRT-0112] Final usage 3D: 9230

[INFO GRT-0096] Final congestion report:
Layer         Resource        Demand        Usage (%)    Max H / Max V / Total Overflow
---------------------------------------------------------------------------------------
li1                  0             0            0.00%             0 /  0 /  0
met1              1356           685           50.52%             0 /  0 /  0
met2              1392           817           58.69%             0 /  0 /  0
met3               885           412           46.55%             0 /  0 /  0
met4               464           164           35.34%             0 /  0 /  0
met5               100            21           21.00%             0 /  0 /  0
---------------------------------------------------------------------------------------
Total             4197          2099           50.01%             0 /  0 /  0

[INFO GRT-0018] Total wirelength: 21051 um
[INFO GRT-0014] Routed nets: 224
[INFO GRT-0006] Repairing antennas, iteration 1.
[INFO GRT-0043] No OR_DEFAULT vias defined.
[INFO GRT-0012] Found 3 antenna violations.
[INFO GRT-0015] Inserted 3 diodes.
[INFO GRT-0009] rerouting 169 nets.
[INFO GRT-0001] Minimum degree: 2
[INFO GRT-0002] Maximum degree: 21
[INFO GRT-0006] Repairing antennas, iteration 2.
[INFO GRT-0043] No OR_DEFAULT vias defined.
[INFO GRT-0012] Found 0 antenna violations.
Placement Analysis
---------------------------------
total displacement          0.0 u
average displacement        0.0 u
max displacement            0.0 u
original HPWL           12338.0 u
legalized HPWL          12340.2 u
delta HPWL                    0 %

[INFO DPL-0020] Mirrored 141 instances
[INFO DPL-0021] HPWL before           12340.2 u
[INFO DPL-0022] HPWL after            12169.1 u
[INFO DPL-0023] HPWL delta               -1.4 %
[INFO]: Setting signal min routing layer to: met1 and clock min routing layer to met3. 
[INFO]: Setting signal max routing layer to: met5 and clock max routing layer to met5. 
-congestion_iterations 50 -verbose -congestion_report_file /openlane/designs/project3/runs/RUN_2025.05.21_23.45.57/tmp/routing/groute-congestion.rpt
[INFO GRT-0020] Min routing layer: met1
[INFO GRT-0021] Max routing layer: met5
[INFO GRT-0022] Global adjustment: 30%
[INFO GRT-0023] Grid origin: (0, 0)
[INFO GRT-0043] No OR_DEFAULT vias defined.
[INFO GRT-0088] Layer li1     Track-Pitch = 0.4600  line-2-Via Pitch: 0.3400
[INFO GRT-0088] Layer met1    Track-Pitch = 0.3400  line-2-Via Pitch: 0.3400
[INFO GRT-0088] Layer met2    Track-Pitch = 0.4600  line-2-Via Pitch: 0.3500
[INFO GRT-0088] Layer met3    Track-Pitch = 0.6800  line-2-Via Pitch: 0.6150
[INFO GRT-0088] Layer met4    Track-Pitch = 0.9200  line-2-Via Pitch: 1.0400
[INFO GRT-0088] Layer met5    Track-Pitch = 3.4000  line-2-Via Pitch: 3.1100
[INFO GRT-0019] Found 6 clock nets.
[INFO GRT-0001] Minimum degree: 2
[INFO GRT-0002] Maximum degree: 21
[INFO GRT-0003] Macros: 0
[INFO GRT-0043] No OR_DEFAULT vias defined.
[INFO GRT-0004] Blockages: 448

[INFO GRT-0053] Routing resources analysis:
          Routing      Original      Derated      Resource
Layer     Direction    Resources     Resources    Reduction (%)
---------------------------------------------------------------
li1        Vertical            0             0          0.00%
met1       Horizontal       2831          1356          52.10%
met2       Vertical         2279          1392          38.92%
met3       Horizontal       1410           885          37.23%
met4       Vertical          935           464          50.37%
met5       Horizontal        282           100          64.54%
---------------------------------------------------------------

[INFO GRT-0101] Running extra iterations to remove overflow.
[INFO GRT-0197] Via related to pin nodes: 1646
[INFO GRT-0198] Via related Steiner nodes: 64
[INFO GRT-0199] Via filling finished.
[INFO GRT-0111] Final number of vias: 2370
[INFO GRT-0112] Final usage 3D: 9229

[INFO GRT-0096] Final congestion report:
Layer         Resource        Demand        Usage (%)    Max H / Max V / Total Overflow
---------------------------------------------------------------------------------------
li1                  0             0            0.00%             0 /  0 /  0
met1              1356           713           52.58%             0 /  0 /  0
met2              1392           819           58.84%             0 /  0 /  0
met3               885           400           45.20%             0 /  0 /  0
met4               464           177           38.15%             0 /  0 /  0
met5               100            10           10.00%             0 /  0 /  0
---------------------------------------------------------------------------------------
Total             4197          2119           50.49%             0 /  0 /  0

[INFO GRT-0018] Total wirelength: 21286 um
[INFO GRT-0014] Routed nets: 224
Setting global connections for newly added cells…
Writing OpenROAD database to '/openlane/designs/project3/runs/RUN_2025.05.21_23.45.57/tmp/routing/22-global.odb'…
Writing layout to '/openlane/designs/project3/runs/RUN_2025.05.21_23.45.57/tmp/routing/22-global.def'…
Writing routing guides to '/openlane/designs/project3/runs/RUN_2025.05.21_23.45.57/tmp/routing/22-global.guide'…
