
===========================================================================
 report_power
============================================================================
======================= Fastest Corner ===================================

Group                  Internal  Switching    Leakage      Total
                          Power      Power      Power      Power (Watts)
----------------------------------------------------------------
Sequential             6.01e-03   7.79e-04   1.49e-08   6.79e-03  45.7%
Combinational          2.69e-03   1.80e-03   2.21e-08   4.49e-03  30.2%
Clock                  1.58e-03   2.00e-03   1.63e-08   3.58e-03  24.1%
Macro                  0.00e+00   0.00e+00   0.00e+00   0.00e+00   0.0%
Pad                    0.00e+00   0.00e+00   0.00e+00   0.00e+00   0.0%
----------------------------------------------------------------
Total                  1.03e-02   4.58e-03   5.33e-08   1.49e-02 100.0%
                          69.2%      30.8%       0.0%

======================= Slowest Corner ===================================

Group                  Internal  Switching    Leakage      Total
                          Power      Power      Power      Power (Watts)
----------------------------------------------------------------
Sequential             4.07e-03   4.95e-04   1.48e-05   4.58e-03  45.3%
Combinational          1.91e-03   1.17e-03   3.06e-05   3.12e-03  30.8%
Clock                  1.14e-03   1.28e-03   1.86e-06   2.43e-03  24.0%
Macro                  0.00e+00   0.00e+00   0.00e+00   0.00e+00   0.0%
Pad                    0.00e+00   0.00e+00   0.00e+00   0.00e+00   0.0%
----------------------------------------------------------------
Total                  7.13e-03   2.95e-03   4.73e-05   1.01e-02 100.0%
                          70.4%      29.2%       0.5%

======================= Typical Corner ===================================

Group                  Internal  Switching    Leakage      Total
                          Power      Power      Power      Power (Watts)
----------------------------------------------------------------
Sequential             5.20e-03   6.44e-04   8.57e-09   5.85e-03  45.5%
Combinational          2.42e-03   1.51e-03   2.00e-08   3.93e-03  30.6%
Clock                  1.39e-03   1.68e-03   1.18e-08   3.07e-03  23.9%
Macro                  0.00e+00   0.00e+00   0.00e+00   0.00e+00   0.0%
Pad                    0.00e+00   0.00e+00   0.00e+00   0.00e+00   0.0%
----------------------------------------------------------------
Total                  9.01e-03   3.83e-03   4.04e-08   1.28e-02 100.0%
                          70.2%      29.8%       0.0%

