Instance,Terminal,Layer,X location,Y location,Voltage
FILLER_0_13_57,VPWR,li1,32.2000,46.2400,1.799993
FILLER_0_13_53,VPWR,li1,30.5900,46.2400,1.799993
FILLER_0_13_41,VPWR,li1,27.1400,46.2400,1.799993
FILLER_0_13_29,VPWR,li1,21.6200,46.2400,1.799993
FILLER_0_13_25,VPWR,li1,17.7100,46.2400,1.799994
FILLER_0_13_13,VPWR,li1,14.2600,46.2400,1.799994
FILLER_0_12_53,VPWR,li1,30.5900,46.2400,1.799993
FILLER_0_12_41,VPWR,li1,27.1400,46.2400,1.799993
FILLER_0_12_29,VPWR,li1,21.6200,46.2400,1.799993
FILLER_0_12_27,VPWR,li1,18.1700,46.2400,1.799994
FILLER_0_12_23,VPWR,li1,17.0200,46.2400,1.799994
FILLER_0_12_11,VPWR,li1,13.3400,46.2400,1.799994
FILLER_0_11_57,VPWR,li1,32.2000,40.8000,1.799997
FILLER_0_11_50,VPWR,li1,29.9000,40.8000,1.799997
FILLER_0_11_38,VPWR,li1,25.7600,40.8000,1.799997
FILLER_0_11_26,VPWR,li1,20.2400,40.8000,1.799997
FILLER_0_11_14,VPWR,li1,14.7200,40.8000,1.799997
FILLER_0_11_10,VPWR,li1,10.3500,40.8000,1.799998
FILLER_0_11_6,VPWR,li1,9.2000,40.8000,1.799998
FILLER_0_10_53,VPWR,li1,31.2800,40.8000,1.799997
FILLER_0_10_41,VPWR,li1,27.1400,40.8000,1.799997
FILLER_0_10_29,VPWR,li1,21.6200,40.8000,1.799997
FILLER_0_10_27,VPWR,li1,18.1700,40.8000,1.799997
FILLER_0_10_19,VPWR,li1,16.1000,40.8000,1.799997
FILLER_0_10_7,VPWR,li1,11.5000,40.8000,1.799997
FILLER_0_9_57,VPWR,li1,32.2000,35.3600,1.799997
FILLER_0_9_55,VPWR,li1,31.0500,35.3600,1.799997
FILLER_0_9_43,VPWR,li1,28.0600,35.3600,1.799997
FILLER_0_9_31,VPWR,li1,22.5400,35.3600,1.799997
FILLER_0_9_18,VPWR,li1,15.1800,35.3600,1.799997
FILLER_0_9_10,VPWR,li1,10.3500,35.3600,1.799998
FILLER_0_9_6,VPWR,li1,9.2000,35.3600,1.799998
FILLER_0_8_57,VPWR,li1,32.2000,35.3600,1.799997
FILLER_0_8_45,VPWR,li1,28.9800,35.3600,1.799997
FILLER_0_8_36,VPWR,li1,23.4600,35.3600,1.799997
FILLER_0_8_24,VPWR,li1,17.4800,35.3600,1.799997
FILLER_0_8_15,VPWR,li1,13.1100,35.3600,1.799998
FILLER_0_8_3,VPWR,li1,9.6600,35.3600,1.799998
FILLER_0_7_57,VPWR,li1,32.2000,29.9200,1.799999
FILLER_0_7_55,VPWR,li1,31.0500,29.9200,1.799999
FILLER_0_7_42,VPWR,li1,26.6800,29.9200,1.799999
FILLER_0_7_30,VPWR,li1,22.0800,29.9200,1.799999
FILLER_0_7_18,VPWR,li1,16.5600,29.9200,1.799999
FILLER_0_7_6,VPWR,li1,11.0400,29.9200,1.799999
FILLER_0_6_53,VPWR,li1,31.2800,29.9200,1.799999
FILLER_0_6_41,VPWR,li1,27.1400,29.9200,1.799999
FILLER_0_6_29,VPWR,li1,21.6200,29.9200,1.799999
FILLER_0_6_26,VPWR,li1,17.9400,29.9200,1.799999
FILLER_0_6_18,VPWR,li1,15.6400,29.9200,1.799999
FILLER_0_6_6,VPWR,li1,11.0400,29.9200,1.799999
FILLER_0_5_57,VPWR,li1,32.2000,24.4800,1.799998
FILLER_0_5_55,VPWR,li1,31.0500,24.4800,1.799998
FILLER_0_5_51,VPWR,li1,29.9000,24.4800,1.799998
FILLER_0_5_43,VPWR,li1,25.5300,24.4800,1.799998
FILLER_0_5_37,VPWR,li1,23.9200,24.4800,1.799998
FILLER_0_5_25,VPWR,li1,19.7800,24.4800,1.799998
FILLER_0_5_13,VPWR,li1,14.2600,24.4800,1.799998
FILLER_0_5_6,VPWR,li1,8.7400,24.4800,1.799999
FILLER_0_4_55,VPWR,li1,31.7400,24.4800,1.799998
FILLER_0_4_42,VPWR,li1,26.2200,24.4800,1.799998
FILLER_0_4_35,VPWR,li1,21.8500,24.4800,1.799998
FILLER_0_4_29,VPWR,li1,20.2400,24.4800,1.799998
FILLER_0_4_26,VPWR,li1,17.9400,24.4800,1.799998
FILLER_0_4_18,VPWR,li1,15.6400,24.4800,1.799998
FILLER_0_4_6,VPWR,li1,11.0400,24.4800,1.799999
FILLER_0_3_57,VPWR,li1,32.2000,19.0400,1.799996
FILLER_0_3_51,VPWR,li1,29.4400,19.0400,1.799996
FILLER_0_3_39,VPWR,li1,26.2200,19.0400,1.799996
FILLER_0_3_27,VPWR,li1,20.7000,19.0400,1.799996
FILLER_0_3_23,VPWR,li1,16.3300,19.0400,1.799997
FILLER_0_3_19,VPWR,li1,14.4900,19.0400,1.799997
FILLER_0_3_15,VPWR,li1,13.3400,19.0400,1.799997
FILLER_0_3_3,VPWR,li1,8.2800,19.0400,1.799997
FILLER_0_2_53,VPWR,li1,31.2800,19.0400,1.799996
FILLER_0_2_41,VPWR,li1,27.1400,19.0400,1.799996
FILLER_0_2_35,VPWR,li1,21.8500,19.0400,1.799996
FILLER_0_2_29,VPWR,li1,20.2400,19.0400,1.799996
FILLER_0_2_27,VPWR,li1,18.1700,19.0400,1.799997
FILLER_0_2_19,VPWR,li1,16.1000,19.0400,1.799997
FILLER_0_2_7,VPWR,li1,11.5000,19.0400,1.799997
FILLER_0_1_57,VPWR,li1,32.2000,13.6000,1.799995
FILLER_0_1_54,VPWR,li1,30.8200,13.6000,1.799995
FILLER_0_1_50,VPWR,li1,28.7500,13.6000,1.799995
FILLER_0_1_38,VPWR,li1,25.7600,13.6000,1.799995
FILLER_0_1_26,VPWR,li1,20.2400,13.6000,1.799995
FILLER_0_1_14,VPWR,li1,14.7200,13.6000,1.799995
FILLER_0_0_57,VPWR,li1,32.2000,13.6000,1.799995
FILLER_0_0_53,VPWR,li1,30.5900,13.6000,1.799995
FILLER_0_0_41,VPWR,li1,27.1400,13.6000,1.799995
FILLER_0_0_29,VPWR,li1,21.6200,13.6000,1.799995
FILLER_0_0_25,VPWR,li1,17.7100,13.6000,1.799995
FILLER_0_0_13,VPWR,li1,14.2600,13.6000,1.799995
output16,VPWR,li1,7.8200,19.0400,1.799997
output15,VPWR,li1,9.6600,46.2400,1.799993
output14,VPWR,li1,9.6600,13.6000,1.799995
output13,VPWR,li1,8.2800,46.2400,1.799993
output12,VPWR,li1,7.8200,13.6000,1.799995
output11,VPWR,li1,7.8200,40.8000,1.799997
output10,VPWR,li1,10.5800,46.2400,1.799994
output9,VPWR,li1,7.8200,46.2400,1.799993
input8,VPWR,li1,7.5900,24.4800,1.799998
input7,VPWR,li1,7.5900,24.4800,1.799998
input6,VPWR,li1,7.5900,40.8000,1.799997
input5,VPWR,li1,11.2700,13.6000,1.799995
input4,VPWR,li1,7.5900,29.9200,1.799999
input3,VPWR,li1,7.5900,35.3600,1.799998
input2,VPWR,li1,7.5900,29.9200,1.799999
input1,VPWR,li1,9.2000,13.6000,1.799995
TAP_TAPCELL_ROW_13_43,VPWR,li1,31.5100,46.5460,1.799993
TAP_TAPCELL_ROW_13_42,VPWR,li1,18.6300,46.5460,1.799994
TAP_TAPCELL_ROW_12_41,VPWR,li1,18.6300,45.9330,1.799994
TAP_TAPCELL_ROW_11_40,VPWR,li1,31.5100,41.1060,1.799997
TAP_TAPCELL_ROW_10_39,VPWR,li1,18.6300,40.4930,1.799997
TAP_TAPCELL_ROW_9_38,VPWR,li1,31.5100,35.6660,1.799997
TAP_TAPCELL_ROW_8_37,VPWR,li1,18.6300,35.0530,1.799997
TAP_TAPCELL_ROW_7_36,VPWR,li1,31.5100,30.2260,1.799999
TAP_TAPCELL_ROW_6_35,VPWR,li1,18.6300,29.6130,1.799999
TAP_TAPCELL_ROW_5_34,VPWR,li1,31.5100,24.7860,1.799998
TAP_TAPCELL_ROW_4_33,VPWR,li1,18.6300,24.1730,1.799998
TAP_TAPCELL_ROW_3_32,VPWR,li1,31.5100,19.3460,1.799996
TAP_TAPCELL_ROW_2_31,VPWR,li1,18.6300,18.7330,1.799997
TAP_TAPCELL_ROW_1_30,VPWR,li1,31.5100,13.9060,1.799995
TAP_TAPCELL_ROW_0_29,VPWR,li1,31.5100,13.2930,1.799995
TAP_TAPCELL_ROW_0_28,VPWR,li1,18.6300,13.2930,1.799995
PHY_EDGE_ROW_13_Left_27,VPWR,li1,6.2100,46.2400,1.799993
PHY_EDGE_ROW_12_Left_26,VPWR,li1,6.2100,46.2400,1.799993
PHY_EDGE_ROW_11_Left_25,VPWR,li1,6.2100,40.8000,1.799997
PHY_EDGE_ROW_10_Left_24,VPWR,li1,6.2100,40.8000,1.799997
PHY_EDGE_ROW_9_Left_23,VPWR,li1,6.2100,35.3600,1.799998
PHY_EDGE_ROW_8_Left_22,VPWR,li1,6.2100,35.3600,1.799998
PHY_EDGE_ROW_7_Left_21,VPWR,li1,6.2100,29.9200,1.799999
PHY_EDGE_ROW_6_Left_20,VPWR,li1,6.2100,29.9200,1.799999
PHY_EDGE_ROW_5_Left_19,VPWR,li1,6.2100,24.4800,1.799998
PHY_EDGE_ROW_4_Left_18,VPWR,li1,6.2100,24.4800,1.799998
PHY_EDGE_ROW_3_Left_17,VPWR,li1,6.2100,19.0400,1.799997
PHY_EDGE_ROW_2_Left_16,VPWR,li1,6.2100,19.0400,1.799997
PHY_EDGE_ROW_1_Left_15,VPWR,li1,6.2100,13.6000,1.799995
PHY_EDGE_ROW_0_Left_14,VPWR,li1,6.2100,13.6000,1.799995
PHY_EDGE_ROW_13_Right_13,VPWR,li1,33.3500,46.2400,1.799993
PHY_EDGE_ROW_12_Right_12,VPWR,li1,33.3500,46.2400,1.799993
PHY_EDGE_ROW_11_Right_11,VPWR,li1,33.3500,40.8000,1.799997
PHY_EDGE_ROW_10_Right_10,VPWR,li1,33.3500,40.8000,1.799997
PHY_EDGE_ROW_9_Right_9,VPWR,li1,33.3500,35.3600,1.799997
PHY_EDGE_ROW_8_Right_8,VPWR,li1,33.3500,35.3600,1.799997
PHY_EDGE_ROW_7_Right_7,VPWR,li1,33.3500,29.9200,1.799999
PHY_EDGE_ROW_6_Right_6,VPWR,li1,33.3500,29.9200,1.799999
PHY_EDGE_ROW_5_Right_5,VPWR,li1,33.3500,24.4800,1.799998
PHY_EDGE_ROW_4_Right_4,VPWR,li1,33.3500,24.4800,1.799998
PHY_EDGE_ROW_3_Right_3,VPWR,li1,33.3500,19.0400,1.799996
PHY_EDGE_ROW_2_Right_2,VPWR,li1,33.3500,19.0400,1.799996
PHY_EDGE_ROW_1_Right_1,VPWR,li1,33.3500,13.6000,1.799995
PHY_EDGE_ROW_0_Right_0,VPWR,li1,33.3500,13.6000,1.799995
_27_,VPWR,li1,30.5900,19.0400,1.799996
_26_,VPWR,li1,17.2500,19.0400,1.799997
_25_,VPWR,li1,10.3500,24.4800,1.799999
_24_,VPWR,li1,29.2100,24.4800,1.799998
_23_,VPWR,li1,15.4100,19.0400,1.799997
_22_,VPWR,li1,29.6700,29.9200,1.799999
_21_,VPWR,li1,11.0400,19.0400,1.799997
_20_,VPWR,li1,23.4600,24.4800,1.799998
_19_,VPWR,li1,27.3700,24.4800,1.799998
_18_,VPWR,li1,25.5300,35.3600,1.799997
_17_,VPWR,li1,23.2300,19.0400,1.799996
_16_,VPWR,li1,29.6700,13.6000,1.799995
_15_,VPWR,li1,31.9700,46.2400,1.799993
_14_,VPWR,li1,15.1800,35.3600,1.799997
_13_,VPWR,li1,18.1700,35.3600,1.799997
_12_,VPWR,li1,12.1900,35.3600,1.799998
_11_,VPWR,li1,20.4700,35.3600,1.799997
_10_,VPWR,li1,11.2700,40.8000,1.799997
