Instance,Terminal,Layer,X location,Y location,Voltage
FILLER_0_13_57,VGND,li1,32.2000,48.9600,0.000003
FILLER_0_13_53,VGND,li1,30.5900,48.9600,0.000003
FILLER_0_13_41,VGND,li1,27.1400,48.9600,0.000003
FILLER_0_13_29,VGND,li1,21.6200,48.9600,0.000003
FILLER_0_13_25,VGND,li1,17.7100,48.9600,0.000003
FILLER_0_13_13,VGND,li1,14.2600,48.9600,0.000003
FILLER_0_12_53,VGND,li1,30.5900,43.5200,0.000005
FILLER_0_12_41,VGND,li1,27.1400,43.5200,0.000004
FILLER_0_12_29,VGND,li1,21.6200,43.5200,0.000004
FILLER_0_12_27,VGND,li1,18.1700,43.5200,0.000004
FILLER_0_12_23,VGND,li1,17.0200,43.5200,0.000004
FILLER_0_12_11,VGND,li1,13.3400,43.5200,0.000004
FILLER_0_11_57,VGND,li1,32.2000,43.5200,0.000005
FILLER_0_11_50,VGND,li1,29.9000,43.5200,0.000005
FILLER_0_11_38,VGND,li1,25.7600,43.5200,0.000004
FILLER_0_11_26,VGND,li1,20.2400,43.5200,0.000004
FILLER_0_11_14,VGND,li1,14.7200,43.5200,0.000004
FILLER_0_11_10,VGND,li1,10.3500,43.5200,0.000005
FILLER_0_11_6,VGND,li1,9.2000,43.5200,0.000005
FILLER_0_10_53,VGND,li1,31.2800,38.0800,0.000002
FILLER_0_10_41,VGND,li1,27.1400,38.0800,0.000002
FILLER_0_10_29,VGND,li1,21.6200,38.0800,0.000002
FILLER_0_10_27,VGND,li1,18.1700,38.0800,0.000002
FILLER_0_10_19,VGND,li1,16.1000,38.0800,0.000002
FILLER_0_10_7,VGND,li1,11.5000,38.0800,0.000003
FILLER_0_9_57,VGND,li1,32.2000,38.0800,0.000002
FILLER_0_9_55,VGND,li1,31.0500,38.0800,0.000002
FILLER_0_9_43,VGND,li1,28.0600,38.0800,0.000002
FILLER_0_9_31,VGND,li1,22.5400,38.0800,0.000002
FILLER_0_9_18,VGND,li1,15.1800,38.0800,0.000002
FILLER_0_9_10,VGND,li1,10.3500,38.0800,0.000003
FILLER_0_9_6,VGND,li1,9.2000,38.0800,0.000003
FILLER_0_8_57,VGND,li1,32.2000,32.6400,0.000003
FILLER_0_8_45,VGND,li1,28.9800,32.6400,0.000003
FILLER_0_8_36,VGND,li1,23.4600,32.6400,0.000003
FILLER_0_8_24,VGND,li1,17.4800,32.6400,0.000003
FILLER_0_8_15,VGND,li1,13.1100,32.6400,0.000002
FILLER_0_8_3,VGND,li1,9.6600,32.6400,0.000002
FILLER_0_7_57,VGND,li1,32.2000,32.6400,0.000003
FILLER_0_7_55,VGND,li1,31.0500,32.6400,0.000003
FILLER_0_7_42,VGND,li1,26.6800,32.6400,0.000003
FILLER_0_7_30,VGND,li1,22.0800,32.6400,0.000003
FILLER_0_7_18,VGND,li1,16.5600,32.6400,0.000002
FILLER_0_7_6,VGND,li1,11.0400,32.6400,0.000002
FILLER_0_6_53,VGND,li1,31.2800,27.2000,0.000001
FILLER_0_6_41,VGND,li1,27.1400,27.2000,0.000001
FILLER_0_6_29,VGND,li1,21.6200,27.2000,0.000001
FILLER_0_6_26,VGND,li1,17.9400,27.2000,0.000001
FILLER_0_6_18,VGND,li1,15.6400,27.2000,0.000001
FILLER_0_6_6,VGND,li1,11.0400,27.2000,0.000001
FILLER_0_5_57,VGND,li1,32.2000,27.2000,0.000001
FILLER_0_5_55,VGND,li1,31.0500,27.2000,0.000001
FILLER_0_5_51,VGND,li1,29.9000,27.2000,0.000001
FILLER_0_5_43,VGND,li1,25.5300,27.2000,0.000001
FILLER_0_5_37,VGND,li1,23.9200,27.2000,0.000001
FILLER_0_5_25,VGND,li1,19.7800,27.2000,0.000001
FILLER_0_5_13,VGND,li1,14.2600,27.2000,0.000001
FILLER_0_5_6,VGND,li1,8.7400,27.2000,0.000001
FILLER_0_4_55,VGND,li1,31.7400,21.7600,0.000003
FILLER_0_4_42,VGND,li1,26.2200,21.7600,0.000003
FILLER_0_4_35,VGND,li1,21.8500,21.7600,0.000002
FILLER_0_4_29,VGND,li1,20.2400,21.7600,0.000002
FILLER_0_4_26,VGND,li1,17.9400,21.7600,0.000002
FILLER_0_4_18,VGND,li1,15.6400,21.7600,0.000002
FILLER_0_4_6,VGND,li1,11.0400,21.7600,0.000002
FILLER_0_3_57,VGND,li1,32.2000,21.7600,0.000003
FILLER_0_3_51,VGND,li1,29.4400,21.7600,0.000003
FILLER_0_3_39,VGND,li1,26.2200,21.7600,0.000003
FILLER_0_3_27,VGND,li1,20.7000,21.7600,0.000002
FILLER_0_3_23,VGND,li1,16.3300,21.7600,0.000002
FILLER_0_3_19,VGND,li1,14.4900,21.7600,0.000002
FILLER_0_3_15,VGND,li1,13.3400,21.7600,0.000002
FILLER_0_3_3,VGND,li1,8.2800,21.7600,0.000002
FILLER_0_2_53,VGND,li1,31.2800,16.3200,0.000004
FILLER_0_2_41,VGND,li1,27.1400,16.3200,0.000004
FILLER_0_2_35,VGND,li1,21.8500,16.3200,0.000003
FILLER_0_2_29,VGND,li1,20.2400,16.3200,0.000003
FILLER_0_2_27,VGND,li1,18.1700,16.3200,0.000003
FILLER_0_2_19,VGND,li1,16.1000,16.3200,0.000003
FILLER_0_2_7,VGND,li1,11.5000,16.3200,0.000004
FILLER_0_1_57,VGND,li1,32.2000,16.3200,0.000004
FILLER_0_1_54,VGND,li1,30.8200,16.3200,0.000004
FILLER_0_1_50,VGND,li1,28.7500,16.3200,0.000004
FILLER_0_1_38,VGND,li1,25.7600,16.3200,0.000004
FILLER_0_1_26,VGND,li1,20.2400,16.3200,0.000003
FILLER_0_1_14,VGND,li1,14.7200,16.3200,0.000003
FILLER_0_0_57,VGND,li1,32.2000,10.8800,0.000001
FILLER_0_0_53,VGND,li1,30.5900,10.8800,0.000001
FILLER_0_0_41,VGND,li1,27.1400,10.8800,0.000001
FILLER_0_0_29,VGND,li1,21.6200,10.8800,0.000001
FILLER_0_0_25,VGND,li1,17.7100,10.8800,0.000001
FILLER_0_0_13,VGND,li1,14.2600,10.8800,0.000001
output16,VGND,li1,7.8200,16.3200,0.000005
output15,VGND,li1,9.6600,43.5200,0.000005
output14,VGND,li1,9.6600,16.3200,0.000004
output13,VGND,li1,8.2800,48.9600,0.000004
output12,VGND,li1,7.8200,16.3200,0.000005
output11,VGND,li1,7.8200,38.0800,0.000004
output10,VGND,li1,10.5800,48.9600,0.000004
output9,VGND,li1,7.8200,43.5200,0.000005
input8,VGND,li1,7.5900,21.7600,0.000002
input7,VGND,li1,7.5900,27.2000,0.000001
input6,VGND,li1,7.5900,43.5200,0.000005
input5,VGND,li1,11.2700,16.3200,0.000004
input4,VGND,li1,7.5900,27.2000,0.000001
input3,VGND,li1,7.5900,38.0800,0.000004
input2,VGND,li1,7.5900,32.6400,0.000002
input1,VGND,li1,9.2000,10.8800,0.000001
TAP_TAPCELL_ROW_13_43,VGND,li1,31.5100,48.6680,0.000003
TAP_TAPCELL_ROW_13_42,VGND,li1,18.6300,48.6680,0.000003
TAP_TAPCELL_ROW_12_41,VGND,li1,18.6300,43.8110,0.000004
TAP_TAPCELL_ROW_11_40,VGND,li1,31.5100,43.2280,0.000005
TAP_TAPCELL_ROW_10_39,VGND,li1,18.6300,38.3710,0.000002
TAP_TAPCELL_ROW_9_38,VGND,li1,31.5100,37.7880,0.000002
TAP_TAPCELL_ROW_8_37,VGND,li1,18.6300,32.9310,0.000003
TAP_TAPCELL_ROW_7_36,VGND,li1,31.5100,32.3480,0.000003
TAP_TAPCELL_ROW_6_35,VGND,li1,18.6300,27.4910,0.000001
TAP_TAPCELL_ROW_5_34,VGND,li1,31.5100,26.9080,0.000001
TAP_TAPCELL_ROW_4_33,VGND,li1,18.6300,22.0510,0.000002
TAP_TAPCELL_ROW_3_32,VGND,li1,31.5100,21.4680,0.000003
TAP_TAPCELL_ROW_2_31,VGND,li1,18.6300,16.6110,0.000003
TAP_TAPCELL_ROW_1_30,VGND,li1,31.5100,16.0280,0.000004
TAP_TAPCELL_ROW_0_29,VGND,li1,31.5100,11.1710,0.000001
TAP_TAPCELL_ROW_0_28,VGND,li1,18.6300,11.1710,0.000001
PHY_EDGE_ROW_13_Left_27,VGND,li1,6.2100,48.9600,0.000004
PHY_EDGE_ROW_12_Left_26,VGND,li1,6.2100,43.5200,0.000005
PHY_EDGE_ROW_11_Left_25,VGND,li1,6.2100,43.5200,0.000005
PHY_EDGE_ROW_10_Left_24,VGND,li1,6.2100,38.0800,0.000004
PHY_EDGE_ROW_9_Left_23,VGND,li1,6.2100,38.0800,0.000004
PHY_EDGE_ROW_8_Left_22,VGND,li1,6.2100,32.6400,0.000002
PHY_EDGE_ROW_7_Left_21,VGND,li1,6.2100,32.6400,0.000002
PHY_EDGE_ROW_6_Left_20,VGND,li1,6.2100,27.2000,0.000001
PHY_EDGE_ROW_5_Left_19,VGND,li1,6.2100,27.2000,0.000001
PHY_EDGE_ROW_4_Left_18,VGND,li1,6.2100,21.7600,0.000002
PHY_EDGE_ROW_3_Left_17,VGND,li1,6.2100,21.7600,0.000002
PHY_EDGE_ROW_2_Left_16,VGND,li1,6.2100,16.3200,0.000005
PHY_EDGE_ROW_1_Left_15,VGND,li1,6.2100,16.3200,0.000005
PHY_EDGE_ROW_0_Left_14,VGND,li1,6.2100,10.8800,0.000001
PHY_EDGE_ROW_13_Right_13,VGND,li1,33.3500,48.9600,0.000003
PHY_EDGE_ROW_12_Right_12,VGND,li1,33.3500,43.5200,0.000005
PHY_EDGE_ROW_11_Right_11,VGND,li1,33.3500,43.5200,0.000005
PHY_EDGE_ROW_10_Right_10,VGND,li1,33.3500,38.0800,0.000002
PHY_EDGE_ROW_9_Right_9,VGND,li1,33.3500,38.0800,0.000002
PHY_EDGE_ROW_8_Right_8,VGND,li1,33.3500,32.6400,0.000003
PHY_EDGE_ROW_7_Right_7,VGND,li1,33.3500,32.6400,0.000003
PHY_EDGE_ROW_6_Right_6,VGND,li1,33.3500,27.2000,0.000001
PHY_EDGE_ROW_5_Right_5,VGND,li1,33.3500,27.2000,0.000001
PHY_EDGE_ROW_4_Right_4,VGND,li1,33.3500,21.7600,0.000003
PHY_EDGE_ROW_3_Right_3,VGND,li1,33.3500,21.7600,0.000003
PHY_EDGE_ROW_2_Right_2,VGND,li1,33.3500,16.3200,0.000004
PHY_EDGE_ROW_1_Right_1,VGND,li1,33.3500,16.3200,0.000004
PHY_EDGE_ROW_0_Right_0,VGND,li1,33.3500,10.8800,0.000001
_27_,VGND,li1,30.5900,21.7600,0.000003
_26_,VGND,li1,17.2500,21.7600,0.000002
_25_,VGND,li1,10.3500,27.2000,0.000001
_24_,VGND,li1,29.2100,21.7600,0.000003
_23_,VGND,li1,15.4100,21.7600,0.000002
_22_,VGND,li1,29.6700,32.6400,0.000003
_21_,VGND,li1,11.0400,21.7600,0.000002
_20_,VGND,li1,23.4600,21.7600,0.000002
_19_,VGND,li1,27.3700,27.2000,0.000001
_18_,VGND,li1,25.5300,32.6400,0.000003
_17_,VGND,li1,23.2300,16.3200,0.000003
_16_,VGND,li1,29.6700,16.3200,0.000004
_15_,VGND,li1,31.9700,43.5200,0.000005
_14_,VGND,li1,15.1800,32.6400,0.000002
_13_,VGND,li1,18.1700,38.0800,0.000002
_12_,VGND,li1,12.1900,38.0800,0.000003
_11_,VGND,li1,20.4700,32.6400,0.000003
_10_,VGND,li1,11.2700,43.5200,0.000004
