
===========================================================================
report_checks -path_delay max (Setup)
============================================================================
======================= Typical Corner ===================================

Startpoint: opcode[0] (input port clocked by __VIRTUAL_CLK__)
Endpoint: out[7] (output port clocked by __VIRTUAL_CLK__)
Path Group: __VIRTUAL_CLK__
Path Type: max

Fanout     Cap    Slew   Delay    Time   Description
-----------------------------------------------------------------------------
                  0.00    0.00    0.00   clock __VIRTUAL_CLK__ (rise edge)
                          0.00    0.00   clock network delay (ideal)
                          2.00    2.00 ^ input external delay
     1    0.00    0.02    0.01    2.01 ^ opcode[0] (in)
                                         opcode[0] (net)
                  0.02    0.00    2.01 ^ input17/A (sky130_fd_sc_hd__dlymetal6s2s_1)
     6    0.02    0.20    0.20    2.21 ^ input17/X (sky130_fd_sc_hd__dlymetal6s2s_1)
                                         net17 (net)
                  0.20    0.00    2.21 ^ _131_/C_N (sky130_fd_sc_hd__or3b_1)
     1    0.00    0.06    0.38    2.59 v _131_/X (sky130_fd_sc_hd__or3b_1)
                                         _062_ (net)
                  0.06    0.00    2.59 v _132_/A (sky130_fd_sc_hd__buf_2)
    10    0.03    0.08    0.19    2.78 v _132_/X (sky130_fd_sc_hd__buf_2)
                                         _063_ (net)
                  0.08    0.00    2.78 v _168_/B (sky130_fd_sc_hd__and3_1)
     3    0.01    0.06    0.22    3.00 v _168_/X (sky130_fd_sc_hd__and3_1)
                                         _097_ (net)
                  0.06    0.00    3.00 v _170_/A1 (sky130_fd_sc_hd__o21a_1)
     2    0.01    0.05    0.21    3.21 v _170_/X (sky130_fd_sc_hd__o21a_1)
                                         _099_ (net)
                  0.05    0.00    3.21 v _187_/B1 (sky130_fd_sc_hd__o32a_1)
     1    0.00    0.06    0.18    3.39 v _187_/X (sky130_fd_sc_hd__o32a_1)
                                         _002_ (net)
                  0.06    0.00    3.39 v _188_/B1 (sky130_fd_sc_hd__a31o_1)
     3    0.01    0.06    0.22    3.61 v _188_/X (sky130_fd_sc_hd__a31o_1)
                                         _003_ (net)
                  0.06    0.00    3.61 v _216_/A2 (sky130_fd_sc_hd__a31o_1)
     2    0.01    0.06    0.25    3.86 v _216_/X (sky130_fd_sc_hd__a31o_1)
                                         _029_ (net)
                  0.06    0.00    3.86 v _224_/A2 (sky130_fd_sc_hd__a21o_1)
     1    0.01    0.05    0.20    4.07 v _224_/X (sky130_fd_sc_hd__a21o_1)
                                         _036_ (net)
                  0.05    0.00    4.07 v _228_/A (sky130_fd_sc_hd__xnor2_1)
     1    0.00    0.05    0.13    4.20 v _228_/Y (sky130_fd_sc_hd__xnor2_1)
                                         _040_ (net)
                  0.05    0.00    4.20 v _233_/A2 (sky130_fd_sc_hd__o21ai_1)
     1    0.01    0.14    0.15    4.35 ^ _233_/Y (sky130_fd_sc_hd__o21ai_1)
                                         net27 (net)
                  0.14    0.00    4.35 ^ output27/A (sky130_fd_sc_hd__buf_2)
     1    0.03    0.17    0.24    4.59 ^ output27/X (sky130_fd_sc_hd__buf_2)
                                         out[7] (net)
                  0.17    0.00    4.59 ^ out[7] (out)
                                  4.59   data arrival time

                  0.00   10.00   10.00   clock __VIRTUAL_CLK__ (rise edge)
                          0.00   10.00   clock network delay (ideal)
                         -0.25    9.75   clock uncertainty
                          0.00    9.75   clock reconvergence pessimism
                         -2.00    7.75   output external delay
                                  7.75   data required time
-----------------------------------------------------------------------------
                                  7.75   data required time
                                 -4.59   data arrival time
-----------------------------------------------------------------------------
                                  3.16   slack (MET)


Startpoint: opcode[0] (input port clocked by __VIRTUAL_CLK__)
Endpoint: out[6] (output port clocked by __VIRTUAL_CLK__)
Path Group: __VIRTUAL_CLK__
Path Type: max

Fanout     Cap    Slew   Delay    Time   Description
-----------------------------------------------------------------------------
                  0.00    0.00    0.00   clock __VIRTUAL_CLK__ (rise edge)
                          0.00    0.00   clock network delay (ideal)
                          2.00    2.00 ^ input external delay
     1    0.00    0.02    0.01    2.01 ^ opcode[0] (in)
                                         opcode[0] (net)
                  0.02    0.00    2.01 ^ input17/A (sky130_fd_sc_hd__dlymetal6s2s_1)
     6    0.02    0.20    0.20    2.21 ^ input17/X (sky130_fd_sc_hd__dlymetal6s2s_1)
                                         net17 (net)
                  0.20    0.00    2.21 ^ _131_/C_N (sky130_fd_sc_hd__or3b_1)
     1    0.00    0.06    0.38    2.59 v _131_/X (sky130_fd_sc_hd__or3b_1)
                                         _062_ (net)
                  0.06    0.00    2.59 v _132_/A (sky130_fd_sc_hd__buf_2)
    10    0.03    0.08    0.19    2.78 v _132_/X (sky130_fd_sc_hd__buf_2)
                                         _063_ (net)
                  0.08    0.00    2.78 v _168_/B (sky130_fd_sc_hd__and3_1)
     3    0.01    0.06    0.22    3.00 v _168_/X (sky130_fd_sc_hd__and3_1)
                                         _097_ (net)
                  0.06    0.00    3.00 v _170_/A1 (sky130_fd_sc_hd__o21a_1)
     2    0.01    0.05    0.21    3.21 v _170_/X (sky130_fd_sc_hd__o21a_1)
                                         _099_ (net)
                  0.05    0.00    3.21 v _187_/B1 (sky130_fd_sc_hd__o32a_1)
     1    0.00    0.06    0.18    3.39 v _187_/X (sky130_fd_sc_hd__o32a_1)
                                         _002_ (net)
                  0.06    0.00    3.39 v _188_/B1 (sky130_fd_sc_hd__a31o_1)
     3    0.01    0.06    0.22    3.61 v _188_/X (sky130_fd_sc_hd__a31o_1)
                                         _003_ (net)
                  0.06    0.00    3.61 v _216_/A2 (sky130_fd_sc_hd__a31o_1)
     2    0.01    0.06    0.25    3.86 v _216_/X (sky130_fd_sc_hd__a31o_1)
                                         _029_ (net)
                  0.06    0.00    3.86 v _217_/B (sky130_fd_sc_hd__xnor2_1)
     1    0.00    0.05    0.14    4.00 v _217_/Y (sky130_fd_sc_hd__xnor2_1)
                                         _030_ (net)
                  0.05    0.00    4.00 v _223_/A2 (sky130_fd_sc_hd__o22a_1)
     1    0.01    0.06    0.21    4.21 v _223_/X (sky130_fd_sc_hd__o22a_1)
                                         net26 (net)
                  0.06    0.00    4.21 v output26/A (sky130_fd_sc_hd__buf_2)
     1    0.03    0.09    0.19    4.41 v output26/X (sky130_fd_sc_hd__buf_2)
                                         out[6] (net)
                  0.09    0.00    4.41 v out[6] (out)
                                  4.41   data arrival time

                  0.00   10.00   10.00   clock __VIRTUAL_CLK__ (rise edge)
                          0.00   10.00   clock network delay (ideal)
                         -0.25    9.75   clock uncertainty
                          0.00    9.75   clock reconvergence pessimism
                         -2.00    7.75   output external delay
                                  7.75   data required time
-----------------------------------------------------------------------------
                                  7.75   data required time
                                 -4.41   data arrival time
-----------------------------------------------------------------------------
                                  3.34   slack (MET)


Startpoint: opcode[0] (input port clocked by __VIRTUAL_CLK__)
Endpoint: out[5] (output port clocked by __VIRTUAL_CLK__)
Path Group: __VIRTUAL_CLK__
Path Type: max

Fanout     Cap    Slew   Delay    Time   Description
-----------------------------------------------------------------------------
                  0.00    0.00    0.00   clock __VIRTUAL_CLK__ (rise edge)
                          0.00    0.00   clock network delay (ideal)
                          2.00    2.00 ^ input external delay
     1    0.00    0.02    0.01    2.01 ^ opcode[0] (in)
                                         opcode[0] (net)
                  0.02    0.00    2.01 ^ input17/A (sky130_fd_sc_hd__dlymetal6s2s_1)
     6    0.02    0.20    0.20    2.21 ^ input17/X (sky130_fd_sc_hd__dlymetal6s2s_1)
                                         net17 (net)
                  0.20    0.00    2.21 ^ _131_/C_N (sky130_fd_sc_hd__or3b_1)
     1    0.00    0.06    0.38    2.59 v _131_/X (sky130_fd_sc_hd__or3b_1)
                                         _062_ (net)
                  0.06    0.00    2.59 v _132_/A (sky130_fd_sc_hd__buf_2)
    10    0.03    0.08    0.19    2.78 v _132_/X (sky130_fd_sc_hd__buf_2)
                                         _063_ (net)
                  0.08    0.00    2.78 v _168_/B (sky130_fd_sc_hd__and3_1)
     3    0.01    0.06    0.22    3.00 v _168_/X (sky130_fd_sc_hd__and3_1)
                                         _097_ (net)
                  0.06    0.00    3.00 v _170_/A1 (sky130_fd_sc_hd__o21a_1)
     2    0.01    0.05    0.21    3.21 v _170_/X (sky130_fd_sc_hd__o21a_1)
                                         _099_ (net)
                  0.05    0.00    3.21 v _187_/B1 (sky130_fd_sc_hd__o32a_1)
     1    0.00    0.06    0.18    3.39 v _187_/X (sky130_fd_sc_hd__o32a_1)
                                         _002_ (net)
                  0.06    0.00    3.39 v _188_/B1 (sky130_fd_sc_hd__a31o_1)
     3    0.01    0.06    0.22    3.61 v _188_/X (sky130_fd_sc_hd__a31o_1)
                                         _003_ (net)
                  0.06    0.00    3.61 v _201_/A2 (sky130_fd_sc_hd__a21boi_1)
     1    0.01    0.16    0.19    3.81 ^ _201_/Y (sky130_fd_sc_hd__a21boi_1)
                                         _015_ (net)
                  0.16    0.00    3.81 ^ _202_/B (sky130_fd_sc_hd__xnor2_1)
     1    0.00    0.05    0.08    3.89 v _202_/Y (sky130_fd_sc_hd__xnor2_1)
                                         _016_ (net)
                  0.05    0.00    3.89 v _208_/A2 (sky130_fd_sc_hd__a211o_1)
     1    0.00    0.04    0.29    4.18 v _208_/X (sky130_fd_sc_hd__a211o_1)
                                         net25 (net)
                  0.04    0.00    4.18 v output25/A (sky130_fd_sc_hd__buf_2)
     1    0.03    0.09    0.19    4.37 v output25/X (sky130_fd_sc_hd__buf_2)
                                         out[5] (net)
                  0.09    0.00    4.37 v out[5] (out)
                                  4.37   data arrival time

                  0.00   10.00   10.00   clock __VIRTUAL_CLK__ (rise edge)
                          0.00   10.00   clock network delay (ideal)
                         -0.25    9.75   clock uncertainty
                          0.00    9.75   clock reconvergence pessimism
                         -2.00    7.75   output external delay
                                  7.75   data required time
-----------------------------------------------------------------------------
                                  7.75   data required time
                                 -4.37   data arrival time
-----------------------------------------------------------------------------
                                  3.38   slack (MET)


Startpoint: opcode[0] (input port clocked by __VIRTUAL_CLK__)
Endpoint: out[3] (output port clocked by __VIRTUAL_CLK__)
Path Group: __VIRTUAL_CLK__
Path Type: max

Fanout     Cap    Slew   Delay    Time   Description
-----------------------------------------------------------------------------
                  0.00    0.00    0.00   clock __VIRTUAL_CLK__ (rise edge)
                          0.00    0.00   clock network delay (ideal)
                          2.00    2.00 ^ input external delay
     1    0.00    0.02    0.01    2.01 ^ opcode[0] (in)
                                         opcode[0] (net)
                  0.02    0.00    2.01 ^ input17/A (sky130_fd_sc_hd__dlymetal6s2s_1)
     6    0.02    0.20    0.20    2.21 ^ input17/X (sky130_fd_sc_hd__dlymetal6s2s_1)
                                         net17 (net)
                  0.20    0.00    2.21 ^ _131_/C_N (sky130_fd_sc_hd__or3b_1)
     1    0.00    0.06    0.38    2.59 v _131_/X (sky130_fd_sc_hd__or3b_1)
                                         _062_ (net)
                  0.06    0.00    2.59 v _132_/A (sky130_fd_sc_hd__buf_2)
    10    0.03    0.08    0.19    2.78 v _132_/X (sky130_fd_sc_hd__buf_2)
                                         _063_ (net)
                  0.08    0.00    2.78 v _134_/C (sky130_fd_sc_hd__and3_1)
     3    0.01    0.06    0.23    3.01 v _134_/X (sky130_fd_sc_hd__and3_1)
                                         _065_ (net)
                  0.06    0.00    3.01 v _136_/C (sky130_fd_sc_hd__nor3_1)
     2    0.01    0.29    0.26    3.26 ^ _136_/Y (sky130_fd_sc_hd__nor3_1)
                                         _067_ (net)
                  0.29    0.00    3.26 ^ _157_/A2 (sky130_fd_sc_hd__o21ai_2)
     3    0.01    0.08    0.12    3.39 v _157_/Y (sky130_fd_sc_hd__o21ai_2)
                                         _087_ (net)
                  0.08    0.00    3.39 v _173_/A1 (sky130_fd_sc_hd__a21o_1)
     1    0.01    0.04    0.19    3.57 v _173_/X (sky130_fd_sc_hd__a21o_1)
                                         _102_ (net)
                  0.04    0.00    3.57 v _174_/B (sky130_fd_sc_hd__xor2_1)
     1    0.00    0.06    0.15    3.72 v _174_/X (sky130_fd_sc_hd__xor2_1)
                                         _103_ (net)
                  0.06    0.00    3.72 v _180_/A2 (sky130_fd_sc_hd__a211o_1)
     1    0.00    0.05    0.31    4.03 v _180_/X (sky130_fd_sc_hd__a211o_1)
                                         net23 (net)
                  0.05    0.00    4.03 v output23/A (sky130_fd_sc_hd__buf_2)
     1    0.04    0.09    0.20    4.23 v output23/X (sky130_fd_sc_hd__buf_2)
                                         out[3] (net)
                  0.09    0.00    4.23 v out[3] (out)
                                  4.23   data arrival time

                  0.00   10.00   10.00   clock __VIRTUAL_CLK__ (rise edge)
                          0.00   10.00   clock network delay (ideal)
                         -0.25    9.75   clock uncertainty
                          0.00    9.75   clock reconvergence pessimism
                         -2.00    7.75   output external delay
                                  7.75   data required time
-----------------------------------------------------------------------------
                                  7.75   data required time
                                 -4.23   data arrival time
-----------------------------------------------------------------------------
                                  3.52   slack (MET)


Startpoint: opcode[0] (input port clocked by __VIRTUAL_CLK__)
Endpoint: out[4] (output port clocked by __VIRTUAL_CLK__)
Path Group: __VIRTUAL_CLK__
Path Type: max

Fanout     Cap    Slew   Delay    Time   Description
-----------------------------------------------------------------------------
                  0.00    0.00    0.00   clock __VIRTUAL_CLK__ (rise edge)
                          0.00    0.00   clock network delay (ideal)
                          2.00    2.00 ^ input external delay
     1    0.00    0.02    0.01    2.01 ^ opcode[0] (in)
                                         opcode[0] (net)
                  0.02    0.00    2.01 ^ input17/A (sky130_fd_sc_hd__dlymetal6s2s_1)
     6    0.02    0.20    0.20    2.21 ^ input17/X (sky130_fd_sc_hd__dlymetal6s2s_1)
                                         net17 (net)
                  0.20    0.00    2.21 ^ _131_/C_N (sky130_fd_sc_hd__or3b_1)
     1    0.00    0.06    0.38    2.59 v _131_/X (sky130_fd_sc_hd__or3b_1)
                                         _062_ (net)
                  0.06    0.00    2.59 v _132_/A (sky130_fd_sc_hd__buf_2)
    10    0.03    0.08    0.19    2.78 v _132_/X (sky130_fd_sc_hd__buf_2)
                                         _063_ (net)
                  0.08    0.00    2.78 v _168_/B (sky130_fd_sc_hd__and3_1)
     3    0.01    0.06    0.22    3.00 v _168_/X (sky130_fd_sc_hd__and3_1)
                                         _097_ (net)
                  0.06    0.00    3.00 v _170_/A1 (sky130_fd_sc_hd__o21a_1)
     2    0.01    0.05    0.21    3.21 v _170_/X (sky130_fd_sc_hd__o21a_1)
                                         _099_ (net)
                  0.05    0.00    3.21 v _172_/A (sky130_fd_sc_hd__nor2_1)
     2    0.01    0.18    0.19    3.39 ^ _172_/Y (sky130_fd_sc_hd__nor2_1)
                                         _101_ (net)
                  0.18    0.00    3.39 ^ _188_/A3 (sky130_fd_sc_hd__a31o_1)
     3    0.01    0.10    0.22    3.62 ^ _188_/X (sky130_fd_sc_hd__a31o_1)
                                         _003_ (net)
                  0.10    0.00    3.62 ^ _189_/B (sky130_fd_sc_hd__xor2_1)
     1    0.01    0.15    0.19    3.80 ^ _189_/X (sky130_fd_sc_hd__xor2_1)
                                         _004_ (net)
                  0.15    0.00    3.80 ^ _195_/A2 (sky130_fd_sc_hd__o22a_1)
     1    0.00    0.06    0.17    3.97 ^ _195_/X (sky130_fd_sc_hd__o22a_1)
                                         net24 (net)
                  0.06    0.00    3.97 ^ output24/A (sky130_fd_sc_hd__buf_2)
     1    0.04    0.18    0.22    4.19 ^ output24/X (sky130_fd_sc_hd__buf_2)
                                         out[4] (net)
                  0.18    0.00    4.19 ^ out[4] (out)
                                  4.19   data arrival time

                  0.00   10.00   10.00   clock __VIRTUAL_CLK__ (rise edge)
                          0.00   10.00   clock network delay (ideal)
                         -0.25    9.75   clock uncertainty
                          0.00    9.75   clock reconvergence pessimism
                         -2.00    7.75   output external delay
                                  7.75   data required time
-----------------------------------------------------------------------------
                                  7.75   data required time
                                 -4.19   data arrival time
-----------------------------------------------------------------------------
                                  3.56   slack (MET)


Startpoint: opcode[0] (input port clocked by __VIRTUAL_CLK__)
Endpoint: out[2] (output port clocked by __VIRTUAL_CLK__)
Path Group: __VIRTUAL_CLK__
Path Type: max

Fanout     Cap    Slew   Delay    Time   Description
-----------------------------------------------------------------------------
                  0.00    0.00    0.00   clock __VIRTUAL_CLK__ (rise edge)
                          0.00    0.00   clock network delay (ideal)
                          2.00    2.00 ^ input external delay
     1    0.00    0.02    0.01    2.01 ^ opcode[0] (in)
                                         opcode[0] (net)
                  0.02    0.00    2.01 ^ input17/A (sky130_fd_sc_hd__dlymetal6s2s_1)
     6    0.02    0.20    0.20    2.21 ^ input17/X (sky130_fd_sc_hd__dlymetal6s2s_1)
                                         net17 (net)
                  0.20    0.00    2.21 ^ _131_/C_N (sky130_fd_sc_hd__or3b_1)
     1    0.00    0.06    0.38    2.59 v _131_/X (sky130_fd_sc_hd__or3b_1)
                                         _062_ (net)
                  0.06    0.00    2.59 v _132_/A (sky130_fd_sc_hd__buf_2)
    10    0.03    0.08    0.19    2.78 v _132_/X (sky130_fd_sc_hd__buf_2)
                                         _063_ (net)
                  0.08    0.00    2.78 v _134_/C (sky130_fd_sc_hd__and3_1)
     3    0.01    0.06    0.23    3.01 v _134_/X (sky130_fd_sc_hd__and3_1)
                                         _065_ (net)
                  0.06    0.00    3.01 v _136_/C (sky130_fd_sc_hd__nor3_1)
     2    0.01    0.29    0.26    3.26 ^ _136_/Y (sky130_fd_sc_hd__nor3_1)
                                         _067_ (net)
                  0.29    0.00    3.26 ^ _157_/A2 (sky130_fd_sc_hd__o21ai_2)
     3    0.01    0.08    0.12    3.39 v _157_/Y (sky130_fd_sc_hd__o21ai_2)
                                         _087_ (net)
                  0.08    0.00    3.39 v _165_/A (sky130_fd_sc_hd__xor2_1)
     1    0.00    0.12    0.17    3.56 ^ _165_/X (sky130_fd_sc_hd__xor2_1)
                                         _095_ (net)
                  0.12    0.00    3.56 ^ _166_/B1 (sky130_fd_sc_hd__o32a_1)
     1    0.00    0.06    0.17    3.74 ^ _166_/X (sky130_fd_sc_hd__o32a_1)
                                         net22 (net)
                  0.06    0.00    3.74 ^ output22/A (sky130_fd_sc_hd__buf_2)
     1    0.04    0.18    0.22    3.96 ^ output22/X (sky130_fd_sc_hd__buf_2)
                                         out[2] (net)
                  0.18    0.00    3.96 ^ out[2] (out)
                                  3.96   data arrival time

                  0.00   10.00   10.00   clock __VIRTUAL_CLK__ (rise edge)
                          0.00   10.00   clock network delay (ideal)
                         -0.25    9.75   clock uncertainty
                          0.00    9.75   clock reconvergence pessimism
                         -2.00    7.75   output external delay
                                  7.75   data required time
-----------------------------------------------------------------------------
                                  7.75   data required time
                                 -3.96   data arrival time
-----------------------------------------------------------------------------
                                  3.79   slack (MET)


Startpoint: opcode[0] (input port clocked by __VIRTUAL_CLK__)
Endpoint: out[1] (output port clocked by __VIRTUAL_CLK__)
Path Group: __VIRTUAL_CLK__
Path Type: max

Fanout     Cap    Slew   Delay    Time   Description
-----------------------------------------------------------------------------
                  0.00    0.00    0.00   clock __VIRTUAL_CLK__ (rise edge)
                          0.00    0.00   clock network delay (ideal)
                          2.00    2.00 ^ input external delay
     1    0.00    0.02    0.01    2.01 ^ opcode[0] (in)
                                         opcode[0] (net)
                  0.02    0.00    2.01 ^ input17/A (sky130_fd_sc_hd__dlymetal6s2s_1)
     6    0.02    0.20    0.20    2.21 ^ input17/X (sky130_fd_sc_hd__dlymetal6s2s_1)
                                         net17 (net)
                  0.20    0.00    2.21 ^ _131_/C_N (sky130_fd_sc_hd__or3b_1)
     1    0.00    0.06    0.38    2.59 v _131_/X (sky130_fd_sc_hd__or3b_1)
                                         _062_ (net)
                  0.06    0.00    2.59 v _132_/A (sky130_fd_sc_hd__buf_2)
    10    0.03    0.08    0.19    2.78 v _132_/X (sky130_fd_sc_hd__buf_2)
                                         _063_ (net)
                  0.08    0.00    2.78 v _134_/C (sky130_fd_sc_hd__and3_1)
     3    0.01    0.06    0.23    3.01 v _134_/X (sky130_fd_sc_hd__and3_1)
                                         _065_ (net)
                  0.06    0.00    3.01 v _136_/C (sky130_fd_sc_hd__nor3_1)
     2    0.01    0.29    0.26    3.26 ^ _136_/Y (sky130_fd_sc_hd__nor3_1)
                                         _067_ (net)
                  0.29    0.00    3.26 ^ _137_/B (sky130_fd_sc_hd__nor2_1)
     1    0.00    0.07    0.09    3.36 v _137_/Y (sky130_fd_sc_hd__nor2_1)
                                         _068_ (net)
                  0.07    0.00    3.36 v _138_/B (sky130_fd_sc_hd__xnor2_1)
     1    0.00    0.07    0.14    3.49 v _138_/Y (sky130_fd_sc_hd__xnor2_1)
                                         _069_ (net)
                  0.07    0.00    3.49 v _150_/A2 (sky130_fd_sc_hd__o21a_1)
     1    0.00    0.03    0.17    3.66 v _150_/X (sky130_fd_sc_hd__o21a_1)
                                         net21 (net)
                  0.03    0.00    3.66 v output21/A (sky130_fd_sc_hd__buf_2)
     1    0.03    0.09    0.18    3.84 v output21/X (sky130_fd_sc_hd__buf_2)
                                         out[1] (net)
                  0.09    0.00    3.84 v out[1] (out)
                                  3.84   data arrival time

                  0.00   10.00   10.00   clock __VIRTUAL_CLK__ (rise edge)
                          0.00   10.00   clock network delay (ideal)
                         -0.25    9.75   clock uncertainty
                          0.00    9.75   clock reconvergence pessimism
                         -2.00    7.75   output external delay
                                  7.75   data required time
-----------------------------------------------------------------------------
                                  7.75   data required time
                                 -3.84   data arrival time
-----------------------------------------------------------------------------
                                  3.91   slack (MET)


Startpoint: opcode[1] (input port clocked by __VIRTUAL_CLK__)
Endpoint: out[0] (output port clocked by __VIRTUAL_CLK__)
Path Group: __VIRTUAL_CLK__
Path Type: max

Fanout     Cap    Slew   Delay    Time   Description
-----------------------------------------------------------------------------
                  0.00    0.00    0.00   clock __VIRTUAL_CLK__ (rise edge)
                          0.00    0.00   clock network delay (ideal)
                          2.00    2.00 v input external delay
     1    0.00    0.01    0.01    2.01 v opcode[1] (in)
                                         opcode[1] (net)
                  0.01    0.00    2.01 v input18/A (sky130_fd_sc_hd__clkbuf_1)
     2    0.01    0.05    0.10    2.10 v input18/X (sky130_fd_sc_hd__clkbuf_1)
                                         net18 (net)
                  0.05    0.00    2.10 v _114_/A (sky130_fd_sc_hd__clkbuf_2)
    10    0.03    0.11    0.18    2.28 v _114_/X (sky130_fd_sc_hd__clkbuf_2)
                                         _046_ (net)
                  0.11    0.00    2.28 v _121_/B (sky130_fd_sc_hd__and3_2)
     8    0.02    0.08    0.28    2.56 v _121_/X (sky130_fd_sc_hd__and3_2)
                                         _053_ (net)
                  0.08    0.00    2.56 v _123_/A2 (sky130_fd_sc_hd__a22o_1)
     1    0.00    0.03    0.24    2.80 v _123_/X (sky130_fd_sc_hd__a22o_1)
                                         _055_ (net)
                  0.03    0.00    2.80 v _127_/C (sky130_fd_sc_hd__or4_1)
     1    0.00    0.09    0.49    3.29 v _127_/X (sky130_fd_sc_hd__or4_1)
                                         _059_ (net)
                  0.09    0.00    3.29 v _128_/A (sky130_fd_sc_hd__clkbuf_1)
     1    0.00    0.02    0.10    3.40 v _128_/X (sky130_fd_sc_hd__clkbuf_1)
                                         net20 (net)
                  0.02    0.00    3.40 v output20/A (sky130_fd_sc_hd__buf_2)
     1    0.04    0.09    0.18    3.58 v output20/X (sky130_fd_sc_hd__buf_2)
                                         out[0] (net)
                  0.09    0.00    3.58 v out[0] (out)
                                  3.58   data arrival time

                  0.00   10.00   10.00   clock __VIRTUAL_CLK__ (rise edge)
                          0.00   10.00   clock network delay (ideal)
                         -0.25    9.75   clock uncertainty
                          0.00    9.75   clock reconvergence pessimism
                         -2.00    7.75   output external delay
                                  7.75   data required time
-----------------------------------------------------------------------------
                                  7.75   data required time
                                 -3.58   data arrival time
-----------------------------------------------------------------------------
                                  4.17   slack (MET)



worst slack corner Typical: 3.1605
