
===========================================================================
report_checks -unconstrained
===========================================================================
======================= Typical Corner ===================================

Startpoint: opcode[0] (input port clocked by __VIRTUAL_CLK__)
Endpoint: out[7] (output port clocked by __VIRTUAL_CLK__)
Path Group: __VIRTUAL_CLK__
Path Type: max

Fanout     Cap    Slew   Delay    Time   Description
-----------------------------------------------------------------------------
                  0.00    0.00    0.00   clock __VIRTUAL_CLK__ (rise edge)
                          0.00    0.00   clock network delay (ideal)
                          2.00    2.00 ^ input external delay
     1    0.00    0.02    0.01    2.01 ^ opcode[0] (in)
                                         opcode[0] (net)
                  0.02    0.00    2.01 ^ input17/A (sky130_fd_sc_hd__dlymetal6s2s_1)
     6    0.01    0.16    0.16    2.17 ^ input17/X (sky130_fd_sc_hd__dlymetal6s2s_1)
                                         net17 (net)
                  0.16    0.00    2.17 ^ _131_/C_N (sky130_fd_sc_hd__or3b_1)
     1    0.00    0.06    0.36    2.53 v _131_/X (sky130_fd_sc_hd__or3b_1)
                                         _062_ (net)
                  0.06    0.00    2.53 v _132_/A (sky130_fd_sc_hd__buf_2)
    10    0.02    0.06    0.17    2.70 v _132_/X (sky130_fd_sc_hd__buf_2)
                                         _063_ (net)
                  0.06    0.00    2.70 v _168_/B (sky130_fd_sc_hd__and3_1)
     3    0.01    0.06    0.20    2.90 v _168_/X (sky130_fd_sc_hd__and3_1)
                                         _097_ (net)
                  0.06    0.00    2.90 v _170_/A1 (sky130_fd_sc_hd__o21a_1)
     2    0.00    0.04    0.20    3.10 v _170_/X (sky130_fd_sc_hd__o21a_1)
                                         _099_ (net)
                  0.04    0.00    3.10 v _187_/B1 (sky130_fd_sc_hd__o32a_1)
     1    0.00    0.05    0.17    3.27 v _187_/X (sky130_fd_sc_hd__o32a_1)
                                         _002_ (net)
                  0.05    0.00    3.27 v _188_/B1 (sky130_fd_sc_hd__a31o_1)
     3    0.01    0.06    0.22    3.49 v _188_/X (sky130_fd_sc_hd__a31o_1)
                                         _003_ (net)
                  0.06    0.00    3.49 v _216_/A2 (sky130_fd_sc_hd__a31o_1)
     2    0.01    0.06    0.24    3.73 v _216_/X (sky130_fd_sc_hd__a31o_1)
                                         _029_ (net)
                  0.06    0.00    3.73 v _224_/A2 (sky130_fd_sc_hd__a21o_1)
     1    0.00    0.04    0.19    3.92 v _224_/X (sky130_fd_sc_hd__a21o_1)
                                         _036_ (net)
                  0.04    0.00    3.92 v _228_/A (sky130_fd_sc_hd__xnor2_1)
     1    0.00    0.04    0.12    4.04 v _228_/Y (sky130_fd_sc_hd__xnor2_1)
                                         _040_ (net)
                  0.04    0.00    4.04 v _233_/A2 (sky130_fd_sc_hd__o21ai_1)
     1    0.00    0.08    0.10    4.14 ^ _233_/Y (sky130_fd_sc_hd__o21ai_1)
                                         net27 (net)
                  0.08    0.00    4.14 ^ output27/A (sky130_fd_sc_hd__buf_2)
     1    0.03    0.17    0.22    4.36 ^ output27/X (sky130_fd_sc_hd__buf_2)
                                         out[7] (net)
                  0.17    0.00    4.36 ^ out[7] (out)
                                  4.36   data arrival time

                  0.00   10.00   10.00   clock __VIRTUAL_CLK__ (rise edge)
                          0.00   10.00   clock network delay (ideal)
                         -0.25    9.75   clock uncertainty
                          0.00    9.75   clock reconvergence pessimism
                         -2.00    7.75   output external delay
                                  7.75   data required time
-----------------------------------------------------------------------------
                                  7.75   data required time
                                 -4.36   data arrival time
-----------------------------------------------------------------------------
                                  3.39   slack (MET)




===========================================================================
report_checks --slack_max -0.01
============================================================================
======================= Typical Corner ===================================

No paths found.


===========================================================================
 report_check_types -max_slew -max_cap -max_fanout -violators
============================================================================
======================= Typical Corner ===================================


max slew violations count Typical: 0
max fanout violations count Typical: 0
max cap violations count Typical: 0

===========================================================================
report_parasitic_annotation -report_unannotated
============================================================================
Found 167 unannotated drivers.
 A[0]
 A[1]
 A[2]
 A[3]
 A[4]
 A[5]
 A[6]
 A[7]
 B[0]
 B[1]
 B[2]
 B[3]
 B[4]
 B[5]
 B[6]
 B[7]
 opcode[0]
 opcode[1]
 opcode[2]
 _113_/Y
 _114_/X
 _115_/X
 _116_/Y
 _117_/Y
 _118_/X
 _119_/Y
 _120_/X
 _121_/X
 _122_/X
 _123_/X
 _124_/X
 _125_/X
 _126_/Y
 _127_/X
 _128_/X
 _129_/X
 _130_/X
 _131_/X
 _132_/X
 _133_/Y
 _134_/X
 _135_/X
 _136_/Y
 _137_/Y
 _138_/Y
 _139_/Y
 _140_/X
 _141_/X
 _142_/Y
 _143_/X
 _144_/Y
 _145_/X
 _146_/X
 _147_/X
 _148_/X
 _149_/X
 _150_/X
 _151_/Y
 _152_/X
 _153_/X
 _154_/Y
 _155_/X
 _156_/Y
 _157_/Y
 _158_/X
 _159_/X
 _160_/Y
 _161_/Y
 _162_/Y
 _163_/X
 _164_/Y
 _165_/X
 _166_/X
 _167_/X
 _168_/X
 _169_/Y
 _170_/X
 _171_/Y
 _172_/Y
 _173_/X
 _174_/X
 _175_/Y
 _176_/X
 _177_/X
 _178_/Y
 _179_/X
 _180_/X
 _181_/X
 _182_/Y
 _183_/X
 _184_/Y
 _185_/X
 _186_/X
 _187_/X
 _188_/X
 _189_/X
 _190_/Y
 _191_/X
 _192_/Y
 _193_/X
 _194_/X
 _195_/X
 _196_/X
 _197_/Y
 _198_/X
 _199_/Y
 _200_/Y
 _201_/Y
 _202_/Y
 _203_/Y
 _204_/X
 _205_/Y
 _206_/X
 _207_/X
 _208_/X
 _209_/X
 _210_/Y
 _211_/X
 _212_/X
 _213_/X
 _214_/Y
 _215_/Y
 _216_/X
 _217_/Y
 _218_/Y
 _219_/X
 _220_/Y
 _221_/X
 _222_/X
 _223_/X
 _224_/X
 _225_/Y
 _226_/X
 _227_/X
 _228_/Y
 _229_/Y
 _230_/X
 _231_/X
 _232_/X
 _233_/Y
 input1/X
 input10/X
 input11/X
 input12/X
 input13/X
 input14/X
 input15/X
 input16/X
 input17/X
 input18/X
 input19/X
 input2/X
 input3/X
 input4/X
 input5/X
 input6/X
 input7/X
 input8/X
 input9/X
 output20/X
 output21/X
 output22/X
 output23/X
 output24/X
 output25/X
 output26/X
 output27/X
Found 0 partially unannotated drivers.

===========================================================================
max slew violation count 0
max fanout violation count 0
max cap violation count 0
============================================================================

===========================================================================
check_setup -verbose -unconstrained_endpoints -multiple_clock -no_clock -no_input_delay -loops -generated_clocks
===========================================================================
