
===========================================================================
 report_power
============================================================================
======================= Fastest Corner ===================================

Group                  Internal  Switching    Leakage      Total
                          Power      Power      Power      Power (Watts)
----------------------------------------------------------------
Sequential             1.51e-04   0.00e+00   3.00e-08   1.51e-04  45.8%
Combinational          2.76e-14   1.59e-13   8.30e-10   8.30e-10   0.0%
Clock                  1.11e-04   6.74e-05   9.28e-10   1.79e-04  54.2%
Macro                  0.00e+00   0.00e+00   0.00e+00   0.00e+00   0.0%
Pad                    0.00e+00   0.00e+00   0.00e+00   0.00e+00   0.0%
----------------------------------------------------------------
Total                  2.62e-04   6.74e-05   3.18e-08   3.29e-04 100.0%
                          79.5%      20.5%       0.0%

======================= Slowest Corner ===================================

Group                  Internal  Switching    Leakage      Total
                          Power      Power      Power      Power (Watts)
----------------------------------------------------------------
Sequential             9.95e-05   0.00e+00   6.06e-07   1.00e-04  44.6%
Combinational          1.76e-14   1.07e-13   7.32e-07   7.32e-07   0.3%
Clock                  7.94e-05   4.39e-05   1.13e-07   1.23e-04  55.0%
Macro                  0.00e+00   0.00e+00   0.00e+00   0.00e+00   0.0%
Pad                    0.00e+00   0.00e+00   0.00e+00   0.00e+00   0.0%
----------------------------------------------------------------
Total                  1.79e-04   4.39e-05   1.45e-06   2.24e-04 100.0%
                          79.8%      19.6%       0.6%

======================= Typical Corner ===================================

Group                  Internal  Switching    Leakage      Total
                          Power      Power      Power      Power (Watts)
----------------------------------------------------------------
Sequential             1.29e-04   0.00e+00   2.97e-08   1.30e-04  45.8%
Combinational          2.16e-14   1.36e-13   6.31e-10   6.31e-10   0.0%
Clock                  9.71e-05   5.65e-05   6.47e-10   1.54e-04  54.2%
Macro                  0.00e+00   0.00e+00   0.00e+00   0.00e+00   0.0%
Pad                    0.00e+00   0.00e+00   0.00e+00   0.00e+00   0.0%
----------------------------------------------------------------
Total                  2.27e-04   5.65e-05   3.10e-08   2.83e-04 100.0%
                          80.0%      20.0%       0.0%

