OpenROAD b16bda7e82721d10566ff7e2b68f1ff0be9f9e38 
Features included (+) or not (-): +Charts +GPU +GUI +Python
This program is licensed under the BSD-3 license. See the LICENSE file for details.
Components of this program may be licensed under more restrictive licenses which must be honored.
define_corners Typical
read_liberty -corner Typical /home/furkan/.volare/sky130A/libs.ref/sky130_fd_sc_hd/lib/sky130_fd_sc_hd__tt_025C_1v80.lib
Using 1e-12 for capacitance...
Using 1e+03 for resistance...
Using 1e-09 for time...
Using 1e+00 for voltage...
Using 1e-03 for current...
Using 1e-09 for power...
Using 1e-06 for distance...
[INFO]: Reading ODB at '/openlane/designs/project2/runs/RUN_2025.05.04_23.06.35/tmp/routing/20-global.odb'…
Reading design constraints file at '/openlane/scripts/base.sdc'…
[INFO]: Setting output delay to: 2.0
[INFO]: Setting input delay to: 2.0
[WARNING STA-0366] port '__VIRTUAL_CLK__' not found.
[INFO]: Setting load to: 0.033442
[INFO]: Setting clock uncertainty to: 0.25
[INFO]: Setting clock transition to: 0.15
[WARNING STA-0419] transition time can not be specified for virtual clocks.
[INFO]: Setting timing derate to: 5.0 %
[INFO]: Propagating all clocks
[WARNING STA-0450] virtual clock __VIRTUAL_CLK__ can not be propagated.
min_report

===========================================================================
report_checks -path_delay min (Hold)
============================================================================
======================= Typical Corner ===================================

Startpoint: B[5] (input port clocked by __VIRTUAL_CLK__)
Endpoint: out[5] (output port clocked by __VIRTUAL_CLK__)
Path Group: __VIRTUAL_CLK__
Path Type: min

Fanout     Cap    Slew   Delay    Time   Description
-----------------------------------------------------------------------------
                  0.00    0.00    0.00   clock __VIRTUAL_CLK__ (rise edge)
                          0.00    0.00   clock network delay (ideal)
                          2.00    2.00 ^ input external delay
     1    0.00    0.02    0.01    2.01 ^ B[5] (in)
                                         B[5] (net)
                  0.02    0.00    2.01 ^ input14/A (sky130_fd_sc_hd__clkbuf_2)
     5    0.01    0.09    0.12    2.13 ^ input14/X (sky130_fd_sc_hd__clkbuf_2)
                                         net14 (net)
                  0.09    0.00    2.13 ^ _204_/A2 (sky130_fd_sc_hd__o22a_1)
     1    0.00    0.04    0.12    2.25 ^ _204_/X (sky130_fd_sc_hd__o22a_1)
                                         _018_ (net)
                  0.04    0.00    2.25 ^ _208_/B1 (sky130_fd_sc_hd__a211o_1)
     1    0.00    0.03    0.08    2.33 ^ _208_/X (sky130_fd_sc_hd__a211o_1)
                                         net25 (net)
                  0.03    0.00    2.33 ^ output25/A (sky130_fd_sc_hd__buf_2)
     1    0.03    0.17    0.18    2.51 ^ output25/X (sky130_fd_sc_hd__buf_2)
                                         out[5] (net)
                  0.17    0.00    2.51 ^ out[5] (out)
                                  2.51   data arrival time

                  0.00    0.00    0.00   clock __VIRTUAL_CLK__ (rise edge)
                          0.00    0.00   clock network delay (ideal)
                          0.25    0.25   clock uncertainty
                          0.00    0.25   clock reconvergence pessimism
                         -2.00   -1.75   output external delay
                                 -1.75   data required time
-----------------------------------------------------------------------------
                                 -1.75   data required time
                                 -2.51   data arrival time
-----------------------------------------------------------------------------
                                  4.26   slack (MET)


Startpoint: B[3] (input port clocked by __VIRTUAL_CLK__)
Endpoint: out[3] (output port clocked by __VIRTUAL_CLK__)
Path Group: __VIRTUAL_CLK__
Path Type: min

Fanout     Cap    Slew   Delay    Time   Description
-----------------------------------------------------------------------------
                  0.00    0.00    0.00   clock __VIRTUAL_CLK__ (rise edge)
                          0.00    0.00   clock network delay (ideal)
                          2.00    2.00 ^ input external delay
     1    0.00    0.02    0.01    2.01 ^ B[3] (in)
                                         B[3] (net)
                  0.02    0.00    2.01 ^ input12/A (sky130_fd_sc_hd__clkbuf_2)
     7    0.02    0.10    0.13    2.13 ^ input12/X (sky130_fd_sc_hd__clkbuf_2)
                                         net12 (net)
                  0.10    0.00    2.13 ^ _176_/A2 (sky130_fd_sc_hd__o22a_1)
     1    0.00    0.04    0.13    2.26 ^ _176_/X (sky130_fd_sc_hd__o22a_1)
                                         _105_ (net)
                  0.04    0.00    2.26 ^ _180_/B1 (sky130_fd_sc_hd__a211o_1)
     1    0.00    0.03    0.08    2.34 ^ _180_/X (sky130_fd_sc_hd__a211o_1)
                                         net23 (net)
                  0.03    0.00    2.34 ^ output23/A (sky130_fd_sc_hd__buf_2)
     1    0.03    0.17    0.18    2.52 ^ output23/X (sky130_fd_sc_hd__buf_2)
                                         out[3] (net)
                  0.17    0.00    2.52 ^ out[3] (out)
                                  2.52   data arrival time

                  0.00    0.00    0.00   clock __VIRTUAL_CLK__ (rise edge)
                          0.00    0.00   clock network delay (ideal)
                          0.25    0.25   clock uncertainty
                          0.00    0.25   clock reconvergence pessimism
                         -2.00   -1.75   output external delay
                                 -1.75   data required time
-----------------------------------------------------------------------------
                                 -1.75   data required time
                                 -2.52   data arrival time
-----------------------------------------------------------------------------
                                  4.27   slack (MET)


Startpoint: B[7] (input port clocked by __VIRTUAL_CLK__)
Endpoint: out[7] (output port clocked by __VIRTUAL_CLK__)
Path Group: __VIRTUAL_CLK__
Path Type: min

Fanout     Cap    Slew   Delay    Time   Description
-----------------------------------------------------------------------------
                  0.00    0.00    0.00   clock __VIRTUAL_CLK__ (rise edge)
                          0.00    0.00   clock network delay (ideal)
                          2.00    2.00 ^ input external delay
     1    0.00    0.02    0.01    2.01 ^ B[7] (in)
                                         B[7] (net)
                  0.02    0.00    2.01 ^ input16/A (sky130_fd_sc_hd__buf_1)
     3    0.01    0.12    0.12    2.13 ^ input16/X (sky130_fd_sc_hd__buf_1)
                                         net16 (net)
                  0.12    0.00    2.13 ^ _229_/A2 (sky130_fd_sc_hd__o21ai_1)
     1    0.00    0.04    0.06    2.19 v _229_/Y (sky130_fd_sc_hd__o21ai_1)
                                         _041_ (net)
                  0.04    0.00    2.19 v _232_/B1 (sky130_fd_sc_hd__o211a_1)
     1    0.00    0.03    0.10    2.30 v _232_/X (sky130_fd_sc_hd__o211a_1)
                                         _044_ (net)
                  0.03    0.00    2.30 v _233_/B1 (sky130_fd_sc_hd__o21ai_1)
     1    0.00    0.06    0.05    2.34 ^ _233_/Y (sky130_fd_sc_hd__o21ai_1)
                                         net27 (net)
                  0.06    0.00    2.34 ^ output27/A (sky130_fd_sc_hd__buf_2)
     1    0.03    0.17    0.19    2.54 ^ output27/X (sky130_fd_sc_hd__buf_2)
                                         out[7] (net)
                  0.17    0.00    2.54 ^ out[7] (out)
                                  2.54   data arrival time

                  0.00    0.00    0.00   clock __VIRTUAL_CLK__ (rise edge)
                          0.00    0.00   clock network delay (ideal)
                          0.25    0.25   clock uncertainty
                          0.00    0.25   clock reconvergence pessimism
                         -2.00   -1.75   output external delay
                                 -1.75   data required time
-----------------------------------------------------------------------------
                                 -1.75   data required time
                                 -2.54   data arrival time
-----------------------------------------------------------------------------
                                  4.29   slack (MET)


Startpoint: A[5] (input port clocked by __VIRTUAL_CLK__)
Endpoint: out[6] (output port clocked by __VIRTUAL_CLK__)
Path Group: __VIRTUAL_CLK__
Path Type: min

Fanout     Cap    Slew   Delay    Time   Description
-----------------------------------------------------------------------------
                  0.00    0.00    0.00   clock __VIRTUAL_CLK__ (rise edge)
                          0.00    0.00   clock network delay (ideal)
                          2.00    2.00 ^ input external delay
     1    0.00    0.02    0.01    2.01 ^ A[5] (in)
                                         A[5] (net)
                  0.02    0.00    2.01 ^ input6/A (sky130_fd_sc_hd__buf_2)
     9    0.02    0.11    0.14    2.14 ^ input6/X (sky130_fd_sc_hd__buf_2)
                                         net6 (net)
                  0.11    0.00    2.14 ^ _222_/B2 (sky130_fd_sc_hd__a221o_1)
     1    0.00    0.04    0.14    2.28 ^ _222_/X (sky130_fd_sc_hd__a221o_1)
                                         _035_ (net)
                  0.04    0.00    2.28 ^ _223_/B2 (sky130_fd_sc_hd__o22a_1)
     1    0.00    0.03    0.09    2.37 ^ _223_/X (sky130_fd_sc_hd__o22a_1)
                                         net26 (net)
                  0.03    0.00    2.37 ^ output26/A (sky130_fd_sc_hd__buf_2)
     1    0.03    0.17    0.18    2.56 ^ output26/X (sky130_fd_sc_hd__buf_2)
                                         out[6] (net)
                  0.17    0.00    2.56 ^ out[6] (out)
                                  2.56   data arrival time

                  0.00    0.00    0.00   clock __VIRTUAL_CLK__ (rise edge)
                          0.00    0.00   clock network delay (ideal)
                          0.25    0.25   clock uncertainty
                          0.00    0.25   clock reconvergence pessimism
                         -2.00   -1.75   output external delay
                                 -1.75   data required time
-----------------------------------------------------------------------------
                                 -1.75   data required time
                                 -2.56   data arrival time
-----------------------------------------------------------------------------
                                  4.31   slack (MET)


Startpoint: A[4] (input port clocked by __VIRTUAL_CLK__)
Endpoint: out[4] (output port clocked by __VIRTUAL_CLK__)
Path Group: __VIRTUAL_CLK__
Path Type: min

Fanout     Cap    Slew   Delay    Time   Description
-----------------------------------------------------------------------------
                  0.00    0.00    0.00   clock __VIRTUAL_CLK__ (rise edge)
                          0.00    0.00   clock network delay (ideal)
                          2.00    2.00 ^ input external delay
     1    0.00    0.02    0.01    2.01 ^ A[4] (in)
                                         A[4] (net)
                  0.02    0.00    2.01 ^ input5/A (sky130_fd_sc_hd__clkbuf_2)
     8    0.02    0.11    0.13    2.14 ^ input5/X (sky130_fd_sc_hd__clkbuf_2)
                                         net5 (net)
                  0.11    0.00    2.14 ^ _191_/A1 (sky130_fd_sc_hd__o22a_1)
     1    0.00    0.04    0.14    2.28 ^ _191_/X (sky130_fd_sc_hd__o22a_1)
                                         _006_ (net)
                  0.04    0.00    2.28 ^ _195_/B1 (sky130_fd_sc_hd__o22a_1)
     1    0.00    0.03    0.11    2.39 ^ _195_/X (sky130_fd_sc_hd__o22a_1)
                                         net24 (net)
                  0.03    0.00    2.39 ^ output24/A (sky130_fd_sc_hd__buf_2)
     1    0.03    0.17    0.18    2.57 ^ output24/X (sky130_fd_sc_hd__buf_2)
                                         out[4] (net)
                  0.17    0.00    2.57 ^ out[4] (out)
                                  2.57   data arrival time

                  0.00    0.00    0.00   clock __VIRTUAL_CLK__ (rise edge)
                          0.00    0.00   clock network delay (ideal)
                          0.25    0.25   clock uncertainty
                          0.00    0.25   clock reconvergence pessimism
                         -2.00   -1.75   output external delay
                                 -1.75   data required time
-----------------------------------------------------------------------------
                                 -1.75   data required time
                                 -2.57   data arrival time
-----------------------------------------------------------------------------
                                  4.32   slack (MET)


Startpoint: A[0] (input port clocked by __VIRTUAL_CLK__)
Endpoint: out[0] (output port clocked by __VIRTUAL_CLK__)
Path Group: __VIRTUAL_CLK__
Path Type: min

Fanout     Cap    Slew   Delay    Time   Description
-----------------------------------------------------------------------------
                  0.00    0.00    0.00   clock __VIRTUAL_CLK__ (rise edge)
                          0.00    0.00   clock network delay (ideal)
                          2.00    2.00 v input external delay
     1    0.00    0.01    0.00    2.00 v A[0] (in)
                                         A[0] (net)
                  0.01    0.00    2.00 v input1/A (sky130_fd_sc_hd__dlymetal6s2s_1)
     6    0.01    0.08    0.15    2.15 v input1/X (sky130_fd_sc_hd__dlymetal6s2s_1)
                                         net1 (net)
                  0.08    0.00    2.15 v _126_/A (sky130_fd_sc_hd__nor2_1)
     1    0.00    0.06    0.09    2.24 ^ _126_/Y (sky130_fd_sc_hd__nor2_1)
                                         _058_ (net)
                  0.06    0.00    2.24 ^ _127_/D (sky130_fd_sc_hd__or4_1)
     1    0.00    0.03    0.09    2.33 ^ _127_/X (sky130_fd_sc_hd__or4_1)
                                         _059_ (net)
                  0.03    0.00    2.33 ^ _128_/A (sky130_fd_sc_hd__clkbuf_1)
     1    0.00    0.03    0.07    2.39 ^ _128_/X (sky130_fd_sc_hd__clkbuf_1)
                                         net20 (net)
                  0.03    0.00    2.39 ^ output20/A (sky130_fd_sc_hd__buf_2)
     1    0.03    0.17    0.18    2.58 ^ output20/X (sky130_fd_sc_hd__buf_2)
                                         out[0] (net)
                  0.17    0.00    2.58 ^ out[0] (out)
                                  2.58   data arrival time

                  0.00    0.00    0.00   clock __VIRTUAL_CLK__ (rise edge)
                          0.00    0.00   clock network delay (ideal)
                          0.25    0.25   clock uncertainty
                          0.00    0.25   clock reconvergence pessimism
                         -2.00   -1.75   output external delay
                                 -1.75   data required time
-----------------------------------------------------------------------------
                                 -1.75   data required time
                                 -2.58   data arrival time
-----------------------------------------------------------------------------
                                  4.33   slack (MET)


Startpoint: A[1] (input port clocked by __VIRTUAL_CLK__)
Endpoint: out[2] (output port clocked by __VIRTUAL_CLK__)
Path Group: __VIRTUAL_CLK__
Path Type: min

Fanout     Cap    Slew   Delay    Time   Description
-----------------------------------------------------------------------------
                  0.00    0.00    0.00   clock __VIRTUAL_CLK__ (rise edge)
                          0.00    0.00   clock network delay (ideal)
                          2.00    2.00 ^ input external delay
     1    0.00    0.02    0.01    2.01 ^ A[1] (in)
                                         A[1] (net)
                  0.02    0.00    2.01 ^ input2/A (sky130_fd_sc_hd__buf_2)
     9    0.02    0.11    0.14    2.15 ^ input2/X (sky130_fd_sc_hd__buf_2)
                                         net2 (net)
                  0.11    0.00    2.15 ^ _155_/B2 (sky130_fd_sc_hd__a221o_1)
     1    0.00    0.04    0.14    2.28 ^ _155_/X (sky130_fd_sc_hd__a221o_1)
                                         _085_ (net)
                  0.04    0.00    2.28 ^ _166_/A3 (sky130_fd_sc_hd__o32a_1)
     1    0.00    0.04    0.11    2.39 ^ _166_/X (sky130_fd_sc_hd__o32a_1)
                                         net22 (net)
                  0.04    0.00    2.39 ^ output22/A (sky130_fd_sc_hd__buf_2)
     1    0.03    0.17    0.18    2.58 ^ output22/X (sky130_fd_sc_hd__buf_2)
                                         out[2] (net)
                  0.17    0.00    2.58 ^ out[2] (out)
                                  2.58   data arrival time

                  0.00    0.00    0.00   clock __VIRTUAL_CLK__ (rise edge)
                          0.00    0.00   clock network delay (ideal)
                          0.25    0.25   clock uncertainty
                          0.00    0.25   clock reconvergence pessimism
                         -2.00   -1.75   output external delay
                                 -1.75   data required time
-----------------------------------------------------------------------------
                                 -1.75   data required time
                                 -2.58   data arrival time
-----------------------------------------------------------------------------
                                  4.33   slack (MET)


Startpoint: A[1] (input port clocked by __VIRTUAL_CLK__)
Endpoint: out[1] (output port clocked by __VIRTUAL_CLK__)
Path Group: __VIRTUAL_CLK__
Path Type: min

Fanout     Cap    Slew   Delay    Time   Description
-----------------------------------------------------------------------------
                  0.00    0.00    0.00   clock __VIRTUAL_CLK__ (rise edge)
                          0.00    0.00   clock network delay (ideal)
                          2.00    2.00 v input external delay
     1    0.00    0.01    0.00    2.00 v A[1] (in)
                                         A[1] (net)
                  0.01    0.00    2.00 v input2/A (sky130_fd_sc_hd__buf_2)
     9    0.02    0.06    0.13    2.13 v input2/X (sky130_fd_sc_hd__buf_2)
                                         net2 (net)
                  0.06    0.00    2.13 v _144_/A (sky130_fd_sc_hd__nor2_1)
     1    0.00    0.06    0.08    2.22 ^ _144_/Y (sky130_fd_sc_hd__nor2_1)
                                         _075_ (net)
                  0.06    0.00    2.22 ^ _149_/C (sky130_fd_sc_hd__or4_1)
     1    0.00    0.04    0.09    2.31 ^ _149_/X (sky130_fd_sc_hd__or4_1)
                                         _080_ (net)
                  0.04    0.00    2.31 ^ _150_/B1 (sky130_fd_sc_hd__o21a_1)
     1    0.00    0.03    0.09    2.40 ^ _150_/X (sky130_fd_sc_hd__o21a_1)
                                         net21 (net)
                  0.03    0.00    2.40 ^ output21/A (sky130_fd_sc_hd__buf_2)
     1    0.03    0.17    0.18    2.58 ^ output21/X (sky130_fd_sc_hd__buf_2)
                                         out[1] (net)
                  0.17    0.00    2.58 ^ out[1] (out)
                                  2.58   data arrival time

                  0.00    0.00    0.00   clock __VIRTUAL_CLK__ (rise edge)
                          0.00    0.00   clock network delay (ideal)
                          0.25    0.25   clock uncertainty
                          0.00    0.25   clock reconvergence pessimism
                         -2.00   -1.75   output external delay
                                 -1.75   data required time
-----------------------------------------------------------------------------
                                 -1.75   data required time
                                 -2.58   data arrival time
-----------------------------------------------------------------------------
                                  4.33   slack (MET)



worst slack corner Typical: 4.2585
min_report_end
max_report

===========================================================================
report_checks -path_delay max (Setup)
============================================================================
======================= Typical Corner ===================================

Startpoint: opcode[0] (input port clocked by __VIRTUAL_CLK__)
Endpoint: out[7] (output port clocked by __VIRTUAL_CLK__)
Path Group: __VIRTUAL_CLK__
Path Type: max

Fanout     Cap    Slew   Delay    Time   Description
-----------------------------------------------------------------------------
                  0.00    0.00    0.00   clock __VIRTUAL_CLK__ (rise edge)
                          0.00    0.00   clock network delay (ideal)
                          2.00    2.00 ^ input external delay
     1    0.00    0.02    0.01    2.01 ^ opcode[0] (in)
                                         opcode[0] (net)
                  0.02    0.00    2.01 ^ input17/A (sky130_fd_sc_hd__dlymetal6s2s_1)
     6    0.01    0.16    0.16    2.17 ^ input17/X (sky130_fd_sc_hd__dlymetal6s2s_1)
                                         net17 (net)
                  0.16    0.00    2.17 ^ _131_/C_N (sky130_fd_sc_hd__or3b_1)
     1    0.00    0.06    0.36    2.53 v _131_/X (sky130_fd_sc_hd__or3b_1)
                                         _062_ (net)
                  0.06    0.00    2.53 v _132_/A (sky130_fd_sc_hd__buf_2)
    10    0.02    0.06    0.17    2.70 v _132_/X (sky130_fd_sc_hd__buf_2)
                                         _063_ (net)
                  0.06    0.00    2.70 v _168_/B (sky130_fd_sc_hd__and3_1)
     3    0.01    0.06    0.20    2.90 v _168_/X (sky130_fd_sc_hd__and3_1)
                                         _097_ (net)
                  0.06    0.00    2.90 v _170_/A1 (sky130_fd_sc_hd__o21a_1)
     2    0.00    0.04    0.20    3.10 v _170_/X (sky130_fd_sc_hd__o21a_1)
                                         _099_ (net)
                  0.04    0.00    3.10 v _187_/B1 (sky130_fd_sc_hd__o32a_1)
     1    0.00    0.05    0.17    3.27 v _187_/X (sky130_fd_sc_hd__o32a_1)
                                         _002_ (net)
                  0.05    0.00    3.27 v _188_/B1 (sky130_fd_sc_hd__a31o_1)
     3    0.01    0.06    0.22    3.49 v _188_/X (sky130_fd_sc_hd__a31o_1)
                                         _003_ (net)
                  0.06    0.00    3.49 v _216_/A2 (sky130_fd_sc_hd__a31o_1)
     2    0.01    0.06    0.24    3.73 v _216_/X (sky130_fd_sc_hd__a31o_1)
                                         _029_ (net)
                  0.06    0.00    3.73 v _224_/A2 (sky130_fd_sc_hd__a21o_1)
     1    0.00    0.04    0.19    3.92 v _224_/X (sky130_fd_sc_hd__a21o_1)
                                         _036_ (net)
                  0.04    0.00    3.92 v _228_/A (sky130_fd_sc_hd__xnor2_1)
     1    0.00    0.04    0.12    4.04 v _228_/Y (sky130_fd_sc_hd__xnor2_1)
                                         _040_ (net)
                  0.04    0.00    4.04 v _233_/A2 (sky130_fd_sc_hd__o21ai_1)
     1    0.00    0.08    0.10    4.14 ^ _233_/Y (sky130_fd_sc_hd__o21ai_1)
                                         net27 (net)
                  0.08    0.00    4.14 ^ output27/A (sky130_fd_sc_hd__buf_2)
     1    0.03    0.17    0.22    4.36 ^ output27/X (sky130_fd_sc_hd__buf_2)
                                         out[7] (net)
                  0.17    0.00    4.36 ^ out[7] (out)
                                  4.36   data arrival time

                  0.00   10.00   10.00   clock __VIRTUAL_CLK__ (rise edge)
                          0.00   10.00   clock network delay (ideal)
                         -0.25    9.75   clock uncertainty
                          0.00    9.75   clock reconvergence pessimism
                         -2.00    7.75   output external delay
                                  7.75   data required time
-----------------------------------------------------------------------------
                                  7.75   data required time
                                 -4.36   data arrival time
-----------------------------------------------------------------------------
                                  3.39   slack (MET)


Startpoint: opcode[0] (input port clocked by __VIRTUAL_CLK__)
Endpoint: out[6] (output port clocked by __VIRTUAL_CLK__)
Path Group: __VIRTUAL_CLK__
Path Type: max

Fanout     Cap    Slew   Delay    Time   Description
-----------------------------------------------------------------------------
                  0.00    0.00    0.00   clock __VIRTUAL_CLK__ (rise edge)
                          0.00    0.00   clock network delay (ideal)
                          2.00    2.00 ^ input external delay
     1    0.00    0.02    0.01    2.01 ^ opcode[0] (in)
                                         opcode[0] (net)
                  0.02    0.00    2.01 ^ input17/A (sky130_fd_sc_hd__dlymetal6s2s_1)
     6    0.01    0.16    0.16    2.17 ^ input17/X (sky130_fd_sc_hd__dlymetal6s2s_1)
                                         net17 (net)
                  0.16    0.00    2.17 ^ _131_/C_N (sky130_fd_sc_hd__or3b_1)
     1    0.00    0.06    0.36    2.53 v _131_/X (sky130_fd_sc_hd__or3b_1)
                                         _062_ (net)
                  0.06    0.00    2.53 v _132_/A (sky130_fd_sc_hd__buf_2)
    10    0.02    0.06    0.17    2.70 v _132_/X (sky130_fd_sc_hd__buf_2)
                                         _063_ (net)
                  0.06    0.00    2.70 v _168_/B (sky130_fd_sc_hd__and3_1)
     3    0.01    0.06    0.20    2.90 v _168_/X (sky130_fd_sc_hd__and3_1)
                                         _097_ (net)
                  0.06    0.00    2.90 v _170_/A1 (sky130_fd_sc_hd__o21a_1)
     2    0.00    0.04    0.20    3.10 v _170_/X (sky130_fd_sc_hd__o21a_1)
                                         _099_ (net)
                  0.04    0.00    3.10 v _187_/B1 (sky130_fd_sc_hd__o32a_1)
     1    0.00    0.05    0.17    3.27 v _187_/X (sky130_fd_sc_hd__o32a_1)
                                         _002_ (net)
                  0.05    0.00    3.27 v _188_/B1 (sky130_fd_sc_hd__a31o_1)
     3    0.01    0.06    0.22    3.49 v _188_/X (sky130_fd_sc_hd__a31o_1)
                                         _003_ (net)
                  0.06    0.00    3.49 v _216_/A2 (sky130_fd_sc_hd__a31o_1)
     2    0.01    0.06    0.24    3.73 v _216_/X (sky130_fd_sc_hd__a31o_1)
                                         _029_ (net)
                  0.06    0.00    3.73 v _217_/B (sky130_fd_sc_hd__xnor2_1)
     1    0.00    0.04    0.12    3.85 v _217_/Y (sky130_fd_sc_hd__xnor2_1)
                                         _030_ (net)
                  0.04    0.00    3.85 v _223_/A2 (sky130_fd_sc_hd__o22a_1)
     1    0.00    0.04    0.19    4.04 v _223_/X (sky130_fd_sc_hd__o22a_1)
                                         net26 (net)
                  0.04    0.00    4.04 v output26/A (sky130_fd_sc_hd__buf_2)
     1    0.03    0.09    0.18    4.23 v output26/X (sky130_fd_sc_hd__buf_2)
                                         out[6] (net)
                  0.09    0.00    4.23 v out[6] (out)
                                  4.23   data arrival time

                  0.00   10.00   10.00   clock __VIRTUAL_CLK__ (rise edge)
                          0.00   10.00   clock network delay (ideal)
                         -0.25    9.75   clock uncertainty
                          0.00    9.75   clock reconvergence pessimism
                         -2.00    7.75   output external delay
                                  7.75   data required time
-----------------------------------------------------------------------------
                                  7.75   data required time
                                 -4.23   data arrival time
-----------------------------------------------------------------------------
                                  3.52   slack (MET)


Startpoint: opcode[0] (input port clocked by __VIRTUAL_CLK__)
Endpoint: out[5] (output port clocked by __VIRTUAL_CLK__)
Path Group: __VIRTUAL_CLK__
Path Type: max

Fanout     Cap    Slew   Delay    Time   Description
-----------------------------------------------------------------------------
                  0.00    0.00    0.00   clock __VIRTUAL_CLK__ (rise edge)
                          0.00    0.00   clock network delay (ideal)
                          2.00    2.00 ^ input external delay
     1    0.00    0.02    0.01    2.01 ^ opcode[0] (in)
                                         opcode[0] (net)
                  0.02    0.00    2.01 ^ input17/A (sky130_fd_sc_hd__dlymetal6s2s_1)
     6    0.01    0.16    0.16    2.17 ^ input17/X (sky130_fd_sc_hd__dlymetal6s2s_1)
                                         net17 (net)
                  0.16    0.00    2.17 ^ _131_/C_N (sky130_fd_sc_hd__or3b_1)
     1    0.00    0.06    0.36    2.53 v _131_/X (sky130_fd_sc_hd__or3b_1)
                                         _062_ (net)
                  0.06    0.00    2.53 v _132_/A (sky130_fd_sc_hd__buf_2)
    10    0.02    0.06    0.17    2.70 v _132_/X (sky130_fd_sc_hd__buf_2)
                                         _063_ (net)
                  0.06    0.00    2.70 v _168_/B (sky130_fd_sc_hd__and3_1)
     3    0.01    0.06    0.20    2.90 v _168_/X (sky130_fd_sc_hd__and3_1)
                                         _097_ (net)
                  0.06    0.00    2.90 v _170_/A1 (sky130_fd_sc_hd__o21a_1)
     2    0.00    0.04    0.20    3.10 v _170_/X (sky130_fd_sc_hd__o21a_1)
                                         _099_ (net)
                  0.04    0.00    3.10 v _187_/B1 (sky130_fd_sc_hd__o32a_1)
     1    0.00    0.05    0.17    3.27 v _187_/X (sky130_fd_sc_hd__o32a_1)
                                         _002_ (net)
                  0.05    0.00    3.27 v _188_/B1 (sky130_fd_sc_hd__a31o_1)
     3    0.01    0.06    0.22    3.49 v _188_/X (sky130_fd_sc_hd__a31o_1)
                                         _003_ (net)
                  0.06    0.00    3.49 v _201_/A2 (sky130_fd_sc_hd__a21boi_1)
     1    0.00    0.14    0.18    3.67 ^ _201_/Y (sky130_fd_sc_hd__a21boi_1)
                                         _015_ (net)
                  0.14    0.00    3.67 ^ _202_/B (sky130_fd_sc_hd__xnor2_1)
     1    0.00    0.05    0.08    3.75 v _202_/Y (sky130_fd_sc_hd__xnor2_1)
                                         _016_ (net)
                  0.05    0.00    3.75 v _208_/A2 (sky130_fd_sc_hd__a211o_1)
     1    0.00    0.04    0.29    4.03 v _208_/X (sky130_fd_sc_hd__a211o_1)
                                         net25 (net)
                  0.04    0.00    4.03 v output25/A (sky130_fd_sc_hd__buf_2)
     1    0.03    0.09    0.19    4.22 v output25/X (sky130_fd_sc_hd__buf_2)
                                         out[5] (net)
                  0.09    0.00    4.22 v out[5] (out)
                                  4.22   data arrival time

                  0.00   10.00   10.00   clock __VIRTUAL_CLK__ (rise edge)
                          0.00   10.00   clock network delay (ideal)
                         -0.25    9.75   clock uncertainty
                          0.00    9.75   clock reconvergence pessimism
                         -2.00    7.75   output external delay
                                  7.75   data required time
-----------------------------------------------------------------------------
                                  7.75   data required time
                                 -4.22   data arrival time
-----------------------------------------------------------------------------
                                  3.53   slack (MET)


Startpoint: opcode[0] (input port clocked by __VIRTUAL_CLK__)
Endpoint: out[3] (output port clocked by __VIRTUAL_CLK__)
Path Group: __VIRTUAL_CLK__
Path Type: max

Fanout     Cap    Slew   Delay    Time   Description
-----------------------------------------------------------------------------
                  0.00    0.00    0.00   clock __VIRTUAL_CLK__ (rise edge)
                          0.00    0.00   clock network delay (ideal)
                          2.00    2.00 ^ input external delay
     1    0.00    0.02    0.01    2.01 ^ opcode[0] (in)
                                         opcode[0] (net)
                  0.02    0.00    2.01 ^ input17/A (sky130_fd_sc_hd__dlymetal6s2s_1)
     6    0.01    0.16    0.16    2.17 ^ input17/X (sky130_fd_sc_hd__dlymetal6s2s_1)
                                         net17 (net)
                  0.16    0.00    2.17 ^ _131_/C_N (sky130_fd_sc_hd__or3b_1)
     1    0.00    0.06    0.36    2.53 v _131_/X (sky130_fd_sc_hd__or3b_1)
                                         _062_ (net)
                  0.06    0.00    2.53 v _132_/A (sky130_fd_sc_hd__buf_2)
    10    0.02    0.06    0.17    2.70 v _132_/X (sky130_fd_sc_hd__buf_2)
                                         _063_ (net)
                  0.06    0.00    2.70 v _134_/C (sky130_fd_sc_hd__and3_1)
     3    0.01    0.06    0.21    2.91 v _134_/X (sky130_fd_sc_hd__and3_1)
                                         _065_ (net)
                  0.06    0.00    2.91 v _136_/C (sky130_fd_sc_hd__nor3_1)
     2    0.01    0.27    0.23    3.14 ^ _136_/Y (sky130_fd_sc_hd__nor3_1)
                                         _067_ (net)
                  0.27    0.00    3.14 ^ _157_/A2 (sky130_fd_sc_hd__o21ai_2)
     3    0.01    0.07    0.11    3.25 v _157_/Y (sky130_fd_sc_hd__o21ai_2)
                                         _087_ (net)
                  0.07    0.00    3.25 v _173_/A1 (sky130_fd_sc_hd__a21o_1)
     1    0.00    0.04    0.18    3.43 v _173_/X (sky130_fd_sc_hd__a21o_1)
                                         _102_ (net)
                  0.04    0.00    3.43 v _174_/B (sky130_fd_sc_hd__xor2_1)
     1    0.00    0.05    0.14    3.57 v _174_/X (sky130_fd_sc_hd__xor2_1)
                                         _103_ (net)
                  0.05    0.00    3.57 v _180_/A2 (sky130_fd_sc_hd__a211o_1)
     1    0.00    0.04    0.29    3.85 v _180_/X (sky130_fd_sc_hd__a211o_1)
                                         net23 (net)
                  0.04    0.00    3.85 v output23/A (sky130_fd_sc_hd__buf_2)
     1    0.03    0.09    0.19    4.04 v output23/X (sky130_fd_sc_hd__buf_2)
                                         out[3] (net)
                  0.09    0.00    4.04 v out[3] (out)
                                  4.04   data arrival time

                  0.00   10.00   10.00   clock __VIRTUAL_CLK__ (rise edge)
                          0.00   10.00   clock network delay (ideal)
                         -0.25    9.75   clock uncertainty
                          0.00    9.75   clock reconvergence pessimism
                         -2.00    7.75   output external delay
                                  7.75   data required time
-----------------------------------------------------------------------------
                                  7.75   data required time
                                 -4.04   data arrival time
-----------------------------------------------------------------------------
                                  3.71   slack (MET)


Startpoint: opcode[0] (input port clocked by __VIRTUAL_CLK__)
Endpoint: out[4] (output port clocked by __VIRTUAL_CLK__)
Path Group: __VIRTUAL_CLK__
Path Type: max

Fanout     Cap    Slew   Delay    Time   Description
-----------------------------------------------------------------------------
                  0.00    0.00    0.00   clock __VIRTUAL_CLK__ (rise edge)
                          0.00    0.00   clock network delay (ideal)
                          2.00    2.00 ^ input external delay
     1    0.00    0.02    0.01    2.01 ^ opcode[0] (in)
                                         opcode[0] (net)
                  0.02    0.00    2.01 ^ input17/A (sky130_fd_sc_hd__dlymetal6s2s_1)
     6    0.01    0.16    0.16    2.17 ^ input17/X (sky130_fd_sc_hd__dlymetal6s2s_1)
                                         net17 (net)
                  0.16    0.00    2.17 ^ _131_/C_N (sky130_fd_sc_hd__or3b_1)
     1    0.00    0.06    0.36    2.53 v _131_/X (sky130_fd_sc_hd__or3b_1)
                                         _062_ (net)
                  0.06    0.00    2.53 v _132_/A (sky130_fd_sc_hd__buf_2)
    10    0.02    0.06    0.17    2.70 v _132_/X (sky130_fd_sc_hd__buf_2)
                                         _063_ (net)
                  0.06    0.00    2.70 v _168_/B (sky130_fd_sc_hd__and3_1)
     3    0.01    0.06    0.20    2.90 v _168_/X (sky130_fd_sc_hd__and3_1)
                                         _097_ (net)
                  0.06    0.00    2.90 v _170_/A1 (sky130_fd_sc_hd__o21a_1)
     2    0.00    0.04    0.20    3.10 v _170_/X (sky130_fd_sc_hd__o21a_1)
                                         _099_ (net)
                  0.04    0.00    3.10 v _187_/B1 (sky130_fd_sc_hd__o32a_1)
     1    0.00    0.05    0.17    3.27 v _187_/X (sky130_fd_sc_hd__o32a_1)
                                         _002_ (net)
                  0.05    0.00    3.27 v _188_/B1 (sky130_fd_sc_hd__a31o_1)
     3    0.01    0.06    0.22    3.49 v _188_/X (sky130_fd_sc_hd__a31o_1)
                                         _003_ (net)
                  0.06    0.00    3.49 v _189_/B (sky130_fd_sc_hd__xor2_1)
     1    0.00    0.05    0.15    3.64 v _189_/X (sky130_fd_sc_hd__xor2_1)
                                         _004_ (net)
                  0.05    0.00    3.64 v _195_/A2 (sky130_fd_sc_hd__o22a_1)
     1    0.00    0.04    0.19    3.83 v _195_/X (sky130_fd_sc_hd__o22a_1)
                                         net24 (net)
                  0.04    0.00    3.83 v output24/A (sky130_fd_sc_hd__buf_2)
     1    0.03    0.09    0.18    4.01 v output24/X (sky130_fd_sc_hd__buf_2)
                                         out[4] (net)
                  0.09    0.00    4.01 v out[4] (out)
                                  4.01   data arrival time

                  0.00   10.00   10.00   clock __VIRTUAL_CLK__ (rise edge)
                          0.00   10.00   clock network delay (ideal)
                         -0.25    9.75   clock uncertainty
                          0.00    9.75   clock reconvergence pessimism
                         -2.00    7.75   output external delay
                                  7.75   data required time
-----------------------------------------------------------------------------
                                  7.75   data required time
                                 -4.01   data arrival time
-----------------------------------------------------------------------------
                                  3.74   slack (MET)


Startpoint: opcode[0] (input port clocked by __VIRTUAL_CLK__)
Endpoint: out[2] (output port clocked by __VIRTUAL_CLK__)
Path Group: __VIRTUAL_CLK__
Path Type: max

Fanout     Cap    Slew   Delay    Time   Description
-----------------------------------------------------------------------------
                  0.00    0.00    0.00   clock __VIRTUAL_CLK__ (rise edge)
                          0.00    0.00   clock network delay (ideal)
                          2.00    2.00 ^ input external delay
     1    0.00    0.02    0.01    2.01 ^ opcode[0] (in)
                                         opcode[0] (net)
                  0.02    0.00    2.01 ^ input17/A (sky130_fd_sc_hd__dlymetal6s2s_1)
     6    0.01    0.16    0.16    2.17 ^ input17/X (sky130_fd_sc_hd__dlymetal6s2s_1)
                                         net17 (net)
                  0.16    0.00    2.17 ^ _131_/C_N (sky130_fd_sc_hd__or3b_1)
     1    0.00    0.06    0.36    2.53 v _131_/X (sky130_fd_sc_hd__or3b_1)
                                         _062_ (net)
                  0.06    0.00    2.53 v _132_/A (sky130_fd_sc_hd__buf_2)
    10    0.02    0.06    0.17    2.70 v _132_/X (sky130_fd_sc_hd__buf_2)
                                         _063_ (net)
                  0.06    0.00    2.70 v _134_/C (sky130_fd_sc_hd__and3_1)
     3    0.01    0.06    0.21    2.91 v _134_/X (sky130_fd_sc_hd__and3_1)
                                         _065_ (net)
                  0.06    0.00    2.91 v _136_/C (sky130_fd_sc_hd__nor3_1)
     2    0.01    0.27    0.23    3.14 ^ _136_/Y (sky130_fd_sc_hd__nor3_1)
                                         _067_ (net)
                  0.27    0.00    3.14 ^ _157_/A2 (sky130_fd_sc_hd__o21ai_2)
     3    0.01    0.07    0.11    3.25 v _157_/Y (sky130_fd_sc_hd__o21ai_2)
                                         _087_ (net)
                  0.07    0.00    3.25 v _165_/A (sky130_fd_sc_hd__xor2_1)
     1    0.00    0.06    0.17    3.42 v _165_/X (sky130_fd_sc_hd__xor2_1)
                                         _095_ (net)
                  0.06    0.00    3.42 v _166_/B1 (sky130_fd_sc_hd__o32a_1)
     1    0.00    0.05    0.17    3.59 v _166_/X (sky130_fd_sc_hd__o32a_1)
                                         net22 (net)
                  0.05    0.00    3.59 v output22/A (sky130_fd_sc_hd__buf_2)
     1    0.03    0.09    0.19    3.78 v output22/X (sky130_fd_sc_hd__buf_2)
                                         out[2] (net)
                  0.09    0.00    3.78 v out[2] (out)
                                  3.78   data arrival time

                  0.00   10.00   10.00   clock __VIRTUAL_CLK__ (rise edge)
                          0.00   10.00   clock network delay (ideal)
                         -0.25    9.75   clock uncertainty
                          0.00    9.75   clock reconvergence pessimism
                         -2.00    7.75   output external delay
                                  7.75   data required time
-----------------------------------------------------------------------------
                                  7.75   data required time
                                 -3.78   data arrival time
-----------------------------------------------------------------------------
                                  3.97   slack (MET)


Startpoint: opcode[0] (input port clocked by __VIRTUAL_CLK__)
Endpoint: out[1] (output port clocked by __VIRTUAL_CLK__)
Path Group: __VIRTUAL_CLK__
Path Type: max

Fanout     Cap    Slew   Delay    Time   Description
-----------------------------------------------------------------------------
                  0.00    0.00    0.00   clock __VIRTUAL_CLK__ (rise edge)
                          0.00    0.00   clock network delay (ideal)
                          2.00    2.00 ^ input external delay
     1    0.00    0.02    0.01    2.01 ^ opcode[0] (in)
                                         opcode[0] (net)
                  0.02    0.00    2.01 ^ input17/A (sky130_fd_sc_hd__dlymetal6s2s_1)
     6    0.01    0.16    0.16    2.17 ^ input17/X (sky130_fd_sc_hd__dlymetal6s2s_1)
                                         net17 (net)
                  0.16    0.00    2.17 ^ _131_/C_N (sky130_fd_sc_hd__or3b_1)
     1    0.00    0.06    0.36    2.53 v _131_/X (sky130_fd_sc_hd__or3b_1)
                                         _062_ (net)
                  0.06    0.00    2.53 v _132_/A (sky130_fd_sc_hd__buf_2)
    10    0.02    0.06    0.17    2.70 v _132_/X (sky130_fd_sc_hd__buf_2)
                                         _063_ (net)
                  0.06    0.00    2.70 v _134_/C (sky130_fd_sc_hd__and3_1)
     3    0.01    0.06    0.21    2.91 v _134_/X (sky130_fd_sc_hd__and3_1)
                                         _065_ (net)
                  0.06    0.00    2.91 v _136_/C (sky130_fd_sc_hd__nor3_1)
     2    0.01    0.27    0.23    3.14 ^ _136_/Y (sky130_fd_sc_hd__nor3_1)
                                         _067_ (net)
                  0.27    0.00    3.14 ^ _137_/B (sky130_fd_sc_hd__nor2_1)
     1    0.00    0.07    0.09    3.23 v _137_/Y (sky130_fd_sc_hd__nor2_1)
                                         _068_ (net)
                  0.07    0.00    3.23 v _138_/B (sky130_fd_sc_hd__xnor2_1)
     1    0.00    0.06    0.13    3.36 v _138_/Y (sky130_fd_sc_hd__xnor2_1)
                                         _069_ (net)
                  0.06    0.00    3.36 v _150_/A2 (sky130_fd_sc_hd__o21a_1)
     1    0.00    0.03    0.17    3.53 v _150_/X (sky130_fd_sc_hd__o21a_1)
                                         net21 (net)
                  0.03    0.00    3.53 v output21/A (sky130_fd_sc_hd__buf_2)
     1    0.03    0.09    0.18    3.71 v output21/X (sky130_fd_sc_hd__buf_2)
                                         out[1] (net)
                  0.09    0.00    3.71 v out[1] (out)
                                  3.71   data arrival time

                  0.00   10.00   10.00   clock __VIRTUAL_CLK__ (rise edge)
                          0.00   10.00   clock network delay (ideal)
                         -0.25    9.75   clock uncertainty
                          0.00    9.75   clock reconvergence pessimism
                         -2.00    7.75   output external delay
                                  7.75   data required time
-----------------------------------------------------------------------------
                                  7.75   data required time
                                 -3.71   data arrival time
-----------------------------------------------------------------------------
                                  4.04   slack (MET)


Startpoint: opcode[1] (input port clocked by __VIRTUAL_CLK__)
Endpoint: out[0] (output port clocked by __VIRTUAL_CLK__)
Path Group: __VIRTUAL_CLK__
Path Type: max

Fanout     Cap    Slew   Delay    Time   Description
-----------------------------------------------------------------------------
                  0.00    0.00    0.00   clock __VIRTUAL_CLK__ (rise edge)
                          0.00    0.00   clock network delay (ideal)
                          2.00    2.00 v input external delay
     1    0.00    0.01    0.00    2.00 v opcode[1] (in)
                                         opcode[1] (net)
                  0.01    0.00    2.00 v input18/A (sky130_fd_sc_hd__clkbuf_1)
     2    0.00    0.03    0.08    2.08 v input18/X (sky130_fd_sc_hd__clkbuf_1)
                                         net18 (net)
                  0.03    0.00    2.08 v _114_/A (sky130_fd_sc_hd__clkbuf_2)
    10    0.02    0.09    0.15    2.24 v _114_/X (sky130_fd_sc_hd__clkbuf_2)
                                         _046_ (net)
                  0.09    0.00    2.24 v _121_/B (sky130_fd_sc_hd__and3_2)
     8    0.02    0.07    0.27    2.50 v _121_/X (sky130_fd_sc_hd__and3_2)
                                         _053_ (net)
                  0.07    0.00    2.50 v _123_/A2 (sky130_fd_sc_hd__a22o_1)
     1    0.00    0.03    0.23    2.74 v _123_/X (sky130_fd_sc_hd__a22o_1)
                                         _055_ (net)
                  0.03    0.00    2.74 v _127_/C (sky130_fd_sc_hd__or4_1)
     1    0.00    0.08    0.47    3.21 v _127_/X (sky130_fd_sc_hd__or4_1)
                                         _059_ (net)
                  0.08    0.00    3.21 v _128_/A (sky130_fd_sc_hd__clkbuf_1)
     1    0.00    0.02    0.10    3.31 v _128_/X (sky130_fd_sc_hd__clkbuf_1)
                                         net20 (net)
                  0.02    0.00    3.31 v output20/A (sky130_fd_sc_hd__buf_2)
     1    0.03    0.09    0.18    3.49 v output20/X (sky130_fd_sc_hd__buf_2)
                                         out[0] (net)
                  0.09    0.00    3.49 v out[0] (out)
                                  3.49   data arrival time

                  0.00   10.00   10.00   clock __VIRTUAL_CLK__ (rise edge)
                          0.00   10.00   clock network delay (ideal)
                         -0.25    9.75   clock uncertainty
                          0.00    9.75   clock reconvergence pessimism
                         -2.00    7.75   output external delay
                                  7.75   data required time
-----------------------------------------------------------------------------
                                  7.75   data required time
                                 -3.49   data arrival time
-----------------------------------------------------------------------------
                                  4.26   slack (MET)



worst slack corner Typical: 3.3880
max_report_end
checks_report

===========================================================================
report_checks -unconstrained
===========================================================================
======================= Typical Corner ===================================

Startpoint: opcode[0] (input port clocked by __VIRTUAL_CLK__)
Endpoint: out[7] (output port clocked by __VIRTUAL_CLK__)
Path Group: __VIRTUAL_CLK__
Path Type: max

Fanout     Cap    Slew   Delay    Time   Description
-----------------------------------------------------------------------------
                  0.00    0.00    0.00   clock __VIRTUAL_CLK__ (rise edge)
                          0.00    0.00   clock network delay (ideal)
                          2.00    2.00 ^ input external delay
     1    0.00    0.02    0.01    2.01 ^ opcode[0] (in)
                                         opcode[0] (net)
                  0.02    0.00    2.01 ^ input17/A (sky130_fd_sc_hd__dlymetal6s2s_1)
     6    0.01    0.16    0.16    2.17 ^ input17/X (sky130_fd_sc_hd__dlymetal6s2s_1)
                                         net17 (net)
                  0.16    0.00    2.17 ^ _131_/C_N (sky130_fd_sc_hd__or3b_1)
     1    0.00    0.06    0.36    2.53 v _131_/X (sky130_fd_sc_hd__or3b_1)
                                         _062_ (net)
                  0.06    0.00    2.53 v _132_/A (sky130_fd_sc_hd__buf_2)
    10    0.02    0.06    0.17    2.70 v _132_/X (sky130_fd_sc_hd__buf_2)
                                         _063_ (net)
                  0.06    0.00    2.70 v _168_/B (sky130_fd_sc_hd__and3_1)
     3    0.01    0.06    0.20    2.90 v _168_/X (sky130_fd_sc_hd__and3_1)
                                         _097_ (net)
                  0.06    0.00    2.90 v _170_/A1 (sky130_fd_sc_hd__o21a_1)
     2    0.00    0.04    0.20    3.10 v _170_/X (sky130_fd_sc_hd__o21a_1)
                                         _099_ (net)
                  0.04    0.00    3.10 v _187_/B1 (sky130_fd_sc_hd__o32a_1)
     1    0.00    0.05    0.17    3.27 v _187_/X (sky130_fd_sc_hd__o32a_1)
                                         _002_ (net)
                  0.05    0.00    3.27 v _188_/B1 (sky130_fd_sc_hd__a31o_1)
     3    0.01    0.06    0.22    3.49 v _188_/X (sky130_fd_sc_hd__a31o_1)
                                         _003_ (net)
                  0.06    0.00    3.49 v _216_/A2 (sky130_fd_sc_hd__a31o_1)
     2    0.01    0.06    0.24    3.73 v _216_/X (sky130_fd_sc_hd__a31o_1)
                                         _029_ (net)
                  0.06    0.00    3.73 v _224_/A2 (sky130_fd_sc_hd__a21o_1)
     1    0.00    0.04    0.19    3.92 v _224_/X (sky130_fd_sc_hd__a21o_1)
                                         _036_ (net)
                  0.04    0.00    3.92 v _228_/A (sky130_fd_sc_hd__xnor2_1)
     1    0.00    0.04    0.12    4.04 v _228_/Y (sky130_fd_sc_hd__xnor2_1)
                                         _040_ (net)
                  0.04    0.00    4.04 v _233_/A2 (sky130_fd_sc_hd__o21ai_1)
     1    0.00    0.08    0.10    4.14 ^ _233_/Y (sky130_fd_sc_hd__o21ai_1)
                                         net27 (net)
                  0.08    0.00    4.14 ^ output27/A (sky130_fd_sc_hd__buf_2)
     1    0.03    0.17    0.22    4.36 ^ output27/X (sky130_fd_sc_hd__buf_2)
                                         out[7] (net)
                  0.17    0.00    4.36 ^ out[7] (out)
                                  4.36   data arrival time

                  0.00   10.00   10.00   clock __VIRTUAL_CLK__ (rise edge)
                          0.00   10.00   clock network delay (ideal)
                         -0.25    9.75   clock uncertainty
                          0.00    9.75   clock reconvergence pessimism
                         -2.00    7.75   output external delay
                                  7.75   data required time
-----------------------------------------------------------------------------
                                  7.75   data required time
                                 -4.36   data arrival time
-----------------------------------------------------------------------------
                                  3.39   slack (MET)




===========================================================================
report_checks --slack_max -0.01
============================================================================
======================= Typical Corner ===================================

No paths found.


===========================================================================
 report_check_types -max_slew -max_cap -max_fanout -violators
============================================================================
======================= Typical Corner ===================================


max slew violations count Typical: 0
max fanout violations count Typical: 0
max cap violations count Typical: 0

===========================================================================
report_parasitic_annotation -report_unannotated
============================================================================
Found 167 unannotated drivers.
 A[0]
 A[1]
 A[2]
 A[3]
 A[4]
 A[5]
 A[6]
 A[7]
 B[0]
 B[1]
 B[2]
 B[3]
 B[4]
 B[5]
 B[6]
 B[7]
 opcode[0]
 opcode[1]
 opcode[2]
 _113_/Y
 _114_/X
 _115_/X
 _116_/Y
 _117_/Y
 _118_/X
 _119_/Y
 _120_/X
 _121_/X
 _122_/X
 _123_/X
 _124_/X
 _125_/X
 _126_/Y
 _127_/X
 _128_/X
 _129_/X
 _130_/X
 _131_/X
 _132_/X
 _133_/Y
 _134_/X
 _135_/X
 _136_/Y
 _137_/Y
 _138_/Y
 _139_/Y
 _140_/X
 _141_/X
 _142_/Y
 _143_/X
 _144_/Y
 _145_/X
 _146_/X
 _147_/X
 _148_/X
 _149_/X
 _150_/X
 _151_/Y
 _152_/X
 _153_/X
 _154_/Y
 _155_/X
 _156_/Y
 _157_/Y
 _158_/X
 _159_/X
 _160_/Y
 _161_/Y
 _162_/Y
 _163_/X
 _164_/Y
 _165_/X
 _166_/X
 _167_/X
 _168_/X
 _169_/Y
 _170_/X
 _171_/Y
 _172_/Y
 _173_/X
 _174_/X
 _175_/Y
 _176_/X
 _177_/X
 _178_/Y
 _179_/X
 _180_/X
 _181_/X
 _182_/Y
 _183_/X
 _184_/Y
 _185_/X
 _186_/X
 _187_/X
 _188_/X
 _189_/X
 _190_/Y
 _191_/X
 _192_/Y
 _193_/X
 _194_/X
 _195_/X
 _196_/X
 _197_/Y
 _198_/X
 _199_/Y
 _200_/Y
 _201_/Y
 _202_/Y
 _203_/Y
 _204_/X
 _205_/Y
 _206_/X
 _207_/X
 _208_/X
 _209_/X
 _210_/Y
 _211_/X
 _212_/X
 _213_/X
 _214_/Y
 _215_/Y
 _216_/X
 _217_/Y
 _218_/Y
 _219_/X
 _220_/Y
 _221_/X
 _222_/X
 _223_/X
 _224_/X
 _225_/Y
 _226_/X
 _227_/X
 _228_/Y
 _229_/Y
 _230_/X
 _231_/X
 _232_/X
 _233_/Y
 input1/X
 input10/X
 input11/X
 input12/X
 input13/X
 input14/X
 input15/X
 input16/X
 input17/X
 input18/X
 input19/X
 input2/X
 input3/X
 input4/X
 input5/X
 input6/X
 input7/X
 input8/X
 input9/X
 output20/X
 output21/X
 output22/X
 output23/X
 output24/X
 output25/X
 output26/X
 output27/X
Found 0 partially unannotated drivers.

===========================================================================
max slew violation count 0
max fanout violation count 0
max cap violation count 0
============================================================================

===========================================================================
check_setup -verbose -unconstrained_endpoints -multiple_clock -no_clock -no_input_delay -loops -generated_clocks
===========================================================================
checks_report_end
power_report

===========================================================================
 report_power
============================================================================
======================= Typical Corner ===================================

Group                  Internal  Switching    Leakage      Total
                          Power      Power      Power      Power (Watts)
----------------------------------------------------------------
Sequential             0.00e+00   0.00e+00   0.00e+00   0.00e+00   0.0%
Combinational          2.90e-05   3.32e-05   5.24e-10   6.22e-05 100.0%
Clock                 -3.57e-12   0.00e+00   1.88e-10   1.84e-10   0.0%
Macro                  0.00e+00   0.00e+00   0.00e+00   0.00e+00   0.0%
Pad                    0.00e+00   0.00e+00   0.00e+00   0.00e+00   0.0%
----------------------------------------------------------------
Total                  2.90e-05   3.32e-05   7.12e-10   6.22e-05 100.0%
                          46.7%      53.3%       0.0%

power_report_end
summary_report

===========================================================================
report_tns
============================================================================
tns 0.00

===========================================================================
report_wns
============================================================================
wns 0.00

===========================================================================
report_worst_slack -max (Setup)
============================================================================
worst slack 3.39

===========================================================================
report_worst_slack -min (Hold)
============================================================================
worst slack 4.26
summary_report_end
area_report

===========================================================================
report_design_area
============================================================================
Design area 1136 u^2 18% utilization.
area_report_end
check_nonpropagated_clocks
__VIRTUAL_CLK__
check_nonpropagated_clocks_end
[WARNING] Did not save OpenROAD database!
