OpenROAD b16bda7e82721d10566ff7e2b68f1ff0be9f9e38 
Features included (+) or not (-): +Charts +GPU +GUI +Python
This program is licensed under the BSD-3 license. See the LICENSE file for details.
Components of this program may be licensed under more restrictive licenses which must be honored.
define_corners Typical
read_liberty -corner Typical /home/furkan/.volare/sky130A/libs.ref/sky130_fd_sc_hd/lib/sky130_fd_sc_hd__tt_025C_1v80.lib
Using 1e-12 for capacitance...
Using 1e+03 for resistance...
Using 1e-09 for time...
Using 1e+00 for voltage...
Using 1e-03 for current...
Using 1e-09 for power...
Using 1e-06 for distance...
[INFO]: Reading ODB at '/openlane/designs/project2/runs/RUN_2025.05.04_23.06.35/tmp/placement/7-global_skip_io.odb'…
Reading design constraints file at '/openlane/scripts/base.sdc'…
[INFO]: Setting output delay to: 2.0
[INFO]: Setting input delay to: 2.0
[WARNING STA-0366] port '__VIRTUAL_CLK__' not found.
[INFO]: Setting load to: 0.033442
[INFO]: Setting clock uncertainty to: 0.25
[INFO]: Setting clock transition to: 0.15
[WARNING STA-0419] transition time can not be specified for virtual clocks.
[INFO]: Setting timing derate to: 5.0 %
[INFO]: Setting RC values...
min_report

===========================================================================
report_checks -path_delay min (Hold)
============================================================================
======================= Typical Corner ===================================

Startpoint: B[7] (input port clocked by __VIRTUAL_CLK__)
Endpoint: out[7] (output port clocked by __VIRTUAL_CLK__)
Path Group: __VIRTUAL_CLK__
Path Type: min

Fanout     Cap    Slew   Delay    Time   Description
-----------------------------------------------------------------------------
                  0.00    0.00    0.00   clock __VIRTUAL_CLK__ (rise edge)
                          0.00    0.00   clock network delay (ideal)
                          2.00    2.00 ^ input external delay
     3    0.02    0.09    0.06    2.06 ^ B[7] (in)
                                         B[7] (net)
                  0.09    0.00    2.06 ^ _229_/A2 (sky130_fd_sc_hd__o21ai_2)
     1    0.00    0.03    0.05    2.11 v _229_/Y (sky130_fd_sc_hd__o21ai_2)
                                         _041_ (net)
                  0.03    0.00    2.11 v _232_/B1 (sky130_fd_sc_hd__o211a_2)
     1    0.00    0.03    0.12    2.23 v _232_/X (sky130_fd_sc_hd__o211a_2)
                                         _044_ (net)
                  0.03    0.00    2.23 v _233_/B1 (sky130_fd_sc_hd__o21ai_2)
     1    0.04    0.23    0.16    2.40 ^ _233_/Y (sky130_fd_sc_hd__o21ai_2)
                                         out[7] (net)
                  0.23    0.00    2.40 ^ out[7] (out)
                                  2.40   data arrival time

                  0.00    0.00    0.00   clock __VIRTUAL_CLK__ (rise edge)
                          0.00    0.00   clock network delay (ideal)
                          0.25    0.25   clock uncertainty
                          0.00    0.25   clock reconvergence pessimism
                         -2.00   -1.75   output external delay
                                 -1.75   data required time
-----------------------------------------------------------------------------
                                 -1.75   data required time
                                 -2.40   data arrival time
-----------------------------------------------------------------------------
                                  4.15   slack (MET)


Startpoint: B[5] (input port clocked by __VIRTUAL_CLK__)
Endpoint: out[5] (output port clocked by __VIRTUAL_CLK__)
Path Group: __VIRTUAL_CLK__
Path Type: min

Fanout     Cap    Slew   Delay    Time   Description
-----------------------------------------------------------------------------
                  0.00    0.00    0.00   clock __VIRTUAL_CLK__ (rise edge)
                          0.00    0.00   clock network delay (ideal)
                          2.00    2.00 ^ input external delay
     5    0.03    0.13    0.09    2.09 ^ B[5] (in)
                                         B[5] (net)
                  0.13    0.00    2.09 ^ _204_/A2 (sky130_fd_sc_hd__o22a_2)
     1    0.00    0.03    0.14    2.23 ^ _204_/X (sky130_fd_sc_hd__o22a_2)
                                         _018_ (net)
                  0.03    0.00    2.23 ^ _208_/B1 (sky130_fd_sc_hd__a211o_2)
     1    0.04    0.18    0.19    2.41 ^ _208_/X (sky130_fd_sc_hd__a211o_2)
                                         out[5] (net)
                  0.18    0.00    2.41 ^ out[5] (out)
                                  2.41   data arrival time

                  0.00    0.00    0.00   clock __VIRTUAL_CLK__ (rise edge)
                          0.00    0.00   clock network delay (ideal)
                          0.25    0.25   clock uncertainty
                          0.00    0.25   clock reconvergence pessimism
                         -2.00   -1.75   output external delay
                                 -1.75   data required time
-----------------------------------------------------------------------------
                                 -1.75   data required time
                                 -2.41   data arrival time
-----------------------------------------------------------------------------
                                  4.16   slack (MET)


Startpoint: A[2] (input port clocked by __VIRTUAL_CLK__)
Endpoint: out[3] (output port clocked by __VIRTUAL_CLK__)
Path Group: __VIRTUAL_CLK__
Path Type: min

Fanout     Cap    Slew   Delay    Time   Description
-----------------------------------------------------------------------------
                  0.00    0.00    0.00   clock __VIRTUAL_CLK__ (rise edge)
                          0.00    0.00   clock network delay (ideal)
                          2.00    2.00 ^ input external delay
     7    0.03    0.14    0.09    2.09 ^ A[2] (in)
                                         A[2] (net)
                  0.14    0.00    2.09 ^ _179_/A1 (sky130_fd_sc_hd__a211o_2)
     1    0.00    0.03    0.14    2.23 ^ _179_/X (sky130_fd_sc_hd__a211o_2)
                                         _108_ (net)
                  0.03    0.00    2.23 ^ _180_/C1 (sky130_fd_sc_hd__a211o_2)
     1    0.04    0.19    0.19    2.42 ^ _180_/X (sky130_fd_sc_hd__a211o_2)
                                         out[3] (net)
                  0.19    0.00    2.42 ^ out[3] (out)
                                  2.42   data arrival time

                  0.00    0.00    0.00   clock __VIRTUAL_CLK__ (rise edge)
                          0.00    0.00   clock network delay (ideal)
                          0.25    0.25   clock uncertainty
                          0.00    0.25   clock reconvergence pessimism
                         -2.00   -1.75   output external delay
                                 -1.75   data required time
-----------------------------------------------------------------------------
                                 -1.75   data required time
                                 -2.42   data arrival time
-----------------------------------------------------------------------------
                                  4.17   slack (MET)


Startpoint: A[7] (input port clocked by __VIRTUAL_CLK__)
Endpoint: out[6] (output port clocked by __VIRTUAL_CLK__)
Path Group: __VIRTUAL_CLK__
Path Type: min

Fanout     Cap    Slew   Delay    Time   Description
-----------------------------------------------------------------------------
                  0.00    0.00    0.00   clock __VIRTUAL_CLK__ (rise edge)
                          0.00    0.00   clock network delay (ideal)
                          2.00    2.00 ^ input external delay
     5    0.03    0.12    0.08    2.08 ^ A[7] (in)
                                         A[7] (net)
                  0.12    0.00    2.08 ^ _222_/A1 (sky130_fd_sc_hd__a221o_2)
     1    0.00    0.03    0.15    2.23 ^ _222_/X (sky130_fd_sc_hd__a221o_2)
                                         _035_ (net)
                  0.03    0.00    2.23 ^ _223_/B2 (sky130_fd_sc_hd__o22a_2)
     1    0.04    0.19    0.22    2.45 ^ _223_/X (sky130_fd_sc_hd__o22a_2)
                                         out[6] (net)
                  0.19    0.00    2.45 ^ out[6] (out)
                                  2.45   data arrival time

                  0.00    0.00    0.00   clock __VIRTUAL_CLK__ (rise edge)
                          0.00    0.00   clock network delay (ideal)
                          0.25    0.25   clock uncertainty
                          0.00    0.25   clock reconvergence pessimism
                         -2.00   -1.75   output external delay
                                 -1.75   data required time
-----------------------------------------------------------------------------
                                 -1.75   data required time
                                 -2.45   data arrival time
-----------------------------------------------------------------------------
                                  4.20   slack (MET)


Startpoint: B[4] (input port clocked by __VIRTUAL_CLK__)
Endpoint: out[4] (output port clocked by __VIRTUAL_CLK__)
Path Group: __VIRTUAL_CLK__
Path Type: min

Fanout     Cap    Slew   Delay    Time   Description
-----------------------------------------------------------------------------
                  0.00    0.00    0.00   clock __VIRTUAL_CLK__ (rise edge)
                          0.00    0.00   clock network delay (ideal)
                          2.00    2.00 ^ input external delay
     6    0.03    0.12    0.08    2.08 ^ B[4] (in)
                                         B[4] (net)
                  0.12    0.00    2.08 ^ _191_/A2 (sky130_fd_sc_hd__o22a_2)
     1    0.00    0.03    0.14    2.22 ^ _191_/X (sky130_fd_sc_hd__o22a_2)
                                         _006_ (net)
                  0.03    0.00    2.22 ^ _195_/B1 (sky130_fd_sc_hd__o22a_2)
     1    0.04    0.21    0.25    2.47 ^ _195_/X (sky130_fd_sc_hd__o22a_2)
                                         out[4] (net)
                  0.21    0.00    2.47 ^ out[4] (out)
                                  2.47   data arrival time

                  0.00    0.00    0.00   clock __VIRTUAL_CLK__ (rise edge)
                          0.00    0.00   clock network delay (ideal)
                          0.25    0.25   clock uncertainty
                          0.00    0.25   clock reconvergence pessimism
                         -2.00   -1.75   output external delay
                                 -1.75   data required time
-----------------------------------------------------------------------------
                                 -1.75   data required time
                                 -2.47   data arrival time
-----------------------------------------------------------------------------
                                  4.22   slack (MET)


Startpoint: A[2] (input port clocked by __VIRTUAL_CLK__)
Endpoint: out[2] (output port clocked by __VIRTUAL_CLK__)
Path Group: __VIRTUAL_CLK__
Path Type: min

Fanout     Cap    Slew   Delay    Time   Description
-----------------------------------------------------------------------------
                  0.00    0.00    0.00   clock __VIRTUAL_CLK__ (rise edge)
                          0.00    0.00   clock network delay (ideal)
                          2.00    2.00 v input external delay
     7    0.03    0.06    0.04    2.04 v A[2] (in)
                                         A[2] (net)
                  0.07    0.00    2.04 v _154_/A (sky130_fd_sc_hd__nor2_2)
     1    0.00    0.06    0.09    2.14 ^ _154_/Y (sky130_fd_sc_hd__nor2_2)
                                         _084_ (net)
                  0.06    0.00    2.14 ^ _155_/C1 (sky130_fd_sc_hd__a221o_2)
     1    0.00    0.03    0.09    2.23 ^ _155_/X (sky130_fd_sc_hd__a221o_2)
                                         _085_ (net)
                  0.03    0.00    2.23 ^ _166_/A3 (sky130_fd_sc_hd__o32a_2)
     1    0.04    0.20    0.24    2.47 ^ _166_/X (sky130_fd_sc_hd__o32a_2)
                                         out[2] (net)
                  0.20    0.00    2.47 ^ out[2] (out)
                                  2.47   data arrival time

                  0.00    0.00    0.00   clock __VIRTUAL_CLK__ (rise edge)
                          0.00    0.00   clock network delay (ideal)
                          0.25    0.25   clock uncertainty
                          0.00    0.25   clock reconvergence pessimism
                         -2.00   -1.75   output external delay
                                 -1.75   data required time
-----------------------------------------------------------------------------
                                 -1.75   data required time
                                 -2.47   data arrival time
-----------------------------------------------------------------------------
                                  4.22   slack (MET)


Startpoint: A[1] (input port clocked by __VIRTUAL_CLK__)
Endpoint: out[1] (output port clocked by __VIRTUAL_CLK__)
Path Group: __VIRTUAL_CLK__
Path Type: min

Fanout     Cap    Slew   Delay    Time   Description
-----------------------------------------------------------------------------
                  0.00    0.00    0.00   clock __VIRTUAL_CLK__ (rise edge)
                          0.00    0.00   clock network delay (ideal)
                          2.00    2.00 v input external delay
     9    0.04    0.08    0.05    2.05 v A[1] (in)
                                         A[1] (net)
                  0.08    0.00    2.05 v _144_/A (sky130_fd_sc_hd__nor2_2)
     1    0.00    0.05    0.09    2.15 ^ _144_/Y (sky130_fd_sc_hd__nor2_2)
                                         _075_ (net)
                  0.05    0.00    2.15 ^ _149_/C (sky130_fd_sc_hd__or4_2)
     1    0.00    0.03    0.10    2.24 ^ _149_/X (sky130_fd_sc_hd__or4_2)
                                         _080_ (net)
                  0.03    0.00    2.24 ^ _150_/B1 (sky130_fd_sc_hd__o21a_2)
     1    0.04    0.21    0.23    2.47 ^ _150_/X (sky130_fd_sc_hd__o21a_2)
                                         out[1] (net)
                  0.21    0.00    2.48 ^ out[1] (out)
                                  2.48   data arrival time

                  0.00    0.00    0.00   clock __VIRTUAL_CLK__ (rise edge)
                          0.00    0.00   clock network delay (ideal)
                          0.25    0.25   clock uncertainty
                          0.00    0.25   clock reconvergence pessimism
                         -2.00   -1.75   output external delay
                                 -1.75   data required time
-----------------------------------------------------------------------------
                                 -1.75   data required time
                                 -2.48   data arrival time
-----------------------------------------------------------------------------
                                  4.23   slack (MET)


Startpoint: A[0] (input port clocked by __VIRTUAL_CLK__)
Endpoint: out[0] (output port clocked by __VIRTUAL_CLK__)
Path Group: __VIRTUAL_CLK__
Path Type: min

Fanout     Cap    Slew   Delay    Time   Description
-----------------------------------------------------------------------------
                  0.00    0.00    0.00   clock __VIRTUAL_CLK__ (rise edge)
                          0.00    0.00   clock network delay (ideal)
                          2.00    2.00 v input external delay
     6    0.03    0.06    0.04    2.04 v A[0] (in)
                                         A[0] (net)
                  0.06    0.00    2.04 v _126_/A (sky130_fd_sc_hd__nor2_2)
     1    0.00    0.05    0.08    2.12 ^ _126_/Y (sky130_fd_sc_hd__nor2_2)
                                         _058_ (net)
                  0.05    0.00    2.12 ^ _127_/D (sky130_fd_sc_hd__or4_2)
     1    0.00    0.03    0.09    2.22 ^ _127_/X (sky130_fd_sc_hd__or4_2)
                                         _059_ (net)
                  0.03    0.00    2.22 ^ _128_/A (sky130_fd_sc_hd__buf_1)
     1    0.04    0.43    0.33    2.54 ^ _128_/X (sky130_fd_sc_hd__buf_1)
                                         out[0] (net)
                  0.43    0.00    2.54 ^ out[0] (out)
                                  2.54   data arrival time

                  0.00    0.00    0.00   clock __VIRTUAL_CLK__ (rise edge)
                          0.00    0.00   clock network delay (ideal)
                          0.25    0.25   clock uncertainty
                          0.00    0.25   clock reconvergence pessimism
                         -2.00   -1.75   output external delay
                                 -1.75   data required time
-----------------------------------------------------------------------------
                                 -1.75   data required time
                                 -2.54   data arrival time
-----------------------------------------------------------------------------
                                  4.29   slack (MET)



worst slack corner Typical: 4.1473
min_report_end
max_report

===========================================================================
report_checks -path_delay max (Setup)
============================================================================
======================= Typical Corner ===================================

Startpoint: opcode[0] (input port clocked by __VIRTUAL_CLK__)
Endpoint: out[7] (output port clocked by __VIRTUAL_CLK__)
Path Group: __VIRTUAL_CLK__
Path Type: max

Fanout     Cap    Slew   Delay    Time   Description
-----------------------------------------------------------------------------
                  0.00    0.00    0.00   clock __VIRTUAL_CLK__ (rise edge)
                          0.00    0.00   clock network delay (ideal)
                          2.00    2.00 ^ input external delay
     6    0.02    0.09    0.06    2.06 ^ opcode[0] (in)
                                         opcode[0] (net)
                  0.09    0.00    2.06 ^ _131_/C_N (sky130_fd_sc_hd__or3b_2)
     1    0.00    0.07    0.46    2.52 v _131_/X (sky130_fd_sc_hd__or3b_2)
                                         _062_ (net)
                  0.07    0.00    2.52 v _132_/A (sky130_fd_sc_hd__buf_1)
    10    0.03    0.20    0.25    2.77 v _132_/X (sky130_fd_sc_hd__buf_1)
                                         _063_ (net)
                  0.20    0.00    2.77 v _181_/B1 (sky130_fd_sc_hd__o21a_2)
     2    0.01    0.04    0.20    2.97 v _181_/X (sky130_fd_sc_hd__o21a_2)
                                         _109_ (net)
                  0.04    0.00    2.97 v _183_/B (sky130_fd_sc_hd__and2_2)
     2    0.01    0.04    0.20    3.17 v _183_/X (sky130_fd_sc_hd__and2_2)
                                         _111_ (net)
                  0.04    0.00    3.17 v _185_/C (sky130_fd_sc_hd__or3_2)
     1    0.00    0.07    0.41    3.58 v _185_/X (sky130_fd_sc_hd__or3_2)
                                         _000_ (net)
                  0.07    0.00    3.58 v _186_/B (sky130_fd_sc_hd__and2_2)
     3    0.02    0.06    0.25    3.83 v _186_/X (sky130_fd_sc_hd__and2_2)
                                         _001_ (net)
                  0.06    0.00    3.83 v _216_/A1 (sky130_fd_sc_hd__a31o_2)
     2    0.01    0.06    0.24    4.07 v _216_/X (sky130_fd_sc_hd__a31o_2)
                                         _029_ (net)
                  0.06    0.00    4.07 v _224_/A2 (sky130_fd_sc_hd__a21o_2)
     1    0.01    0.05    0.24    4.31 v _224_/X (sky130_fd_sc_hd__a21o_2)
                                         _036_ (net)
                  0.05    0.00    4.31 v _228_/A (sky130_fd_sc_hd__xnor2_2)
     1    0.00    0.05    0.14    4.45 v _228_/Y (sky130_fd_sc_hd__xnor2_2)
                                         _040_ (net)
                  0.05    0.00    4.45 v _233_/A2 (sky130_fd_sc_hd__o21ai_2)
     1    0.04    0.44    0.39    4.84 ^ _233_/Y (sky130_fd_sc_hd__o21ai_2)
                                         out[7] (net)
                  0.44    0.00    4.84 ^ out[7] (out)
                                  4.84   data arrival time

                  0.00   10.00   10.00   clock __VIRTUAL_CLK__ (rise edge)
                          0.00   10.00   clock network delay (ideal)
                         -0.25    9.75   clock uncertainty
                          0.00    9.75   clock reconvergence pessimism
                         -2.00    7.75   output external delay
                                  7.75   data required time
-----------------------------------------------------------------------------
                                  7.75   data required time
                                 -4.84   data arrival time
-----------------------------------------------------------------------------
                                  2.91   slack (MET)


Startpoint: opcode[0] (input port clocked by __VIRTUAL_CLK__)
Endpoint: out[5] (output port clocked by __VIRTUAL_CLK__)
Path Group: __VIRTUAL_CLK__
Path Type: max

Fanout     Cap    Slew   Delay    Time   Description
-----------------------------------------------------------------------------
                  0.00    0.00    0.00   clock __VIRTUAL_CLK__ (rise edge)
                          0.00    0.00   clock network delay (ideal)
                          2.00    2.00 ^ input external delay
     6    0.02    0.09    0.06    2.06 ^ opcode[0] (in)
                                         opcode[0] (net)
                  0.09    0.00    2.06 ^ _131_/C_N (sky130_fd_sc_hd__or3b_2)
     1    0.00    0.07    0.46    2.52 v _131_/X (sky130_fd_sc_hd__or3b_2)
                                         _062_ (net)
                  0.07    0.00    2.52 v _132_/A (sky130_fd_sc_hd__buf_1)
    10    0.03    0.20    0.25    2.77 v _132_/X (sky130_fd_sc_hd__buf_1)
                                         _063_ (net)
                  0.20    0.00    2.77 v _181_/B1 (sky130_fd_sc_hd__o21a_2)
     2    0.01    0.04    0.20    2.97 v _181_/X (sky130_fd_sc_hd__o21a_2)
                                         _109_ (net)
                  0.04    0.00    2.97 v _183_/B (sky130_fd_sc_hd__and2_2)
     2    0.01    0.04    0.20    3.17 v _183_/X (sky130_fd_sc_hd__and2_2)
                                         _111_ (net)
                  0.04    0.00    3.17 v _185_/C (sky130_fd_sc_hd__or3_2)
     1    0.00    0.07    0.41    3.58 v _185_/X (sky130_fd_sc_hd__or3_2)
                                         _000_ (net)
                  0.07    0.00    3.58 v _186_/B (sky130_fd_sc_hd__and2_2)
     3    0.02    0.06    0.25    3.83 v _186_/X (sky130_fd_sc_hd__and2_2)
                                         _001_ (net)
                  0.06    0.00    3.83 v _201_/A1 (sky130_fd_sc_hd__a21boi_2)
     1    0.01    0.14    0.17    4.00 ^ _201_/Y (sky130_fd_sc_hd__a21boi_2)
                                         _015_ (net)
                  0.14    0.00    4.00 ^ _202_/B (sky130_fd_sc_hd__xnor2_2)
     1    0.00    0.05    0.07    4.07 v _202_/Y (sky130_fd_sc_hd__xnor2_2)
                                         _016_ (net)
                  0.05    0.00    4.07 v _208_/A2 (sky130_fd_sc_hd__a211o_2)
     1    0.04    0.13    0.45    4.53 v _208_/X (sky130_fd_sc_hd__a211o_2)
                                         out[5] (net)
                  0.13    0.00    4.53 v out[5] (out)
                                  4.53   data arrival time

                  0.00   10.00   10.00   clock __VIRTUAL_CLK__ (rise edge)
                          0.00   10.00   clock network delay (ideal)
                         -0.25    9.75   clock uncertainty
                          0.00    9.75   clock reconvergence pessimism
                         -2.00    7.75   output external delay
                                  7.75   data required time
-----------------------------------------------------------------------------
                                  7.75   data required time
                                 -4.53   data arrival time
-----------------------------------------------------------------------------
                                  3.22   slack (MET)


Startpoint: opcode[0] (input port clocked by __VIRTUAL_CLK__)
Endpoint: out[6] (output port clocked by __VIRTUAL_CLK__)
Path Group: __VIRTUAL_CLK__
Path Type: max

Fanout     Cap    Slew   Delay    Time   Description
-----------------------------------------------------------------------------
                  0.00    0.00    0.00   clock __VIRTUAL_CLK__ (rise edge)
                          0.00    0.00   clock network delay (ideal)
                          2.00    2.00 ^ input external delay
     6    0.02    0.09    0.06    2.06 ^ opcode[0] (in)
                                         opcode[0] (net)
                  0.09    0.00    2.06 ^ _131_/C_N (sky130_fd_sc_hd__or3b_2)
     1    0.00    0.07    0.46    2.52 v _131_/X (sky130_fd_sc_hd__or3b_2)
                                         _062_ (net)
                  0.07    0.00    2.52 v _132_/A (sky130_fd_sc_hd__buf_1)
    10    0.03    0.20    0.25    2.77 v _132_/X (sky130_fd_sc_hd__buf_1)
                                         _063_ (net)
                  0.20    0.00    2.77 v _181_/B1 (sky130_fd_sc_hd__o21a_2)
     2    0.01    0.04    0.20    2.97 v _181_/X (sky130_fd_sc_hd__o21a_2)
                                         _109_ (net)
                  0.04    0.00    2.97 v _183_/B (sky130_fd_sc_hd__and2_2)
     2    0.01    0.04    0.20    3.17 v _183_/X (sky130_fd_sc_hd__and2_2)
                                         _111_ (net)
                  0.04    0.00    3.17 v _185_/C (sky130_fd_sc_hd__or3_2)
     1    0.00    0.07    0.41    3.58 v _185_/X (sky130_fd_sc_hd__or3_2)
                                         _000_ (net)
                  0.07    0.00    3.58 v _186_/B (sky130_fd_sc_hd__and2_2)
     3    0.02    0.06    0.25    3.83 v _186_/X (sky130_fd_sc_hd__and2_2)
                                         _001_ (net)
                  0.06    0.00    3.83 v _216_/A1 (sky130_fd_sc_hd__a31o_2)
     2    0.01    0.06    0.24    4.07 v _216_/X (sky130_fd_sc_hd__a31o_2)
                                         _029_ (net)
                  0.06    0.00    4.07 v _217_/B (sky130_fd_sc_hd__xnor2_2)
     1    0.00    0.04    0.13    4.20 v _217_/Y (sky130_fd_sc_hd__xnor2_2)
                                         _030_ (net)
                  0.04    0.00    4.20 v _223_/A2 (sky130_fd_sc_hd__o22a_2)
     1    0.04    0.12    0.32    4.52 v _223_/X (sky130_fd_sc_hd__o22a_2)
                                         out[6] (net)
                  0.12    0.00    4.52 v out[6] (out)
                                  4.52   data arrival time

                  0.00   10.00   10.00   clock __VIRTUAL_CLK__ (rise edge)
                          0.00   10.00   clock network delay (ideal)
                         -0.25    9.75   clock uncertainty
                          0.00    9.75   clock reconvergence pessimism
                         -2.00    7.75   output external delay
                                  7.75   data required time
-----------------------------------------------------------------------------
                                  7.75   data required time
                                 -4.52   data arrival time
-----------------------------------------------------------------------------
                                  3.23   slack (MET)


Startpoint: opcode[0] (input port clocked by __VIRTUAL_CLK__)
Endpoint: out[4] (output port clocked by __VIRTUAL_CLK__)
Path Group: __VIRTUAL_CLK__
Path Type: max

Fanout     Cap    Slew   Delay    Time   Description
-----------------------------------------------------------------------------
                  0.00    0.00    0.00   clock __VIRTUAL_CLK__ (rise edge)
                          0.00    0.00   clock network delay (ideal)
                          2.00    2.00 ^ input external delay
     6    0.02    0.09    0.06    2.06 ^ opcode[0] (in)
                                         opcode[0] (net)
                  0.09    0.00    2.06 ^ _131_/C_N (sky130_fd_sc_hd__or3b_2)
     1    0.00    0.07    0.46    2.52 v _131_/X (sky130_fd_sc_hd__or3b_2)
                                         _062_ (net)
                  0.07    0.00    2.52 v _132_/A (sky130_fd_sc_hd__buf_1)
    10    0.03    0.20    0.25    2.77 v _132_/X (sky130_fd_sc_hd__buf_1)
                                         _063_ (net)
                  0.20    0.00    2.77 v _181_/B1 (sky130_fd_sc_hd__o21a_2)
     2    0.01    0.04    0.20    2.97 v _181_/X (sky130_fd_sc_hd__o21a_2)
                                         _109_ (net)
                  0.04    0.00    2.97 v _183_/B (sky130_fd_sc_hd__and2_2)
     2    0.01    0.04    0.20    3.17 v _183_/X (sky130_fd_sc_hd__and2_2)
                                         _111_ (net)
                  0.04    0.00    3.17 v _185_/C (sky130_fd_sc_hd__or3_2)
     1    0.00    0.07    0.41    3.58 v _185_/X (sky130_fd_sc_hd__or3_2)
                                         _000_ (net)
                  0.07    0.00    3.58 v _186_/B (sky130_fd_sc_hd__and2_2)
     3    0.02    0.06    0.25    3.83 v _186_/X (sky130_fd_sc_hd__and2_2)
                                         _001_ (net)
                  0.06    0.00    3.83 v _189_/A (sky130_fd_sc_hd__xor2_2)
     1    0.00    0.05    0.18    4.00 v _189_/X (sky130_fd_sc_hd__xor2_2)
                                         _004_ (net)
                  0.05    0.00    4.00 v _195_/A2 (sky130_fd_sc_hd__o22a_2)
     1    0.04    0.13    0.33    4.33 v _195_/X (sky130_fd_sc_hd__o22a_2)
                                         out[4] (net)
                  0.13    0.00    4.34 v out[4] (out)
                                  4.34   data arrival time

                  0.00   10.00   10.00   clock __VIRTUAL_CLK__ (rise edge)
                          0.00   10.00   clock network delay (ideal)
                         -0.25    9.75   clock uncertainty
                          0.00    9.75   clock reconvergence pessimism
                         -2.00    7.75   output external delay
                                  7.75   data required time
-----------------------------------------------------------------------------
                                  7.75   data required time
                                 -4.34   data arrival time
-----------------------------------------------------------------------------
                                  3.41   slack (MET)


Startpoint: opcode[0] (input port clocked by __VIRTUAL_CLK__)
Endpoint: out[3] (output port clocked by __VIRTUAL_CLK__)
Path Group: __VIRTUAL_CLK__
Path Type: max

Fanout     Cap    Slew   Delay    Time   Description
-----------------------------------------------------------------------------
                  0.00    0.00    0.00   clock __VIRTUAL_CLK__ (rise edge)
                          0.00    0.00   clock network delay (ideal)
                          2.00    2.00 ^ input external delay
     6    0.02    0.09    0.06    2.06 ^ opcode[0] (in)
                                         opcode[0] (net)
                  0.09    0.00    2.06 ^ _131_/C_N (sky130_fd_sc_hd__or3b_2)
     1    0.00    0.07    0.46    2.52 v _131_/X (sky130_fd_sc_hd__or3b_2)
                                         _062_ (net)
                  0.07    0.00    2.52 v _132_/A (sky130_fd_sc_hd__buf_1)
    10    0.03    0.20    0.25    2.77 v _132_/X (sky130_fd_sc_hd__buf_1)
                                         _063_ (net)
                  0.20    0.00    2.77 v _134_/C (sky130_fd_sc_hd__and3_2)
     3    0.01    0.06    0.32    3.08 v _134_/X (sky130_fd_sc_hd__and3_2)
                                         _065_ (net)
                  0.06    0.00    3.08 v _136_/C (sky130_fd_sc_hd__nor3_2)
     2    0.01    0.22    0.19    3.27 ^ _136_/Y (sky130_fd_sc_hd__nor3_2)
                                         _067_ (net)
                  0.22    0.00    3.27 ^ _157_/A2 (sky130_fd_sc_hd__o21ai_2)
     3    0.02    0.09    0.13    3.40 v _157_/Y (sky130_fd_sc_hd__o21ai_2)
                                         _087_ (net)
                  0.09    0.00    3.40 v _173_/A1 (sky130_fd_sc_hd__a21o_2)
     1    0.01    0.05    0.23    3.62 v _173_/X (sky130_fd_sc_hd__a21o_2)
                                         _102_ (net)
                  0.05    0.00    3.62 v _174_/B (sky130_fd_sc_hd__xor2_2)
     1    0.00    0.05    0.14    3.77 v _174_/X (sky130_fd_sc_hd__xor2_2)
                                         _103_ (net)
                  0.05    0.00    3.77 v _180_/A2 (sky130_fd_sc_hd__a211o_2)
     1    0.04    0.13    0.46    4.23 v _180_/X (sky130_fd_sc_hd__a211o_2)
                                         out[3] (net)
                  0.13    0.00    4.23 v out[3] (out)
                                  4.23   data arrival time

                  0.00   10.00   10.00   clock __VIRTUAL_CLK__ (rise edge)
                          0.00   10.00   clock network delay (ideal)
                         -0.25    9.75   clock uncertainty
                          0.00    9.75   clock reconvergence pessimism
                         -2.00    7.75   output external delay
                                  7.75   data required time
-----------------------------------------------------------------------------
                                  7.75   data required time
                                 -4.23   data arrival time
-----------------------------------------------------------------------------
                                  3.52   slack (MET)


Startpoint: opcode[1] (input port clocked by __VIRTUAL_CLK__)
Endpoint: out[1] (output port clocked by __VIRTUAL_CLK__)
Path Group: __VIRTUAL_CLK__
Path Type: max

Fanout     Cap    Slew   Delay    Time   Description
-----------------------------------------------------------------------------
                  0.00    0.00    0.00   clock __VIRTUAL_CLK__ (rise edge)
                          0.00    0.00   clock network delay (ideal)
                          2.00    2.00 ^ input external delay
     2    0.01    0.05    0.04    2.04 ^ opcode[1] (in)
                                         opcode[1] (net)
                  0.05    0.00    2.04 ^ _114_/A (sky130_fd_sc_hd__buf_1)
    10    0.02    0.30    0.27    2.31 ^ _114_/X (sky130_fd_sc_hd__buf_1)
                                         _046_ (net)
                  0.30    0.00    2.31 ^ _140_/B (sky130_fd_sc_hd__or3_2)
     1    0.00    0.03    0.18    2.49 ^ _140_/X (sky130_fd_sc_hd__or3_2)
                                         _071_ (net)
                  0.03    0.00    2.49 ^ _141_/A (sky130_fd_sc_hd__buf_1)
     7    0.04    0.44    0.37    2.86 ^ _141_/X (sky130_fd_sc_hd__buf_1)
                                         _072_ (net)
                  0.44    0.00    2.86 ^ _142_/B1 (sky130_fd_sc_hd__a21oi_2)
     1    0.00    0.08    0.04    2.90 v _142_/Y (sky130_fd_sc_hd__a21oi_2)
                                         _073_ (net)
                  0.08    0.00    2.90 v _143_/B2 (sky130_fd_sc_hd__o22a_2)
     1    0.00    0.03    0.19    3.10 v _143_/X (sky130_fd_sc_hd__o22a_2)
                                         _074_ (net)
                  0.03    0.00    3.10 v _149_/B (sky130_fd_sc_hd__or4_2)
     1    0.00    0.10    0.66    3.75 v _149_/X (sky130_fd_sc_hd__or4_2)
                                         _080_ (net)
                  0.10    0.00    3.75 v _150_/B1 (sky130_fd_sc_hd__o21a_2)
     1    0.04    0.11    0.23    3.98 v _150_/X (sky130_fd_sc_hd__o21a_2)
                                         out[1] (net)
                  0.11    0.00    3.98 v out[1] (out)
                                  3.98   data arrival time

                  0.00   10.00   10.00   clock __VIRTUAL_CLK__ (rise edge)
                          0.00   10.00   clock network delay (ideal)
                         -0.25    9.75   clock uncertainty
                          0.00    9.75   clock reconvergence pessimism
                         -2.00    7.75   output external delay
                                  7.75   data required time
-----------------------------------------------------------------------------
                                  7.75   data required time
                                 -3.98   data arrival time
-----------------------------------------------------------------------------
                                  3.77   slack (MET)


Startpoint: opcode[0] (input port clocked by __VIRTUAL_CLK__)
Endpoint: out[2] (output port clocked by __VIRTUAL_CLK__)
Path Group: __VIRTUAL_CLK__
Path Type: max

Fanout     Cap    Slew   Delay    Time   Description
-----------------------------------------------------------------------------
                  0.00    0.00    0.00   clock __VIRTUAL_CLK__ (rise edge)
                          0.00    0.00   clock network delay (ideal)
                          2.00    2.00 ^ input external delay
     6    0.02    0.09    0.06    2.06 ^ opcode[0] (in)
                                         opcode[0] (net)
                  0.09    0.00    2.06 ^ _131_/C_N (sky130_fd_sc_hd__or3b_2)
     1    0.00    0.07    0.46    2.52 v _131_/X (sky130_fd_sc_hd__or3b_2)
                                         _062_ (net)
                  0.07    0.00    2.52 v _132_/A (sky130_fd_sc_hd__buf_1)
    10    0.03    0.20    0.25    2.77 v _132_/X (sky130_fd_sc_hd__buf_1)
                                         _063_ (net)
                  0.20    0.00    2.77 v _134_/C (sky130_fd_sc_hd__and3_2)
     3    0.01    0.06    0.32    3.08 v _134_/X (sky130_fd_sc_hd__and3_2)
                                         _065_ (net)
                  0.06    0.00    3.08 v _136_/C (sky130_fd_sc_hd__nor3_2)
     2    0.01    0.22    0.19    3.27 ^ _136_/Y (sky130_fd_sc_hd__nor3_2)
                                         _067_ (net)
                  0.22    0.00    3.27 ^ _157_/A2 (sky130_fd_sc_hd__o21ai_2)
     3    0.02    0.09    0.13    3.40 v _157_/Y (sky130_fd_sc_hd__o21ai_2)
                                         _087_ (net)
                  0.09    0.00    3.40 v _165_/A (sky130_fd_sc_hd__xor2_2)
     1    0.00    0.06    0.19    3.58 v _165_/X (sky130_fd_sc_hd__xor2_2)
                                         _095_ (net)
                  0.06    0.00    3.58 v _166_/B1 (sky130_fd_sc_hd__o32a_2)
     1    0.04    0.13    0.30    3.89 v _166_/X (sky130_fd_sc_hd__o32a_2)
                                         out[2] (net)
                  0.13    0.00    3.89 v out[2] (out)
                                  3.89   data arrival time

                  0.00   10.00   10.00   clock __VIRTUAL_CLK__ (rise edge)
                          0.00   10.00   clock network delay (ideal)
                         -0.25    9.75   clock uncertainty
                          0.00    9.75   clock reconvergence pessimism
                         -2.00    7.75   output external delay
                                  7.75   data required time
-----------------------------------------------------------------------------
                                  7.75   data required time
                                 -3.89   data arrival time
-----------------------------------------------------------------------------
                                  3.86   slack (MET)


Startpoint: opcode[1] (input port clocked by __VIRTUAL_CLK__)
Endpoint: out[0] (output port clocked by __VIRTUAL_CLK__)
Path Group: __VIRTUAL_CLK__
Path Type: max

Fanout     Cap    Slew   Delay    Time   Description
-----------------------------------------------------------------------------
                  0.00    0.00    0.00   clock __VIRTUAL_CLK__ (rise edge)
                          0.00    0.00   clock network delay (ideal)
                          2.00    2.00 ^ input external delay
     2    0.01    0.05    0.04    2.04 ^ opcode[1] (in)
                                         opcode[1] (net)
                  0.05    0.00    2.04 ^ _114_/A (sky130_fd_sc_hd__buf_1)
    10    0.02    0.30    0.27    2.31 ^ _114_/X (sky130_fd_sc_hd__buf_1)
                                         _046_ (net)
                  0.30    0.00    2.31 ^ _124_/B (sky130_fd_sc_hd__or3_2)
     1    0.00    0.03    0.18    2.49 ^ _124_/X (sky130_fd_sc_hd__or3_2)
                                         _056_ (net)
                  0.03    0.00    2.49 ^ _125_/A (sky130_fd_sc_hd__buf_1)
     8    0.04    0.48    0.40    2.89 ^ _125_/X (sky130_fd_sc_hd__buf_1)
                                         _057_ (net)
                  0.48    0.00    2.89 ^ _126_/B (sky130_fd_sc_hd__nor2_2)
     1    0.00    0.06    0.04    2.92 v _126_/Y (sky130_fd_sc_hd__nor2_2)
                                         _058_ (net)
                  0.06    0.00    2.92 v _127_/D (sky130_fd_sc_hd__or4_2)
     1    0.00    0.09    0.55    3.48 v _127_/X (sky130_fd_sc_hd__or4_2)
                                         _059_ (net)
                  0.09    0.00    3.48 v _128_/A (sky130_fd_sc_hd__buf_1)
     1    0.04    0.22    0.27    3.75 v _128_/X (sky130_fd_sc_hd__buf_1)
                                         out[0] (net)
                  0.22    0.00    3.75 v out[0] (out)
                                  3.75   data arrival time

                  0.00   10.00   10.00   clock __VIRTUAL_CLK__ (rise edge)
                          0.00   10.00   clock network delay (ideal)
                         -0.25    9.75   clock uncertainty
                          0.00    9.75   clock reconvergence pessimism
                         -2.00    7.75   output external delay
                                  7.75   data required time
-----------------------------------------------------------------------------
                                  7.75   data required time
                                 -3.75   data arrival time
-----------------------------------------------------------------------------
                                  4.00   slack (MET)



worst slack corner Typical: 2.9121
max_report_end
checks_report

===========================================================================
report_checks -unconstrained
===========================================================================
======================= Typical Corner ===================================

Startpoint: opcode[0] (input port clocked by __VIRTUAL_CLK__)
Endpoint: out[7] (output port clocked by __VIRTUAL_CLK__)
Path Group: __VIRTUAL_CLK__
Path Type: max

Fanout     Cap    Slew   Delay    Time   Description
-----------------------------------------------------------------------------
                  0.00    0.00    0.00   clock __VIRTUAL_CLK__ (rise edge)
                          0.00    0.00   clock network delay (ideal)
                          2.00    2.00 ^ input external delay
     6    0.02    0.09    0.06    2.06 ^ opcode[0] (in)
                                         opcode[0] (net)
                  0.09    0.00    2.06 ^ _131_/C_N (sky130_fd_sc_hd__or3b_2)
     1    0.00    0.07    0.46    2.52 v _131_/X (sky130_fd_sc_hd__or3b_2)
                                         _062_ (net)
                  0.07    0.00    2.52 v _132_/A (sky130_fd_sc_hd__buf_1)
    10    0.03    0.20    0.25    2.77 v _132_/X (sky130_fd_sc_hd__buf_1)
                                         _063_ (net)
                  0.20    0.00    2.77 v _181_/B1 (sky130_fd_sc_hd__o21a_2)
     2    0.01    0.04    0.20    2.97 v _181_/X (sky130_fd_sc_hd__o21a_2)
                                         _109_ (net)
                  0.04    0.00    2.97 v _183_/B (sky130_fd_sc_hd__and2_2)
     2    0.01    0.04    0.20    3.17 v _183_/X (sky130_fd_sc_hd__and2_2)
                                         _111_ (net)
                  0.04    0.00    3.17 v _185_/C (sky130_fd_sc_hd__or3_2)
     1    0.00    0.07    0.41    3.58 v _185_/X (sky130_fd_sc_hd__or3_2)
                                         _000_ (net)
                  0.07    0.00    3.58 v _186_/B (sky130_fd_sc_hd__and2_2)
     3    0.02    0.06    0.25    3.83 v _186_/X (sky130_fd_sc_hd__and2_2)
                                         _001_ (net)
                  0.06    0.00    3.83 v _216_/A1 (sky130_fd_sc_hd__a31o_2)
     2    0.01    0.06    0.24    4.07 v _216_/X (sky130_fd_sc_hd__a31o_2)
                                         _029_ (net)
                  0.06    0.00    4.07 v _224_/A2 (sky130_fd_sc_hd__a21o_2)
     1    0.01    0.05    0.24    4.31 v _224_/X (sky130_fd_sc_hd__a21o_2)
                                         _036_ (net)
                  0.05    0.00    4.31 v _228_/A (sky130_fd_sc_hd__xnor2_2)
     1    0.00    0.05    0.14    4.45 v _228_/Y (sky130_fd_sc_hd__xnor2_2)
                                         _040_ (net)
                  0.05    0.00    4.45 v _233_/A2 (sky130_fd_sc_hd__o21ai_2)
     1    0.04    0.44    0.39    4.84 ^ _233_/Y (sky130_fd_sc_hd__o21ai_2)
                                         out[7] (net)
                  0.44    0.00    4.84 ^ out[7] (out)
                                  4.84   data arrival time

                  0.00   10.00   10.00   clock __VIRTUAL_CLK__ (rise edge)
                          0.00   10.00   clock network delay (ideal)
                         -0.25    9.75   clock uncertainty
                          0.00    9.75   clock reconvergence pessimism
                         -2.00    7.75   output external delay
                                  7.75   data required time
-----------------------------------------------------------------------------
                                  7.75   data required time
                                 -4.84   data arrival time
-----------------------------------------------------------------------------
                                  2.91   slack (MET)




===========================================================================
report_checks --slack_max -0.01
============================================================================
======================= Typical Corner ===================================

No paths found.


===========================================================================
 report_check_types -max_slew -max_cap -max_fanout -violators
============================================================================
======================= Typical Corner ===================================


max slew violations count Typical: 0
max fanout violations count Typical: 0
max cap violations count Typical: 0

===========================================================================
report_parasitic_annotation -report_unannotated
============================================================================
Found 0 unannotated drivers.
Found 0 partially unannotated drivers.

===========================================================================
max slew violation count 0
max fanout violation count 0
max cap violation count 0
============================================================================

===========================================================================
check_setup -verbose -unconstrained_endpoints -multiple_clock -no_clock -no_input_delay -loops -generated_clocks
===========================================================================
checks_report_end
power_report

===========================================================================
 report_power
============================================================================
======================= Typical Corner ===================================

Group                  Internal  Switching    Leakage      Total
                          Power      Power      Power      Power (Watts)
----------------------------------------------------------------
Sequential             0.00e+00   0.00e+00   0.00e+00   0.00e+00   0.0%
Combinational          3.14e-05   3.69e-05   4.17e-10   6.82e-05 100.0%
Clock                  0.00e+00   0.00e+00   1.88e-10   1.88e-10   0.0%
Macro                  0.00e+00   0.00e+00   0.00e+00   0.00e+00   0.0%
Pad                    0.00e+00   0.00e+00   0.00e+00   0.00e+00   0.0%
----------------------------------------------------------------
Total                  3.14e-05   3.69e-05   6.04e-10   6.82e-05 100.0%
                          46.0%      54.0%       0.0%

power_report_end
summary_report

===========================================================================
report_tns
============================================================================
tns 0.00

===========================================================================
report_wns
============================================================================
wns 0.00

===========================================================================
report_worst_slack -max (Setup)
============================================================================
worst slack 2.91

===========================================================================
report_worst_slack -min (Hold)
============================================================================
worst slack 4.15
summary_report_end
area_report

===========================================================================
report_design_area
============================================================================
Design area 1202 u^2 19% utilization.
area_report_end
check_nonpropagated_clocks
__VIRTUAL_CLK__
check_nonpropagated_clocks_end
[WARNING] Did not save OpenROAD database!
Writing SDF to '/openlane/designs/project2/runs/RUN_2025.05.04_23.06.35/results/signoff/project2.sdf'…
