Wed May 21 23:45:58 +0000 2025 - Executing "{openroad -exit -no_init -python /openlane/scripts/odbpy/lefutil.py get_metal_layers -o /openlane/designs/project3/runs/RUN_2025.05.21_23.45.57/tmp/layers.list /home/furkan/.volare/sky130A/libs.ref/sky130_fd_sc_hd/techlef/sky130_fd_sc_hd__nom.tlef}"

Wed May 21 23:45:58 +0000 2025 - Executing "{/openlane/scripts/mergeLef.py -o /openlane/designs/project3/runs/RUN_2025.05.21_23.45.57/tmp/merged.nom.lef -i /home/furkan/.volare/sky130A/libs.ref/sky130_fd_sc_hd/techlef/sky130_fd_sc_hd__nom.tlef {/home/furkan/.volare/sky130A/libs.ref/sky130_fd_sc_hd/lef/sky130_fd_sc_hd.lef /home/furkan/.volare/sky130A/libs.ref/sky130_fd_sc_hd/lef/sky130_ef_sc_hd.lef} |& tee /dev/null}"

Wed May 21 23:45:58 +0000 2025 - Executing "{/openlane/scripts/mergeLef.py -o /openlane/designs/project3/runs/RUN_2025.05.21_23.45.57/tmp/merged.min.lef -i /home/furkan/.volare/sky130A/libs.ref/sky130_fd_sc_hd/techlef/sky130_fd_sc_hd__min.tlef {/home/furkan/.volare/sky130A/libs.ref/sky130_fd_sc_hd/lef/sky130_fd_sc_hd.lef /home/furkan/.volare/sky130A/libs.ref/sky130_fd_sc_hd/lef/sky130_ef_sc_hd.lef} |& tee /dev/null}"

Wed May 21 23:45:58 +0000 2025 - Executing "{/openlane/scripts/mergeLef.py -o /openlane/designs/project3/runs/RUN_2025.05.21_23.45.57/tmp/merged.max.lef -i /home/furkan/.volare/sky130A/libs.ref/sky130_fd_sc_hd/techlef/sky130_fd_sc_hd__max.tlef {/home/furkan/.volare/sky130A/libs.ref/sky130_fd_sc_hd/lef/sky130_fd_sc_hd.lef /home/furkan/.volare/sky130A/libs.ref/sky130_fd_sc_hd/lef/sky130_ef_sc_hd.lef} |& tee /dev/null}"

Wed May 21 23:45:58 +0000 2025 - Executing "{python3 /openlane/scripts/mergeLib.py --output /openlane/designs/project3/runs/RUN_2025.05.21_23.45.57/tmp/synthesis/merged.lib --name sky130A_merged /home/furkan/.volare/sky130A/libs.ref/sky130_fd_sc_hd/lib/sky130_fd_sc_hd__tt_025C_1v80.lib}"

Wed May 21 23:45:58 +0000 2025 - Executing "{python3 /openlane/scripts/libtrim.py --cell-file /openlane/designs/project3/runs/RUN_2025.05.21_23.45.57/tmp/synthesis/trimmed.lib.exclude.list --output /openlane/designs/project3/runs/RUN_2025.05.21_23.45.57/tmp/synthesis/trimmed.lib /openlane/designs/project3/runs/RUN_2025.05.21_23.45.57/tmp/synthesis/merged.lib}"

Wed May 21 23:45:58 +0000 2025 - Executing "{python3 /openlane/scripts/libtrim.py --cell-file /openlane/designs/project3/runs/RUN_2025.05.21_23.45.57/tmp/cts/cts.lib.exclude.list --output /openlane/designs/project3/runs/RUN_2025.05.21_23.45.57/tmp/cts/cts.lib /home/furkan/.volare/sky130A/libs.ref/sky130_fd_sc_hd/lib/sky130_fd_sc_hd__tt_025C_1v80.lib}"

Wed May 21 23:45:58 +0000 2025 - Executing "{python3 /openlane/scripts/libtrim.py --cell-file /openlane/designs/project3/runs/RUN_2025.05.21_23.45.57/tmp/cts/cts-fastest.lib.exclude.list --output /openlane/designs/project3/runs/RUN_2025.05.21_23.45.57/tmp/cts/cts-fastest.lib /home/furkan/.volare/sky130A/libs.ref/sky130_fd_sc_hd/lib/sky130_fd_sc_hd__ff_n40C_1v95.lib}"

Wed May 21 23:45:59 +0000 2025 - Executing "{python3 /openlane/scripts/libtrim.py --cell-file /openlane/designs/project3/runs/RUN_2025.05.21_23.45.57/tmp/cts/cts-slowest.lib.exclude.list --output /openlane/designs/project3/runs/RUN_2025.05.21_23.45.57/tmp/cts/cts-slowest.lib /home/furkan/.volare/sky130A/libs.ref/sky130_fd_sc_hd/lib/sky130_fd_sc_hd__ss_100C_1v60.lib}"

Wed May 21 23:45:59 +0000 2025 - Executing "{python3 /openlane/scripts/new_tracks.py -i /home/furkan/.volare/sky130A/libs.tech/openlane/sky130_fd_sc_hd/tracks.info -o /openlane/designs/project3/runs/RUN_2025.05.21_23.45.57/tmp/routing/config.tracks}"

Wed May 21 23:45:59 +0000 2025 - Executing "{echo {OpenLane e73fb3c57e687a0023fcd4dcfd1566ecd478362a} > /openlane/designs/project3/runs/RUN_2025.05.21_23.45.57/OPENLANE_COMMIT}"

Wed May 21 23:45:59 +0000 2025 - Executing "{yosys -c /openlane/scripts/yosys/blackbox.tcl}"

Wed May 21 23:45:59 +0000 2025 - Executing "{verilator -Wall --lint-only --Wno-DECLFILENAME --top-module project3 /openlane/designs/project3/runs/RUN_2025.05.21_23.45.57/tmp/synthesis/blackbox/sky130_fd_sc_hd__blackbox.v /openlane/designs/project3/src/project3.v -Wno-fatal --relative-includes |& tee /openlane/designs/project3/runs/RUN_2025.05.21_23.45.57/logs/synthesis/linter.log /dev/null}"

Wed May 21 23:45:59 +0000 2025 - Executing "{sed -E {s/^([[:space:]]+)pg_pin(.*)/\1pin\2\n\1    direction : "inout";/g} /home/furkan/.volare/sky130A/libs.ref/sky130_fd_sc_hd/lib/sky130_fd_sc_hd__tt_025C_1v80.lib > /openlane/designs/project3/runs/RUN_2025.05.21_23.45.57/tmp/synthesis/1-sky130_fd_sc_hd__tt_025C_1v80.no_pg.lib}"

Wed May 21 23:45:59 +0000 2025 - Executing "{sed -E {s/^([[:space:]]+)pg_pin(.*)/\1pin\2\n\1    direction : "inout";/g} /openlane/designs/project3/runs/RUN_2025.05.21_23.45.57/tmp/synthesis/trimmed.lib > /openlane/designs/project3/runs/RUN_2025.05.21_23.45.57/tmp/synthesis/1-trimmed.no_pg.lib}"

Wed May 21 23:46:00 +0000 2025 - Executing "yosys -c /openlane/scripts/yosys/synth.tcl |& tee /dev/null /openlane/designs/project3/runs/RUN_2025.05.21_23.45.57/logs/synthesis/1-synthesis.log"

Wed May 21 23:46:00 +0000 2025 - Executing "{yosys -c /openlane/scripts/yosys/synth.tcl |& tee /dev/null /openlane/designs/project3/runs/RUN_2025.05.21_23.45.57/logs/synthesis/1-synthesis.log}"

Wed May 21 23:46:00 +0000 2025 - Executing "{sed -i.bak -e {s/\(set ::env(CURRENT_NETLIST)\).*/\1 \/openlane\/designs\/project3\/runs\/RUN_2025.05.21_23.45.57\/results\/synthesis\/project3.v/} /openlane/designs/project3/runs/RUN_2025.05.21_23.45.57/config.tcl}"

Wed May 21 23:46:00 +0000 2025 - Executing "{sed -i.bak /defparam/d /openlane/designs/project3/runs/RUN_2025.05.21_23.45.57/results/synthesis/project3.v}"

Wed May 21 23:46:00 +0000 2025 - Executing "sta -exit -no_init /openlane/scripts/openroad/sta/multi_corner.tcl |& tee /dev/null /openlane/designs/project3/runs/RUN_2025.05.21_23.45.57/logs/synthesis/2-sta.log"

Wed May 21 23:46:00 +0000 2025 - Executing "{sta -exit -no_init /openlane/scripts/openroad/sta/multi_corner.tcl |& tee /dev/null /openlane/designs/project3/runs/RUN_2025.05.21_23.45.57/logs/synthesis/2-sta.log}"

Wed May 21 23:46:01 +0000 2025 - Executing "openroad -exit /openlane/scripts/openroad/floorplan.tcl |& tee /dev/null /openlane/designs/project3/runs/RUN_2025.05.21_23.45.57/logs/floorplan/3-initial_fp.log"

Wed May 21 23:46:01 +0000 2025 - Executing "{openroad -exit /openlane/scripts/openroad/floorplan.tcl |& tee /dev/null /openlane/designs/project3/runs/RUN_2025.05.21_23.45.57/logs/floorplan/3-initial_fp.log}"

Wed May 21 23:46:01 +0000 2025 - Executing "{openroad -exit -no_init -python /openlane/scripts/odbpy/defutil.py extract_core_dims --output-data /openlane/designs/project3/runs/RUN_2025.05.21_23.45.57/tmp/dimensions.txt --input-lef /openlane/designs/project3/runs/RUN_2025.05.21_23.45.57/tmp/merged.nom.lef /openlane/designs/project3/runs/RUN_2025.05.21_23.45.57/tmp/floorplan/3-initial_fp.def}"

Wed May 21 23:46:02 +0000 2025 - Executing "{openroad -exit -no_init -python /openlane/scripts/odbpy/io_place.py --config /openlane/designs/project3/pin_order.cfg --hor-layer met3 --ver-layer met2 --ver-width-mult 2 --hor-width-mult 2 --hor-extension 0 --ver-extension 0 --length 4 --unmatched-error --input-lef /openlane/designs/project3/runs/RUN_2025.05.21_23.45.57/tmp/merged.nom.lef --output-def /openlane/designs/project3/runs/RUN_2025.05.21_23.45.57/tmp/floorplan/4-io.def --output /openlane/designs/project3/runs/RUN_2025.05.21_23.45.57/tmp/floorplan/4-io.odb /openlane/designs/project3/runs/RUN_2025.05.21_23.45.57/tmp/floorplan/3-initial_fp.odb |& tee /dev/null /openlane/designs/project3/runs/RUN_2025.05.21_23.45.57/logs/floorplan/4-place_io.log}"

Wed May 21 23:46:02 +0000 2025 - Executing "openroad -exit /openlane/scripts/openroad/tapcell.tcl |& tee /dev/null /openlane/designs/project3/runs/RUN_2025.05.21_23.45.57/logs/floorplan/5-tap.log"

Wed May 21 23:46:02 +0000 2025 - Executing "{openroad -exit /openlane/scripts/openroad/tapcell.tcl |& tee /dev/null /openlane/designs/project3/runs/RUN_2025.05.21_23.45.57/logs/floorplan/5-tap.log}"

Wed May 21 23:46:03 +0000 2025 - Executing "openroad -exit /openlane/scripts/openroad/pdn.tcl |& tee /dev/null /openlane/designs/project3/runs/RUN_2025.05.21_23.45.57/logs/floorplan/6-pdn.log"

Wed May 21 23:46:03 +0000 2025 - Executing "{openroad -exit /openlane/scripts/openroad/pdn.tcl |& tee /dev/null /openlane/designs/project3/runs/RUN_2025.05.21_23.45.57/logs/floorplan/6-pdn.log}"

Wed May 21 23:46:03 +0000 2025 - Executing "{openroad -exit -no_init -python /openlane/scripts/odbpy/random_place.py --input-lef /openlane/designs/project3/runs/RUN_2025.05.21_23.45.57/tmp/merged.nom.lef --output-def /openlane/designs/project3/runs/RUN_2025.05.21_23.45.57/tmp/placement/7-global.def --output /openlane/designs/project3/runs/RUN_2025.05.21_23.45.57/tmp/placement/7-global.odb /openlane/designs/project3/runs/RUN_2025.05.21_23.45.57/results/floorplan/project3.odb |& tee /dev/null /openlane/designs/project3/runs/RUN_2025.05.21_23.45.57/logs/placement/7-global.log}"

Wed May 21 23:46:04 +0000 2025 - Executing "openroad -exit /openlane/scripts/openroad/resizer.tcl |& tee /dev/null /openlane/designs/project3/runs/RUN_2025.05.21_23.45.57/logs/placement/8-resizer.log"

Wed May 21 23:46:04 +0000 2025 - Executing "{openroad -exit /openlane/scripts/openroad/resizer.tcl |& tee /dev/null /openlane/designs/project3/runs/RUN_2025.05.21_23.45.57/logs/placement/8-resizer.log}"

Wed May 21 23:46:05 +0000 2025 - Executing "{sed -i.bak -e {s/\(set ::env(CURRENT_NETLIST)\).*/\1 \/openlane\/designs\/project3\/runs\/RUN_2025.05.21_23.45.57\/tmp\/placement\/8-resizer.nl.v/} /openlane/designs/project3/runs/RUN_2025.05.21_23.45.57/config.tcl}"

Wed May 21 23:46:05 +0000 2025 - Executing "openroad -exit /openlane/scripts/openroad/dpl.tcl |& tee /dev/null /openlane/designs/project3/runs/RUN_2025.05.21_23.45.57/logs/placement/9-detailed.log"

Wed May 21 23:46:05 +0000 2025 - Executing "{openroad -exit /openlane/scripts/openroad/dpl.tcl |& tee /dev/null /openlane/designs/project3/runs/RUN_2025.05.21_23.45.57/logs/placement/9-detailed.log}"

Wed May 21 23:46:06 +0000 2025 - Executing "{sed -i.bak -e {s/\(set ::env(CURRENT_NETLIST)\).*/\1 \/openlane\/designs\/project3\/runs\/RUN_2025.05.21_23.45.57\/results\/placement\/project3.nl.v/} /openlane/designs/project3/runs/RUN_2025.05.21_23.45.57/config.tcl}"

Wed May 21 23:46:06 +0000 2025 - Executing "openroad -exit /openlane/scripts/openroad/sta/multi_corner.tcl |& tee /dev/null /openlane/designs/project3/runs/RUN_2025.05.21_23.45.57/logs/placement/10-dpl_sta.log"

Wed May 21 23:46:06 +0000 2025 - Executing "{openroad -exit /openlane/scripts/openroad/sta/multi_corner.tcl |& tee /dev/null /openlane/designs/project3/runs/RUN_2025.05.21_23.45.57/logs/placement/10-dpl_sta.log}"

Wed May 21 23:46:06 +0000 2025 - Executing "openroad -exit /openlane/scripts/openroad/cts.tcl |& tee /dev/null /openlane/designs/project3/runs/RUN_2025.05.21_23.45.57/logs/cts/11-cts.log"

Wed May 21 23:46:06 +0000 2025 - Executing "{openroad -exit /openlane/scripts/openroad/cts.tcl |& tee /dev/null /openlane/designs/project3/runs/RUN_2025.05.21_23.45.57/logs/cts/11-cts.log}"

Wed May 21 23:46:11 +0000 2025 - Executing "openroad -exit /openlane/scripts/openroad/sta/multi_corner.tcl |& tee /dev/null /openlane/designs/project3/runs/RUN_2025.05.21_23.45.57/logs/cts/12-cts_sta.log"

Wed May 21 23:46:11 +0000 2025 - Executing "{openroad -exit /openlane/scripts/openroad/sta/multi_corner.tcl |& tee /dev/null /openlane/designs/project3/runs/RUN_2025.05.21_23.45.57/logs/cts/12-cts_sta.log}"

Wed May 21 23:46:12 +0000 2025 - Executing "openroad -exit /openlane/scripts/openroad/resizer_timing.tcl |& tee /dev/null /openlane/designs/project3/runs/RUN_2025.05.21_23.45.57/logs/cts/13-resizer.log"

Wed May 21 23:46:12 +0000 2025 - Executing "{openroad -exit /openlane/scripts/openroad/resizer_timing.tcl |& tee /dev/null /openlane/designs/project3/runs/RUN_2025.05.21_23.45.57/logs/cts/13-resizer.log}"

Wed May 21 23:46:13 +0000 2025 - Executing "{sed -i.bak -e {s/\(set ::env(CURRENT_NETLIST)\).*/\1 \/openlane\/designs\/project3\/runs\/RUN_2025.05.21_23.45.57\/tmp\/cts\/13-project3.resized.nl.v/} /openlane/designs/project3/runs/RUN_2025.05.21_23.45.57/config.tcl}"

Wed May 21 23:46:13 +0000 2025 - Executing "openroad -exit /openlane/scripts/openroad/resizer_routing_design.tcl |& tee /dev/null /openlane/designs/project3/runs/RUN_2025.05.21_23.45.57/logs/routing/14-resizer_design.log"

Wed May 21 23:46:13 +0000 2025 - Executing "{openroad -exit /openlane/scripts/openroad/resizer_routing_design.tcl |& tee /dev/null /openlane/designs/project3/runs/RUN_2025.05.21_23.45.57/logs/routing/14-resizer_design.log}"

Wed May 21 23:46:15 +0000 2025 - Executing "{sed -i.bak -e {s/\(set ::env(CURRENT_NETLIST)\).*/\1 \/openlane\/designs\/project3\/runs\/RUN_2025.05.21_23.45.57\/tmp\/14-project3.nl.v/} /openlane/designs/project3/runs/RUN_2025.05.21_23.45.57/config.tcl}"

Wed May 21 23:46:15 +0000 2025 - Executing "openroad -exit /openlane/scripts/openroad/sta/multi_corner.tcl |& tee /dev/null /openlane/designs/project3/runs/RUN_2025.05.21_23.45.57/logs/routing/15-rsz_design_sta.log"

Wed May 21 23:46:15 +0000 2025 - Executing "{openroad -exit /openlane/scripts/openroad/sta/multi_corner.tcl |& tee /dev/null /openlane/designs/project3/runs/RUN_2025.05.21_23.45.57/logs/routing/15-rsz_design_sta.log}"

Wed May 21 23:46:15 +0000 2025 - Executing "openroad -exit /openlane/scripts/openroad/resizer_routing_timing.tcl |& tee /dev/null /openlane/designs/project3/runs/RUN_2025.05.21_23.45.57/logs/routing/16-resizer_timing.log"

Wed May 21 23:46:15 +0000 2025 - Executing "{openroad -exit /openlane/scripts/openroad/resizer_routing_timing.tcl |& tee /dev/null /openlane/designs/project3/runs/RUN_2025.05.21_23.45.57/logs/routing/16-resizer_timing.log}"

Wed May 21 23:46:17 +0000 2025 - Executing "{sed -i.bak -e {s/\(set ::env(CURRENT_NETLIST)\).*/\1 \/openlane\/designs\/project3\/runs\/RUN_2025.05.21_23.45.57\/tmp\/16-project3.nl.v/} /openlane/designs/project3/runs/RUN_2025.05.21_23.45.57/config.tcl}"

Wed May 21 23:46:17 +0000 2025 - Executing "openroad -exit /openlane/scripts/openroad/sta/multi_corner.tcl |& tee /dev/null /openlane/designs/project3/runs/RUN_2025.05.21_23.45.57/logs/routing/17-rsz_timing_sta.log"

Wed May 21 23:46:17 +0000 2025 - Executing "{openroad -exit /openlane/scripts/openroad/sta/multi_corner.tcl |& tee /dev/null /openlane/designs/project3/runs/RUN_2025.05.21_23.45.57/logs/routing/17-rsz_timing_sta.log}"

Wed May 21 23:46:18 +0000 2025 - Executing "{openroad -exit -no_init -python /openlane/scripts/odbpy/diodes.py place --diode-cell sky130_fd_sc_hd__diode_2 --diode-pin DIODE --threshold Infinity --side-strategy source --port-protect none --input-lef /openlane/designs/project3/runs/RUN_2025.05.21_23.45.57/tmp/merged.nom.lef --output-def /openlane/designs/project3/runs/RUN_2025.05.21_23.45.57/tmp/routing/18-io_diodes.def --output /openlane/designs/project3/runs/RUN_2025.05.21_23.45.57/tmp/routing/18-io_diodes.odb /openlane/designs/project3/runs/RUN_2025.05.21_23.45.57/tmp/16-project3.odb |& tee /dev/null /openlane/designs/project3/runs/RUN_2025.05.21_23.45.57/logs/routing/18-io_diodes.log}"

Wed May 21 23:46:18 +0000 2025 - Executing "openroad -exit /openlane/scripts/openroad/dpl.tcl |& tee /dev/null /openlane/designs/project3/runs/RUN_2025.05.21_23.45.57/logs/routing/19-io_diode_legalization.log"

Wed May 21 23:46:18 +0000 2025 - Executing "{openroad -exit /openlane/scripts/openroad/dpl.tcl |& tee /dev/null /openlane/designs/project3/runs/RUN_2025.05.21_23.45.57/logs/routing/19-io_diode_legalization.log}"

Wed May 21 23:46:18 +0000 2025 - Executing "{sed -i.bak -e {s/\(set ::env(CURRENT_NETLIST)\).*/\1 \/openlane\/designs\/project3\/runs\/RUN_2025.05.21_23.45.57\/tmp\/routing\/.\/18-io_diode_legalized.nl.v/} /openlane/designs/project3/runs/RUN_2025.05.21_23.45.57/config.tcl}"

Wed May 21 23:46:19 +0000 2025 - Executing "{openroad -exit -no_init -python /openlane/scripts/odbpy/diodes.py place --diode-cell sky130_fd_sc_hd__diode_2 --diode-pin DIODE --threshold 90 --side-strategy source --port-protect none --input-lef /openlane/designs/project3/runs/RUN_2025.05.21_23.45.57/tmp/merged.nom.lef --output-def /openlane/designs/project3/runs/RUN_2025.05.21_23.45.57/tmp/routing/20-diodes.def --output /openlane/designs/project3/runs/RUN_2025.05.21_23.45.57/tmp/routing/20-diodes.odb /openlane/designs/project3/runs/RUN_2025.05.21_23.45.57/tmp/routing/./18-io_diode_legalized.odb |& tee /dev/null /openlane/designs/project3/runs/RUN_2025.05.21_23.45.57/logs/routing/20-diodes.log}"

Wed May 21 23:46:19 +0000 2025 - Executing "openroad -exit /openlane/scripts/openroad/dpl.tcl |& tee /dev/null /openlane/designs/project3/runs/RUN_2025.05.21_23.45.57/logs/routing/21-diode_legalization.log"

Wed May 21 23:46:19 +0000 2025 - Executing "{openroad -exit /openlane/scripts/openroad/dpl.tcl |& tee /dev/null /openlane/designs/project3/runs/RUN_2025.05.21_23.45.57/logs/routing/21-diode_legalization.log}"

Wed May 21 23:46:19 +0000 2025 - Executing "{sed -i.bak -e {s/\(set ::env(CURRENT_NETLIST)\).*/\1 \/openlane\/designs\/project3\/runs\/RUN_2025.05.21_23.45.57\/tmp\/routing\/.\/20-diodes_legalized.nl.v/} /openlane/designs/project3/runs/RUN_2025.05.21_23.45.57/config.tcl}"

Wed May 21 23:46:19 +0000 2025 - Executing "openroad -exit /openlane/scripts/openroad/repair_antennas.tcl |& tee /dev/null /openlane/designs/project3/runs/RUN_2025.05.21_23.45.57/logs/routing/22-global.log"

Wed May 21 23:46:20 +0000 2025 - Executing "{openroad -exit /openlane/scripts/openroad/repair_antennas.tcl |& tee /dev/null /openlane/designs/project3/runs/RUN_2025.05.21_23.45.57/logs/routing/22-global.log}"

Wed May 21 23:46:20 +0000 2025 - Executing "openroad -exit /openlane/scripts/openroad/write_views.tcl |& tee /dev/null /openlane/designs/project3/runs/RUN_2025.05.21_23.45.57/logs/routing/22-global_write_netlist.log"

Wed May 21 23:46:20 +0000 2025 - Executing "{openroad -exit /openlane/scripts/openroad/write_views.tcl |& tee /dev/null /openlane/designs/project3/runs/RUN_2025.05.21_23.45.57/logs/routing/22-global_write_netlist.log}"

Wed May 21 23:46:20 +0000 2025 - Executing "{sed -i.bak -e {s/\(set ::env(CURRENT_NETLIST)\).*/\1 \/openlane\/designs\/project3\/runs\/RUN_2025.05.21_23.45.57\/tmp\/routing\/global.nl.v/} /openlane/designs/project3/runs/RUN_2025.05.21_23.45.57/config.tcl}"

Wed May 21 23:46:21 +0000 2025 - Executing "openroad -exit /openlane/scripts/openroad/sta/multi_corner.tcl |& tee /dev/null /openlane/designs/project3/runs/RUN_2025.05.21_23.45.57/logs/routing/24-grt_sta.log"

Wed May 21 23:46:21 +0000 2025 - Executing "{openroad -exit /openlane/scripts/openroad/sta/multi_corner.tcl |& tee /dev/null /openlane/designs/project3/runs/RUN_2025.05.21_23.45.57/logs/routing/24-grt_sta.log}"

Wed May 21 23:46:21 +0000 2025 - Executing "openroad -exit /openlane/scripts/openroad/fill.tcl |& tee /dev/null /openlane/designs/project3/runs/RUN_2025.05.21_23.45.57/logs/routing/25-fill.log"

Wed May 21 23:46:21 +0000 2025 - Executing "{openroad -exit /openlane/scripts/openroad/fill.tcl |& tee /dev/null /openlane/designs/project3/runs/RUN_2025.05.21_23.45.57/logs/routing/25-fill.log}"

Wed May 21 23:46:22 +0000 2025 - Executing "{sed -i.bak -e {s/\(set ::env(CURRENT_NETLIST)\).*/\1 \/openlane\/designs\/project3\/runs\/RUN_2025.05.21_23.45.57\/tmp\/routing\/25-fill.nl.v/} /openlane/designs/project3/runs/RUN_2025.05.21_23.45.57/config.tcl}"

Wed May 21 23:46:22 +0000 2025 - Executing "openroad -exit -metrics /openlane/designs/project3/runs/RUN_2025.05.21_23.45.57/reports/routing/26-drt_metrics.json /openlane/scripts/openroad/droute.tcl |& tee /dev/null /openlane/designs/project3/runs/RUN_2025.05.21_23.45.57/logs/routing/26-detailed.log"

Wed May 21 23:46:22 +0000 2025 - Executing "{openroad -exit -metrics /openlane/designs/project3/runs/RUN_2025.05.21_23.45.57/reports/routing/26-drt_metrics.json /openlane/scripts/openroad/droute.tcl |& tee /dev/null /openlane/designs/project3/runs/RUN_2025.05.21_23.45.57/logs/routing/26-detailed.log}"

Wed May 21 23:47:20 +0000 2025 - Executing "{sed -i.bak -e {s/\(set ::env(CURRENT_NETLIST)\).*/\1 \/openlane\/designs\/project3\/runs\/RUN_2025.05.21_23.45.57\/results\/routing\/project3.nl.v/} /openlane/designs/project3/runs/RUN_2025.05.21_23.45.57/config.tcl}"

Wed May 21 23:47:20 +0000 2025 - Executing "{python3 /openlane/scripts/drc_rosetta.py tr to_klayout -o /openlane/designs/project3/runs/RUN_2025.05.21_23.45.57/reports/routing/drt.klayout.xml --design-name project3 /openlane/designs/project3/runs/RUN_2025.05.21_23.45.57/reports/routing/drt.drc}"

Wed May 21 23:47:20 +0000 2025 - Executing "{openroad -exit -no_init -python /openlane/scripts/odbpy/wire_lengths.py --report-out /openlane/designs/project3/runs/RUN_2025.05.21_23.45.57/reports/routing/27-wire_lengths.csv --input-lef /openlane/designs/project3/runs/RUN_2025.05.21_23.45.57/tmp/merged.nom.lef --output-def /openlane/designs/project3/runs/RUN_2025.05.21_23.45.57/results/routing/project3.def --output /openlane/designs/project3/runs/RUN_2025.05.21_23.45.57/results/routing/project3.odb /openlane/designs/project3/runs/RUN_2025.05.21_23.45.57/results/routing/project3.odb |& tee /dev/null /openlane/designs/project3/runs/RUN_2025.05.21_23.45.57/logs/routing/27-wire_lengths.log}"

Wed May 21 23:47:21 +0000 2025 - Executing "openroad -exit /openlane/scripts/openroad/rcx.tcl |& tee /dev/null /openlane/designs/project3/runs/RUN_2025.05.21_23.45.57/logs/signoff/28-parasitics_extraction.min.log"

Wed May 21 23:47:21 +0000 2025 - Executing "{openroad -exit /openlane/scripts/openroad/rcx.tcl |& tee /dev/null /openlane/designs/project3/runs/RUN_2025.05.21_23.45.57/logs/signoff/28-parasitics_extraction.min.log}"

Wed May 21 23:47:21 +0000 2025 - Executing "sta -exit -no_init /openlane/scripts/openroad/sta/multi_corner.tcl |& tee /dev/null /openlane/designs/project3/runs/RUN_2025.05.21_23.45.57/logs/signoff/29-rcx_mcsta.min.log"

Wed May 21 23:47:21 +0000 2025 - Executing "{sta -exit -no_init /openlane/scripts/openroad/sta/multi_corner.tcl |& tee /dev/null /openlane/designs/project3/runs/RUN_2025.05.21_23.45.57/logs/signoff/29-rcx_mcsta.min.log}"

Wed May 21 23:47:23 +0000 2025 - Executing "openroad -exit /openlane/scripts/openroad/rcx.tcl |& tee /dev/null /openlane/designs/project3/runs/RUN_2025.05.21_23.45.57/logs/signoff/30-parasitics_extraction.max.log"

Wed May 21 23:47:23 +0000 2025 - Executing "{openroad -exit /openlane/scripts/openroad/rcx.tcl |& tee /dev/null /openlane/designs/project3/runs/RUN_2025.05.21_23.45.57/logs/signoff/30-parasitics_extraction.max.log}"

Wed May 21 23:47:24 +0000 2025 - Executing "sta -exit -no_init /openlane/scripts/openroad/sta/multi_corner.tcl |& tee /dev/null /openlane/designs/project3/runs/RUN_2025.05.21_23.45.57/logs/signoff/31-rcx_mcsta.max.log"

Wed May 21 23:47:24 +0000 2025 - Executing "{sta -exit -no_init /openlane/scripts/openroad/sta/multi_corner.tcl |& tee /dev/null /openlane/designs/project3/runs/RUN_2025.05.21_23.45.57/logs/signoff/31-rcx_mcsta.max.log}"

Wed May 21 23:47:25 +0000 2025 - Executing "openroad -exit /openlane/scripts/openroad/rcx.tcl |& tee /dev/null /openlane/designs/project3/runs/RUN_2025.05.21_23.45.57/logs/signoff/32-parasitics_extraction.nom.log"

Wed May 21 23:47:25 +0000 2025 - Executing "{openroad -exit /openlane/scripts/openroad/rcx.tcl |& tee /dev/null /openlane/designs/project3/runs/RUN_2025.05.21_23.45.57/logs/signoff/32-parasitics_extraction.nom.log}"

Wed May 21 23:47:26 +0000 2025 - Executing "sta -exit -no_init /openlane/scripts/openroad/sta/multi_corner.tcl |& tee /dev/null /openlane/designs/project3/runs/RUN_2025.05.21_23.45.57/logs/signoff/33-rcx_mcsta.nom.log"

Wed May 21 23:47:26 +0000 2025 - Executing "{sta -exit -no_init /openlane/scripts/openroad/sta/multi_corner.tcl |& tee /dev/null /openlane/designs/project3/runs/RUN_2025.05.21_23.45.57/logs/signoff/33-rcx_mcsta.nom.log}"

Wed May 21 23:47:27 +0000 2025 - Executing "openroad -exit /openlane/scripts/openroad/irdrop.tcl |& tee /dev/null /openlane/designs/project3/runs/RUN_2025.05.21_23.45.57/logs/signoff/34-irdrop.log"

Wed May 21 23:47:27 +0000 2025 - Executing "{openroad -exit /openlane/scripts/openroad/irdrop.tcl |& tee /dev/null /openlane/designs/project3/runs/RUN_2025.05.21_23.45.57/logs/signoff/34-irdrop.log}"

Wed May 21 23:47:28 +0000 2025 - Executing "magic -noconsole -dnull -rcfile /home/furkan/.volare/sky130A/libs.tech/magic/sky130A.magicrc < /openlane/scripts/magic/wrapper.tcl |& tee /dev/null /openlane/designs/project3/runs/RUN_2025.05.21_23.45.57/logs/signoff/35-gdsii.log"

Wed May 21 23:47:28 +0000 2025 - Executing "{magic -noconsole -dnull -rcfile /home/furkan/.volare/sky130A/libs.tech/magic/sky130A.magicrc < /openlane/scripts/magic/wrapper.tcl |& tee /dev/null /openlane/designs/project3/runs/RUN_2025.05.21_23.45.57/logs/signoff/35-gdsii.log}"

Wed May 21 23:47:28 +0000 2025 - Executing "magic -noconsole -dnull -rcfile /home/furkan/.volare/sky130A/libs.tech/magic/sky130A.magicrc < /openlane/scripts/magic/wrapper.tcl |& tee /dev/null /openlane/designs/project3/runs/RUN_2025.05.21_23.45.57/logs/signoff/35-gds_ptrs.log"

Wed May 21 23:47:28 +0000 2025 - Executing "{magic -noconsole -dnull -rcfile /home/furkan/.volare/sky130A/libs.tech/magic/sky130A.magicrc < /openlane/scripts/magic/wrapper.tcl |& tee /dev/null /openlane/designs/project3/runs/RUN_2025.05.21_23.45.57/logs/signoff/35-gds_ptrs.log}"

Wed May 21 23:47:28 +0000 2025 - Executing "{sed -i.bak -n {/^<< properties >>/,/^<< end >>/p} /openlane/designs/project3/runs/RUN_2025.05.21_23.45.57/tmp/signoff/gds_ptrs.mag}"

Wed May 21 23:47:29 +0000 2025 - Executing "magic -noconsole -dnull -rcfile /home/furkan/.volare/sky130A/libs.tech/magic/sky130A.magicrc < /openlane/scripts/magic/wrapper.tcl |& tee /dev/null /openlane/designs/project3/runs/RUN_2025.05.21_23.45.57/logs/signoff/35-lef.log"

Wed May 21 23:47:29 +0000 2025 - Executing "{magic -noconsole -dnull -rcfile /home/furkan/.volare/sky130A/libs.tech/magic/sky130A.magicrc < /openlane/scripts/magic/wrapper.tcl |& tee /dev/null /openlane/designs/project3/runs/RUN_2025.05.21_23.45.57/logs/signoff/35-lef.log}"

Wed May 21 23:47:29 +0000 2025 - Executing "magic -noconsole -dnull -rcfile /home/furkan/.volare/sky130A/libs.tech/magic/sky130A.magicrc < /openlane/scripts/magic/wrapper.tcl |& tee /dev/null /openlane/designs/project3/runs/RUN_2025.05.21_23.45.57/logs/signoff/35-maglef.log"

Wed May 21 23:47:29 +0000 2025 - Executing "{magic -noconsole -dnull -rcfile /home/furkan/.volare/sky130A/libs.tech/magic/sky130A.magicrc < /openlane/scripts/magic/wrapper.tcl |& tee /dev/null /openlane/designs/project3/runs/RUN_2025.05.21_23.45.57/logs/signoff/35-maglef.log}"

Wed May 21 23:47:29 +0000 2025 - Executing "{python3 /openlane/scripts/klayout/stream_out.py --output /openlane/designs/project3/runs/RUN_2025.05.21_23.45.57/results/signoff/project3.klayout.gds --lyt /home/furkan/.volare/sky130A/libs.tech/klayout/tech/sky130A.lyt --lym /home/furkan/.volare/sky130A/libs.tech/klayout/tech/sky130A.map --lyp /home/furkan/.volare/sky130A/libs.tech/klayout/tech/sky130A.lyp --top project3 --with-gds-file /home/furkan/.volare/sky130A/libs.ref/sky130_fd_sc_hd/gds/sky130_fd_sc_hd.gds --input-lef /openlane/designs/project3/runs/RUN_2025.05.21_23.45.57/tmp/merged.nom.lef /openlane/designs/project3/runs/RUN_2025.05.21_23.45.57/results/routing/project3.def |& tee /dev/null /openlane/designs/project3/runs/RUN_2025.05.21_23.45.57/logs/signoff/36-gdsii-klayout.log}"

Wed May 21 23:47:30 +0000 2025 - Executing "{klayout -b -r /openlane/scripts/klayout/xor.drc -rd a=/openlane/designs/project3/runs/RUN_2025.05.21_23.45.57/results/signoff/project3.gds -rd b=/openlane/designs/project3/runs/RUN_2025.05.21_23.45.57/results/signoff/project3.klayout.gds -rd jobs=1 -rd rdb_out=/openlane/designs/project3/runs/RUN_2025.05.21_23.45.57/reports/signoff/37-xor.xml -rd ignore=81/14 -rd rpt_out=/openlane/designs/project3/runs/RUN_2025.05.21_23.45.57/reports/signoff/37-xor.rpt |& tee /dev/null /openlane/designs/project3/runs/RUN_2025.05.21_23.45.57/logs/signoff/37-xor.log}"

Wed May 21 23:47:30 +0000 2025 - Executing "magic -noconsole -dnull -rcfile /home/furkan/.volare/sky130A/libs.tech/magic/sky130A.magicrc < /openlane/scripts/magic/wrapper.tcl |& tee /dev/null /openlane/designs/project3/runs/RUN_2025.05.21_23.45.57/logs/signoff/38-spice.log"

Wed May 21 23:47:30 +0000 2025 - Executing "{magic -noconsole -dnull -rcfile /home/furkan/.volare/sky130A/libs.tech/magic/sky130A.magicrc < /openlane/scripts/magic/wrapper.tcl |& tee /dev/null /openlane/designs/project3/runs/RUN_2025.05.21_23.45.57/logs/signoff/38-spice.log}"

Wed May 21 23:47:31 +0000 2025 - Executing "{openroad -exit -no_init -python /openlane/scripts/odbpy/power_utils.py write_powered_def --output /openlane/designs/project3/runs/RUN_2025.05.21_23.45.57/tmp/signoff/38-project3.p.def --input-lef /openlane/designs/project3/runs/RUN_2025.05.21_23.45.57/tmp/merged.nom.lef --power-port VPWR --ground-port VGND --powered-netlist {} /openlane/designs/project3/runs/RUN_2025.05.21_23.45.57/results/routing/project3.def |& tee /dev/null /openlane/designs/project3/runs/RUN_2025.05.21_23.45.57/logs/signoff/39-write_powered_def.log}"

Wed May 21 23:47:31 +0000 2025 - Executing "openroad -exit /openlane/scripts/openroad/write_views.tcl |& tee /dev/null /openlane/designs/project3/runs/RUN_2025.05.21_23.45.57/logs/signoff/39-write_powered_verilog.log"

Wed May 21 23:47:31 +0000 2025 - Executing "{openroad -exit /openlane/scripts/openroad/write_views.tcl |& tee /dev/null /openlane/designs/project3/runs/RUN_2025.05.21_23.45.57/logs/signoff/39-write_powered_verilog.log}"

Wed May 21 23:47:32 +0000 2025 - Executing "{sed -i.bak -e {s/\(set ::env(CURRENT_NETLIST)\).*/\1 \/openlane\/designs\/project3\/runs\/RUN_2025.05.21_23.45.57\/tmp\/signoff\/38-project3.nl.v/} /openlane/designs/project3/runs/RUN_2025.05.21_23.45.57/config.tcl}"

Wed May 21 23:47:32 +0000 2025 - Executing "{netgen -batch source /openlane/designs/project3/runs/RUN_2025.05.21_23.45.57/tmp/signoff/41-setup_file.lef.lvs |& tee /dev/null /openlane/designs/project3/runs/RUN_2025.05.21_23.45.57/logs/signoff/41-lvs.lef.log}"

Wed May 21 23:47:32 +0000 2025 - Executing "magic -noconsole -dnull -rcfile /home/furkan/.volare/sky130A/libs.tech/magic/sky130A.magicrc < /openlane/scripts/magic/wrapper.tcl |& tee /dev/null /openlane/designs/project3/runs/RUN_2025.05.21_23.45.57/logs/signoff/42-drc.log"

Wed May 21 23:47:32 +0000 2025 - Executing "{magic -noconsole -dnull -rcfile /home/furkan/.volare/sky130A/libs.tech/magic/sky130A.magicrc < /openlane/scripts/magic/wrapper.tcl |& tee /dev/null /openlane/designs/project3/runs/RUN_2025.05.21_23.45.57/logs/signoff/42-drc.log}"

Wed May 21 23:47:33 +0000 2025 - Executing "{python3 /openlane/scripts/drc_rosetta.py magic to_tcl -o /openlane/designs/project3/runs/RUN_2025.05.21_23.45.57/reports/signoff/drc.tcl /openlane/designs/project3/runs/RUN_2025.05.21_23.45.57/reports/signoff/drc.rpt}"

Wed May 21 23:47:33 +0000 2025 - Executing "{python3 /openlane/scripts/drc_rosetta.py magic to_tr -o /openlane/designs/project3/runs/RUN_2025.05.21_23.45.57/reports/signoff/drc.tr /openlane/designs/project3/runs/RUN_2025.05.21_23.45.57/reports/signoff/drc.rpt}"

Wed May 21 23:47:33 +0000 2025 - Executing "{python3 /openlane/scripts/drc_rosetta.py tr to_klayout -o /openlane/designs/project3/runs/RUN_2025.05.21_23.45.57/reports/signoff/drc.klayout.xml --design-name project3 /openlane/designs/project3/runs/RUN_2025.05.21_23.45.57/reports/signoff/drc.tr}"

Wed May 21 23:47:33 +0000 2025 - Executing "{python3 /openlane/scripts/drc_rosetta.py magic to_rdb -o /openlane/designs/project3/runs/RUN_2025.05.21_23.45.57/reports/signoff/drc.rdb /openlane/designs/project3/runs/RUN_2025.05.21_23.45.57/reports/signoff/drc.rpt}"

Wed May 21 23:47:33 +0000 2025 - Executing "{klayout -b -zz -r /home/furkan/.volare/sky130A/libs.tech/klayout/drc/sky130A_mr.drc -rd topcell=project3 -rd input=/openlane/designs/project3/runs/RUN_2025.05.21_23.45.57/results/signoff/project3.gds -rd report=/openlane/designs/project3/runs/RUN_2025.05.21_23.45.57/reports/signoff/violations.xml -rd feol=true -rd beol=true -rd floating_metal=false -rd seal=true -rd thread=1 |& tee /dev/null /openlane/designs/project3/runs/RUN_2025.05.21_23.45.57/logs/signoff/43-drc-klayout.log}"

Wed May 21 23:47:35 +0000 2025 - Executing "{python3 /openlane/scripts/klayout/xml_drc_report_to_json.py --xml-file /openlane/designs/project3/runs/RUN_2025.05.21_23.45.57/reports/signoff/violations.xml --json-file /openlane/designs/project3/runs/RUN_2025.05.21_23.45.57/reports/signoff/violations.json}"

Wed May 21 23:47:35 +0000 2025 - Executing "openroad -exit /openlane/scripts/openroad/antenna_check.tcl |& tee /dev/null /openlane/designs/project3/runs/RUN_2025.05.21_23.45.57/logs/signoff/44-arc.log"

Wed May 21 23:47:35 +0000 2025 - Executing "{openroad -exit /openlane/scripts/openroad/antenna_check.tcl |& tee /dev/null /openlane/designs/project3/runs/RUN_2025.05.21_23.45.57/logs/signoff/44-arc.log}"

Wed May 21 23:47:36 +0000 2025 - Executing "{python3 /openlane/scripts/extract_antenna_violators.py --output /openlane/designs/project3/runs/RUN_2025.05.21_23.45.57/reports/signoff/44-antenna_violators.rpt --plain-out /openlane/designs/project3/runs/RUN_2025.05.21_23.45.57/reports/signoff/44-antenna_violators_pins.txt /openlane/designs/project3/runs/RUN_2025.05.21_23.45.57/logs/signoff/44-arc.log}"

Wed May 21 23:47:36 +0000 2025 - Executing "{python3 /openlane/scripts/write_runtime.py --conclude --seconds --time-in 1747871256 {flow completed}}"

Wed May 21 23:47:36 +0000 2025 - Executing "{python3 /openlane/scripts/generate_reports.py -d /openlane/designs/project3 --design_name project3 --tag RUN_2025.05.21_23.45.57 --output_file /openlane/designs/project3/runs/RUN_2025.05.21_23.45.57/reports/metrics.csv --man_report /openlane/designs/project3/runs/RUN_2025.05.21_23.45.57/reports/manufacturability.rpt --run_path /openlane/designs/project3/runs/RUN_2025.05.21_23.45.57}"

