
===========================================================================
report_checks -unconstrained
===========================================================================
======================= Fastest Corner ===================================

No paths found.

======================= Slowest Corner ===================================

No paths found.

======================= Typical Corner ===================================

No paths found.


===========================================================================
report_checks --slack_max -0.01
============================================================================
======================= Fastest Corner ===================================

No paths found.

======================= Slowest Corner ===================================

No paths found.

======================= Typical Corner ===================================

No paths found.


===========================================================================
 report_check_types -max_slew -max_cap -max_fanout -violators
============================================================================
======================= Fastest Corner ===================================


max slew violations count Fastest: 0
max fanout violations count Fastest: 0
max cap violations count Fastest: 0
======================= Slowest Corner ===================================


max slew violations count Slowest: 0
max fanout violations count Slowest: 0
max cap violations count Slowest: 0
======================= Typical Corner ===================================


max slew violations count Typical: 0
max fanout violations count Typical: 0
max cap violations count Typical: 0

===========================================================================
report_parasitic_annotation -report_unannotated
============================================================================
Found 67 unannotated drivers.
 clk
 control
 reset
 top_module_1/HI
 top_module_10/HI
 top_module_11/HI
 top_module_12/HI
 top_module_13/HI
 top_module_14/HI
 top_module_15/HI
 top_module_16/HI
 top_module_17/HI
 top_module_18/HI
 top_module_19/HI
 top_module_2/HI
 top_module_20/HI
 top_module_21/HI
 top_module_22/HI
 top_module_23/HI
 top_module_24/HI
 top_module_25/HI
 top_module_26/HI
 top_module_27/HI
 top_module_28/HI
 top_module_29/HI
 top_module_3/HI
 top_module_30/HI
 top_module_31/HI
 top_module_32/HI
 top_module_33/HI
 top_module_34/HI
 top_module_35/HI
 top_module_36/HI
 top_module_37/HI
 top_module_38/HI
 top_module_39/HI
 top_module_4/HI
 top_module_40/HI
 top_module_41/HI
 top_module_42/HI
 top_module_43/HI
 top_module_44/HI
 top_module_45/HI
 top_module_46/HI
 top_module_47/HI
 top_module_48/HI
 top_module_49/HI
 top_module_5/HI
 top_module_50/HI
 top_module_51/HI
 top_module_52/HI
 top_module_53/HI
 top_module_54/HI
 top_module_55/HI
 top_module_56/HI
 top_module_57/HI
 top_module_58/HI
 top_module_59/HI
 top_module_6/HI
 top_module_60/HI
 top_module_61/HI
 top_module_62/HI
 top_module_63/HI
 top_module_64/HI
 top_module_7/HI
 top_module_8/HI
 top_module_9/HI
Found 0 partially unannotated drivers.

===========================================================================
max slew violation count 0
max fanout violation count 0
max cap violation count 0
============================================================================

===========================================================================
check_setup -verbose -unconstrained_endpoints -multiple_clock -no_clock -no_input_delay -loops -generated_clocks
===========================================================================
Warning: There are 2 input ports missing set_input_delay.
  control
  reset
Warning: There are 64 unconstrained endpoints.
  result1[0]
  result1[10]
  result1[11]
  result1[12]
  result1[13]
  result1[14]
  result1[15]
  result1[16]
  result1[17]
  result1[18]
  result1[19]
  result1[1]
  result1[20]
  result1[21]
  result1[22]
  result1[23]
  result1[24]
  result1[25]
  result1[26]
  result1[27]
  result1[28]
  result1[29]
  result1[2]
  result1[30]
  result1[31]
  result1[3]
  result1[4]
  result1[5]
  result1[6]
  result1[7]
  result1[8]
  result1[9]
  result2[0]
  result2[10]
  result2[11]
  result2[12]
  result2[13]
  result2[14]
  result2[15]
  result2[16]
  result2[17]
  result2[18]
  result2[19]
  result2[1]
  result2[20]
  result2[21]
  result2[22]
  result2[23]
  result2[24]
  result2[25]
  result2[26]
  result2[27]
  result2[28]
  result2[29]
  result2[2]
  result2[30]
  result2[31]
  result2[3]
  result2[4]
  result2[5]
  result2[6]
  result2[7]
  result2[8]
  result2[9]
