
===========================================================================
report_checks -path_delay max (Setup)
============================================================================
======================= Typical Corner ===================================

Startpoint: opcode[0] (input port clocked by __VIRTUAL_CLK__)
Endpoint: out[7] (output port clocked by __VIRTUAL_CLK__)
Path Group: __VIRTUAL_CLK__
Path Type: max

Fanout     Cap    Slew   Delay    Time   Description
-----------------------------------------------------------------------------
                  0.00    0.00    0.00   clock __VIRTUAL_CLK__ (rise edge)
                          0.00    0.00   clock network delay (ideal)
                          2.00    2.00 ^ input external delay
     6    0.02    0.09    0.06    2.06 ^ opcode[0] (in)
                                         opcode[0] (net)
                  0.09    0.00    2.06 ^ _131_/C_N (sky130_fd_sc_hd__or3b_2)
     1    0.00    0.07    0.46    2.52 v _131_/X (sky130_fd_sc_hd__or3b_2)
                                         _062_ (net)
                  0.07    0.00    2.52 v _132_/A (sky130_fd_sc_hd__buf_1)
    10    0.03    0.20    0.25    2.76 v _132_/X (sky130_fd_sc_hd__buf_1)
                                         _063_ (net)
                  0.20    0.00    2.77 v _181_/B1 (sky130_fd_sc_hd__o21a_2)
     2    0.01    0.04    0.20    2.96 v _181_/X (sky130_fd_sc_hd__o21a_2)
                                         _109_ (net)
                  0.04    0.00    2.96 v _183_/B (sky130_fd_sc_hd__and2_2)
     2    0.01    0.04    0.20    3.17 v _183_/X (sky130_fd_sc_hd__and2_2)
                                         _111_ (net)
                  0.04    0.00    3.17 v _185_/C (sky130_fd_sc_hd__or3_2)
     1    0.00    0.07    0.41    3.58 v _185_/X (sky130_fd_sc_hd__or3_2)
                                         _000_ (net)
                  0.07    0.00    3.58 v _186_/B (sky130_fd_sc_hd__and2_2)
     3    0.02    0.06    0.25    3.82 v _186_/X (sky130_fd_sc_hd__and2_2)
                                         _001_ (net)
                  0.06    0.00    3.82 v _216_/A1 (sky130_fd_sc_hd__a31o_2)
     2    0.01    0.06    0.24    4.07 v _216_/X (sky130_fd_sc_hd__a31o_2)
                                         _029_ (net)
                  0.06    0.00    4.07 v _224_/A2 (sky130_fd_sc_hd__a21o_2)
     1    0.01    0.05    0.24    4.31 v _224_/X (sky130_fd_sc_hd__a21o_2)
                                         _036_ (net)
                  0.05    0.00    4.31 v _228_/A (sky130_fd_sc_hd__xnor2_2)
     1    0.00    0.05    0.14    4.45 v _228_/Y (sky130_fd_sc_hd__xnor2_2)
                                         _040_ (net)
                  0.05    0.00    4.45 v _233_/A2 (sky130_fd_sc_hd__o21ai_2)
     1    0.04    0.42    0.37    4.82 ^ _233_/Y (sky130_fd_sc_hd__o21ai_2)
                                         out[7] (net)
                  0.42    0.00    4.82 ^ out[7] (out)
                                  4.82   data arrival time

                  0.00   10.00   10.00   clock __VIRTUAL_CLK__ (rise edge)
                          0.00   10.00   clock network delay (ideal)
                         -0.25    9.75   clock uncertainty
                          0.00    9.75   clock reconvergence pessimism
                         -2.00    7.75   output external delay
                                  7.75   data required time
-----------------------------------------------------------------------------
                                  7.75   data required time
                                 -4.82   data arrival time
-----------------------------------------------------------------------------
                                  2.93   slack (MET)


Startpoint: opcode[0] (input port clocked by __VIRTUAL_CLK__)
Endpoint: out[5] (output port clocked by __VIRTUAL_CLK__)
Path Group: __VIRTUAL_CLK__
Path Type: max

Fanout     Cap    Slew   Delay    Time   Description
-----------------------------------------------------------------------------
                  0.00    0.00    0.00   clock __VIRTUAL_CLK__ (rise edge)
                          0.00    0.00   clock network delay (ideal)
                          2.00    2.00 ^ input external delay
     6    0.02    0.09    0.06    2.06 ^ opcode[0] (in)
                                         opcode[0] (net)
                  0.09    0.00    2.06 ^ _131_/C_N (sky130_fd_sc_hd__or3b_2)
     1    0.00    0.07    0.46    2.52 v _131_/X (sky130_fd_sc_hd__or3b_2)
                                         _062_ (net)
                  0.07    0.00    2.52 v _132_/A (sky130_fd_sc_hd__buf_1)
    10    0.03    0.20    0.25    2.76 v _132_/X (sky130_fd_sc_hd__buf_1)
                                         _063_ (net)
                  0.20    0.00    2.77 v _181_/B1 (sky130_fd_sc_hd__o21a_2)
     2    0.01    0.04    0.20    2.96 v _181_/X (sky130_fd_sc_hd__o21a_2)
                                         _109_ (net)
                  0.04    0.00    2.96 v _183_/B (sky130_fd_sc_hd__and2_2)
     2    0.01    0.04    0.20    3.17 v _183_/X (sky130_fd_sc_hd__and2_2)
                                         _111_ (net)
                  0.04    0.00    3.17 v _185_/C (sky130_fd_sc_hd__or3_2)
     1    0.00    0.07    0.41    3.58 v _185_/X (sky130_fd_sc_hd__or3_2)
                                         _000_ (net)
                  0.07    0.00    3.58 v _186_/B (sky130_fd_sc_hd__and2_2)
     3    0.02    0.06    0.25    3.82 v _186_/X (sky130_fd_sc_hd__and2_2)
                                         _001_ (net)
                  0.06    0.00    3.82 v _201_/A1 (sky130_fd_sc_hd__a21boi_2)
     1    0.01    0.14    0.17    4.00 ^ _201_/Y (sky130_fd_sc_hd__a21boi_2)
                                         _015_ (net)
                  0.14    0.00    4.00 ^ _202_/B (sky130_fd_sc_hd__xnor2_2)
     1    0.00    0.05    0.07    4.07 v _202_/Y (sky130_fd_sc_hd__xnor2_2)
                                         _016_ (net)
                  0.05    0.00    4.07 v _208_/A2 (sky130_fd_sc_hd__a211o_2)
     1    0.04    0.13    0.45    4.52 v _208_/X (sky130_fd_sc_hd__a211o_2)
                                         out[5] (net)
                  0.13    0.00    4.52 v out[5] (out)
                                  4.52   data arrival time

                  0.00   10.00   10.00   clock __VIRTUAL_CLK__ (rise edge)
                          0.00   10.00   clock network delay (ideal)
                         -0.25    9.75   clock uncertainty
                          0.00    9.75   clock reconvergence pessimism
                         -2.00    7.75   output external delay
                                  7.75   data required time
-----------------------------------------------------------------------------
                                  7.75   data required time
                                 -4.52   data arrival time
-----------------------------------------------------------------------------
                                  3.23   slack (MET)


Startpoint: opcode[0] (input port clocked by __VIRTUAL_CLK__)
Endpoint: out[6] (output port clocked by __VIRTUAL_CLK__)
Path Group: __VIRTUAL_CLK__
Path Type: max

Fanout     Cap    Slew   Delay    Time   Description
-----------------------------------------------------------------------------
                  0.00    0.00    0.00   clock __VIRTUAL_CLK__ (rise edge)
                          0.00    0.00   clock network delay (ideal)
                          2.00    2.00 ^ input external delay
     6    0.02    0.09    0.06    2.06 ^ opcode[0] (in)
                                         opcode[0] (net)
                  0.09    0.00    2.06 ^ _131_/C_N (sky130_fd_sc_hd__or3b_2)
     1    0.00    0.07    0.46    2.52 v _131_/X (sky130_fd_sc_hd__or3b_2)
                                         _062_ (net)
                  0.07    0.00    2.52 v _132_/A (sky130_fd_sc_hd__buf_1)
    10    0.03    0.20    0.25    2.76 v _132_/X (sky130_fd_sc_hd__buf_1)
                                         _063_ (net)
                  0.20    0.00    2.77 v _181_/B1 (sky130_fd_sc_hd__o21a_2)
     2    0.01    0.04    0.20    2.96 v _181_/X (sky130_fd_sc_hd__o21a_2)
                                         _109_ (net)
                  0.04    0.00    2.96 v _183_/B (sky130_fd_sc_hd__and2_2)
     2    0.01    0.04    0.20    3.17 v _183_/X (sky130_fd_sc_hd__and2_2)
                                         _111_ (net)
                  0.04    0.00    3.17 v _185_/C (sky130_fd_sc_hd__or3_2)
     1    0.00    0.07    0.41    3.58 v _185_/X (sky130_fd_sc_hd__or3_2)
                                         _000_ (net)
                  0.07    0.00    3.58 v _186_/B (sky130_fd_sc_hd__and2_2)
     3    0.02    0.06    0.25    3.82 v _186_/X (sky130_fd_sc_hd__and2_2)
                                         _001_ (net)
                  0.06    0.00    3.82 v _216_/A1 (sky130_fd_sc_hd__a31o_2)
     2    0.01    0.06    0.24    4.07 v _216_/X (sky130_fd_sc_hd__a31o_2)
                                         _029_ (net)
                  0.06    0.00    4.07 v _217_/B (sky130_fd_sc_hd__xnor2_2)
     1    0.00    0.04    0.13    4.20 v _217_/Y (sky130_fd_sc_hd__xnor2_2)
                                         _030_ (net)
                  0.04    0.00    4.20 v _223_/A2 (sky130_fd_sc_hd__o22a_2)
     1    0.04    0.12    0.32    4.52 v _223_/X (sky130_fd_sc_hd__o22a_2)
                                         out[6] (net)
                  0.12    0.00    4.52 v out[6] (out)
                                  4.52   data arrival time

                  0.00   10.00   10.00   clock __VIRTUAL_CLK__ (rise edge)
                          0.00   10.00   clock network delay (ideal)
                         -0.25    9.75   clock uncertainty
                          0.00    9.75   clock reconvergence pessimism
                         -2.00    7.75   output external delay
                                  7.75   data required time
-----------------------------------------------------------------------------
                                  7.75   data required time
                                 -4.52   data arrival time
-----------------------------------------------------------------------------
                                  3.23   slack (MET)


Startpoint: opcode[0] (input port clocked by __VIRTUAL_CLK__)
Endpoint: out[4] (output port clocked by __VIRTUAL_CLK__)
Path Group: __VIRTUAL_CLK__
Path Type: max

Fanout     Cap    Slew   Delay    Time   Description
-----------------------------------------------------------------------------
                  0.00    0.00    0.00   clock __VIRTUAL_CLK__ (rise edge)
                          0.00    0.00   clock network delay (ideal)
                          2.00    2.00 ^ input external delay
     6    0.02    0.09    0.06    2.06 ^ opcode[0] (in)
                                         opcode[0] (net)
                  0.09    0.00    2.06 ^ _131_/C_N (sky130_fd_sc_hd__or3b_2)
     1    0.00    0.07    0.46    2.52 v _131_/X (sky130_fd_sc_hd__or3b_2)
                                         _062_ (net)
                  0.07    0.00    2.52 v _132_/A (sky130_fd_sc_hd__buf_1)
    10    0.03    0.20    0.25    2.76 v _132_/X (sky130_fd_sc_hd__buf_1)
                                         _063_ (net)
                  0.20    0.00    2.77 v _181_/B1 (sky130_fd_sc_hd__o21a_2)
     2    0.01    0.04    0.20    2.96 v _181_/X (sky130_fd_sc_hd__o21a_2)
                                         _109_ (net)
                  0.04    0.00    2.96 v _183_/B (sky130_fd_sc_hd__and2_2)
     2    0.01    0.04    0.20    3.17 v _183_/X (sky130_fd_sc_hd__and2_2)
                                         _111_ (net)
                  0.04    0.00    3.17 v _185_/C (sky130_fd_sc_hd__or3_2)
     1    0.00    0.07    0.41    3.58 v _185_/X (sky130_fd_sc_hd__or3_2)
                                         _000_ (net)
                  0.07    0.00    3.58 v _186_/B (sky130_fd_sc_hd__and2_2)
     3    0.02    0.06    0.25    3.82 v _186_/X (sky130_fd_sc_hd__and2_2)
                                         _001_ (net)
                  0.06    0.00    3.82 v _189_/A (sky130_fd_sc_hd__xor2_2)
     1    0.00    0.05    0.18    4.00 v _189_/X (sky130_fd_sc_hd__xor2_2)
                                         _004_ (net)
                  0.05    0.00    4.00 v _195_/A2 (sky130_fd_sc_hd__o22a_2)
     1    0.04    0.12    0.32    4.32 v _195_/X (sky130_fd_sc_hd__o22a_2)
                                         out[4] (net)
                  0.12    0.00    4.32 v out[4] (out)
                                  4.32   data arrival time

                  0.00   10.00   10.00   clock __VIRTUAL_CLK__ (rise edge)
                          0.00   10.00   clock network delay (ideal)
                         -0.25    9.75   clock uncertainty
                          0.00    9.75   clock reconvergence pessimism
                         -2.00    7.75   output external delay
                                  7.75   data required time
-----------------------------------------------------------------------------
                                  7.75   data required time
                                 -4.32   data arrival time
-----------------------------------------------------------------------------
                                  3.43   slack (MET)


Startpoint: opcode[0] (input port clocked by __VIRTUAL_CLK__)
Endpoint: out[3] (output port clocked by __VIRTUAL_CLK__)
Path Group: __VIRTUAL_CLK__
Path Type: max

Fanout     Cap    Slew   Delay    Time   Description
-----------------------------------------------------------------------------
                  0.00    0.00    0.00   clock __VIRTUAL_CLK__ (rise edge)
                          0.00    0.00   clock network delay (ideal)
                          2.00    2.00 ^ input external delay
     6    0.02    0.09    0.06    2.06 ^ opcode[0] (in)
                                         opcode[0] (net)
                  0.09    0.00    2.06 ^ _131_/C_N (sky130_fd_sc_hd__or3b_2)
     1    0.00    0.07    0.46    2.52 v _131_/X (sky130_fd_sc_hd__or3b_2)
                                         _062_ (net)
                  0.07    0.00    2.52 v _132_/A (sky130_fd_sc_hd__buf_1)
    10    0.03    0.20    0.25    2.76 v _132_/X (sky130_fd_sc_hd__buf_1)
                                         _063_ (net)
                  0.20    0.00    2.77 v _134_/C (sky130_fd_sc_hd__and3_2)
     3    0.01    0.06    0.32    3.08 v _134_/X (sky130_fd_sc_hd__and3_2)
                                         _065_ (net)
                  0.06    0.00    3.08 v _136_/C (sky130_fd_sc_hd__nor3_2)
     2    0.01    0.22    0.19    3.27 ^ _136_/Y (sky130_fd_sc_hd__nor3_2)
                                         _067_ (net)
                  0.22    0.00    3.27 ^ _157_/A2 (sky130_fd_sc_hd__o21ai_2)
     3    0.02    0.09    0.13    3.39 v _157_/Y (sky130_fd_sc_hd__o21ai_2)
                                         _087_ (net)
                  0.09    0.00    3.39 v _173_/A1 (sky130_fd_sc_hd__a21o_2)
     1    0.01    0.05    0.23    3.62 v _173_/X (sky130_fd_sc_hd__a21o_2)
                                         _102_ (net)
                  0.05    0.00    3.62 v _174_/B (sky130_fd_sc_hd__xor2_2)
     1    0.00    0.05    0.14    3.76 v _174_/X (sky130_fd_sc_hd__xor2_2)
                                         _103_ (net)
                  0.05    0.00    3.76 v _180_/A2 (sky130_fd_sc_hd__a211o_2)
     1    0.04    0.13    0.45    4.21 v _180_/X (sky130_fd_sc_hd__a211o_2)
                                         out[3] (net)
                  0.13    0.00    4.22 v out[3] (out)
                                  4.22   data arrival time

                  0.00   10.00   10.00   clock __VIRTUAL_CLK__ (rise edge)
                          0.00   10.00   clock network delay (ideal)
                         -0.25    9.75   clock uncertainty
                          0.00    9.75   clock reconvergence pessimism
                         -2.00    7.75   output external delay
                                  7.75   data required time
-----------------------------------------------------------------------------
                                  7.75   data required time
                                 -4.22   data arrival time
-----------------------------------------------------------------------------
                                  3.53   slack (MET)


Startpoint: opcode[1] (input port clocked by __VIRTUAL_CLK__)
Endpoint: out[1] (output port clocked by __VIRTUAL_CLK__)
Path Group: __VIRTUAL_CLK__
Path Type: max

Fanout     Cap    Slew   Delay    Time   Description
-----------------------------------------------------------------------------
                  0.00    0.00    0.00   clock __VIRTUAL_CLK__ (rise edge)
                          0.00    0.00   clock network delay (ideal)
                          2.00    2.00 ^ input external delay
     2    0.01    0.04    0.03    2.03 ^ opcode[1] (in)
                                         opcode[1] (net)
                  0.04    0.00    2.03 ^ _114_/A (sky130_fd_sc_hd__buf_1)
    10    0.02    0.30    0.27    2.29 ^ _114_/X (sky130_fd_sc_hd__buf_1)
                                         _046_ (net)
                  0.30    0.00    2.29 ^ _140_/B (sky130_fd_sc_hd__or3_2)
     1    0.00    0.03    0.18    2.47 ^ _140_/X (sky130_fd_sc_hd__or3_2)
                                         _071_ (net)
                  0.03    0.00    2.47 ^ _141_/A (sky130_fd_sc_hd__buf_1)
     7    0.04    0.44    0.37    2.84 ^ _141_/X (sky130_fd_sc_hd__buf_1)
                                         _072_ (net)
                  0.44    0.00    2.84 ^ _142_/B1 (sky130_fd_sc_hd__a21oi_2)
     1    0.00    0.08    0.04    2.89 v _142_/Y (sky130_fd_sc_hd__a21oi_2)
                                         _073_ (net)
                  0.08    0.00    2.89 v _143_/B2 (sky130_fd_sc_hd__o22a_2)
     1    0.00    0.03    0.19    3.08 v _143_/X (sky130_fd_sc_hd__o22a_2)
                                         _074_ (net)
                  0.03    0.00    3.08 v _149_/B (sky130_fd_sc_hd__or4_2)
     1    0.00    0.10    0.66    3.74 v _149_/X (sky130_fd_sc_hd__or4_2)
                                         _080_ (net)
                  0.10    0.00    3.74 v _150_/B1 (sky130_fd_sc_hd__o21a_2)
     1    0.04    0.11    0.22    3.96 v _150_/X (sky130_fd_sc_hd__o21a_2)
                                         out[1] (net)
                  0.11    0.00    3.96 v out[1] (out)
                                  3.96   data arrival time

                  0.00   10.00   10.00   clock __VIRTUAL_CLK__ (rise edge)
                          0.00   10.00   clock network delay (ideal)
                         -0.25    9.75   clock uncertainty
                          0.00    9.75   clock reconvergence pessimism
                         -2.00    7.75   output external delay
                                  7.75   data required time
-----------------------------------------------------------------------------
                                  7.75   data required time
                                 -3.96   data arrival time
-----------------------------------------------------------------------------
                                  3.79   slack (MET)


Startpoint: opcode[0] (input port clocked by __VIRTUAL_CLK__)
Endpoint: out[2] (output port clocked by __VIRTUAL_CLK__)
Path Group: __VIRTUAL_CLK__
Path Type: max

Fanout     Cap    Slew   Delay    Time   Description
-----------------------------------------------------------------------------
                  0.00    0.00    0.00   clock __VIRTUAL_CLK__ (rise edge)
                          0.00    0.00   clock network delay (ideal)
                          2.00    2.00 ^ input external delay
     6    0.02    0.09    0.06    2.06 ^ opcode[0] (in)
                                         opcode[0] (net)
                  0.09    0.00    2.06 ^ _131_/C_N (sky130_fd_sc_hd__or3b_2)
     1    0.00    0.07    0.46    2.52 v _131_/X (sky130_fd_sc_hd__or3b_2)
                                         _062_ (net)
                  0.07    0.00    2.52 v _132_/A (sky130_fd_sc_hd__buf_1)
    10    0.03    0.20    0.25    2.76 v _132_/X (sky130_fd_sc_hd__buf_1)
                                         _063_ (net)
                  0.20    0.00    2.77 v _134_/C (sky130_fd_sc_hd__and3_2)
     3    0.01    0.06    0.32    3.08 v _134_/X (sky130_fd_sc_hd__and3_2)
                                         _065_ (net)
                  0.06    0.00    3.08 v _136_/C (sky130_fd_sc_hd__nor3_2)
     2    0.01    0.22    0.19    3.27 ^ _136_/Y (sky130_fd_sc_hd__nor3_2)
                                         _067_ (net)
                  0.22    0.00    3.27 ^ _157_/A2 (sky130_fd_sc_hd__o21ai_2)
     3    0.02    0.09    0.13    3.39 v _157_/Y (sky130_fd_sc_hd__o21ai_2)
                                         _087_ (net)
                  0.09    0.00    3.39 v _165_/A (sky130_fd_sc_hd__xor2_2)
     1    0.00    0.06    0.19    3.58 v _165_/X (sky130_fd_sc_hd__xor2_2)
                                         _095_ (net)
                  0.06    0.00    3.58 v _166_/B1 (sky130_fd_sc_hd__o32a_2)
     1    0.04    0.13    0.30    3.88 v _166_/X (sky130_fd_sc_hd__o32a_2)
                                         out[2] (net)
                  0.13    0.00    3.88 v out[2] (out)
                                  3.88   data arrival time

                  0.00   10.00   10.00   clock __VIRTUAL_CLK__ (rise edge)
                          0.00   10.00   clock network delay (ideal)
                         -0.25    9.75   clock uncertainty
                          0.00    9.75   clock reconvergence pessimism
                         -2.00    7.75   output external delay
                                  7.75   data required time
-----------------------------------------------------------------------------
                                  7.75   data required time
                                 -3.88   data arrival time
-----------------------------------------------------------------------------
                                  3.87   slack (MET)


Startpoint: opcode[1] (input port clocked by __VIRTUAL_CLK__)
Endpoint: out[0] (output port clocked by __VIRTUAL_CLK__)
Path Group: __VIRTUAL_CLK__
Path Type: max

Fanout     Cap    Slew   Delay    Time   Description
-----------------------------------------------------------------------------
                  0.00    0.00    0.00   clock __VIRTUAL_CLK__ (rise edge)
                          0.00    0.00   clock network delay (ideal)
                          2.00    2.00 ^ input external delay
     2    0.01    0.04    0.03    2.03 ^ opcode[1] (in)
                                         opcode[1] (net)
                  0.04    0.00    2.03 ^ _114_/A (sky130_fd_sc_hd__buf_1)
    10    0.02    0.30    0.27    2.29 ^ _114_/X (sky130_fd_sc_hd__buf_1)
                                         _046_ (net)
                  0.30    0.00    2.29 ^ _124_/B (sky130_fd_sc_hd__or3_2)
     1    0.00    0.03    0.18    2.47 ^ _124_/X (sky130_fd_sc_hd__or3_2)
                                         _056_ (net)
                  0.03    0.00    2.47 ^ _125_/A (sky130_fd_sc_hd__buf_1)
     8    0.04    0.48    0.40    2.87 ^ _125_/X (sky130_fd_sc_hd__buf_1)
                                         _057_ (net)
                  0.48    0.00    2.87 ^ _126_/B (sky130_fd_sc_hd__nor2_2)
     1    0.00    0.06    0.04    2.91 v _126_/Y (sky130_fd_sc_hd__nor2_2)
                                         _058_ (net)
                  0.06    0.00    2.91 v _127_/D (sky130_fd_sc_hd__or4_2)
     1    0.00    0.09    0.55    3.46 v _127_/X (sky130_fd_sc_hd__or4_2)
                                         _059_ (net)
                  0.09    0.00    3.46 v _128_/A (sky130_fd_sc_hd__buf_1)
     1    0.04    0.21    0.26    3.72 v _128_/X (sky130_fd_sc_hd__buf_1)
                                         out[0] (net)
                  0.21    0.00    3.72 v out[0] (out)
                                  3.72   data arrival time

                  0.00   10.00   10.00   clock __VIRTUAL_CLK__ (rise edge)
                          0.00   10.00   clock network delay (ideal)
                         -0.25    9.75   clock uncertainty
                          0.00    9.75   clock reconvergence pessimism
                         -2.00    7.75   output external delay
                                  7.75   data required time
-----------------------------------------------------------------------------
                                  7.75   data required time
                                 -3.72   data arrival time
-----------------------------------------------------------------------------
                                  4.03   slack (MET)



worst slack corner Typical: 2.9331
