
===========================================================================
report_checks -path_delay max (Setup)
============================================================================
======================= Typical Corner ===================================

Startpoint: opcode[0] (input port clocked by __VIRTUAL_CLK__)
Endpoint: out[7] (output port clocked by __VIRTUAL_CLK__)
Path Group: __VIRTUAL_CLK__
Path Type: max

Fanout     Cap    Slew   Delay    Time   Description
-----------------------------------------------------------------------------
                  0.00    0.00    0.00   clock __VIRTUAL_CLK__ (rise edge)
                          0.00    0.00   clock network delay (ideal)
                          2.00    2.00 ^ input external delay
     1    0.00    0.02    0.01    2.01 ^ opcode[0] (in)
                                         opcode[0] (net)
                  0.02    0.00    2.01 ^ input17/A (sky130_fd_sc_hd__dlymetal6s2s_1)
     6    0.02    0.18    0.19    2.20 ^ input17/X (sky130_fd_sc_hd__dlymetal6s2s_1)
                                         net17 (net)
                  0.18    0.00    2.20 ^ _131_/C_N (sky130_fd_sc_hd__or3b_1)
     1    0.00    0.06    0.37    2.57 v _131_/X (sky130_fd_sc_hd__or3b_1)
                                         _062_ (net)
                  0.06    0.00    2.57 v _132_/A (sky130_fd_sc_hd__buf_2)
    10    0.03    0.08    0.18    2.75 v _132_/X (sky130_fd_sc_hd__buf_2)
                                         _063_ (net)
                  0.08    0.00    2.75 v _134_/C (sky130_fd_sc_hd__and3_1)
     3    0.01    0.06    0.22    2.97 v _134_/X (sky130_fd_sc_hd__and3_1)
                                         _065_ (net)
                  0.06    0.00    2.97 v _136_/C (sky130_fd_sc_hd__nor3_1)
     2    0.01    0.28    0.24    3.22 ^ _136_/Y (sky130_fd_sc_hd__nor3_1)
                                         _067_ (net)
                  0.28    0.00    3.22 ^ _157_/A2 (sky130_fd_sc_hd__o21ai_2)
     3    0.01    0.08    0.12    3.34 v _157_/Y (sky130_fd_sc_hd__o21ai_2)
                                         _087_ (net)
                  0.08    0.00    3.34 v _188_/A1 (sky130_fd_sc_hd__a31o_1)
     3    0.01    0.07    0.24    3.58 v _188_/X (sky130_fd_sc_hd__a31o_1)
                                         _003_ (net)
                  0.07    0.00    3.58 v _216_/A2 (sky130_fd_sc_hd__a31o_1)
     2    0.01    0.06    0.25    3.82 v _216_/X (sky130_fd_sc_hd__a31o_1)
                                         _029_ (net)
                  0.06    0.00    3.82 v _224_/A2 (sky130_fd_sc_hd__a21o_1)
     1    0.01    0.04    0.20    4.02 v _224_/X (sky130_fd_sc_hd__a21o_1)
                                         _036_ (net)
                  0.04    0.00    4.02 v _228_/A (sky130_fd_sc_hd__xnor2_1)
     1    0.00    0.04    0.12    4.15 v _228_/Y (sky130_fd_sc_hd__xnor2_1)
                                         _040_ (net)
                  0.04    0.00    4.15 v _233_/A2 (sky130_fd_sc_hd__o21ai_1)
     1    0.00    0.12    0.13    4.28 ^ _233_/Y (sky130_fd_sc_hd__o21ai_1)
                                         net27 (net)
                  0.12    0.00    4.28 ^ output27/A (sky130_fd_sc_hd__buf_2)
     1    0.03    0.17    0.24    4.51 ^ output27/X (sky130_fd_sc_hd__buf_2)
                                         out[7] (net)
                  0.17    0.00    4.51 ^ out[7] (out)
                                  4.51   data arrival time

                  0.00   10.00   10.00   clock __VIRTUAL_CLK__ (rise edge)
                          0.00   10.00   clock network delay (ideal)
                         -0.25    9.75   clock uncertainty
                          0.00    9.75   clock reconvergence pessimism
                         -2.00    7.75   output external delay
                                  7.75   data required time
-----------------------------------------------------------------------------
                                  7.75   data required time
                                 -4.51   data arrival time
-----------------------------------------------------------------------------
                                  3.24   slack (MET)


Startpoint: opcode[0] (input port clocked by __VIRTUAL_CLK__)
Endpoint: out[5] (output port clocked by __VIRTUAL_CLK__)
Path Group: __VIRTUAL_CLK__
Path Type: max

Fanout     Cap    Slew   Delay    Time   Description
-----------------------------------------------------------------------------
                  0.00    0.00    0.00   clock __VIRTUAL_CLK__ (rise edge)
                          0.00    0.00   clock network delay (ideal)
                          2.00    2.00 ^ input external delay
     1    0.00    0.02    0.01    2.01 ^ opcode[0] (in)
                                         opcode[0] (net)
                  0.02    0.00    2.01 ^ input17/A (sky130_fd_sc_hd__dlymetal6s2s_1)
     6    0.02    0.18    0.19    2.20 ^ input17/X (sky130_fd_sc_hd__dlymetal6s2s_1)
                                         net17 (net)
                  0.18    0.00    2.20 ^ _131_/C_N (sky130_fd_sc_hd__or3b_1)
     1    0.00    0.06    0.37    2.57 v _131_/X (sky130_fd_sc_hd__or3b_1)
                                         _062_ (net)
                  0.06    0.00    2.57 v _132_/A (sky130_fd_sc_hd__buf_2)
    10    0.03    0.08    0.18    2.75 v _132_/X (sky130_fd_sc_hd__buf_2)
                                         _063_ (net)
                  0.08    0.00    2.75 v _134_/C (sky130_fd_sc_hd__and3_1)
     3    0.01    0.06    0.22    2.97 v _134_/X (sky130_fd_sc_hd__and3_1)
                                         _065_ (net)
                  0.06    0.00    2.97 v _136_/C (sky130_fd_sc_hd__nor3_1)
     2    0.01    0.28    0.24    3.22 ^ _136_/Y (sky130_fd_sc_hd__nor3_1)
                                         _067_ (net)
                  0.28    0.00    3.22 ^ _157_/A2 (sky130_fd_sc_hd__o21ai_2)
     3    0.01    0.08    0.12    3.34 v _157_/Y (sky130_fd_sc_hd__o21ai_2)
                                         _087_ (net)
                  0.08    0.00    3.34 v _188_/A1 (sky130_fd_sc_hd__a31o_1)
     3    0.01    0.07    0.24    3.58 v _188_/X (sky130_fd_sc_hd__a31o_1)
                                         _003_ (net)
                  0.07    0.00    3.58 v _201_/A2 (sky130_fd_sc_hd__a21boi_1)
     1    0.01    0.15    0.19    3.76 ^ _201_/Y (sky130_fd_sc_hd__a21boi_1)
                                         _015_ (net)
                  0.15    0.00    3.76 ^ _202_/B (sky130_fd_sc_hd__xnor2_1)
     1    0.00    0.06    0.09    3.85 v _202_/Y (sky130_fd_sc_hd__xnor2_1)
                                         _016_ (net)
                  0.06    0.00    3.86 v _208_/A2 (sky130_fd_sc_hd__a211o_1)
     1    0.00    0.06    0.31    4.17 v _208_/X (sky130_fd_sc_hd__a211o_1)
                                         net25 (net)
                  0.06    0.00    4.17 v output25/A (sky130_fd_sc_hd__buf_2)
     1    0.03    0.09    0.19    4.36 v output25/X (sky130_fd_sc_hd__buf_2)
                                         out[5] (net)
                  0.09    0.00    4.36 v out[5] (out)
                                  4.36   data arrival time

                  0.00   10.00   10.00   clock __VIRTUAL_CLK__ (rise edge)
                          0.00   10.00   clock network delay (ideal)
                         -0.25    9.75   clock uncertainty
                          0.00    9.75   clock reconvergence pessimism
                         -2.00    7.75   output external delay
                                  7.75   data required time
-----------------------------------------------------------------------------
                                  7.75   data required time
                                 -4.36   data arrival time
-----------------------------------------------------------------------------
                                  3.39   slack (MET)


Startpoint: opcode[0] (input port clocked by __VIRTUAL_CLK__)
Endpoint: out[6] (output port clocked by __VIRTUAL_CLK__)
Path Group: __VIRTUAL_CLK__
Path Type: max

Fanout     Cap    Slew   Delay    Time   Description
-----------------------------------------------------------------------------
                  0.00    0.00    0.00   clock __VIRTUAL_CLK__ (rise edge)
                          0.00    0.00   clock network delay (ideal)
                          2.00    2.00 ^ input external delay
     1    0.00    0.02    0.01    2.01 ^ opcode[0] (in)
                                         opcode[0] (net)
                  0.02    0.00    2.01 ^ input17/A (sky130_fd_sc_hd__dlymetal6s2s_1)
     6    0.02    0.18    0.19    2.20 ^ input17/X (sky130_fd_sc_hd__dlymetal6s2s_1)
                                         net17 (net)
                  0.18    0.00    2.20 ^ _131_/C_N (sky130_fd_sc_hd__or3b_1)
     1    0.00    0.06    0.37    2.57 v _131_/X (sky130_fd_sc_hd__or3b_1)
                                         _062_ (net)
                  0.06    0.00    2.57 v _132_/A (sky130_fd_sc_hd__buf_2)
    10    0.03    0.08    0.18    2.75 v _132_/X (sky130_fd_sc_hd__buf_2)
                                         _063_ (net)
                  0.08    0.00    2.75 v _134_/C (sky130_fd_sc_hd__and3_1)
     3    0.01    0.06    0.22    2.97 v _134_/X (sky130_fd_sc_hd__and3_1)
                                         _065_ (net)
                  0.06    0.00    2.97 v _136_/C (sky130_fd_sc_hd__nor3_1)
     2    0.01    0.28    0.24    3.22 ^ _136_/Y (sky130_fd_sc_hd__nor3_1)
                                         _067_ (net)
                  0.28    0.00    3.22 ^ _157_/A2 (sky130_fd_sc_hd__o21ai_2)
     3    0.01    0.08    0.12    3.34 v _157_/Y (sky130_fd_sc_hd__o21ai_2)
                                         _087_ (net)
                  0.08    0.00    3.34 v _188_/A1 (sky130_fd_sc_hd__a31o_1)
     3    0.01    0.07    0.24    3.58 v _188_/X (sky130_fd_sc_hd__a31o_1)
                                         _003_ (net)
                  0.07    0.00    3.58 v _216_/A2 (sky130_fd_sc_hd__a31o_1)
     2    0.01    0.06    0.25    3.82 v _216_/X (sky130_fd_sc_hd__a31o_1)
                                         _029_ (net)
                  0.06    0.00    3.82 v _217_/B (sky130_fd_sc_hd__xnor2_1)
     1    0.00    0.05    0.13    3.96 v _217_/Y (sky130_fd_sc_hd__xnor2_1)
                                         _030_ (net)
                  0.05    0.00    3.96 v _223_/A2 (sky130_fd_sc_hd__o22a_1)
     1    0.00    0.05    0.21    4.17 v _223_/X (sky130_fd_sc_hd__o22a_1)
                                         net26 (net)
                  0.05    0.00    4.17 v output26/A (sky130_fd_sc_hd__buf_2)
     1    0.03    0.09    0.19    4.36 v output26/X (sky130_fd_sc_hd__buf_2)
                                         out[6] (net)
                  0.09    0.00    4.36 v out[6] (out)
                                  4.36   data arrival time

                  0.00   10.00   10.00   clock __VIRTUAL_CLK__ (rise edge)
                          0.00   10.00   clock network delay (ideal)
                         -0.25    9.75   clock uncertainty
                          0.00    9.75   clock reconvergence pessimism
                         -2.00    7.75   output external delay
                                  7.75   data required time
-----------------------------------------------------------------------------
                                  7.75   data required time
                                 -4.36   data arrival time
-----------------------------------------------------------------------------
                                  3.39   slack (MET)


Startpoint: opcode[0] (input port clocked by __VIRTUAL_CLK__)
Endpoint: out[3] (output port clocked by __VIRTUAL_CLK__)
Path Group: __VIRTUAL_CLK__
Path Type: max

Fanout     Cap    Slew   Delay    Time   Description
-----------------------------------------------------------------------------
                  0.00    0.00    0.00   clock __VIRTUAL_CLK__ (rise edge)
                          0.00    0.00   clock network delay (ideal)
                          2.00    2.00 ^ input external delay
     1    0.00    0.02    0.01    2.01 ^ opcode[0] (in)
                                         opcode[0] (net)
                  0.02    0.00    2.01 ^ input17/A (sky130_fd_sc_hd__dlymetal6s2s_1)
     6    0.02    0.18    0.19    2.20 ^ input17/X (sky130_fd_sc_hd__dlymetal6s2s_1)
                                         net17 (net)
                  0.18    0.00    2.20 ^ _131_/C_N (sky130_fd_sc_hd__or3b_1)
     1    0.00    0.06    0.37    2.57 v _131_/X (sky130_fd_sc_hd__or3b_1)
                                         _062_ (net)
                  0.06    0.00    2.57 v _132_/A (sky130_fd_sc_hd__buf_2)
    10    0.03    0.08    0.18    2.75 v _132_/X (sky130_fd_sc_hd__buf_2)
                                         _063_ (net)
                  0.08    0.00    2.75 v _134_/C (sky130_fd_sc_hd__and3_1)
     3    0.01    0.06    0.22    2.97 v _134_/X (sky130_fd_sc_hd__and3_1)
                                         _065_ (net)
                  0.06    0.00    2.97 v _136_/C (sky130_fd_sc_hd__nor3_1)
     2    0.01    0.28    0.24    3.22 ^ _136_/Y (sky130_fd_sc_hd__nor3_1)
                                         _067_ (net)
                  0.28    0.00    3.22 ^ _157_/A2 (sky130_fd_sc_hd__o21ai_2)
     3    0.01    0.08    0.12    3.34 v _157_/Y (sky130_fd_sc_hd__o21ai_2)
                                         _087_ (net)
                  0.08    0.00    3.34 v _173_/A1 (sky130_fd_sc_hd__a21o_1)
     1    0.00    0.04    0.18    3.52 v _173_/X (sky130_fd_sc_hd__a21o_1)
                                         _102_ (net)
                  0.04    0.00    3.52 v _174_/B (sky130_fd_sc_hd__xor2_1)
     1    0.00    0.05    0.14    3.66 v _174_/X (sky130_fd_sc_hd__xor2_1)
                                         _103_ (net)
                  0.05    0.00    3.66 v _180_/A2 (sky130_fd_sc_hd__a211o_1)
     1    0.00    0.05    0.31    3.97 v _180_/X (sky130_fd_sc_hd__a211o_1)
                                         net23 (net)
                  0.05    0.00    3.97 v output23/A (sky130_fd_sc_hd__buf_2)
     1    0.03    0.09    0.19    4.16 v output23/X (sky130_fd_sc_hd__buf_2)
                                         out[3] (net)
                  0.09    0.00    4.16 v out[3] (out)
                                  4.16   data arrival time

                  0.00   10.00   10.00   clock __VIRTUAL_CLK__ (rise edge)
                          0.00   10.00   clock network delay (ideal)
                         -0.25    9.75   clock uncertainty
                          0.00    9.75   clock reconvergence pessimism
                         -2.00    7.75   output external delay
                                  7.75   data required time
-----------------------------------------------------------------------------
                                  7.75   data required time
                                 -4.16   data arrival time
-----------------------------------------------------------------------------
                                  3.59   slack (MET)


Startpoint: opcode[0] (input port clocked by __VIRTUAL_CLK__)
Endpoint: out[4] (output port clocked by __VIRTUAL_CLK__)
Path Group: __VIRTUAL_CLK__
Path Type: max

Fanout     Cap    Slew   Delay    Time   Description
-----------------------------------------------------------------------------
                  0.00    0.00    0.00   clock __VIRTUAL_CLK__ (rise edge)
                          0.00    0.00   clock network delay (ideal)
                          2.00    2.00 ^ input external delay
     1    0.00    0.02    0.01    2.01 ^ opcode[0] (in)
                                         opcode[0] (net)
                  0.02    0.00    2.01 ^ input17/A (sky130_fd_sc_hd__dlymetal6s2s_1)
     6    0.02    0.18    0.19    2.20 ^ input17/X (sky130_fd_sc_hd__dlymetal6s2s_1)
                                         net17 (net)
                  0.18    0.00    2.20 ^ _131_/C_N (sky130_fd_sc_hd__or3b_1)
     1    0.00    0.06    0.37    2.57 v _131_/X (sky130_fd_sc_hd__or3b_1)
                                         _062_ (net)
                  0.06    0.00    2.57 v _132_/A (sky130_fd_sc_hd__buf_2)
    10    0.03    0.08    0.18    2.75 v _132_/X (sky130_fd_sc_hd__buf_2)
                                         _063_ (net)
                  0.08    0.00    2.75 v _134_/C (sky130_fd_sc_hd__and3_1)
     3    0.01    0.06    0.22    2.97 v _134_/X (sky130_fd_sc_hd__and3_1)
                                         _065_ (net)
                  0.06    0.00    2.97 v _136_/C (sky130_fd_sc_hd__nor3_1)
     2    0.01    0.28    0.24    3.22 ^ _136_/Y (sky130_fd_sc_hd__nor3_1)
                                         _067_ (net)
                  0.28    0.00    3.22 ^ _157_/A2 (sky130_fd_sc_hd__o21ai_2)
     3    0.01    0.08    0.12    3.34 v _157_/Y (sky130_fd_sc_hd__o21ai_2)
                                         _087_ (net)
                  0.08    0.00    3.34 v _188_/A1 (sky130_fd_sc_hd__a31o_1)
     3    0.01    0.07    0.24    3.58 v _188_/X (sky130_fd_sc_hd__a31o_1)
                                         _003_ (net)
                  0.07    0.00    3.58 v _189_/B (sky130_fd_sc_hd__xor2_1)
     1    0.00    0.06    0.16    3.73 v _189_/X (sky130_fd_sc_hd__xor2_1)
                                         _004_ (net)
                  0.06    0.00    3.73 v _195_/A2 (sky130_fd_sc_hd__o22a_1)
     1    0.00    0.05    0.21    3.94 v _195_/X (sky130_fd_sc_hd__o22a_1)
                                         net24 (net)
                  0.05    0.00    3.94 v output24/A (sky130_fd_sc_hd__buf_2)
     1    0.03    0.09    0.19    4.13 v output24/X (sky130_fd_sc_hd__buf_2)
                                         out[4] (net)
                  0.09    0.00    4.13 v out[4] (out)
                                  4.13   data arrival time

                  0.00   10.00   10.00   clock __VIRTUAL_CLK__ (rise edge)
                          0.00   10.00   clock network delay (ideal)
                         -0.25    9.75   clock uncertainty
                          0.00    9.75   clock reconvergence pessimism
                         -2.00    7.75   output external delay
                                  7.75   data required time
-----------------------------------------------------------------------------
                                  7.75   data required time
                                 -4.13   data arrival time
-----------------------------------------------------------------------------
                                  3.62   slack (MET)


Startpoint: opcode[0] (input port clocked by __VIRTUAL_CLK__)
Endpoint: out[2] (output port clocked by __VIRTUAL_CLK__)
Path Group: __VIRTUAL_CLK__
Path Type: max

Fanout     Cap    Slew   Delay    Time   Description
-----------------------------------------------------------------------------
                  0.00    0.00    0.00   clock __VIRTUAL_CLK__ (rise edge)
                          0.00    0.00   clock network delay (ideal)
                          2.00    2.00 ^ input external delay
     1    0.00    0.02    0.01    2.01 ^ opcode[0] (in)
                                         opcode[0] (net)
                  0.02    0.00    2.01 ^ input17/A (sky130_fd_sc_hd__dlymetal6s2s_1)
     6    0.02    0.18    0.19    2.20 ^ input17/X (sky130_fd_sc_hd__dlymetal6s2s_1)
                                         net17 (net)
                  0.18    0.00    2.20 ^ _131_/C_N (sky130_fd_sc_hd__or3b_1)
     1    0.00    0.06    0.37    2.57 v _131_/X (sky130_fd_sc_hd__or3b_1)
                                         _062_ (net)
                  0.06    0.00    2.57 v _132_/A (sky130_fd_sc_hd__buf_2)
    10    0.03    0.08    0.18    2.75 v _132_/X (sky130_fd_sc_hd__buf_2)
                                         _063_ (net)
                  0.08    0.00    2.75 v _134_/C (sky130_fd_sc_hd__and3_1)
     3    0.01    0.06    0.22    2.97 v _134_/X (sky130_fd_sc_hd__and3_1)
                                         _065_ (net)
                  0.06    0.00    2.97 v _136_/C (sky130_fd_sc_hd__nor3_1)
     2    0.01    0.28    0.24    3.22 ^ _136_/Y (sky130_fd_sc_hd__nor3_1)
                                         _067_ (net)
                  0.28    0.00    3.22 ^ _157_/A2 (sky130_fd_sc_hd__o21ai_2)
     3    0.01    0.08    0.12    3.34 v _157_/Y (sky130_fd_sc_hd__o21ai_2)
                                         _087_ (net)
                  0.08    0.00    3.34 v _165_/A (sky130_fd_sc_hd__xor2_1)
     1    0.00    0.07    0.18    3.52 v _165_/X (sky130_fd_sc_hd__xor2_1)
                                         _095_ (net)
                  0.07    0.00    3.52 v _166_/B1 (sky130_fd_sc_hd__o32a_1)
     1    0.00    0.05    0.18    3.70 v _166_/X (sky130_fd_sc_hd__o32a_1)
                                         net22 (net)
                  0.05    0.00    3.70 v output22/A (sky130_fd_sc_hd__buf_2)
     1    0.03    0.09    0.19    3.89 v output22/X (sky130_fd_sc_hd__buf_2)
                                         out[2] (net)
                  0.09    0.00    3.89 v out[2] (out)
                                  3.89   data arrival time

                  0.00   10.00   10.00   clock __VIRTUAL_CLK__ (rise edge)
                          0.00   10.00   clock network delay (ideal)
                         -0.25    9.75   clock uncertainty
                          0.00    9.75   clock reconvergence pessimism
                         -2.00    7.75   output external delay
                                  7.75   data required time
-----------------------------------------------------------------------------
                                  7.75   data required time
                                 -3.89   data arrival time
-----------------------------------------------------------------------------
                                  3.86   slack (MET)


Startpoint: opcode[0] (input port clocked by __VIRTUAL_CLK__)
Endpoint: out[1] (output port clocked by __VIRTUAL_CLK__)
Path Group: __VIRTUAL_CLK__
Path Type: max

Fanout     Cap    Slew   Delay    Time   Description
-----------------------------------------------------------------------------
                  0.00    0.00    0.00   clock __VIRTUAL_CLK__ (rise edge)
                          0.00    0.00   clock network delay (ideal)
                          2.00    2.00 ^ input external delay
     1    0.00    0.02    0.01    2.01 ^ opcode[0] (in)
                                         opcode[0] (net)
                  0.02    0.00    2.01 ^ input17/A (sky130_fd_sc_hd__dlymetal6s2s_1)
     6    0.02    0.18    0.19    2.20 ^ input17/X (sky130_fd_sc_hd__dlymetal6s2s_1)
                                         net17 (net)
                  0.18    0.00    2.20 ^ _131_/C_N (sky130_fd_sc_hd__or3b_1)
     1    0.00    0.06    0.37    2.57 v _131_/X (sky130_fd_sc_hd__or3b_1)
                                         _062_ (net)
                  0.06    0.00    2.57 v _132_/A (sky130_fd_sc_hd__buf_2)
    10    0.03    0.08    0.18    2.75 v _132_/X (sky130_fd_sc_hd__buf_2)
                                         _063_ (net)
                  0.08    0.00    2.75 v _134_/C (sky130_fd_sc_hd__and3_1)
     3    0.01    0.06    0.22    2.97 v _134_/X (sky130_fd_sc_hd__and3_1)
                                         _065_ (net)
                  0.06    0.00    2.97 v _136_/C (sky130_fd_sc_hd__nor3_1)
     2    0.01    0.28    0.24    3.22 ^ _136_/Y (sky130_fd_sc_hd__nor3_1)
                                         _067_ (net)
                  0.28    0.00    3.22 ^ _137_/B (sky130_fd_sc_hd__nor2_1)
     1    0.00    0.07    0.09    3.31 v _137_/Y (sky130_fd_sc_hd__nor2_1)
                                         _068_ (net)
                  0.07    0.00    3.31 v _138_/B (sky130_fd_sc_hd__xnor2_1)
     1    0.00    0.07    0.14    3.45 v _138_/Y (sky130_fd_sc_hd__xnor2_1)
                                         _069_ (net)
                  0.07    0.00    3.45 v _150_/A2 (sky130_fd_sc_hd__o21a_1)
     1    0.00    0.04    0.18    3.63 v _150_/X (sky130_fd_sc_hd__o21a_1)
                                         net21 (net)
                  0.04    0.00    3.63 v output21/A (sky130_fd_sc_hd__buf_2)
     1    0.03    0.09    0.19    3.82 v output21/X (sky130_fd_sc_hd__buf_2)
                                         out[1] (net)
                  0.09    0.00    3.82 v out[1] (out)
                                  3.82   data arrival time

                  0.00   10.00   10.00   clock __VIRTUAL_CLK__ (rise edge)
                          0.00   10.00   clock network delay (ideal)
                         -0.25    9.75   clock uncertainty
                          0.00    9.75   clock reconvergence pessimism
                         -2.00    7.75   output external delay
                                  7.75   data required time
-----------------------------------------------------------------------------
                                  7.75   data required time
                                 -3.82   data arrival time
-----------------------------------------------------------------------------
                                  3.93   slack (MET)


Startpoint: opcode[1] (input port clocked by __VIRTUAL_CLK__)
Endpoint: out[0] (output port clocked by __VIRTUAL_CLK__)
Path Group: __VIRTUAL_CLK__
Path Type: max

Fanout     Cap    Slew   Delay    Time   Description
-----------------------------------------------------------------------------
                  0.00    0.00    0.00   clock __VIRTUAL_CLK__ (rise edge)
                          0.00    0.00   clock network delay (ideal)
                          2.00    2.00 v input external delay
     1    0.00    0.01    0.01    2.01 v opcode[1] (in)
                                         opcode[1] (net)
                  0.01    0.00    2.01 v input18/A (sky130_fd_sc_hd__clkbuf_1)
     2    0.01    0.05    0.09    2.10 v input18/X (sky130_fd_sc_hd__clkbuf_1)
                                         net18 (net)
                  0.05    0.00    2.10 v _114_/A (sky130_fd_sc_hd__clkbuf_2)
    10    0.02    0.10    0.17    2.27 v _114_/X (sky130_fd_sc_hd__clkbuf_2)
                                         _046_ (net)
                  0.10    0.00    2.27 v _121_/B (sky130_fd_sc_hd__and3_2)
     8    0.02    0.09    0.29    2.55 v _121_/X (sky130_fd_sc_hd__and3_2)
                                         _053_ (net)
                  0.09    0.00    2.55 v _123_/A2 (sky130_fd_sc_hd__a22o_1)
     1    0.00    0.04    0.25    2.80 v _123_/X (sky130_fd_sc_hd__a22o_1)
                                         _055_ (net)
                  0.04    0.00    2.80 v _127_/C (sky130_fd_sc_hd__or4_1)
     1    0.00    0.08    0.47    3.27 v _127_/X (sky130_fd_sc_hd__or4_1)
                                         _059_ (net)
                  0.08    0.00    3.27 v _128_/A (sky130_fd_sc_hd__clkbuf_1)
     1    0.00    0.03    0.11    3.38 v _128_/X (sky130_fd_sc_hd__clkbuf_1)
                                         net20 (net)
                  0.03    0.00    3.38 v output20/A (sky130_fd_sc_hd__buf_2)
     1    0.03    0.09    0.18    3.56 v output20/X (sky130_fd_sc_hd__buf_2)
                                         out[0] (net)
                  0.09    0.00    3.57 v out[0] (out)
                                  3.57   data arrival time

                  0.00   10.00   10.00   clock __VIRTUAL_CLK__ (rise edge)
                          0.00   10.00   clock network delay (ideal)
                         -0.25    9.75   clock uncertainty
                          0.00    9.75   clock reconvergence pessimism
                         -2.00    7.75   output external delay
                                  7.75   data required time
-----------------------------------------------------------------------------
                                  7.75   data required time
                                 -3.57   data arrival time
-----------------------------------------------------------------------------
                                  4.18   slack (MET)



worst slack corner Typical: 3.2350
