OpenROAD b16bda7e82721d10566ff7e2b68f1ff0be9f9e38 
Features included (+) or not (-): +Charts +GPU +GUI +Python
This program is licensed under the BSD-3 license. See the LICENSE file for details.
Components of this program may be licensed under more restrictive licenses which must be honored.
define_corners Typical
read_liberty -corner Typical /home/furkan/.volare/sky130A/libs.ref/sky130_fd_sc_hd/lib/sky130_fd_sc_hd__tt_025C_1v80.lib
Using 1e-12 for capacitance...
Using 1e+03 for resistance...
Using 1e-09 for time...
Using 1e+00 for voltage...
Using 1e-03 for current...
Using 1e-09 for power...
Using 1e-06 for distance...
[INFO]: Reading ODB at '/openlane/designs/project4/runs/RUN_2025.05.22_00.40.45/tmp/20-project4.odb'…
Reading design constraints file at '/openlane/designs/project4/src/project4.sdc'…
[INFO]: Setting signal min routing layer to: met1 and clock min routing layer to met3. 
[INFO]: Setting signal max routing layer to: met5 and clock max routing layer to met5. 
-congestion_iterations 50 -verbose -congestion_report_file /openlane/designs/project4/runs/RUN_2025.05.22_00.40.45/tmp/routing/groute-congestion.rpt
[INFO GRT-0020] Min routing layer: met1
[INFO GRT-0021] Max routing layer: met5
[INFO GRT-0022] Global adjustment: 30%
[INFO GRT-0023] Grid origin: (0, 0)
[INFO GRT-0043] No OR_DEFAULT vias defined.
[INFO GRT-0088] Layer li1     Track-Pitch = 0.4600  line-2-Via Pitch: 0.3400
[INFO GRT-0088] Layer met1    Track-Pitch = 0.3400  line-2-Via Pitch: 0.3400
[INFO GRT-0088] Layer met2    Track-Pitch = 0.4600  line-2-Via Pitch: 0.3500
[INFO GRT-0088] Layer met3    Track-Pitch = 0.6800  line-2-Via Pitch: 0.6150
[INFO GRT-0088] Layer met4    Track-Pitch = 0.9200  line-2-Via Pitch: 1.0400
[INFO GRT-0088] Layer met5    Track-Pitch = 3.4000  line-2-Via Pitch: 3.1100
[INFO GRT-0019] Found 108 clock nets.
[INFO GRT-0001] Minimum degree: 2
[INFO GRT-0002] Maximum degree: 19
[INFO GRT-0003] Macros: 0
[INFO GRT-0043] No OR_DEFAULT vias defined.
[INFO GRT-0004] Blockages: 26019

[INFO GRT-0053] Routing resources analysis:
          Routing      Original      Derated      Resource
Layer     Direction    Resources     Resources    Reduction (%)
---------------------------------------------------------------
li1        Vertical            0             0          0.00%
met1       Horizontal      66120         31145          52.90%
met2       Vertical        49533         32094          35.21%
met3       Horizontal      33060         22283          32.60%
met4       Vertical        19950         10133          49.21%
met5       Horizontal       6612          2576          61.04%
---------------------------------------------------------------

[INFO GRT-0101] Running extra iterations to remove overflow.
[INFO GRT-0197] Via related to pin nodes: 33128
[INFO GRT-0198] Via related Steiner nodes: 978
[INFO GRT-0199] Via filling finished.
[INFO GRT-0111] Final number of vias: 42732
[INFO GRT-0112] Final usage 3D: 158457

[INFO GRT-0096] Final congestion report:
Layer         Resource        Demand        Usage (%)    Max H / Max V / Total Overflow
---------------------------------------------------------------------------------------
li1                  0             0            0.00%             0 /  0 /  0
met1             31145         12855           41.27%             0 /  0 /  0
met2             32094         12506           38.97%             0 /  0 /  0
met3             22283          3491           15.67%             0 /  0 /  0
met4             10133          1394           13.76%             0 /  0 /  0
met5              2576            15            0.58%             0 /  0 /  0
---------------------------------------------------------------------------------------
Total            98231         30261           30.81%             0 /  0 /  0

[INFO GRT-0018] Total wirelength: 308209 um
[INFO GRT-0014] Routed nets: 5562
[INFO GRT-0006] Repairing antennas, iteration 1.
[INFO GRT-0043] No OR_DEFAULT vias defined.
[INFO GRT-0012] Found 15 antenna violations.
[INFO GRT-0015] Inserted 16 diodes.
[INFO GRT-0009] rerouting 3416 nets.
[INFO GRT-0001] Minimum degree: 2
[INFO GRT-0002] Maximum degree: 19
[INFO GRT-0006] Repairing antennas, iteration 2.
[INFO GRT-0043] No OR_DEFAULT vias defined.
[INFO GRT-0012] Found 3 antenna violations.
[INFO GRT-0015] Inserted 5 diodes.
[INFO GRT-0009] rerouting 62 nets.
[INFO GRT-0001] Minimum degree: 2
[INFO GRT-0002] Maximum degree: 12
[INFO GRT-0006] Repairing antennas, iteration 3.
[INFO GRT-0043] No OR_DEFAULT vias defined.
[INFO GRT-0012] Found 0 antenna violations.
Placement Analysis
---------------------------------
total displacement          0.0 u
average displacement        0.0 u
max displacement            0.0 u
original HPWL          169132.3 u
legalized HPWL         169132.3 u
delta HPWL                    0 %

[INFO DPL-0020] Mirrored 1687 instances
[INFO DPL-0021] HPWL before          169132.3 u
[INFO DPL-0022] HPWL after           165282.3 u
[INFO DPL-0023] HPWL delta               -2.3 %
[INFO]: Setting signal min routing layer to: met1 and clock min routing layer to met3. 
[INFO]: Setting signal max routing layer to: met5 and clock max routing layer to met5. 
-congestion_iterations 50 -verbose -congestion_report_file /openlane/designs/project4/runs/RUN_2025.05.22_00.40.45/tmp/routing/groute-congestion.rpt
[INFO GRT-0020] Min routing layer: met1
[INFO GRT-0021] Max routing layer: met5
[INFO GRT-0022] Global adjustment: 30%
[INFO GRT-0023] Grid origin: (0, 0)
[INFO GRT-0043] No OR_DEFAULT vias defined.
[INFO GRT-0088] Layer li1     Track-Pitch = 0.4600  line-2-Via Pitch: 0.3400
[INFO GRT-0088] Layer met1    Track-Pitch = 0.3400  line-2-Via Pitch: 0.3400
[INFO GRT-0088] Layer met2    Track-Pitch = 0.4600  line-2-Via Pitch: 0.3500
[INFO GRT-0088] Layer met3    Track-Pitch = 0.6800  line-2-Via Pitch: 0.6150
[INFO GRT-0088] Layer met4    Track-Pitch = 0.9200  line-2-Via Pitch: 1.0400
[INFO GRT-0088] Layer met5    Track-Pitch = 3.4000  line-2-Via Pitch: 3.1100
[INFO GRT-0019] Found 108 clock nets.
[INFO GRT-0001] Minimum degree: 2
[INFO GRT-0002] Maximum degree: 19
[INFO GRT-0003] Macros: 0
[INFO GRT-0043] No OR_DEFAULT vias defined.
[INFO GRT-0004] Blockages: 26019

[INFO GRT-0053] Routing resources analysis:
          Routing      Original      Derated      Resource
Layer     Direction    Resources     Resources    Reduction (%)
---------------------------------------------------------------
li1        Vertical            0             0          0.00%
met1       Horizontal      66120         31148          52.89%
met2       Vertical        49533         32094          35.21%
met3       Horizontal      33060         22283          32.60%
met4       Vertical        19950         10133          49.21%
met5       Horizontal       6612          2576          61.04%
---------------------------------------------------------------

[INFO GRT-0101] Running extra iterations to remove overflow.
[INFO GRT-0197] Via related to pin nodes: 33161
[INFO GRT-0198] Via related Steiner nodes: 984
[INFO GRT-0199] Via filling finished.
[INFO GRT-0111] Final number of vias: 42766
[INFO GRT-0112] Final usage 3D: 158589

[INFO GRT-0096] Final congestion report:
Layer         Resource        Demand        Usage (%)    Max H / Max V / Total Overflow
---------------------------------------------------------------------------------------
li1                  0             0            0.00%             0 /  0 /  0
met1             31148         12848           41.25%             0 /  0 /  0
met2             32094         12542           39.08%             0 /  0 /  0
met3             22283          3534           15.86%             0 /  0 /  0
met4             10133          1354           13.36%             0 /  0 /  0
met5              2576            13            0.50%             0 /  0 /  0
---------------------------------------------------------------------------------------
Total            98234         30291           30.84%             0 /  0 /  0

[INFO GRT-0018] Total wirelength: 308416 um
[INFO GRT-0014] Routed nets: 5562
Setting global connections for newly added cells…
Writing OpenROAD database to '/openlane/designs/project4/runs/RUN_2025.05.22_00.40.45/tmp/routing/22-global.odb'…
Writing layout to '/openlane/designs/project4/runs/RUN_2025.05.22_00.40.45/tmp/routing/22-global.def'…
Writing routing guides to '/openlane/designs/project4/runs/RUN_2025.05.22_00.40.45/tmp/routing/22-global.guide'…
