Instance,Terminal,Layer,X location,Y location,Voltage
FILLER_0_24_144,VPWR,li1,72.2200,78.8800,1.799998
FILLER_0_24_135,VPWR,li1,68.0800,78.8800,1.799998
FILLER_0_24_131,VPWR,li1,66.2400,78.8800,1.799998
FILLER_0_24_121,VPWR,li1,61.4100,78.8800,1.799998
FILLER_0_24_113,VPWR,li1,59.3400,78.8800,1.799998
FILLER_0_24_111,VPWR,li1,56.8100,78.8800,1.799998
FILLER_0_24_103,VPWR,li1,54.7400,78.8800,1.799998
FILLER_0_24_94,VPWR,li1,50.1400,78.8800,1.799997
FILLER_0_24_85,VPWR,li1,46.0000,78.8800,1.799996
FILLER_0_24_82,VPWR,li1,43.7000,78.8800,1.799996
FILLER_0_24_61,VPWR,li1,33.8100,78.8800,1.799997
FILLER_0_24_57,VPWR,li1,32.6600,78.8800,1.799997
FILLER_0_24_55,VPWR,li1,31.0500,78.8800,1.799997
FILLER_0_24_51,VPWR,li1,29.9000,78.8800,1.799997
FILLER_0_24_39,VPWR,li1,26.2200,78.8800,1.799997
FILLER_0_24_35,VPWR,li1,22.0800,78.8800,1.799998
FILLER_0_24_27,VPWR,li1,18.1700,78.8800,1.799998
FILLER_0_24_19,VPWR,li1,16.1000,78.8800,1.799998
FILLER_0_24_15,VPWR,li1,12.8800,78.8800,1.799999
FILLER_0_24_11,VPWR,li1,11.0400,78.8800,1.799999
FILLER_0_24_3,VPWR,li1,8.7400,78.8800,1.799999
FILLER_0_23_141,VPWR,li1,70.8400,73.4400,1.799996
FILLER_0_23_135,VPWR,li1,68.5400,73.4400,1.799996
FILLER_0_23_123,VPWR,li1,64.8600,73.4400,1.799996
FILLER_0_23_119,VPWR,li1,60.7200,73.4400,1.799996
FILLER_0_23_109,VPWR,li1,56.3500,73.4400,1.799994
FILLER_0_23_102,VPWR,li1,53.1300,73.4400,1.799992
FILLER_0_23_96,VPWR,li1,50.6000,73.4400,1.799991
FILLER_0_23_84,VPWR,li1,46.9200,73.4400,1.799991
FILLER_0_23_72,VPWR,li1,41.4000,73.4400,1.799992
FILLER_0_23_68,VPWR,li1,37.2600,73.4400,1.799993
FILLER_0_23_57,VPWR,li1,32.4300,73.4400,1.799992
FILLER_0_23_55,VPWR,li1,31.0500,73.4400,1.799991
FILLER_0_23_51,VPWR,li1,29.9000,73.4400,1.799991
FILLER_0_23_38,VPWR,li1,24.8400,73.4400,1.799988
FILLER_0_23_17,VPWR,li1,13.5700,73.4400,1.799992
FILLER_0_23_11,VPWR,li1,11.5000,73.4400,1.799993
FILLER_0_22_141,VPWR,li1,70.8400,73.4400,1.799996
FILLER_0_22_137,VPWR,li1,68.7700,73.4400,1.799996
FILLER_0_22_133,VPWR,li1,67.6200,73.4400,1.799996
FILLER_0_22_129,VPWR,li1,65.3200,73.4400,1.799996
FILLER_0_22_125,VPWR,li1,63.4800,73.4400,1.799996
FILLER_0_22_117,VPWR,li1,61.1800,73.4400,1.799996
FILLER_0_22_113,VPWR,li1,57.9600,73.4400,1.799994
FILLER_0_22_109,VPWR,li1,56.1200,73.4400,1.799994
FILLER_0_22_105,VPWR,li1,54.2800,73.4400,1.799993
FILLER_0_22_83,VPWR,li1,43.9300,73.4400,1.799992
FILLER_0_22_75,VPWR,li1,41.8600,73.4400,1.799992
FILLER_0_22_63,VPWR,li1,37.2600,73.4400,1.799993
FILLER_0_22_51,VPWR,li1,31.7400,73.4400,1.799992
FILLER_0_22_29,VPWR,li1,19.0900,73.4400,1.799988
FILLER_0_22_27,VPWR,li1,18.1700,73.4400,1.799989
FILLER_0_22_21,VPWR,li1,16.5600,73.4400,1.799989
FILLER_0_22_17,VPWR,li1,13.8000,73.4400,1.799992
FILLER_0_22_12,VPWR,li1,11.7300,73.4400,1.799993
FILLER_0_22_8,VPWR,li1,9.6600,73.4400,1.799993
FILLER_0_21_145,VPWR,li1,72.4500,68.0000,1.799988
FILLER_0_21_136,VPWR,li1,68.5400,68.0000,1.799988
FILLER_0_21_127,VPWR,li1,64.4000,68.0000,1.799989
FILLER_0_21_121,VPWR,li1,61.4100,68.0000,1.799990
FILLER_0_21_117,VPWR,li1,60.2600,68.0000,1.799992
FILLER_0_21_113,VPWR,li1,57.9600,68.0000,1.799991
FILLER_0_21_104,VPWR,li1,55.2000,68.0000,1.799990
FILLER_0_21_92,VPWR,li1,50.6000,68.0000,1.799989
FILLER_0_21_81,VPWR,li1,43.7000,68.0000,1.799992
FILLER_0_21_75,VPWR,li1,40.2500,68.0000,1.799993
FILLER_0_21_67,VPWR,li1,38.1800,68.0000,1.799994
FILLER_0_21_61,VPWR,li1,34.5000,68.0000,1.799995
FILLER_0_21_57,VPWR,li1,32.2000,68.0000,1.799995
FILLER_0_21_55,VPWR,li1,31.0500,68.0000,1.799994
FILLER_0_21_44,VPWR,li1,27.6000,68.0000,1.799994
FILLER_0_21_40,VPWR,li1,24.3800,68.0000,1.799994
FILLER_0_21_36,VPWR,li1,22.3100,68.0000,1.799993
FILLER_0_21_7,VPWR,li1,9.2000,68.0000,1.799995
FILLER_0_20_144,VPWR,li1,72.2200,68.0000,1.799988
FILLER_0_20_114,VPWR,li1,58.4200,68.0000,1.799991
FILLER_0_20_109,VPWR,li1,56.3500,68.0000,1.799990
FILLER_0_20_85,VPWR,li1,45.3100,68.0000,1.799991
FILLER_0_20_83,VPWR,li1,43.9300,68.0000,1.799992
FILLER_0_20_75,VPWR,li1,41.4000,68.0000,1.799993
FILLER_0_20_71,VPWR,li1,38.6400,68.0000,1.799994
FILLER_0_20_40,VPWR,li1,24.3800,68.0000,1.799994
FILLER_0_20_29,VPWR,li1,19.0900,68.0000,1.799993
FILLER_0_20_25,VPWR,li1,17.2500,68.0000,1.799992
FILLER_0_20_21,VPWR,li1,16.1000,68.0000,1.799992
FILLER_0_20_14,VPWR,li1,12.4200,68.0000,1.799994
FILLER_0_20_10,VPWR,li1,10.5800,68.0000,1.799995
FILLER_0_20_3,VPWR,li1,7.8200,68.0000,1.799995
FILLER_0_19_145,VPWR,li1,72.4500,62.5600,1.799969
FILLER_0_19_138,VPWR,li1,69.2300,62.5600,1.799969
FILLER_0_19_132,VPWR,li1,67.6200,62.5600,1.799969
FILLER_0_19_124,VPWR,li1,63.9400,62.5600,1.799969
FILLER_0_19_120,VPWR,li1,60.9500,62.5600,1.799969
FILLER_0_19_116,VPWR,li1,59.3400,62.5600,1.799964
FILLER_0_19_106,VPWR,li1,55.6600,62.5600,1.799952
FILLER_0_19_80,VPWR,li1,42.5500,62.5600,1.799942
FILLER_0_19_68,VPWR,li1,39.5600,62.5600,1.799947
FILLER_0_19_64,VPWR,li1,35.4200,62.5600,1.799955
FILLER_0_19_57,VPWR,li1,32.2000,62.5600,1.799957
FILLER_0_19_45,VPWR,li1,27.6000,62.5600,1.799960
FILLER_0_19_41,VPWR,li1,24.8400,62.5600,1.799965
FILLER_0_19_34,VPWR,li1,21.6200,62.5600,1.799968
FILLER_0_19_15,VPWR,li1,15.1800,62.5600,1.799979
FILLER_0_19_3,VPWR,li1,9.6600,62.5600,1.799985
FILLER_0_18_141,VPWR,li1,70.8400,62.5600,1.799969
FILLER_0_18_138,VPWR,li1,69.4600,62.5600,1.799969
FILLER_0_18_122,VPWR,li1,62.1000,62.5600,1.799969
FILLER_0_18_118,VPWR,li1,60.2600,62.5600,1.799969
FILLER_0_18_114,VPWR,li1,58.4200,62.5600,1.799964
FILLER_0_18_110,VPWR,li1,56.5800,62.5600,1.799958
FILLER_0_18_106,VPWR,li1,54.7400,62.5600,1.799952
FILLER_0_18_96,VPWR,li1,49.9100,62.5600,1.799934
FILLER_0_18_92,VPWR,li1,48.7600,62.5600,1.799934
FILLER_0_18_85,VPWR,li1,44.8500,62.5600,1.799939
FILLER_0_18_78,VPWR,li1,42.7800,62.5600,1.799942
FILLER_0_18_29,VPWR,li1,20.2400,62.5600,1.799972
FILLER_0_18_23,VPWR,li1,16.7900,62.5600,1.799975
FILLER_0_18_15,VPWR,li1,14.2600,62.5600,1.799979
FILLER_0_18_3,VPWR,li1,9.6600,62.5600,1.799985
FILLER_0_17_143,VPWR,li1,71.9900,57.1200,1.799992
FILLER_0_17_135,VPWR,li1,69.4600,57.1200,1.799992
FILLER_0_17_130,VPWR,li1,66.0100,57.1200,1.799992
FILLER_0_17_125,VPWR,li1,63.7100,57.1200,1.799992
FILLER_0_17_121,VPWR,li1,61.6400,57.1200,1.799992
FILLER_0_17_71,VPWR,li1,40.0200,57.1200,1.799989
FILLER_0_17_67,VPWR,li1,36.8000,57.1200,1.799990
FILLER_0_17_57,VPWR,li1,31.9700,57.1200,1.799987
FILLER_0_17_52,VPWR,li1,30.3600,57.1200,1.799986
FILLER_0_17_41,VPWR,li1,24.8400,57.1200,1.799986
FILLER_0_17_34,VPWR,li1,21.6200,57.1200,1.799987
FILLER_0_17_30,VPWR,li1,19.7800,57.1200,1.799988
FILLER_0_17_15,VPWR,li1,12.6500,57.1200,1.799992
FILLER_0_17_3,VPWR,li1,9.6600,57.1200,1.799994
FILLER_0_16_141,VPWR,li1,70.8400,57.1200,1.799992
FILLER_0_16_139,VPWR,li1,69.6900,57.1200,1.799992
FILLER_0_16_135,VPWR,li1,68.0800,57.1200,1.799992
FILLER_0_16_121,VPWR,li1,61.6400,57.1200,1.799992
FILLER_0_16_113,VPWR,li1,59.3400,57.1200,1.799992
FILLER_0_16_105,VPWR,li1,55.2000,57.1200,1.799988
FILLER_0_16_81,VPWR,li1,43.4700,57.1200,1.799987
FILLER_0_16_77,VPWR,li1,41.4000,57.1200,1.799988
FILLER_0_16_72,VPWR,li1,39.1000,57.1200,1.799989
FILLER_0_16_68,VPWR,li1,37.2600,57.1200,1.799989
FILLER_0_16_64,VPWR,li1,35.4200,57.1200,1.799990
FILLER_0_16_33,VPWR,li1,21.6200,57.1200,1.799987
FILLER_0_16_25,VPWR,li1,17.7100,57.1200,1.799989
FILLER_0_16_15,VPWR,li1,13.3400,57.1200,1.799992
FILLER_0_16_3,VPWR,li1,9.6600,57.1200,1.799994
FILLER_0_15_131,VPWR,li1,66.4700,51.6800,1.799999
FILLER_0_15_127,VPWR,li1,64.4000,51.6800,1.799999
FILLER_0_15_117,VPWR,li1,59.8000,51.6800,1.799999
FILLER_0_15_113,VPWR,li1,57.9600,51.6800,1.799998
FILLER_0_15_100,VPWR,li1,54.2800,51.6800,1.799998
FILLER_0_15_84,VPWR,li1,46.0000,51.6800,1.799997
FILLER_0_15_72,VPWR,li1,41.4000,51.6800,1.799996
FILLER_0_15_57,VPWR,li1,33.5800,51.6800,1.799997
FILLER_0_15_50,VPWR,li1,29.2100,51.6800,1.799997
FILLER_0_15_37,VPWR,li1,23.2300,51.6800,1.799998
FILLER_0_15_29,VPWR,li1,20.7000,51.6800,1.799998
FILLER_0_15_25,VPWR,li1,17.4800,51.6800,1.799998
FILLER_0_15_19,VPWR,li1,14.9500,51.6800,1.799998
FILLER_0_15_15,VPWR,li1,12.8800,51.6800,1.799999
FILLER_0_15_9,VPWR,li1,9.8900,51.6800,1.799999
FILLER_0_15_3,VPWR,li1,8.2800,51.6800,1.799999
FILLER_0_14_141,VPWR,li1,70.8400,51.6800,1.799999
FILLER_0_14_138,VPWR,li1,69.4600,51.6800,1.799999
FILLER_0_14_134,VPWR,li1,67.6200,51.6800,1.799999
FILLER_0_14_127,VPWR,li1,64.1700,51.6800,1.799999
FILLER_0_14_117,VPWR,li1,59.8000,51.6800,1.799999
FILLER_0_14_109,VPWR,li1,57.5000,51.6800,1.799998
FILLER_0_14_105,VPWR,li1,54.2800,51.6800,1.799998
FILLER_0_14_97,VPWR,li1,50.6000,51.6800,1.799997
FILLER_0_14_91,VPWR,li1,47.6100,51.6800,1.799997
FILLER_0_14_85,VPWR,li1,46.0000,51.6800,1.799997
FILLER_0_14_83,VPWR,li1,43.9300,51.6800,1.799996
FILLER_0_14_79,VPWR,li1,42.7800,51.6800,1.799996
FILLER_0_14_53,VPWR,li1,31.2800,51.6800,1.799997
FILLER_0_14_41,VPWR,li1,27.1400,51.6800,1.799997
FILLER_0_14_29,VPWR,li1,21.6200,51.6800,1.799998
FILLER_0_14_25,VPWR,li1,17.7100,51.6800,1.799998
FILLER_0_14_15,VPWR,li1,14.2600,51.6800,1.799999
FILLER_0_14_3,VPWR,li1,9.6600,51.6800,1.799999
FILLER_0_13_140,VPWR,li1,70.8400,46.2400,1.799980
FILLER_0_13_136,VPWR,li1,68.5400,46.2400,1.799980
FILLER_0_13_131,VPWR,li1,66.4700,46.2400,1.799980
FILLER_0_13_127,VPWR,li1,64.4000,46.2400,1.799980
FILLER_0_13_120,VPWR,li1,61.1800,46.2400,1.799980
FILLER_0_13_116,VPWR,li1,59.3400,46.2400,1.799980
FILLER_0_13_91,VPWR,li1,47.6100,46.2400,1.799962
FILLER_0_13_78,VPWR,li1,42.7800,46.2400,1.799959
FILLER_0_13_74,VPWR,li1,40.0200,46.2400,1.799956
FILLER_0_13_64,VPWR,li1,35.6500,46.2400,1.799964
FILLER_0_13_30,VPWR,li1,20.0100,46.2400,1.799973
FILLER_0_13_23,VPWR,li1,16.3300,46.2400,1.799978
FILLER_0_13_11,VPWR,li1,10.8100,46.2400,1.799986
FILLER_0_13_3,VPWR,li1,8.7400,46.2400,1.799986
FILLER_0_12_141,VPWR,li1,70.8400,46.2400,1.799980
FILLER_0_12_138,VPWR,li1,69.4600,46.2400,1.799980
FILLER_0_12_134,VPWR,li1,67.6200,46.2400,1.799980
FILLER_0_12_117,VPWR,li1,62.1000,46.2400,1.799980
FILLER_0_12_111,VPWR,li1,57.2700,46.2400,1.799976
FILLER_0_12_85,VPWR,li1,45.0800,46.2400,1.799960
FILLER_0_12_58,VPWR,li1,33.5800,46.2400,1.799965
FILLER_0_12_54,VPWR,li1,30.8200,46.2400,1.799965
FILLER_0_12_29,VPWR,li1,19.0900,46.2400,1.799976
FILLER_0_12_27,VPWR,li1,18.1700,46.2400,1.799976
FILLER_0_12_23,VPWR,li1,16.5600,46.2400,1.799978
FILLER_0_12_15,VPWR,li1,14.2600,46.2400,1.799981
FILLER_0_12_11,VPWR,li1,10.8100,46.2400,1.799986
FILLER_0_12_3,VPWR,li1,8.7400,46.2400,1.799986
FILLER_0_11_134,VPWR,li1,67.6200,40.8000,1.799996
FILLER_0_11_130,VPWR,li1,65.7800,40.8000,1.799996
FILLER_0_11_122,VPWR,li1,63.4800,40.8000,1.799996
FILLER_0_11_107,VPWR,li1,55.4300,40.8000,1.799995
FILLER_0_11_81,VPWR,li1,43.0100,40.8000,1.799993
FILLER_0_11_73,VPWR,li1,40.9400,40.8000,1.799994
FILLER_0_11_61,VPWR,li1,36.3400,40.8000,1.799995
FILLER_0_11_55,VPWR,li1,31.0500,40.8000,1.799994
FILLER_0_11_46,VPWR,li1,27.1400,40.8000,1.799993
FILLER_0_11_23,VPWR,li1,16.3300,40.8000,1.799994
FILLER_0_11_15,VPWR,li1,14.2600,40.8000,1.799995
FILLER_0_11_3,VPWR,li1,9.6600,40.8000,1.799996
FILLER_0_10_141,VPWR,li1,70.8400,40.8000,1.799996
FILLER_0_10_137,VPWR,li1,68.7700,40.8000,1.799996
FILLER_0_10_133,VPWR,li1,67.6200,40.8000,1.799996
FILLER_0_10_121,VPWR,li1,63.9400,40.8000,1.799996
FILLER_0_10_117,VPWR,li1,59.8000,40.8000,1.799996
FILLER_0_10_113,VPWR,li1,57.9600,40.8000,1.799996
FILLER_0_10_103,VPWR,li1,53.1300,40.8000,1.799993
FILLER_0_10_97,VPWR,li1,51.5200,40.8000,1.799993
FILLER_0_10_85,VPWR,li1,47.3800,40.8000,1.799992
FILLER_0_10_80,VPWR,li1,43.2400,40.8000,1.799993
FILLER_0_10_68,VPWR,li1,39.5600,40.8000,1.799994
FILLER_0_10_64,VPWR,li1,35.4200,40.8000,1.799995
FILLER_0_10_57,VPWR,li1,32.6600,40.8000,1.799994
FILLER_0_10_49,VPWR,li1,29.4400,40.8000,1.799994
FILLER_0_10_29,VPWR,li1,19.0900,40.8000,1.799994
FILLER_0_10_24,VPWR,li1,17.0200,40.8000,1.799994
FILLER_0_10_21,VPWR,li1,15.4100,40.8000,1.799995
FILLER_0_10_15,VPWR,li1,13.8000,40.8000,1.799995
FILLER_0_10_11,VPWR,li1,10.8100,40.8000,1.799996
FILLER_0_10_3,VPWR,li1,8.7400,40.8000,1.799996
FILLER_0_9_136,VPWR,li1,68.5400,35.3600,1.799979
FILLER_0_9_107,VPWR,li1,55.2000,35.3600,1.799981
FILLER_0_9_103,VPWR,li1,53.3600,35.3600,1.799979
FILLER_0_9_96,VPWR,li1,49.9100,35.3600,1.799979
FILLER_0_9_88,VPWR,li1,47.8400,35.3600,1.799978
FILLER_0_9_76,VPWR,li1,43.2400,35.3600,1.799975
FILLER_0_9_69,VPWR,li1,37.7200,35.3600,1.799973
FILLER_0_9_54,VPWR,li1,30.8200,35.3600,1.799966
FILLER_0_9_12,VPWR,li1,11.2700,35.3600,1.799986
FILLER_0_9_6,VPWR,li1,9.6600,35.3600,1.799986
FILLER_0_8_144,VPWR,li1,72.2200,35.3600,1.799979
FILLER_0_8_118,VPWR,li1,60.2600,35.3600,1.799983
FILLER_0_8_97,VPWR,li1,50.3700,35.3600,1.799979
FILLER_0_8_93,VPWR,li1,49.2200,35.3600,1.799978
FILLER_0_8_89,VPWR,li1,46.9200,35.3600,1.799977
FILLER_0_8_85,VPWR,li1,44.8500,35.3600,1.799975
FILLER_0_8_81,VPWR,li1,43.4700,35.3600,1.799975
FILLER_0_8_73,VPWR,li1,40.9400,35.3600,1.799974
FILLER_0_8_41,VPWR,li1,24.8400,35.3600,1.799971
FILLER_0_8_37,VPWR,li1,22.7700,35.3600,1.799973
FILLER_0_8_23,VPWR,li1,16.7900,35.3600,1.799978
FILLER_0_8_15,VPWR,li1,13.1100,35.3600,1.799981
FILLER_0_8_3,VPWR,li1,9.6600,35.3600,1.799986
FILLER_0_7_144,VPWR,li1,72.2200,29.9200,1.799982
FILLER_0_7_119,VPWR,li1,60.7200,29.9200,1.799990
FILLER_0_7_113,VPWR,li1,57.7300,29.9200,1.799990
FILLER_0_7_106,VPWR,li1,54.9700,29.9200,1.799991
FILLER_0_7_97,VPWR,li1,50.3700,29.9200,1.799991
FILLER_0_7_85,VPWR,li1,47.3800,29.9200,1.799992
FILLER_0_7_81,VPWR,li1,43.2400,29.9200,1.799993
FILLER_0_7_77,VPWR,li1,41.4000,29.9200,1.799993
FILLER_0_7_73,VPWR,li1,39.5600,29.9200,1.799994
FILLER_0_7_57,VPWR,li1,31.9700,29.9200,1.799992
FILLER_0_7_41,VPWR,li1,24.8400,29.9200,1.799993
FILLER_0_7_37,VPWR,li1,23.0000,29.9200,1.799994
FILLER_0_7_27,VPWR,li1,19.7800,29.9200,1.799994
FILLER_0_7_23,VPWR,li1,16.5600,29.9200,1.799995
FILLER_0_7_15,VPWR,li1,14.2600,29.9200,1.799996
FILLER_0_7_3,VPWR,li1,9.6600,29.9200,1.799997
FILLER_0_6_108,VPWR,li1,56.1200,29.9200,1.799991
FILLER_0_6_105,VPWR,li1,54.0500,29.9200,1.799991
FILLER_0_6_93,VPWR,li1,51.0600,29.9200,1.799991
FILLER_0_6_89,VPWR,li1,46.9200,29.9200,1.799992
FILLER_0_6_85,VPWR,li1,45.0800,29.9200,1.799992
FILLER_0_6_80,VPWR,li1,42.7800,29.9200,1.799993
FILLER_0_6_69,VPWR,li1,37.9500,29.9200,1.799994
FILLER_0_6_44,VPWR,li1,25.9900,29.9200,1.799993
FILLER_0_6_34,VPWR,li1,21.3900,29.9200,1.799994
FILLER_0_6_25,VPWR,li1,17.7100,29.9200,1.799995
FILLER_0_6_17,VPWR,li1,13.5700,29.9200,1.799996
FILLER_0_6_13,VPWR,li1,12.4200,29.9200,1.799997
FILLER_0_6_9,VPWR,li1,10.1200,29.9200,1.799997
FILLER_0_6_3,VPWR,li1,7.5900,29.9200,1.799997
FILLER_0_5_119,VPWR,li1,60.7200,24.4800,1.799990
FILLER_0_5_84,VPWR,li1,44.8500,24.4800,1.799987
FILLER_0_5_62,VPWR,li1,34.2700,24.4800,1.799989
FILLER_0_5_50,VPWR,li1,28.7500,24.4800,1.799991
FILLER_0_5_41,VPWR,li1,24.8400,24.4800,1.799992
FILLER_0_5_36,VPWR,li1,22.7700,24.4800,1.799993
FILLER_0_5_33,VPWR,li1,20.9300,24.4800,1.799994
FILLER_0_5_29,VPWR,li1,19.7800,24.4800,1.799994
FILLER_0_5_24,VPWR,li1,17.2500,24.4800,1.799994
FILLER_0_5_21,VPWR,li1,15.4100,24.4800,1.799995
FILLER_0_5_15,VPWR,li1,13.8000,24.4800,1.799996
FILLER_0_5_3,VPWR,li1,9.6600,24.4800,1.799997
FILLER_0_4_141,VPWR,li1,70.8400,24.4800,1.799986
FILLER_0_4_131,VPWR,li1,66.7000,24.4800,1.799986
FILLER_0_4_127,VPWR,li1,64.4000,24.4800,1.799987
FILLER_0_4_123,VPWR,li1,62.3300,24.4800,1.799988
FILLER_0_4_119,VPWR,li1,60.7200,24.4800,1.799990
FILLER_0_4_110,VPWR,li1,56.3500,24.4800,1.799988
FILLER_0_4_97,VPWR,li1,51.5200,24.4800,1.799985
FILLER_0_4_93,VPWR,li1,48.7600,24.4800,1.799986
FILLER_0_4_81,VPWR,li1,43.4700,24.4800,1.799987
FILLER_0_4_72,VPWR,li1,38.8700,24.4800,1.799987
FILLER_0_4_47,VPWR,li1,27.6000,24.4800,1.799991
FILLER_0_4_41,VPWR,li1,25.0700,24.4800,1.799992
FILLER_0_4_33,VPWR,li1,22.5400,24.4800,1.799993
FILLER_0_4_29,VPWR,li1,19.3200,24.4800,1.799994
FILLER_0_4_24,VPWR,li1,16.7900,24.4800,1.799995
FILLER_0_4_3,VPWR,li1,7.3600,24.4800,1.799997
FILLER_0_3_136,VPWR,li1,68.3100,19.0400,1.800000
FILLER_0_3_132,VPWR,li1,66.7000,19.0400,1.800000
FILLER_0_3_128,VPWR,li1,64.8600,19.0400,1.800000
FILLER_0_3_124,VPWR,li1,63.0200,19.0400,1.800000
FILLER_0_3_113,VPWR,li1,58.1900,19.0400,1.800000
FILLER_0_3_111,VPWR,li1,56.8100,19.0400,1.800000
FILLER_0_3_101,VPWR,li1,53.8200,19.0400,1.800000
FILLER_0_3_89,VPWR,li1,49.2200,19.0400,1.800000
FILLER_0_3_85,VPWR,li1,45.0800,19.0400,1.800000
FILLER_0_3_80,VPWR,li1,43.0100,19.0400,1.800000
FILLER_0_3_77,VPWR,li1,41.1700,19.0400,1.800000
FILLER_0_3_73,VPWR,li1,40.0200,19.0400,1.800000
FILLER_0_3_70,VPWR,li1,37.9500,19.0400,1.800000
FILLER_0_3_66,VPWR,li1,36.8000,19.0400,1.800000
FILLER_0_3_57,VPWR,li1,32.2000,19.0400,1.800000
FILLER_0_3_51,VPWR,li1,29.6700,19.0400,1.800000
FILLER_0_3_46,VPWR,li1,27.3700,19.0400,1.800000
FILLER_0_3_38,VPWR,li1,24.8400,19.0400,1.800000
FILLER_0_3_26,VPWR,li1,20.2400,19.0400,1.800000
FILLER_0_3_22,VPWR,li1,16.1000,19.0400,1.800000
FILLER_0_3_18,VPWR,li1,14.2600,19.0400,1.800000
FILLER_0_3_3,VPWR,li1,9.6600,19.0400,1.800000
FILLER_0_2_138,VPWR,li1,69.4600,19.0400,1.800000
FILLER_0_2_132,VPWR,li1,67.1600,19.0400,1.800000
FILLER_0_2_125,VPWR,li1,63.4800,19.0400,1.800000
FILLER_0_2_122,VPWR,li1,61.8700,19.0400,1.800000
FILLER_0_2_118,VPWR,li1,60.7200,19.0400,1.800000
FILLER_0_2_110,VPWR,li1,56.3500,19.0400,1.800000
FILLER_0_2_98,VPWR,li1,53.3600,19.0400,1.800000
FILLER_0_2_94,VPWR,li1,49.2200,19.0400,1.800000
FILLER_0_2_85,VPWR,li1,45.0800,19.0400,1.800000
FILLER_0_2_82,VPWR,li1,43.7000,19.0400,1.800000
FILLER_0_2_72,VPWR,li1,39.1000,19.0400,1.800000
FILLER_0_2_68,VPWR,li1,37.2600,19.0400,1.800000
FILLER_0_2_59,VPWR,li1,32.8900,19.0400,1.800000
FILLER_0_2_53,VPWR,li1,31.2800,19.0400,1.800000
FILLER_0_2_41,VPWR,li1,27.1400,19.0400,1.800000
FILLER_0_2_29,VPWR,li1,21.6200,19.0400,1.800000
FILLER_0_2_16,VPWR,li1,15.6400,19.0400,1.800000
FILLER_0_2_12,VPWR,li1,11.5000,19.0400,1.800000
FILLER_0_2_8,VPWR,li1,9.6600,19.0400,1.800000
FILLER_0_2_3,VPWR,li1,7.1300,19.0400,1.800000
FILLER_0_1_144,VPWR,li1,72.2200,13.6000,1.799993
FILLER_0_1_113,VPWR,li1,58.1900,13.6000,1.799995
FILLER_0_1_108,VPWR,li1,55.6600,13.6000,1.799995
FILLER_0_1_104,VPWR,li1,53.8200,13.6000,1.799996
FILLER_0_1_93,VPWR,li1,48.7600,13.6000,1.799996
FILLER_0_1_89,VPWR,li1,46.9200,13.6000,1.799996
FILLER_0_1_74,VPWR,li1,41.4000,13.6000,1.799997
FILLER_0_1_69,VPWR,li1,37.9500,13.6000,1.799997
FILLER_0_1_57,VPWR,li1,34.5000,13.6000,1.799997
FILLER_0_1_54,VPWR,li1,30.8200,13.6000,1.799997
FILLER_0_1_42,VPWR,li1,27.6000,13.6000,1.799996
FILLER_0_1_30,VPWR,li1,22.0800,13.6000,1.799996
FILLER_0_1_26,VPWR,li1,17.9400,13.6000,1.799995
FILLER_0_1_21,VPWR,li1,15.4100,13.6000,1.799995
FILLER_0_1_15,VPWR,li1,13.8000,13.6000,1.799994
FILLER_0_1_3,VPWR,li1,9.6600,13.6000,1.799995
FILLER_0_0_141,VPWR,li1,70.8400,13.6000,1.799993
FILLER_0_0_130,VPWR,li1,65.7800,13.6000,1.799993
FILLER_0_0_126,VPWR,li1,63.9400,13.6000,1.799993
FILLER_0_0_120,VPWR,li1,61.6400,13.6000,1.799995
FILLER_0_0_116,VPWR,li1,59.3400,13.6000,1.799995
FILLER_0_0_111,VPWR,li1,56.8100,13.6000,1.799995
FILLER_0_0_103,VPWR,li1,53.1300,13.6000,1.799996
FILLER_0_0_99,VPWR,li1,51.9800,13.6000,1.799996
FILLER_0_0_95,VPWR,li1,49.6800,13.6000,1.799996
FILLER_0_0_81,VPWR,li1,43.0100,13.6000,1.799997
FILLER_0_0_69,VPWR,li1,40.0200,13.6000,1.799997
FILLER_0_0_57,VPWR,li1,34.5000,13.6000,1.799997
FILLER_0_0_53,VPWR,li1,30.5900,13.6000,1.799997
FILLER_0_0_41,VPWR,li1,27.1400,13.6000,1.799996
FILLER_0_0_29,VPWR,li1,21.6200,13.6000,1.799996
FILLER_0_0_25,VPWR,li1,17.7100,13.6000,1.799995
FILLER_0_0_3,VPWR,li1,7.3600,13.6000,1.799995
ANTENNA_3,VPWR,li1,51.9800,73.4400,1.799992
ANTENNA_2,VPWR,li1,68.5400,19.0400,1.800000
ANTENNA_1,VPWR,li1,62.5600,19.0400,1.800000
ANTENNA_output4_A,VPWR,li1,66.7000,13.6000,1.799993
ANTENNA__370__A,VPWR,li1,11.0400,29.9200,1.799997
ANTENNA_output2_A,VPWR,li1,64.8600,13.6000,1.799993
ANTENNA__295__A,VPWR,li1,59.3400,19.0400,1.800000
ANTENNA__306__A,VPWR,li1,68.5400,51.6800,1.799999
ANTENNA__317__A,VPWR,li1,56.5800,40.8000,1.799995
ANTENNA__328__A,VPWR,li1,44.1600,29.9200,1.799992
ANTENNA__329__A,VPWR,li1,47.8400,35.3600,1.799978
ANTENNA__162__A,VPWR,li1,38.1800,19.0400,1.800000
ANTENNA__168__A1_N,VPWR,li1,17.9400,62.5600,1.799975
ANTENNA__171__A1,VPWR,li1,55.2000,73.4400,1.799993
ANTENNA__173__A1,VPWR,li1,10.5800,19.0400,1.800000
ANTENNA__174__A1,VPWR,li1,36.3400,57.1200,1.799990
ANTENNA__184__A1,VPWR,li1,62.1000,68.0000,1.799990
ANTENNA__216__A,VPWR,li1,17.0200,40.8000,1.799994
ANTENNA__217__A,VPWR,li1,57.5000,68.0000,1.799991
ANTENNA__220__A1,VPWR,li1,42.3200,29.9200,1.799993
ANTENNA__221__B,VPWR,li1,39.1000,13.6000,1.799997
ANTENNA__175__A,VPWR,li1,67.1600,57.1200,1.799992
ANTENNA__279__A,VPWR,li1,36.3400,62.5600,1.799953
ANTENNA__280__A,VPWR,li1,18.4000,51.6800,1.799998
ANTENNA__284__A2,VPWR,li1,49.6800,24.4800,1.799986
ANTENNA__186__C1,VPWR,li1,16.1000,24.4800,1.799995
ANTENNA__276__B1,VPWR,li1,39.5600,68.0000,1.799993
ANTENNA__277__A,VPWR,li1,25.3000,68.0000,1.799994
ANTENNA__177__C,VPWR,li1,62.5600,57.1200,1.799992
ANTENNA__191__A,VPWR,li1,13.8000,51.6800,1.799999
ANTENNA__192__A,VPWR,li1,31.2800,40.8000,1.799994
ANTENNA__195__B,VPWR,li1,50.6000,35.3600,1.799979
ANTENNA__196__A1,VPWR,li1,72.2200,46.2400,1.799980
ANTENNA__199__A2,VPWR,li1,56.5800,13.6000,1.799995
ANTENNA__180__D,VPWR,li1,62.1000,78.8800,1.799998
ANTENNA__182__B,VPWR,li1,42.3200,57.1200,1.799988
ANTENNA__234__B1,VPWR,li1,61.1800,62.5600,1.799969
ANTENNA__235__B,VPWR,li1,12.8800,73.4400,1.799992
ANTENNA__180__C,VPWR,li1,67.1600,78.8800,1.799998
ANTENNA__230__A,VPWR,li1,61.6400,24.4800,1.799990
ANTENNA__231__A,VPWR,li1,25.7600,24.4800,1.799992
ANTENNA__234__A1,VPWR,li1,65.7800,62.5600,1.799969
ANTENNA__235__A,VPWR,li1,11.9600,78.8800,1.799999
ANTENNA__181__B,VPWR,li1,65.3200,46.2400,1.799980
ANTENNA__223__A,VPWR,li1,62.5600,57.1200,1.799992
ANTENNA__224__A,VPWR,li1,62.1000,46.2400,1.799980
ANTENNA__227__A1,VPWR,li1,20.7000,57.1200,1.799988
ANTENNA__228__B,VPWR,li1,61.6400,24.4800,1.799990
ANTENNA__244__B,VPWR,li1,18.4000,24.4800,1.799994
ANTENNA__177__D,VPWR,li1,57.0400,57.1200,1.799990
ANTENNA__190__A,VPWR,li1,36.3400,40.8000,1.799995
ANTENNA__191__B,VPWR,li1,10.5800,51.6800,1.799999
ANTENNA__192__B,VPWR,li1,25.7600,35.3600,1.799971
ANTENNA__195__C,VPWR,li1,54.2800,35.3600,1.799981
ANTENNA__196__A2,VPWR,li1,69.4600,46.2400,1.799980
ANTENNA__199__A3,VPWR,li1,54.7400,13.6000,1.799996
ANTENNA__164__A,VPWR,li1,30.8200,19.0400,1.800000
ANTENNA__165__A,VPWR,li1,65.3200,51.6800,1.799999
ANTENNA__285__A,VPWR,li1,69.0000,57.1200,1.799992
ANTENNA__287__D1,VPWR,li1,17.4800,46.2400,1.799978
ANTENNA__290__A,VPWR,li1,18.4000,62.5600,1.799975
ANTENNA__292__A,VPWR,li1,47.8400,29.9200,1.799992
ANTENNA__162__B,VPWR,li1,38.6400,19.0400,1.800000
ANTENNA__165__B,VPWR,li1,60.7200,51.6800,1.799999
ANTENNA__171__B1,VPWR,li1,57.0400,73.4400,1.799994
ANTENNA__286__A_N,VPWR,li1,50.6000,62.5600,1.799940
ANTENNA__287__A2,VPWR,li1,16.5600,51.6800,1.799998
ANTENNA__292__B,VPWR,li1,46.0000,29.9200,1.799992
ANTENNA__294__A1,VPWR,li1,51.0600,29.9200,1.799991
ANTENNA__162__C,VPWR,li1,41.8600,19.0400,1.800000
ANTENNA__167__A,VPWR,li1,8.2800,24.4800,1.799997
ANTENNA__171__A2,VPWR,li1,58.8800,73.4400,1.799994
ANTENNA__173__B1,VPWR,li1,12.4200,19.0400,1.800000
ANTENNA__174__A2,VPWR,li1,38.1800,57.1200,1.799989
ANTENNA__286__B,VPWR,li1,57.5000,62.5600,1.799958
ANTENNA__289__A1,VPWR,li1,12.8800,73.4400,1.799992
ANTENNA__290__C,VPWR,li1,17.9400,68.0000,1.799993
ANTENNA__318__A,VPWR,li1,33.1200,68.0000,1.799995
ANTENNA__319__A,VPWR,li1,69.9200,73.4400,1.799996
ANTENNA__320__A,VPWR,li1,48.3000,51.6800,1.799997
ANTENNA__321__A,VPWR,li1,68.5400,40.8000,1.799996
ANTENNA__322__A,VPWR,li1,14.2600,35.3600,1.799981
ANTENNA__323__A,VPWR,li1,31.7400,46.2400,1.799965
ANTENNA__324__A,VPWR,li1,67.6200,19.0400,1.800000
ANTENNA__325__A,VPWR,li1,69.4600,35.3600,1.799979
ANTENNA__326__A,VPWR,li1,46.0000,19.0400,1.800000
ANTENNA__327__A,VPWR,li1,25.7600,62.5600,1.799962
ANTENNA__307__A,VPWR,li1,69.4600,68.0000,1.799988
ANTENNA__308__A,VPWR,li1,69.4600,40.8000,1.799996
ANTENNA__309__A,VPWR,li1,60.2600,46.2400,1.799980
ANTENNA__310__A,VPWR,li1,37.7200,57.1200,1.799989
ANTENNA__311__A,VPWR,li1,55.2000,51.6800,1.799998
ANTENNA__312__A,VPWR,li1,42.3200,57.1200,1.799988
ANTENNA__313__A,VPWR,li1,50.6000,13.6000,1.799996
ANTENNA__314__A,VPWR,li1,20.2400,24.4800,1.799994
ANTENNA__315__A,VPWR,li1,66.2400,73.4400,1.799996
ANTENNA__316__A,VPWR,li1,58.8800,51.6800,1.799998
ANTENNA__296__A,VPWR,li1,17.9400,35.3600,1.799976
ANTENNA__297__A,VPWR,li1,22.5400,57.1200,1.799987
ANTENNA__298__A,VPWR,li1,38.1800,73.4400,1.799992
ANTENNA__299__A,VPWR,li1,60.7200,51.6800,1.799999
ANTENNA__300__A,VPWR,li1,25.7600,29.9200,1.799993
ANTENNA__301__A,VPWR,li1,65.3200,24.4800,1.799987
ANTENNA__302__A,VPWR,li1,11.5000,68.0000,1.799994
ANTENNA__303__A,VPWR,li1,65.7800,19.0400,1.800000
ANTENNA__304__A,VPWR,li1,60.2600,62.5600,1.799969
ANTENNA__305__A,VPWR,li1,61.6400,73.4400,1.799996
ANTENNA__286__C,VPWR,li1,55.6600,62.5600,1.799952
ANTENNA__288__B,VPWR,li1,68.5400,46.2400,1.799980
ANTENNA__289__A2,VPWR,li1,14.7200,73.4400,1.799991
ANTENNA__294__A2,VPWR,li1,54.7400,29.9200,1.799991
ANTENNA__246__B1,VPWR,li1,33.5800,19.0400,1.800000
ANTENNA__247__B,VPWR,li1,17.9400,40.8000,1.799994
ANTENNA__248__B,VPWR,li1,27.1400,73.4400,1.799989
ANTENNA__254__A3,VPWR,li1,40.9400,46.2400,1.799956
ANTENNA__256__A4,VPWR,li1,24.3800,51.6800,1.799998
ANTENNA__258__A,VPWR,li1,57.5000,29.9200,1.799990
ANTENNA__267__C,VPWR,li1,43.7000,13.6000,1.799997
ANTENNA__275__B2,VPWR,li1,23.9200,29.9200,1.799993
ANTENNA__276__A1,VPWR,li1,35.8800,68.0000,1.799995
ANTENNA__277__B,VPWR,li1,25.3000,68.0000,1.799994
ANTENNA__229__C,VPWR,li1,18.8600,13.6000,1.799995
ANTENNA__230__B,VPWR,li1,53.3600,24.4800,1.799986
ANTENNA__231__B,VPWR,li1,23.9200,24.4800,1.799992
ANTENNA__234__A2,VPWR,li1,59.3400,62.5600,1.799964
ANTENNA__235__C,VPWR,li1,13.8000,78.8800,1.799999
ANTENNA__226__A,VPWR,li1,60.2600,13.6000,1.799995
ANTENNA__213__A,VPWR,li1,13.3400,68.0000,1.799994
ANTENNA__209__C,VPWR,li1,43.7000,29.9200,1.799993
ANTENNA__210__B,VPWR,li1,69.4600,73.4400,1.799996
ANTENNA__211__B,VPWR,li1,58.8800,40.8000,1.799996
ANTENNA__205__A,VPWR,li1,63.9400,19.0400,1.800000
ANTENNA__212__A,VPWR,li1,57.0400,19.0400,1.800000
ANTENNA__225__A,VPWR,li1,10.5800,73.4400,1.799993
ANTENNA__232__A,VPWR,li1,68.0800,24.4800,1.799986
ANTENNA__236__A,VPWR,li1,35.8800,51.6800,1.799996
ANTENNA__241__A,VPWR,li1,28.5200,19.0400,1.800000
ANTENNA__249__A,VPWR,li1,22.0800,29.9200,1.799994
ANTENNA__255__C1,VPWR,li1,56.1200,19.0400,1.800000
ANTENNA__260__A,VPWR,li1,45.0800,68.0000,1.799991
ANTENNA__284__B1,VPWR,li1,44.1600,19.0400,1.800000
ANTENNA__194__A,VPWR,li1,63.0200,13.6000,1.799993
ANTENNA__188__A,VPWR,li1,49.6800,13.6000,1.799996
ANTENNA__193__B,VPWR,li1,22.5400,62.5600,1.799968
ANTENNA__197__B,VPWR,li1,50.1400,19.0400,1.800000
ANTENNA__200__B,VPWR,li1,53.8200,40.8000,1.799994
ANTENNA__202__A,VPWR,li1,17.0200,19.0400,1.800000
ANTENNA__218__B,VPWR,li1,43.2400,68.0000,1.799992
ANTENNA__264__A,VPWR,li1,66.7000,40.8000,1.799996
ANTENNA__271__A,VPWR,li1,28.5200,24.4800,1.799991
ANTENNA__281__A,VPWR,li1,64.8600,57.1200,1.799992
ANTENNA__186__A2,VPWR,li1,15.1800,19.0400,1.800000
ANTENNA__181__D,VPWR,li1,67.6200,46.2400,1.799980
ANTENNA__244__C,VPWR,li1,17.4800,29.9200,1.799995
ANTENNA__184__A2,VPWR,li1,64.4000,73.4400,1.799996
ANTENNA__215__C1,VPWR,li1,59.3400,13.6000,1.799995
ANTENNA__216__B,VPWR,li1,16.1000,40.8000,1.799994
ANTENNA__217__B,VPWR,li1,58.8800,68.0000,1.799991
ANTENNA__220__A2,VPWR,li1,40.4800,29.9200,1.799993
ANTENNA__179__A,VPWR,li1,23.0000,78.8800,1.799998
ANTENNA__200__A_N,VPWR,li1,60.7200,40.8000,1.799996
ANTENNA__203__B,VPWR,li1,29.4400,62.5600,1.799958
ANTENNA__204__B,VPWR,li1,38.6400,35.3600,1.799973
ANTENNA__207__A2,VPWR,li1,47.8400,13.6000,1.799996
ANTENNA__208__C,VPWR,li1,21.6200,24.4800,1.799993
ANTENNA__221__C,VPWR,li1,46.0000,19.0400,1.800000
ANTENNA__168__A2_N,VPWR,li1,13.3400,57.1200,1.799992
ANTENNA__287__B1,VPWR,li1,11.5000,46.2400,1.799986
ANTENNA__288__A,VPWR,li1,65.3200,46.2400,1.799980
clkload2,VPWR,li1,46.4600,62.5600,1.799936
clkload1,VPWR,li1,26.6800,57.1200,1.799984
clkload0,VPWR,li1,28.2900,29.9200,1.799992
clkbuf_2_3__f_clk,VPWR,li1,49.6800,62.5600,1.799934
clkbuf_2_2__f_clk,VPWR,li1,36.8000,62.5600,1.799953
clkbuf_2_1__f_clk,VPWR,li1,55.2000,35.3600,1.799981
clkbuf_2_0__f_clk,VPWR,li1,34.5000,35.3600,1.799965
clkbuf_0_clk,VPWR,li1,39.5600,46.2400,1.799955
project3_9,VPWR,li1,71.9900,73.4400,1.799996
output8,VPWR,li1,71.9900,40.8000,1.799996
output7,VPWR,li1,70.6100,35.3600,1.799979
output6,VPWR,li1,71.9900,24.4800,1.799986
output5,VPWR,li1,69.2300,24.4800,1.799986
output4,VPWR,li1,69.2300,19.0400,1.800000
output3,VPWR,li1,69.2300,13.6000,1.799993
output2,VPWR,li1,67.8500,13.6000,1.799993
input1,VPWR,li1,7.8200,68.0000,1.799995
project3_10,VPWR,li1,71.9900,46.2400,1.799980
project3_16,VPWR,li1,69.2300,78.8800,1.799998
project3_15,VPWR,li1,71.9900,73.4400,1.799996
project3_14,VPWR,li1,70.1500,62.5600,1.799969
project3_13,VPWR,li1,71.9900,62.5600,1.799969
project3_12,VPWR,li1,71.9900,57.1200,1.799992
project3_11,VPWR,li1,71.9900,51.6800,1.799999
TAP_TAPCELL_ROW_24_116,VPWR,li1,70.1500,78.5730,1.799998
TAP_TAPCELL_ROW_24_115,VPWR,li1,57.2700,78.5730,1.799998
TAP_TAPCELL_ROW_24_114,VPWR,li1,44.3900,78.5730,1.799996
TAP_TAPCELL_ROW_24_113,VPWR,li1,31.5100,78.5730,1.799997
TAP_TAPCELL_ROW_24_112,VPWR,li1,18.6300,78.5730,1.799998
TAP_TAPCELL_ROW_23_111,VPWR,li1,57.2700,73.7460,1.799994
TAP_TAPCELL_ROW_23_110,VPWR,li1,31.5100,73.7460,1.799991
TAP_TAPCELL_ROW_22_109,VPWR,li1,70.1500,73.1330,1.799996
TAP_TAPCELL_ROW_22_108,VPWR,li1,44.3900,73.1330,1.799992
TAP_TAPCELL_ROW_22_107,VPWR,li1,18.6300,73.1330,1.799988
TAP_TAPCELL_ROW_21_106,VPWR,li1,57.2700,68.3060,1.799991
TAP_TAPCELL_ROW_21_105,VPWR,li1,31.5100,68.3060,1.799994
TAP_TAPCELL_ROW_20_104,VPWR,li1,70.1500,67.6930,1.799988
TAP_TAPCELL_ROW_20_103,VPWR,li1,44.3900,67.6930,1.799992
TAP_TAPCELL_ROW_20_102,VPWR,li1,18.6300,67.6930,1.799993
TAP_TAPCELL_ROW_19_101,VPWR,li1,57.2700,62.8660,1.799958
TAP_TAPCELL_ROW_19_100,VPWR,li1,31.5100,62.8660,1.799957
TAP_TAPCELL_ROW_18_99,VPWR,li1,70.1500,62.2530,1.799969
TAP_TAPCELL_ROW_18_98,VPWR,li1,44.3900,62.2530,1.799939
TAP_TAPCELL_ROW_18_97,VPWR,li1,18.6300,62.2530,1.799972
TAP_TAPCELL_ROW_17_96,VPWR,li1,57.2700,57.4260,1.799990
TAP_TAPCELL_ROW_17_95,VPWR,li1,31.5100,57.4260,1.799987
TAP_TAPCELL_ROW_16_94,VPWR,li1,70.1500,56.8130,1.799992
TAP_TAPCELL_ROW_16_93,VPWR,li1,44.3900,56.8130,1.799987
TAP_TAPCELL_ROW_16_92,VPWR,li1,18.6300,56.8130,1.799989
TAP_TAPCELL_ROW_15_91,VPWR,li1,57.2700,51.9860,1.799998
TAP_TAPCELL_ROW_15_90,VPWR,li1,31.5100,51.9860,1.799997
TAP_TAPCELL_ROW_14_89,VPWR,li1,70.1500,51.3730,1.799999
TAP_TAPCELL_ROW_14_88,VPWR,li1,44.3900,51.3730,1.799996
TAP_TAPCELL_ROW_14_87,VPWR,li1,18.6300,51.3730,1.799998
TAP_TAPCELL_ROW_13_86,VPWR,li1,57.2700,46.5460,1.799976
TAP_TAPCELL_ROW_13_85,VPWR,li1,31.5100,46.5460,1.799965
TAP_TAPCELL_ROW_12_84,VPWR,li1,70.1500,45.9330,1.799980
TAP_TAPCELL_ROW_12_83,VPWR,li1,44.3900,45.9330,1.799959
TAP_TAPCELL_ROW_12_82,VPWR,li1,18.6300,45.9330,1.799976
TAP_TAPCELL_ROW_11_81,VPWR,li1,57.2700,41.1060,1.799996
TAP_TAPCELL_ROW_11_80,VPWR,li1,31.5100,41.1060,1.799994
TAP_TAPCELL_ROW_10_79,VPWR,li1,70.1500,40.4930,1.799996
TAP_TAPCELL_ROW_10_78,VPWR,li1,44.3900,40.4930,1.799993
TAP_TAPCELL_ROW_10_77,VPWR,li1,18.6300,40.4930,1.799994
TAP_TAPCELL_ROW_9_76,VPWR,li1,57.2700,35.6660,1.799982
TAP_TAPCELL_ROW_9_75,VPWR,li1,31.5100,35.6660,1.799966
TAP_TAPCELL_ROW_8_74,VPWR,li1,70.1500,35.0530,1.799979
TAP_TAPCELL_ROW_8_73,VPWR,li1,44.3900,35.0530,1.799975
TAP_TAPCELL_ROW_8_72,VPWR,li1,18.6300,35.0530,1.799976
TAP_TAPCELL_ROW_7_71,VPWR,li1,57.2700,30.2260,1.799990
TAP_TAPCELL_ROW_7_70,VPWR,li1,31.5100,30.2260,1.799992
TAP_TAPCELL_ROW_6_69,VPWR,li1,70.1500,29.6130,1.799982
TAP_TAPCELL_ROW_6_68,VPWR,li1,44.3900,29.6130,1.799992
TAP_TAPCELL_ROW_6_67,VPWR,li1,18.6300,29.6130,1.799995
TAP_TAPCELL_ROW_5_66,VPWR,li1,57.2700,24.7860,1.799988
TAP_TAPCELL_ROW_5_65,VPWR,li1,31.5100,24.7860,1.799990
TAP_TAPCELL_ROW_4_64,VPWR,li1,70.1500,24.1730,1.799986
TAP_TAPCELL_ROW_4_63,VPWR,li1,44.3900,24.1730,1.799987
TAP_TAPCELL_ROW_4_62,VPWR,li1,18.6300,24.1730,1.799994
TAP_TAPCELL_ROW_3_61,VPWR,li1,57.2700,19.3460,1.800000
TAP_TAPCELL_ROW_3_60,VPWR,li1,31.5100,19.3460,1.800000
TAP_TAPCELL_ROW_2_59,VPWR,li1,70.1500,18.7330,1.800000
TAP_TAPCELL_ROW_2_58,VPWR,li1,44.3900,18.7330,1.800000
TAP_TAPCELL_ROW_2_57,VPWR,li1,18.6300,18.7330,1.800000
TAP_TAPCELL_ROW_1_56,VPWR,li1,57.2700,13.9060,1.799995
TAP_TAPCELL_ROW_1_55,VPWR,li1,31.5100,13.9060,1.799997
TAP_TAPCELL_ROW_0_54,VPWR,li1,70.1500,13.2930,1.799993
TAP_TAPCELL_ROW_0_53,VPWR,li1,57.2700,13.2930,1.799995
TAP_TAPCELL_ROW_0_52,VPWR,li1,44.3900,13.2930,1.799997
TAP_TAPCELL_ROW_0_51,VPWR,li1,31.5100,13.2930,1.799997
TAP_TAPCELL_ROW_0_50,VPWR,li1,18.6300,13.2930,1.799995
PHY_EDGE_ROW_24_Left_49,VPWR,li1,6.2100,78.8800,1.799999
PHY_EDGE_ROW_23_Left_48,VPWR,li1,6.2100,73.4400,1.799993
PHY_EDGE_ROW_22_Left_47,VPWR,li1,6.2100,73.4400,1.799993
PHY_EDGE_ROW_21_Left_46,VPWR,li1,6.2100,68.0000,1.799995
PHY_EDGE_ROW_20_Left_45,VPWR,li1,6.2100,68.0000,1.799995
PHY_EDGE_ROW_19_Left_44,VPWR,li1,6.2100,62.5600,1.799985
PHY_EDGE_ROW_18_Left_43,VPWR,li1,6.2100,62.5600,1.799985
PHY_EDGE_ROW_17_Left_42,VPWR,li1,6.2100,57.1200,1.799994
PHY_EDGE_ROW_16_Left_41,VPWR,li1,6.2100,57.1200,1.799994
PHY_EDGE_ROW_15_Left_40,VPWR,li1,6.2100,51.6800,1.799999
PHY_EDGE_ROW_14_Left_39,VPWR,li1,6.2100,51.6800,1.799999
PHY_EDGE_ROW_13_Left_38,VPWR,li1,6.2100,46.2400,1.799986
PHY_EDGE_ROW_12_Left_37,VPWR,li1,6.2100,46.2400,1.799986
PHY_EDGE_ROW_11_Left_36,VPWR,li1,6.2100,40.8000,1.799996
PHY_EDGE_ROW_10_Left_35,VPWR,li1,6.2100,40.8000,1.799996
PHY_EDGE_ROW_9_Left_34,VPWR,li1,6.2100,35.3600,1.799986
PHY_EDGE_ROW_8_Left_33,VPWR,li1,6.2100,35.3600,1.799986
PHY_EDGE_ROW_7_Left_32,VPWR,li1,6.2100,29.9200,1.799997
PHY_EDGE_ROW_6_Left_31,VPWR,li1,6.2100,29.9200,1.799997
PHY_EDGE_ROW_5_Left_30,VPWR,li1,6.2100,24.4800,1.799997
PHY_EDGE_ROW_4_Left_29,VPWR,li1,6.2100,24.4800,1.799997
PHY_EDGE_ROW_3_Left_28,VPWR,li1,6.2100,19.0400,1.800000
PHY_EDGE_ROW_2_Left_27,VPWR,li1,6.2100,19.0400,1.800000
PHY_EDGE_ROW_1_Left_26,VPWR,li1,6.2100,13.6000,1.799995
PHY_EDGE_ROW_0_Left_25,VPWR,li1,6.2100,13.6000,1.799995
PHY_EDGE_ROW_24_Right_24,VPWR,li1,73.3700,78.8800,1.799998
PHY_EDGE_ROW_23_Right_23,VPWR,li1,73.3700,73.4400,1.799996
PHY_EDGE_ROW_22_Right_22,VPWR,li1,73.3700,73.4400,1.799996
PHY_EDGE_ROW_21_Right_21,VPWR,li1,73.3700,68.0000,1.799988
PHY_EDGE_ROW_20_Right_20,VPWR,li1,73.3700,68.0000,1.799988
PHY_EDGE_ROW_19_Right_19,VPWR,li1,73.3700,62.5600,1.799969
PHY_EDGE_ROW_18_Right_18,VPWR,li1,73.3700,62.5600,1.799969
PHY_EDGE_ROW_17_Right_17,VPWR,li1,73.3700,57.1200,1.799992
PHY_EDGE_ROW_16_Right_16,VPWR,li1,73.3700,57.1200,1.799992
PHY_EDGE_ROW_15_Right_15,VPWR,li1,73.3700,51.6800,1.799999
PHY_EDGE_ROW_14_Right_14,VPWR,li1,73.3700,51.6800,1.799999
PHY_EDGE_ROW_13_Right_13,VPWR,li1,73.3700,46.2400,1.799980
PHY_EDGE_ROW_12_Right_12,VPWR,li1,73.3700,46.2400,1.799980
PHY_EDGE_ROW_11_Right_11,VPWR,li1,73.3700,40.8000,1.799996
PHY_EDGE_ROW_10_Right_10,VPWR,li1,73.3700,40.8000,1.799996
PHY_EDGE_ROW_9_Right_9,VPWR,li1,73.3700,35.3600,1.799979
PHY_EDGE_ROW_8_Right_8,VPWR,li1,73.3700,35.3600,1.799979
PHY_EDGE_ROW_7_Right_7,VPWR,li1,73.3700,29.9200,1.799982
PHY_EDGE_ROW_6_Right_6,VPWR,li1,73.3700,29.9200,1.799982
PHY_EDGE_ROW_5_Right_5,VPWR,li1,73.3700,24.4800,1.799986
PHY_EDGE_ROW_4_Right_4,VPWR,li1,73.3700,24.4800,1.799986
PHY_EDGE_ROW_3_Right_3,VPWR,li1,73.3700,19.0400,1.800000
PHY_EDGE_ROW_2_Right_2,VPWR,li1,73.3700,19.0400,1.800000
PHY_EDGE_ROW_1_Right_1,VPWR,li1,73.3700,13.6000,1.799993
PHY_EDGE_ROW_0_Right_0,VPWR,li1,73.3700,13.6000,1.799993
_370_,VPWR,li1,8.9700,29.9200,1.799997
_361_,VPWR,li1,16.7900,68.0000,1.799992
_360_,VPWR,li1,27.8300,57.1200,1.799984
_359_,VPWR,li1,26.9100,62.5600,1.799962
_358_,VPWR,li1,64.6300,29.9200,1.799983
_357_,VPWR,li1,31.0500,29.9200,1.799992
_356_,VPWR,li1,37.2600,51.6800,1.799996
_355_,VPWR,li1,51.7500,46.2400,1.799966
_354_,VPWR,li1,65.0900,68.0000,1.799988
_353_,VPWR,li1,49.2200,73.4400,1.799991
_352_,VPWR,li1,12.4200,13.6000,1.799994
_351_,VPWR,li1,22.0800,40.8000,1.799992
_350_,VPWR,li1,38.6400,78.8800,1.799995
_349_,VPWR,li1,18.4000,73.4400,1.799988
_348_,VPWR,li1,24.1500,73.4400,1.799988
_347_,VPWR,li1,31.0500,68.0000,1.799994
_346_,VPWR,li1,39.3300,24.4800,1.799987
_345_,VPWR,li1,26.6800,46.2400,1.799966
_344_,VPWR,li1,65.3200,35.3600,1.799979
_343_,VPWR,li1,16.3300,35.3600,1.799978
_342_,VPWR,li1,67.3900,24.4800,1.799986
_341_,VPWR,li1,47.8400,40.8000,1.799992
_340_,VPWR,li1,50.8300,68.0000,1.799989
_339_,VPWR,li1,25.7600,35.3600,1.799971
_338_,VPWR,li1,24.1500,46.2400,1.799968
_337_,VPWR,li1,49.2200,57.1200,1.799985
_336_,VPWR,li1,52.4400,46.2400,1.799966
_335_,VPWR,li1,64.4000,13.6000,1.799993
_334_,VPWR,li1,33.8100,24.4800,1.799989
_333_,VPWR,li1,52.4400,24.4800,1.799985
_332_,VPWR,li1,62.1000,35.3600,1.799981
_331_,VPWR,li1,66.4700,29.9200,1.799982
_330_,VPWR,li1,51.7500,57.1200,1.799985
_329_,VPWR,li1,45.7700,35.3600,1.799977
_328_,VPWR,li1,36.5700,29.9200,1.799994
_327_,VPWR,li1,23.6900,62.5600,1.799965
_326_,VPWR,li1,42.0900,24.4800,1.799987
_325_,VPWR,li1,67.3900,35.3600,1.799979
_324_,VPWR,li1,71.9900,19.0400,1.800000
_323_,VPWR,li1,29.6700,46.2400,1.799965
_322_,VPWR,li1,15.4100,35.3600,1.799978
_321_,VPWR,li1,69.6900,40.8000,1.799996
_320_,VPWR,li1,49.4500,51.6800,1.799997
_319_,VPWR,li1,71.0700,78.8800,1.799998
_318_,VPWR,li1,30.1300,68.0000,1.799994
_317_,VPWR,li1,58.8800,40.8000,1.799996
_316_,VPWR,li1,61.8700,51.6800,1.799999
_315_,VPWR,li1,63.2500,68.0000,1.799989
_314_,VPWR,li1,17.7100,24.4800,1.799994
_313_,VPWR,li1,45.3100,13.6000,1.799996
_312_,VPWR,li1,40.2500,57.1200,1.799989
_311_,VPWR,li1,53.1300,51.6800,1.799998
_310_,VPWR,li1,35.6500,57.1200,1.799990
_309_,VPWR,li1,58.1900,46.2400,1.799976
_308_,VPWR,li1,71.0700,35.3600,1.799979
_307_,VPWR,li1,71.0700,68.0000,1.799988
_306_,VPWR,li1,68.5400,51.6800,1.799999
_305_,VPWR,li1,58.1900,73.4400,1.799994
_304_,VPWR,li1,58.1900,62.5600,1.799958
_303_,VPWR,li1,70.6100,19.0400,1.800000
_302_,VPWR,li1,9.4300,68.0000,1.799995
_301_,VPWR,li1,63.2500,24.4800,1.799988
_300_,VPWR,li1,32.8900,29.9200,1.799992
_299_,VPWR,li1,63.2500,51.6800,1.799999
_298_,VPWR,li1,36.1100,73.4400,1.799993
_297_,VPWR,li1,23.6900,57.1200,1.799986
_296_,VPWR,li1,23.6900,35.3600,1.799973
_295_,VPWR,li1,61.1800,19.0400,1.800000
_294_,VPWR,li1,52.9000,29.9200,1.799991
_293_,VPWR,li1,26.4500,24.4800,1.799992
_292_,VPWR,li1,46.6900,24.4800,1.799986
_291_,VPWR,li1,71.5300,62.5600,1.799969
_290_,VPWR,li1,20.4700,68.0000,1.799993
_289_,VPWR,li1,10.5800,68.0000,1.799995
_288_,VPWR,li1,66.4700,46.2400,1.799980
_287_,VPWR,li1,14.0300,46.2400,1.799981
_286_,VPWR,li1,52.6700,62.5600,1.799946
_285_,VPWR,li1,66.4700,57.1200,1.799992
_284_,VPWR,li1,46.4600,24.4800,1.799986
_283_,VPWR,li1,33.5800,57.1200,1.799989
_282_,VPWR,li1,11.7300,46.2400,1.799986
_281_,VPWR,li1,66.4700,62.5600,1.799969
_280_,VPWR,li1,16.3300,51.6800,1.799998
_279_,VPWR,li1,33.8100,62.5600,1.799955
_278_,VPWR,li1,34.9600,35.3600,1.799972
_277_,VPWR,li1,22.7700,68.0000,1.799993
_276_,VPWR,li1,37.2600,68.0000,1.799994
_275_,VPWR,li1,36.3400,29.9200,1.799994
_274_,VPWR,li1,32.8900,24.4800,1.799989
_273_,VPWR,li1,39.7900,35.3600,1.799974
_272_,VPWR,li1,30.5900,51.6800,1.799997
_271_,VPWR,li1,27.3700,24.4800,1.799992
_270_,VPWR,li1,25.9900,40.8000,1.799993
_269_,VPWR,li1,53.5900,40.8000,1.799994
_268_,VPWR,li1,23.0000,29.9200,1.799994
_267_,VPWR,li1,47.6100,13.6000,1.799996
_266_,VPWR,li1,26.9100,29.9200,1.799993
_265_,VPWR,li1,61.8700,62.5600,1.799969
_264_,VPWR,li1,71.5300,40.8000,1.799996
_263_,VPWR,li1,58.6500,46.2400,1.799976
_262_,VPWR,li1,34.2700,73.4400,1.799993
_261_,VPWR,li1,60.9500,40.8000,1.799996
_260_,VPWR,li1,46.6900,68.0000,1.799991
_259_,VPWR,li1,71.9900,35.3600,1.799979
_258_,VPWR,li1,59.1100,29.9200,1.799990
_257_,VPWR,li1,33.3500,46.2400,1.799965
_256_,VPWR,li1,26.6800,51.6800,1.799997
_255_,VPWR,li1,58.4200,24.4800,1.799989
_254_,VPWR,li1,37.9500,46.2400,1.799955
_253_,VPWR,li1,58.6500,29.9200,1.799990
_252_,VPWR,li1,36.5700,35.3600,1.799972
_251_,VPWR,li1,29.2100,40.8000,1.799994
_250_,VPWR,li1,56.3500,29.9200,1.799991
_249_,VPWR,li1,30.1300,29.9200,1.799992
_248_,VPWR,li1,28.2900,73.4400,1.799989
_247_,VPWR,li1,24.1500,40.8000,1.799993
_246_,VPWR,li1,35.4200,19.0400,1.800000
_245_,VPWR,li1,15.6400,57.1200,1.799991
_244_,VPWR,li1,15.4100,29.9200,1.799995
_243_,VPWR,li1,27.3700,40.8000,1.799993
_242_,VPWR,li1,52.2100,78.8800,1.799997
_241_,VPWR,li1,30.1300,24.4800,1.799990
_240_,VPWR,li1,43.9300,62.5600,1.799942
_239_,VPWR,li1,20.0100,40.8000,1.799993
_238_,VPWR,li1,28.7500,57.1200,1.799986
_237_,VPWR,li1,21.3900,46.2400,1.799973
_236_,VPWR,li1,37.4900,51.6800,1.799996
_235_,VPWR,li1,8.7400,73.4400,1.799993
_234_,VPWR,li1,63.9400,62.5600,1.799969
_233_,VPWR,li1,46.2300,46.2400,1.799960
_232_,VPWR,li1,71.5300,29.9200,1.799982
_231_,VPWR,li1,25.0700,29.9200,1.799993
_230_,VPWR,li1,54.9700,24.4800,1.799986
_229_,VPWR,li1,16.5600,13.6000,1.799995
_228_,VPWR,li1,58.8800,24.4800,1.799989
_227_,VPWR,li1,18.4000,57.1200,1.799989
_226_,VPWR,li1,58.1900,13.6000,1.799995
_225_,VPWR,li1,8.0500,73.4400,1.799993
_224_,VPWR,li1,63.2500,46.2400,1.799980
_223_,VPWR,li1,64.1700,57.1200,1.799992
_222_,VPWR,li1,19.7800,57.1200,1.799988
_221_,VPWR,li1,41.4000,19.0400,1.800000
_220_,VPWR,li1,39.5600,29.9200,1.799994
_219_,VPWR,li1,59.5700,73.4400,1.799994
_218_,VPWR,li1,41.6300,68.0000,1.799993
_217_,VPWR,li1,59.5700,68.0000,1.799992
_216_,VPWR,li1,21.8500,40.8000,1.799992
_215_,VPWR,li1,70.3800,13.6000,1.799993
_214_,VPWR,li1,48.0700,78.8800,1.799997
_213_,VPWR,li1,14.4900,68.0000,1.799994
_212_,VPWR,li1,58.6500,19.0400,1.800000
_211_,VPWR,li1,56.3500,35.3600,1.799982
_210_,VPWR,li1,71.0700,68.0000,1.799988
_209_,VPWR,li1,41.4000,29.9200,1.799993
_208_,VPWR,li1,20.0100,29.9200,1.799994
_207_,VPWR,li1,44.1600,13.6000,1.799997
_206_,VPWR,li1,26.9100,35.3600,1.799969
_205_,VPWR,li1,71.5300,19.0400,1.800000
_204_,VPWR,li1,32.8900,35.3600,1.799965
_203_,VPWR,li1,30.5900,62.5600,1.799958
_202_,VPWR,li1,15.6400,24.4800,1.799995
_201_,VPWR,li1,23.2300,68.0000,1.799993
_200_,VPWR,li1,55.8900,40.8000,1.799995
_199_,VPWR,li1,51.7500,13.6000,1.799996
_198_,VPWR,li1,61.8700,51.6800,1.799999
_197_,VPWR,li1,47.6100,19.0400,1.800000
_196_,VPWR,li1,71.3000,51.6800,1.799999
_195_,VPWR,li1,51.9800,35.3600,1.799979
_194_,VPWR,li1,71.9900,13.6000,1.799993
_193_,VPWR,li1,20.0100,62.5600,1.799972
_192_,VPWR,li1,28.7500,35.3600,1.799968
_191_,VPWR,li1,11.7300,51.6800,1.799999
_190_,VPWR,li1,34.2700,40.8000,1.799995
_189_,VPWR,li1,32.6600,40.8000,1.799994
_188_,VPWR,li1,45.7700,13.6000,1.799996
_187_,VPWR,li1,49.6800,51.6800,1.799997
_186_,VPWR,li1,12.4200,24.4800,1.799996
_185_,VPWR,li1,54.9700,13.6000,1.799996
_184_,VPWR,li1,66.4700,68.0000,1.799988
_183_,VPWR,li1,20.7000,35.3600,1.799974
_182_,VPWR,li1,44.6200,57.1200,1.799987
_181_,VPWR,li1,65.7800,51.6800,1.799999
_180_,VPWR,li1,64.1700,78.8800,1.799998
_179_,VPWR,li1,20.2400,78.8800,1.799998
_178_,VPWR,li1,45.7700,46.2400,1.799960
_177_,VPWR,li1,59.3400,57.1200,1.799992
_176_,VPWR,li1,17.9400,46.2400,1.799978
_175_,VPWR,li1,68.3100,62.5600,1.799969
_174_,VPWR,li1,34.0400,57.1200,1.799989
_173_,VPWR,li1,8.2800,19.0400,1.800000
_172_,VPWR,li1,51.7500,51.6800,1.799997
_171_,VPWR,li1,54.7400,73.4400,1.799993
_170_,VPWR,li1,13.1100,19.0400,1.800000
_169_,VPWR,li1,65.0900,19.0400,1.800000
_168_,VPWR,li1,15.6400,57.1200,1.799991
_167_,VPWR,li1,9.4300,24.4800,1.799997
_166_,VPWR,li1,11.7300,40.8000,1.799996
_165_,VPWR,li1,63.2500,51.6800,1.799999
_164_,VPWR,li1,34.2700,19.0400,1.800000
_163_,VPWR,li1,7.5900,35.3600,1.799986
_162_,VPWR,li1,40.2500,24.4800,1.799987
