Instance,Terminal,Layer,X location,Y location,Voltage
FILLER_0_24_144,VGND,li1,72.2200,76.1600,0.000002
FILLER_0_24_135,VGND,li1,68.0800,76.1600,0.000002
FILLER_0_24_131,VGND,li1,66.2400,76.1600,0.000002
FILLER_0_24_121,VGND,li1,61.4100,76.1600,0.000002
FILLER_0_24_113,VGND,li1,59.3400,76.1600,0.000002
FILLER_0_24_111,VGND,li1,56.8100,76.1600,0.000003
FILLER_0_24_103,VGND,li1,54.7400,76.1600,0.000003
FILLER_0_24_94,VGND,li1,50.1400,76.1600,0.000004
FILLER_0_24_85,VGND,li1,46.0000,76.1600,0.000004
FILLER_0_24_82,VGND,li1,43.7000,76.1600,0.000005
FILLER_0_24_61,VGND,li1,33.8100,76.1600,0.000006
FILLER_0_24_57,VGND,li1,32.6600,76.1600,0.000006
FILLER_0_24_55,VGND,li1,31.0500,76.1600,0.000006
FILLER_0_24_51,VGND,li1,29.9000,76.1600,0.000006
FILLER_0_24_39,VGND,li1,26.2200,76.1600,0.000007
FILLER_0_24_35,VGND,li1,22.0800,76.1600,0.000007
FILLER_0_24_27,VGND,li1,18.1700,76.1600,0.000008
FILLER_0_24_19,VGND,li1,16.1000,76.1600,0.000007
FILLER_0_24_15,VGND,li1,12.8800,76.1600,0.000005
FILLER_0_24_11,VGND,li1,11.0400,76.1600,0.000005
FILLER_0_24_3,VGND,li1,8.7400,76.1600,0.000005
FILLER_0_23_141,VGND,li1,70.8400,76.1600,0.000002
FILLER_0_23_135,VGND,li1,68.5400,76.1600,0.000002
FILLER_0_23_123,VGND,li1,64.8600,76.1600,0.000002
FILLER_0_23_119,VGND,li1,60.7200,76.1600,0.000002
FILLER_0_23_109,VGND,li1,56.3500,76.1600,0.000003
FILLER_0_23_102,VGND,li1,53.1300,76.1600,0.000003
FILLER_0_23_96,VGND,li1,50.6000,76.1600,0.000004
FILLER_0_23_84,VGND,li1,46.9200,76.1600,0.000004
FILLER_0_23_72,VGND,li1,41.4000,76.1600,0.000005
FILLER_0_23_68,VGND,li1,37.2600,76.1600,0.000006
FILLER_0_23_57,VGND,li1,32.4300,76.1600,0.000006
FILLER_0_23_55,VGND,li1,31.0500,76.1600,0.000006
FILLER_0_23_51,VGND,li1,29.9000,76.1600,0.000006
FILLER_0_23_38,VGND,li1,24.8400,76.1600,0.000007
FILLER_0_23_17,VGND,li1,13.5700,76.1600,0.000005
FILLER_0_23_11,VGND,li1,11.5000,76.1600,0.000005
FILLER_0_22_141,VGND,li1,70.8400,70.7200,0.000004
FILLER_0_22_137,VGND,li1,68.7700,70.7200,0.000004
FILLER_0_22_133,VGND,li1,67.6200,70.7200,0.000004
FILLER_0_22_129,VGND,li1,65.3200,70.7200,0.000004
FILLER_0_22_125,VGND,li1,63.4800,70.7200,0.000004
FILLER_0_22_117,VGND,li1,61.1800,70.7200,0.000005
FILLER_0_22_113,VGND,li1,57.9600,70.7200,0.000006
FILLER_0_22_109,VGND,li1,56.1200,70.7200,0.000007
FILLER_0_22_105,VGND,li1,54.2800,70.7200,0.000007
FILLER_0_22_83,VGND,li1,43.9300,70.7200,0.000008
FILLER_0_22_75,VGND,li1,41.8600,70.7200,0.000007
FILLER_0_22_63,VGND,li1,37.2600,70.7200,0.000006
FILLER_0_22_51,VGND,li1,31.7400,70.7200,0.000009
FILLER_0_22_29,VGND,li1,19.0900,70.7200,0.000011
FILLER_0_22_27,VGND,li1,18.1700,70.7200,0.000011
FILLER_0_22_21,VGND,li1,16.5600,70.7200,0.000011
FILLER_0_22_17,VGND,li1,13.8000,70.7200,0.000008
FILLER_0_22_12,VGND,li1,11.7300,70.7200,0.000008
FILLER_0_22_8,VGND,li1,9.6600,70.7200,0.000008
FILLER_0_21_145,VGND,li1,72.4500,70.7200,0.000004
FILLER_0_21_136,VGND,li1,68.5400,70.7200,0.000004
FILLER_0_21_127,VGND,li1,64.4000,70.7200,0.000004
FILLER_0_21_121,VGND,li1,61.4100,70.7200,0.000005
FILLER_0_21_117,VGND,li1,60.2600,70.7200,0.000005
FILLER_0_21_113,VGND,li1,57.9600,70.7200,0.000006
FILLER_0_21_104,VGND,li1,55.2000,70.7200,0.000007
FILLER_0_21_92,VGND,li1,50.6000,70.7200,0.000009
FILLER_0_21_81,VGND,li1,43.7000,70.7200,0.000008
FILLER_0_21_75,VGND,li1,40.2500,70.7200,0.000007
FILLER_0_21_67,VGND,li1,38.1800,70.7200,0.000006
FILLER_0_21_61,VGND,li1,34.5000,70.7200,0.000008
FILLER_0_21_57,VGND,li1,32.2000,70.7200,0.000009
FILLER_0_21_55,VGND,li1,31.0500,70.7200,0.000009
FILLER_0_21_44,VGND,li1,27.6000,70.7200,0.000010
FILLER_0_21_40,VGND,li1,24.3800,70.7200,0.000012
FILLER_0_21_36,VGND,li1,22.3100,70.7200,0.000012
FILLER_0_21_7,VGND,li1,9.2000,70.7200,0.000008
FILLER_0_20_144,VGND,li1,72.2200,65.2800,0.000026
FILLER_0_20_114,VGND,li1,58.4200,65.2800,0.000038
FILLER_0_20_109,VGND,li1,56.3500,65.2800,0.000042
FILLER_0_20_85,VGND,li1,45.3100,65.2800,0.000042
FILLER_0_20_83,VGND,li1,43.9300,65.2800,0.000036
FILLER_0_20_75,VGND,li1,41.4000,65.2800,0.000031
FILLER_0_20_71,VGND,li1,38.6400,65.2800,0.000024
FILLER_0_20_40,VGND,li1,24.3800,65.2800,0.000017
FILLER_0_20_29,VGND,li1,19.0900,65.2800,0.000013
FILLER_0_20_25,VGND,li1,17.2500,65.2800,0.000012
FILLER_0_20_21,VGND,li1,16.1000,65.2800,0.000010
FILLER_0_20_14,VGND,li1,12.4200,65.2800,0.000008
FILLER_0_20_10,VGND,li1,10.5800,65.2800,0.000008
FILLER_0_20_3,VGND,li1,7.8200,65.2800,0.000008
FILLER_0_19_145,VGND,li1,72.4500,65.2800,0.000026
FILLER_0_19_138,VGND,li1,69.2300,65.2800,0.000026
FILLER_0_19_132,VGND,li1,67.6200,65.2800,0.000026
FILLER_0_19_124,VGND,li1,63.9400,65.2800,0.000026
FILLER_0_19_120,VGND,li1,60.9500,65.2800,0.000034
FILLER_0_19_116,VGND,li1,59.3400,65.2800,0.000034
FILLER_0_19_106,VGND,li1,55.6600,65.2800,0.000042
FILLER_0_19_80,VGND,li1,42.5500,65.2800,0.000031
FILLER_0_19_68,VGND,li1,39.5600,65.2800,0.000024
FILLER_0_19_64,VGND,li1,35.4200,65.2800,0.000023
FILLER_0_19_57,VGND,li1,32.2000,65.2800,0.000022
FILLER_0_19_45,VGND,li1,27.6000,65.2800,0.000020
FILLER_0_19_41,VGND,li1,24.8400,65.2800,0.000017
FILLER_0_19_34,VGND,li1,21.6200,65.2800,0.000015
FILLER_0_19_15,VGND,li1,15.1800,65.2800,0.000010
FILLER_0_19_3,VGND,li1,9.6600,65.2800,0.000008
FILLER_0_18_141,VGND,li1,70.8400,59.8400,0.000013
FILLER_0_18_138,VGND,li1,69.4600,59.8400,0.000013
FILLER_0_18_122,VGND,li1,62.1000,59.8400,0.000016
FILLER_0_18_118,VGND,li1,60.2600,59.8400,0.000018
FILLER_0_18_114,VGND,li1,58.4200,59.8400,0.000020
FILLER_0_18_110,VGND,li1,56.5800,59.8400,0.000023
FILLER_0_18_106,VGND,li1,54.7400,59.8400,0.000025
FILLER_0_18_96,VGND,li1,49.9100,59.8400,0.000032
FILLER_0_18_92,VGND,li1,48.7600,59.8400,0.000032
FILLER_0_18_85,VGND,li1,44.8500,59.8400,0.000034
FILLER_0_18_78,VGND,li1,42.7800,59.8400,0.000034
FILLER_0_18_29,VGND,li1,20.2400,59.8400,0.000028
FILLER_0_18_23,VGND,li1,16.7900,59.8400,0.000021
FILLER_0_18_15,VGND,li1,14.2600,59.8400,0.000016
FILLER_0_18_3,VGND,li1,9.6600,59.8400,0.000016
FILLER_0_17_143,VGND,li1,71.9900,59.8400,0.000013
FILLER_0_17_135,VGND,li1,69.4600,59.8400,0.000013
FILLER_0_17_130,VGND,li1,66.0100,59.8400,0.000013
FILLER_0_17_125,VGND,li1,63.7100,59.8400,0.000016
FILLER_0_17_121,VGND,li1,61.6400,59.8400,0.000018
FILLER_0_17_71,VGND,li1,40.0200,59.8400,0.000035
FILLER_0_17_67,VGND,li1,36.8000,59.8400,0.000042
FILLER_0_17_57,VGND,li1,31.9700,59.8400,0.000041
FILLER_0_17_52,VGND,li1,30.3600,59.8400,0.000040
FILLER_0_17_41,VGND,li1,24.8400,59.8400,0.000034
FILLER_0_17_34,VGND,li1,21.6200,59.8400,0.000031
FILLER_0_17_30,VGND,li1,19.7800,59.8400,0.000028
FILLER_0_17_15,VGND,li1,12.6500,59.8400,0.000016
FILLER_0_17_3,VGND,li1,9.6600,59.8400,0.000016
FILLER_0_16_141,VGND,li1,70.8400,54.4000,0.000003
FILLER_0_16_139,VGND,li1,69.6900,54.4000,0.000003
FILLER_0_16_135,VGND,li1,68.0800,54.4000,0.000003
FILLER_0_16_121,VGND,li1,61.6400,54.4000,0.000004
FILLER_0_16_113,VGND,li1,59.3400,54.4000,0.000005
FILLER_0_16_105,VGND,li1,55.2000,54.4000,0.000006
FILLER_0_16_81,VGND,li1,43.4700,54.4000,0.000007
FILLER_0_16_77,VGND,li1,41.4000,54.4000,0.000006
FILLER_0_16_72,VGND,li1,39.1000,54.4000,0.000006
FILLER_0_16_68,VGND,li1,37.2600,54.4000,0.000005
FILLER_0_16_64,VGND,li1,35.4200,54.4000,0.000006
FILLER_0_16_33,VGND,li1,21.6200,54.4000,0.000006
FILLER_0_16_25,VGND,li1,17.7100,54.4000,0.000005
FILLER_0_16_15,VGND,li1,13.3400,54.4000,0.000003
FILLER_0_16_3,VGND,li1,9.6600,54.4000,0.000003
FILLER_0_15_131,VGND,li1,66.4700,54.4000,0.000003
FILLER_0_15_127,VGND,li1,64.4000,54.4000,0.000003
FILLER_0_15_117,VGND,li1,59.8000,54.4000,0.000005
FILLER_0_15_113,VGND,li1,57.9600,54.4000,0.000005
FILLER_0_15_100,VGND,li1,54.2800,54.4000,0.000006
FILLER_0_15_84,VGND,li1,46.0000,54.4000,0.000007
FILLER_0_15_72,VGND,li1,41.4000,54.4000,0.000006
FILLER_0_15_57,VGND,li1,33.5800,54.4000,0.000006
FILLER_0_15_50,VGND,li1,29.2100,54.4000,0.000007
FILLER_0_15_37,VGND,li1,23.2300,54.4000,0.000006
FILLER_0_15_29,VGND,li1,20.7000,54.4000,0.000006
FILLER_0_15_25,VGND,li1,17.4800,54.4000,0.000005
FILLER_0_15_19,VGND,li1,14.9500,54.4000,0.000004
FILLER_0_15_15,VGND,li1,12.8800,54.4000,0.000003
FILLER_0_15_9,VGND,li1,9.8900,54.4000,0.000003
FILLER_0_15_3,VGND,li1,8.2800,54.4000,0.000003
FILLER_0_14_141,VGND,li1,70.8400,48.9600,0.000005
FILLER_0_14_138,VGND,li1,69.4600,48.9600,0.000005
FILLER_0_14_134,VGND,li1,67.6200,48.9600,0.000005
FILLER_0_14_127,VGND,li1,64.1700,48.9600,0.000005
FILLER_0_14_117,VGND,li1,59.8000,48.9600,0.000007
FILLER_0_14_109,VGND,li1,57.5000,48.9600,0.000008
FILLER_0_14_105,VGND,li1,54.2800,48.9600,0.000009
FILLER_0_14_97,VGND,li1,50.6000,48.9600,0.000010
FILLER_0_14_91,VGND,li1,47.6100,48.9600,0.000010
FILLER_0_14_85,VGND,li1,46.0000,48.9600,0.000009
FILLER_0_14_83,VGND,li1,43.9300,48.9600,0.000009
FILLER_0_14_79,VGND,li1,42.7800,48.9600,0.000009
FILLER_0_14_53,VGND,li1,31.2800,48.9600,0.000010
FILLER_0_14_41,VGND,li1,27.1400,48.9600,0.000011
FILLER_0_14_29,VGND,li1,21.6200,48.9600,0.000008
FILLER_0_14_25,VGND,li1,17.7100,48.9600,0.000006
FILLER_0_14_15,VGND,li1,14.2600,48.9600,0.000005
FILLER_0_14_3,VGND,li1,9.6600,48.9600,0.000005
FILLER_0_13_140,VGND,li1,70.8400,48.9600,0.000005
FILLER_0_13_136,VGND,li1,68.5400,48.9600,0.000005
FILLER_0_13_131,VGND,li1,66.4700,48.9600,0.000005
FILLER_0_13_127,VGND,li1,64.4000,48.9600,0.000005
FILLER_0_13_120,VGND,li1,61.1800,48.9600,0.000006
FILLER_0_13_116,VGND,li1,59.3400,48.9600,0.000007
FILLER_0_13_91,VGND,li1,47.6100,48.9600,0.000010
FILLER_0_13_78,VGND,li1,42.7800,48.9600,0.000009
FILLER_0_13_74,VGND,li1,40.0200,48.9600,0.000009
FILLER_0_13_64,VGND,li1,35.6500,48.9600,0.000010
FILLER_0_13_30,VGND,li1,20.0100,48.9600,0.000007
FILLER_0_13_23,VGND,li1,16.3300,48.9600,0.000006
FILLER_0_13_11,VGND,li1,10.8100,48.9600,0.000005
FILLER_0_13_3,VGND,li1,8.7400,48.9600,0.000005
FILLER_0_12_141,VGND,li1,70.8400,43.5200,0.000015
FILLER_0_12_138,VGND,li1,69.4600,43.5200,0.000015
FILLER_0_12_134,VGND,li1,67.6200,43.5200,0.000015
FILLER_0_12_117,VGND,li1,62.1000,43.5200,0.000018
FILLER_0_12_111,VGND,li1,57.2700,43.5200,0.000024
FILLER_0_12_85,VGND,li1,45.0800,43.5200,0.000036
FILLER_0_12_58,VGND,li1,33.5800,43.5200,0.000036
FILLER_0_12_54,VGND,li1,30.8200,43.5200,0.000034
FILLER_0_12_29,VGND,li1,19.0900,43.5200,0.000023
FILLER_0_12_27,VGND,li1,18.1700,43.5200,0.000023
FILLER_0_12_23,VGND,li1,16.5600,43.5200,0.000020
FILLER_0_12_15,VGND,li1,14.2600,43.5200,0.000016
FILLER_0_12_11,VGND,li1,10.8100,43.5200,0.000016
FILLER_0_12_3,VGND,li1,8.7400,43.5200,0.000016
FILLER_0_11_134,VGND,li1,67.6200,43.5200,0.000015
FILLER_0_11_130,VGND,li1,65.7800,43.5200,0.000015
FILLER_0_11_122,VGND,li1,63.4800,43.5200,0.000015
FILLER_0_11_107,VGND,li1,55.4300,43.5200,0.000027
FILLER_0_11_81,VGND,li1,43.0100,43.5200,0.000037
FILLER_0_11_73,VGND,li1,40.9400,43.5200,0.000037
FILLER_0_11_61,VGND,li1,36.3400,43.5200,0.000037
FILLER_0_11_55,VGND,li1,31.0500,43.5200,0.000035
FILLER_0_11_46,VGND,li1,27.1400,43.5200,0.000033
FILLER_0_11_23,VGND,li1,16.3300,43.5200,0.000020
FILLER_0_11_15,VGND,li1,14.2600,43.5200,0.000016
FILLER_0_11_3,VGND,li1,9.6600,43.5200,0.000016
FILLER_0_10_141,VGND,li1,70.8400,38.0800,0.000005
FILLER_0_10_137,VGND,li1,68.7700,38.0800,0.000005
FILLER_0_10_133,VGND,li1,67.6200,38.0800,0.000005
FILLER_0_10_121,VGND,li1,63.9400,38.0800,0.000005
FILLER_0_10_117,VGND,li1,59.8000,38.0800,0.000006
FILLER_0_10_113,VGND,li1,57.9600,38.0800,0.000006
FILLER_0_10_103,VGND,li1,53.1300,38.0800,0.000006
FILLER_0_10_97,VGND,li1,51.5200,38.0800,0.000006
FILLER_0_10_85,VGND,li1,47.3800,38.0800,0.000005
FILLER_0_10_80,VGND,li1,43.2400,38.0800,0.000005
FILLER_0_10_68,VGND,li1,39.5600,38.0800,0.000005
FILLER_0_10_64,VGND,li1,35.4200,38.0800,0.000007
FILLER_0_10_57,VGND,li1,32.6600,38.0800,0.000008
FILLER_0_10_49,VGND,li1,29.4400,38.0800,0.000009
FILLER_0_10_29,VGND,li1,19.0900,38.0800,0.000010
FILLER_0_10_24,VGND,li1,17.0200,38.0800,0.000009
FILLER_0_10_21,VGND,li1,15.4100,38.0800,0.000008
FILLER_0_10_15,VGND,li1,13.8000,38.0800,0.000008
FILLER_0_10_11,VGND,li1,10.8100,38.0800,0.000008
FILLER_0_10_3,VGND,li1,8.7400,38.0800,0.000008
FILLER_0_9_136,VGND,li1,68.5400,38.0800,0.000005
FILLER_0_9_107,VGND,li1,55.2000,38.0800,0.000006
FILLER_0_9_103,VGND,li1,53.3600,38.0800,0.000006
FILLER_0_9_96,VGND,li1,49.9100,38.0800,0.000006
FILLER_0_9_88,VGND,li1,47.8400,38.0800,0.000005
FILLER_0_9_76,VGND,li1,43.2400,38.0800,0.000005
FILLER_0_9_69,VGND,li1,37.7200,38.0800,0.000006
FILLER_0_9_54,VGND,li1,30.8200,38.0800,0.000009
FILLER_0_9_12,VGND,li1,11.2700,38.0800,0.000008
FILLER_0_9_6,VGND,li1,9.6600,38.0800,0.000008
FILLER_0_8_144,VGND,li1,72.2200,32.6400,0.000040
FILLER_0_8_118,VGND,li1,60.2600,32.6400,0.000051
FILLER_0_8_97,VGND,li1,50.3700,32.6400,0.000055
FILLER_0_8_93,VGND,li1,49.2200,32.6400,0.000052
FILLER_0_8_89,VGND,li1,46.9200,32.6400,0.000049
FILLER_0_8_85,VGND,li1,44.8500,32.6400,0.000045
FILLER_0_8_81,VGND,li1,43.4700,32.6400,0.000045
FILLER_0_8_73,VGND,li1,40.9400,32.6400,0.000042
FILLER_0_8_41,VGND,li1,24.8400,32.6400,0.000034
FILLER_0_8_37,VGND,li1,22.7700,32.6400,0.000031
FILLER_0_8_23,VGND,li1,16.7900,32.6400,0.000020
FILLER_0_8_15,VGND,li1,13.1100,32.6400,0.000016
FILLER_0_8_3,VGND,li1,9.6600,32.6400,0.000016
FILLER_0_7_144,VGND,li1,72.2200,32.6400,0.000040
FILLER_0_7_119,VGND,li1,60.7200,32.6400,0.000051
FILLER_0_7_113,VGND,li1,57.7300,32.6400,0.000056
FILLER_0_7_106,VGND,li1,54.9700,32.6400,0.000062
FILLER_0_7_97,VGND,li1,50.3700,32.6400,0.000055
FILLER_0_7_85,VGND,li1,47.3800,32.6400,0.000049
FILLER_0_7_81,VGND,li1,43.2400,32.6400,0.000045
FILLER_0_7_77,VGND,li1,41.4000,32.6400,0.000042
FILLER_0_7_73,VGND,li1,39.5600,32.6400,0.000039
FILLER_0_7_57,VGND,li1,31.9700,32.6400,0.000047
FILLER_0_7_41,VGND,li1,24.8400,32.6400,0.000034
FILLER_0_7_37,VGND,li1,23.0000,32.6400,0.000031
FILLER_0_7_27,VGND,li1,19.7800,32.6400,0.000027
FILLER_0_7_23,VGND,li1,16.5600,32.6400,0.000020
FILLER_0_7_15,VGND,li1,14.2600,32.6400,0.000016
FILLER_0_7_3,VGND,li1,9.6600,32.6400,0.000016
FILLER_0_6_108,VGND,li1,56.1200,27.2000,0.000015
FILLER_0_6_105,VGND,li1,54.0500,27.2000,0.000016
FILLER_0_6_93,VGND,li1,51.0600,27.2000,0.000016
FILLER_0_6_89,VGND,li1,46.9200,27.2000,0.000014
FILLER_0_6_85,VGND,li1,45.0800,27.2000,0.000013
FILLER_0_6_80,VGND,li1,42.7800,27.2000,0.000012
FILLER_0_6_69,VGND,li1,37.9500,27.2000,0.000012
FILLER_0_6_44,VGND,li1,25.9900,27.2000,0.000010
FILLER_0_6_34,VGND,li1,21.3900,27.2000,0.000007
FILLER_0_6_25,VGND,li1,17.7100,27.2000,0.000006
FILLER_0_6_17,VGND,li1,13.5700,27.2000,0.000005
FILLER_0_6_13,VGND,li1,12.4200,27.2000,0.000005
FILLER_0_6_9,VGND,li1,10.1200,27.2000,0.000005
FILLER_0_6_3,VGND,li1,7.5900,27.2000,0.000005
FILLER_0_5_119,VGND,li1,60.7200,27.2000,0.000014
FILLER_0_5_84,VGND,li1,44.8500,27.2000,0.000013
FILLER_0_5_62,VGND,li1,34.2700,27.2000,0.000012
FILLER_0_5_50,VGND,li1,28.7500,27.2000,0.000011
FILLER_0_5_41,VGND,li1,24.8400,27.2000,0.000009
FILLER_0_5_36,VGND,li1,22.7700,27.2000,0.000008
FILLER_0_5_33,VGND,li1,20.9300,27.2000,0.000007
FILLER_0_5_29,VGND,li1,19.7800,27.2000,0.000007
FILLER_0_5_24,VGND,li1,17.2500,27.2000,0.000006
FILLER_0_5_21,VGND,li1,15.4100,27.2000,0.000005
FILLER_0_5_15,VGND,li1,13.8000,27.2000,0.000005
FILLER_0_5_3,VGND,li1,9.6600,27.2000,0.000005
FILLER_0_4_141,VGND,li1,70.8400,21.7600,0.000001
FILLER_0_4_131,VGND,li1,66.7000,21.7600,0.000001
FILLER_0_4_127,VGND,li1,64.4000,21.7600,0.000001
FILLER_0_4_123,VGND,li1,62.3300,21.7600,0.000001
FILLER_0_4_119,VGND,li1,60.7200,21.7600,0.000001
FILLER_0_4_110,VGND,li1,56.3500,21.7600,0.000002
FILLER_0_4_97,VGND,li1,51.5200,21.7600,0.000002
FILLER_0_4_93,VGND,li1,48.7600,21.7600,0.000002
FILLER_0_4_81,VGND,li1,43.4700,21.7600,0.000003
FILLER_0_4_72,VGND,li1,38.8700,21.7600,0.000003
FILLER_0_4_47,VGND,li1,27.6000,21.7600,0.000004
FILLER_0_4_41,VGND,li1,25.0700,21.7600,0.000004
FILLER_0_4_33,VGND,li1,22.5400,21.7600,0.000003
FILLER_0_4_29,VGND,li1,19.3200,21.7600,0.000003
FILLER_0_4_24,VGND,li1,16.7900,21.7600,0.000002
FILLER_0_4_3,VGND,li1,7.3600,21.7600,0.000002
FILLER_0_3_136,VGND,li1,68.3100,21.7600,0.000001
FILLER_0_3_132,VGND,li1,66.7000,21.7600,0.000001
FILLER_0_3_128,VGND,li1,64.8600,21.7600,0.000001
FILLER_0_3_124,VGND,li1,63.0200,21.7600,0.000001
FILLER_0_3_113,VGND,li1,58.1900,21.7600,0.000001
FILLER_0_3_111,VGND,li1,56.8100,21.7600,0.000002
FILLER_0_3_101,VGND,li1,53.8200,21.7600,0.000002
FILLER_0_3_89,VGND,li1,49.2200,21.7600,0.000002
FILLER_0_3_85,VGND,li1,45.0800,21.7600,0.000003
FILLER_0_3_80,VGND,li1,43.0100,21.7600,0.000003
FILLER_0_3_77,VGND,li1,41.1700,21.7600,0.000003
FILLER_0_3_73,VGND,li1,40.0200,21.7600,0.000003
FILLER_0_3_70,VGND,li1,37.9500,21.7600,0.000004
FILLER_0_3_66,VGND,li1,36.8000,21.7600,0.000004
FILLER_0_3_57,VGND,li1,32.2000,21.7600,0.000005
FILLER_0_3_51,VGND,li1,29.6700,21.7600,0.000005
FILLER_0_3_46,VGND,li1,27.3700,21.7600,0.000004
FILLER_0_3_38,VGND,li1,24.8400,21.7600,0.000004
FILLER_0_3_26,VGND,li1,20.2400,21.7600,0.000003
FILLER_0_3_22,VGND,li1,16.1000,21.7600,0.000002
FILLER_0_3_18,VGND,li1,14.2600,21.7600,0.000002
FILLER_0_3_3,VGND,li1,9.6600,21.7600,0.000002
FILLER_0_2_138,VGND,li1,69.4600,16.3200,0.000006
FILLER_0_2_132,VGND,li1,67.1600,16.3200,0.000006
FILLER_0_2_125,VGND,li1,63.4800,16.3200,0.000005
FILLER_0_2_122,VGND,li1,61.8700,16.3200,0.000004
FILLER_0_2_118,VGND,li1,60.7200,16.3200,0.000004
FILLER_0_2_110,VGND,li1,56.3500,16.3200,0.000004
FILLER_0_2_98,VGND,li1,53.3600,16.3200,0.000003
FILLER_0_2_94,VGND,li1,49.2200,16.3200,0.000003
FILLER_0_2_85,VGND,li1,45.0800,16.3200,0.000002
FILLER_0_2_82,VGND,li1,43.7000,16.3200,0.000002
FILLER_0_2_72,VGND,li1,39.1000,16.3200,0.000001
FILLER_0_2_68,VGND,li1,37.2600,16.3200,0.000001
FILLER_0_2_59,VGND,li1,32.8900,16.3200,0.000001
FILLER_0_2_53,VGND,li1,31.2800,16.3200,0.000001
FILLER_0_2_41,VGND,li1,27.1400,16.3200,0.000001
FILLER_0_2_29,VGND,li1,21.6200,16.3200,0.000001
FILLER_0_2_16,VGND,li1,15.6400,16.3200,0.000000
FILLER_0_2_12,VGND,li1,11.5000,16.3200,0.000000
FILLER_0_2_8,VGND,li1,9.6600,16.3200,0.000000
FILLER_0_2_3,VGND,li1,7.1300,16.3200,0.000000
FILLER_0_1_144,VGND,li1,72.2200,16.3200,0.000006
FILLER_0_1_113,VGND,li1,58.1900,16.3200,0.000004
FILLER_0_1_108,VGND,li1,55.6600,16.3200,0.000004
FILLER_0_1_104,VGND,li1,53.8200,16.3200,0.000003
FILLER_0_1_93,VGND,li1,48.7600,16.3200,0.000003
FILLER_0_1_89,VGND,li1,46.9200,16.3200,0.000002
FILLER_0_1_74,VGND,li1,41.4000,16.3200,0.000002
FILLER_0_1_69,VGND,li1,37.9500,16.3200,0.000001
FILLER_0_1_57,VGND,li1,34.5000,16.3200,0.000001
FILLER_0_1_54,VGND,li1,30.8200,16.3200,0.000001
FILLER_0_1_42,VGND,li1,27.6000,16.3200,0.000001
FILLER_0_1_30,VGND,li1,22.0800,16.3200,0.000001
FILLER_0_1_26,VGND,li1,17.9400,16.3200,0.000000
FILLER_0_1_21,VGND,li1,15.4100,16.3200,0.000000
FILLER_0_1_15,VGND,li1,13.8000,16.3200,0.000000
FILLER_0_1_3,VGND,li1,9.6600,16.3200,0.000000
FILLER_0_0_141,VGND,li1,70.8400,10.8800,0.000000
FILLER_0_0_130,VGND,li1,65.7800,10.8800,0.000000
FILLER_0_0_126,VGND,li1,63.9400,10.8800,0.000000
FILLER_0_0_120,VGND,li1,61.6400,10.8800,0.000000
FILLER_0_0_116,VGND,li1,59.3400,10.8800,0.000000
FILLER_0_0_111,VGND,li1,56.8100,10.8800,0.000001
FILLER_0_0_103,VGND,li1,53.1300,10.8800,0.000001
FILLER_0_0_99,VGND,li1,51.9800,10.8800,0.000001
FILLER_0_0_95,VGND,li1,49.6800,10.8800,0.000001
FILLER_0_0_81,VGND,li1,43.0100,10.8800,0.000001
FILLER_0_0_69,VGND,li1,40.0200,10.8800,0.000001
FILLER_0_0_57,VGND,li1,34.5000,10.8800,0.000002
FILLER_0_0_53,VGND,li1,30.5900,10.8800,0.000002
FILLER_0_0_41,VGND,li1,27.1400,10.8800,0.000003
FILLER_0_0_29,VGND,li1,21.6200,10.8800,0.000003
FILLER_0_0_25,VGND,li1,17.7100,10.8800,0.000004
FILLER_0_0_3,VGND,li1,7.3600,10.8800,0.000005
ANTENNA_3,VGND,li1,51.9800,76.1600,0.000003
ANTENNA_2,VGND,li1,68.5400,16.3200,0.000006
ANTENNA_1,VGND,li1,62.5600,16.3200,0.000005
ANTENNA_output4_A,VGND,li1,66.7000,10.8800,0.000000
ANTENNA__370__A,VGND,li1,11.0400,27.2000,0.000005
ANTENNA_output2_A,VGND,li1,64.8600,10.8800,0.000000
ANTENNA__295__A,VGND,li1,59.3400,21.7600,0.000001
ANTENNA__306__A,VGND,li1,68.5400,48.9600,0.000005
ANTENNA__317__A,VGND,li1,56.5800,43.5200,0.000027
ANTENNA__328__A,VGND,li1,44.1600,32.6400,0.000045
ANTENNA__329__A,VGND,li1,47.8400,32.6400,0.000052
ANTENNA__162__A,VGND,li1,38.1800,16.3200,0.000001
ANTENNA__168__A1_N,VGND,li1,17.9400,59.8400,0.000025
ANTENNA__171__A1,VGND,li1,55.2000,70.7200,0.000007
ANTENNA__173__A1,VGND,li1,10.5800,16.3200,0.000000
ANTENNA__174__A1,VGND,li1,36.3400,54.4000,0.000006
ANTENNA__184__A1,VGND,li1,62.1000,70.7200,0.000004
ANTENNA__216__A,VGND,li1,17.0200,43.5200,0.000020
ANTENNA__217__A,VGND,li1,57.5000,65.2800,0.000038
ANTENNA__220__A1,VGND,li1,42.3200,32.6400,0.000042
ANTENNA__221__B,VGND,li1,39.1000,16.3200,0.000001
ANTENNA__175__A,VGND,li1,67.1600,59.8400,0.000013
ANTENNA__279__A,VGND,li1,36.3400,65.2800,0.000024
ANTENNA__280__A,VGND,li1,18.4000,54.4000,0.000005
ANTENNA__284__A2,VGND,li1,49.6800,21.7600,0.000002
ANTENNA__186__C1,VGND,li1,16.1000,27.2000,0.000005
ANTENNA__276__B1,VGND,li1,39.5600,65.2800,0.000024
ANTENNA__277__A,VGND,li1,25.3000,65.2800,0.000017
ANTENNA__177__C,VGND,li1,62.5600,59.8400,0.000016
ANTENNA__191__A,VGND,li1,13.8000,54.4000,0.000003
ANTENNA__192__A,VGND,li1,31.2800,38.0800,0.000008
ANTENNA__195__B,VGND,li1,50.6000,38.0800,0.000006
ANTENNA__196__A1,VGND,li1,72.2200,48.9600,0.000005
ANTENNA__199__A2,VGND,li1,56.5800,16.3200,0.000004
ANTENNA__180__D,VGND,li1,62.1000,76.1600,0.000002
ANTENNA__182__B,VGND,li1,42.3200,59.8400,0.000034
ANTENNA__234__B1,VGND,li1,61.1800,59.8400,0.000018
ANTENNA__235__B,VGND,li1,12.8800,76.1600,0.000005
ANTENNA__180__C,VGND,li1,67.1600,76.1600,0.000002
ANTENNA__230__A,VGND,li1,61.6400,21.7600,0.000001
ANTENNA__231__A,VGND,li1,25.7600,27.2000,0.000010
ANTENNA__234__A1,VGND,li1,65.7800,65.2800,0.000026
ANTENNA__235__A,VGND,li1,11.9600,76.1600,0.000005
ANTENNA__181__B,VGND,li1,65.3200,48.9600,0.000005
ANTENNA__223__A,VGND,li1,62.5600,54.4000,0.000003
ANTENNA__224__A,VGND,li1,62.1000,48.9600,0.000006
ANTENNA__227__A1,VGND,li1,20.7000,59.8400,0.000028
ANTENNA__228__B,VGND,li1,61.6400,27.2000,0.000014
ANTENNA__244__B,VGND,li1,18.4000,27.2000,0.000006
ANTENNA__177__D,VGND,li1,57.0400,54.4000,0.000005
ANTENNA__190__A,VGND,li1,36.3400,38.0800,0.000006
ANTENNA__191__B,VGND,li1,10.5800,54.4000,0.000003
ANTENNA__192__B,VGND,li1,25.7600,32.6400,0.000037
ANTENNA__195__C,VGND,li1,54.2800,38.0800,0.000006
ANTENNA__196__A2,VGND,li1,69.4600,48.9600,0.000005
ANTENNA__199__A3,VGND,li1,54.7400,16.3200,0.000003
ANTENNA__164__A,VGND,li1,30.8200,21.7600,0.000005
ANTENNA__165__A,VGND,li1,65.3200,54.4000,0.000003
ANTENNA__285__A,VGND,li1,69.0000,54.4000,0.000003
ANTENNA__287__D1,VGND,li1,17.4800,43.5200,0.000020
ANTENNA__290__A,VGND,li1,18.4000,65.2800,0.000012
ANTENNA__292__A,VGND,li1,47.8400,27.2000,0.000015
ANTENNA__162__B,VGND,li1,38.6400,21.7600,0.000003
ANTENNA__165__B,VGND,li1,60.7200,54.4000,0.000004
ANTENNA__171__B1,VGND,li1,57.0400,70.7200,0.000007
ANTENNA__286__A_N,VGND,li1,50.6000,59.8400,0.000031
ANTENNA__287__A2,VGND,li1,16.5600,48.9600,0.000006
ANTENNA__292__B,VGND,li1,46.0000,27.2000,0.000014
ANTENNA__294__A1,VGND,li1,51.0600,32.6400,0.000055
ANTENNA__162__C,VGND,li1,41.8600,21.7600,0.000003
ANTENNA__167__A,VGND,li1,8.2800,21.7600,0.000002
ANTENNA__171__A2,VGND,li1,58.8800,70.7200,0.000006
ANTENNA__173__B1,VGND,li1,12.4200,16.3200,0.000000
ANTENNA__174__A2,VGND,li1,38.1800,54.4000,0.000005
ANTENNA__286__B,VGND,li1,57.5000,59.8400,0.000023
ANTENNA__289__A1,VGND,li1,12.8800,70.7200,0.000008
ANTENNA__290__C,VGND,li1,17.9400,65.2800,0.000012
ANTENNA__318__A,VGND,li1,33.1200,70.7200,0.000009
ANTENNA__319__A,VGND,li1,69.9200,76.1600,0.000002
ANTENNA__320__A,VGND,li1,48.3000,48.9600,0.000010
ANTENNA__321__A,VGND,li1,68.5400,43.5200,0.000015
ANTENNA__322__A,VGND,li1,14.2600,32.6400,0.000016
ANTENNA__323__A,VGND,li1,31.7400,43.5200,0.000035
ANTENNA__324__A,VGND,li1,67.6200,21.7600,0.000001
ANTENNA__325__A,VGND,li1,69.4600,38.0800,0.000005
ANTENNA__326__A,VGND,li1,46.0000,21.7600,0.000003
ANTENNA__327__A,VGND,li1,25.7600,65.2800,0.000019
ANTENNA__307__A,VGND,li1,69.4600,70.7200,0.000004
ANTENNA__308__A,VGND,li1,69.4600,38.0800,0.000005
ANTENNA__309__A,VGND,li1,60.2600,48.9600,0.000007
ANTENNA__310__A,VGND,li1,37.7200,59.8400,0.000035
ANTENNA__311__A,VGND,li1,55.2000,48.9600,0.000009
ANTENNA__312__A,VGND,li1,42.3200,54.4000,0.000006
ANTENNA__313__A,VGND,li1,50.6000,10.8800,0.000001
ANTENNA__314__A,VGND,li1,20.2400,21.7600,0.000003
ANTENNA__315__A,VGND,li1,66.2400,70.7200,0.000004
ANTENNA__316__A,VGND,li1,58.8800,54.4000,0.000005
ANTENNA__296__A,VGND,li1,17.9400,32.6400,0.000023
ANTENNA__297__A,VGND,li1,22.5400,59.8400,0.000031
ANTENNA__298__A,VGND,li1,38.1800,76.1600,0.000005
ANTENNA__299__A,VGND,li1,60.7200,48.9600,0.000007
ANTENNA__300__A,VGND,li1,25.7600,32.6400,0.000037
ANTENNA__301__A,VGND,li1,65.3200,21.7600,0.000001
ANTENNA__302__A,VGND,li1,11.5000,65.2800,0.000008
ANTENNA__303__A,VGND,li1,65.7800,21.7600,0.000001
ANTENNA__304__A,VGND,li1,60.2600,65.2800,0.000034
ANTENNA__305__A,VGND,li1,61.6400,76.1600,0.000002
ANTENNA__286__C,VGND,li1,55.6600,59.8400,0.000025
ANTENNA__288__B,VGND,li1,68.5400,43.5200,0.000015
ANTENNA__289__A2,VGND,li1,14.7200,70.7200,0.000009
ANTENNA__294__A2,VGND,li1,54.7400,27.2000,0.000016
ANTENNA__246__B1,VGND,li1,33.5800,16.3200,0.000001
ANTENNA__247__B,VGND,li1,17.9400,38.0800,0.000010
ANTENNA__248__B,VGND,li1,27.1400,76.1600,0.000007
ANTENNA__254__A3,VGND,li1,40.9400,48.9600,0.000009
ANTENNA__256__A4,VGND,li1,24.3800,54.4000,0.000007
ANTENNA__258__A,VGND,li1,57.5000,27.2000,0.000015
ANTENNA__267__C,VGND,li1,43.7000,10.8800,0.000001
ANTENNA__275__B2,VGND,li1,23.9200,32.6400,0.000034
ANTENNA__276__A1,VGND,li1,35.8800,70.7200,0.000008
ANTENNA__277__B,VGND,li1,25.3000,70.7200,0.000012
ANTENNA__229__C,VGND,li1,18.8600,16.3200,0.000000
ANTENNA__230__B,VGND,li1,53.3600,21.7600,0.000002
ANTENNA__231__B,VGND,li1,23.9200,27.2000,0.000009
ANTENNA__234__A2,VGND,li1,59.3400,59.8400,0.000020
ANTENNA__235__C,VGND,li1,13.8000,76.1600,0.000005
ANTENNA__226__A,VGND,li1,60.2600,10.8800,0.000000
ANTENNA__213__A,VGND,li1,13.3400,65.2800,0.000008
ANTENNA__209__C,VGND,li1,43.7000,27.2000,0.000013
ANTENNA__210__B,VGND,li1,69.4600,70.7200,0.000004
ANTENNA__211__B,VGND,li1,58.8800,38.0800,0.000006
ANTENNA__205__A,VGND,li1,63.9400,21.7600,0.000001
ANTENNA__212__A,VGND,li1,57.0400,16.3200,0.000004
ANTENNA__225__A,VGND,li1,10.5800,70.7200,0.000008
ANTENNA__232__A,VGND,li1,68.0800,21.7600,0.000001
ANTENNA__236__A,VGND,li1,35.8800,54.4000,0.000006
ANTENNA__241__A,VGND,li1,28.5200,21.7600,0.000004
ANTENNA__249__A,VGND,li1,22.0800,32.6400,0.000031
ANTENNA__255__C1,VGND,li1,56.1200,21.7600,0.000002
ANTENNA__260__A,VGND,li1,45.0800,70.7200,0.000008
ANTENNA__284__B1,VGND,li1,44.1600,21.7600,0.000003
ANTENNA__194__A,VGND,li1,63.0200,10.8800,0.000000
ANTENNA__188__A,VGND,li1,49.6800,16.3200,0.000003
ANTENNA__193__B,VGND,li1,22.5400,65.2800,0.000015
ANTENNA__197__B,VGND,li1,50.1400,16.3200,0.000003
ANTENNA__200__B,VGND,li1,53.8200,38.0800,0.000006
ANTENNA__202__A,VGND,li1,17.0200,21.7600,0.000002
ANTENNA__218__B,VGND,li1,43.2400,65.2800,0.000036
ANTENNA__264__A,VGND,li1,66.7000,43.5200,0.000015
ANTENNA__271__A,VGND,li1,28.5200,21.7600,0.000004
ANTENNA__281__A,VGND,li1,64.8600,59.8400,0.000013
ANTENNA__186__A2,VGND,li1,15.1800,21.7600,0.000002
ANTENNA__181__D,VGND,li1,67.6200,48.9600,0.000005
ANTENNA__244__C,VGND,li1,17.4800,32.6400,0.000023
ANTENNA__184__A2,VGND,li1,64.4000,70.7200,0.000004
ANTENNA__215__C1,VGND,li1,59.3400,16.3200,0.000004
ANTENNA__216__B,VGND,li1,16.1000,38.0800,0.000009
ANTENNA__217__B,VGND,li1,58.8800,70.7200,0.000006
ANTENNA__220__A2,VGND,li1,40.4800,32.6400,0.000039
ANTENNA__179__A,VGND,li1,23.0000,76.1600,0.000007
ANTENNA__200__A_N,VGND,li1,60.7200,38.0800,0.000006
ANTENNA__203__B,VGND,li1,29.4400,65.2800,0.000022
ANTENNA__204__B,VGND,li1,38.6400,38.0800,0.000005
ANTENNA__207__A2,VGND,li1,47.8400,16.3200,0.000003
ANTENNA__208__C,VGND,li1,21.6200,27.2000,0.000008
ANTENNA__221__C,VGND,li1,46.0000,16.3200,0.000002
ANTENNA__168__A2_N,VGND,li1,13.3400,59.8400,0.000016
ANTENNA__287__B1,VGND,li1,11.5000,48.9600,0.000005
ANTENNA__288__A,VGND,li1,65.3200,43.5200,0.000015
clkload2,VGND,li1,46.4600,59.8400,0.000034
clkload1,VGND,li1,26.6800,59.8400,0.000039
clkload0,VGND,li1,28.2900,32.6400,0.000041
clkbuf_2_3__f_clk,VGND,li1,49.6800,65.2800,0.000053
clkbuf_2_2__f_clk,VGND,li1,36.8000,59.8400,0.000042
clkbuf_2_1__f_clk,VGND,li1,55.2000,32.6400,0.000062
clkbuf_2_0__f_clk,VGND,li1,34.5000,32.6400,0.000050
clkbuf_0_clk,VGND,li1,39.5600,43.5200,0.000038
project3_9,VGND,li1,71.9900,76.1600,0.000002
output8,VGND,li1,71.9900,38.0800,0.000005
output7,VGND,li1,70.6100,38.0800,0.000005
output6,VGND,li1,71.9900,21.7600,0.000001
output5,VGND,li1,69.2300,21.7600,0.000001
output4,VGND,li1,69.2300,21.7600,0.000001
output3,VGND,li1,69.2300,10.8800,0.000000
output2,VGND,li1,67.8500,10.8800,0.000000
input1,VGND,li1,7.8200,70.7200,0.000008
project3_10,VGND,li1,71.9900,43.5200,0.000015
project3_16,VGND,li1,69.2300,76.1600,0.000002
project3_15,VGND,li1,71.9900,70.7200,0.000004
project3_14,VGND,li1,70.1500,65.2800,0.000026
project3_13,VGND,li1,71.9900,59.8400,0.000013
project3_12,VGND,li1,71.9900,54.4000,0.000003
project3_11,VGND,li1,71.9900,48.9600,0.000005
TAP_TAPCELL_ROW_24_116,VGND,li1,70.1500,76.4510,0.000002
TAP_TAPCELL_ROW_24_115,VGND,li1,57.2700,76.4510,0.000003
TAP_TAPCELL_ROW_24_114,VGND,li1,44.3900,76.4510,0.000005
TAP_TAPCELL_ROW_24_113,VGND,li1,31.5100,76.4510,0.000006
TAP_TAPCELL_ROW_24_112,VGND,li1,18.6300,76.4510,0.000008
TAP_TAPCELL_ROW_23_111,VGND,li1,57.2700,75.8680,0.000003
TAP_TAPCELL_ROW_23_110,VGND,li1,31.5100,75.8680,0.000006
TAP_TAPCELL_ROW_22_109,VGND,li1,70.1500,71.0110,0.000004
TAP_TAPCELL_ROW_22_108,VGND,li1,44.3900,71.0110,0.000008
TAP_TAPCELL_ROW_22_107,VGND,li1,18.6300,71.0110,0.000011
TAP_TAPCELL_ROW_21_106,VGND,li1,57.2700,70.4280,0.000007
TAP_TAPCELL_ROW_21_105,VGND,li1,31.5100,70.4280,0.000009
TAP_TAPCELL_ROW_20_104,VGND,li1,70.1500,65.5710,0.000026
TAP_TAPCELL_ROW_20_103,VGND,li1,44.3900,65.5710,0.000036
TAP_TAPCELL_ROW_20_102,VGND,li1,18.6300,65.5710,0.000012
TAP_TAPCELL_ROW_19_101,VGND,li1,57.2700,64.9880,0.000042
TAP_TAPCELL_ROW_19_100,VGND,li1,31.5100,64.9880,0.000022
TAP_TAPCELL_ROW_18_99,VGND,li1,70.1500,60.1310,0.000013
TAP_TAPCELL_ROW_18_98,VGND,li1,44.3900,60.1310,0.000034
TAP_TAPCELL_ROW_18_97,VGND,li1,18.6300,60.1310,0.000025
TAP_TAPCELL_ROW_17_96,VGND,li1,57.2700,59.5480,0.000023
TAP_TAPCELL_ROW_17_95,VGND,li1,31.5100,59.5480,0.000041
TAP_TAPCELL_ROW_16_94,VGND,li1,70.1500,54.6910,0.000003
TAP_TAPCELL_ROW_16_93,VGND,li1,44.3900,54.6910,0.000007
TAP_TAPCELL_ROW_16_92,VGND,li1,18.6300,54.6910,0.000005
TAP_TAPCELL_ROW_15_91,VGND,li1,57.2700,54.1080,0.000005
TAP_TAPCELL_ROW_15_90,VGND,li1,31.5100,54.1080,0.000007
TAP_TAPCELL_ROW_14_89,VGND,li1,70.1500,49.2510,0.000005
TAP_TAPCELL_ROW_14_88,VGND,li1,44.3900,49.2510,0.000009
TAP_TAPCELL_ROW_14_87,VGND,li1,18.6300,49.2510,0.000007
TAP_TAPCELL_ROW_13_86,VGND,li1,57.2700,48.6680,0.000008
TAP_TAPCELL_ROW_13_85,VGND,li1,31.5100,48.6680,0.000010
TAP_TAPCELL_ROW_12_84,VGND,li1,70.1500,43.8110,0.000015
TAP_TAPCELL_ROW_12_83,VGND,li1,44.3900,43.8110,0.000037
TAP_TAPCELL_ROW_12_82,VGND,li1,18.6300,43.8110,0.000023
TAP_TAPCELL_ROW_11_81,VGND,li1,57.2700,43.2280,0.000024
TAP_TAPCELL_ROW_11_80,VGND,li1,31.5100,43.2280,0.000035
TAP_TAPCELL_ROW_10_79,VGND,li1,70.1500,38.3710,0.000005
TAP_TAPCELL_ROW_10_78,VGND,li1,44.3900,38.3710,0.000005
TAP_TAPCELL_ROW_10_77,VGND,li1,18.6300,38.3710,0.000010
TAP_TAPCELL_ROW_9_76,VGND,li1,57.2700,37.7880,0.000006
TAP_TAPCELL_ROW_9_75,VGND,li1,31.5100,37.7880,0.000008
TAP_TAPCELL_ROW_8_74,VGND,li1,70.1500,32.9310,0.000040
TAP_TAPCELL_ROW_8_73,VGND,li1,44.3900,32.9310,0.000045
TAP_TAPCELL_ROW_8_72,VGND,li1,18.6300,32.9310,0.000023
TAP_TAPCELL_ROW_7_71,VGND,li1,57.2700,32.3480,0.000056
TAP_TAPCELL_ROW_7_70,VGND,li1,31.5100,32.3480,0.000044
TAP_TAPCELL_ROW_6_69,VGND,li1,70.1500,27.4910,0.000016
TAP_TAPCELL_ROW_6_68,VGND,li1,44.3900,27.4910,0.000013
TAP_TAPCELL_ROW_6_67,VGND,li1,18.6300,27.4910,0.000006
TAP_TAPCELL_ROW_5_66,VGND,li1,57.2700,26.9080,0.000015
TAP_TAPCELL_ROW_5_65,VGND,li1,31.5100,26.9080,0.000013
TAP_TAPCELL_ROW_4_64,VGND,li1,70.1500,22.0510,0.000001
TAP_TAPCELL_ROW_4_63,VGND,li1,44.3900,22.0510,0.000003
TAP_TAPCELL_ROW_4_62,VGND,li1,18.6300,22.0510,0.000003
TAP_TAPCELL_ROW_3_61,VGND,li1,57.2700,21.4680,0.000002
TAP_TAPCELL_ROW_3_60,VGND,li1,31.5100,21.4680,0.000005
TAP_TAPCELL_ROW_2_59,VGND,li1,70.1500,16.6110,0.000006
TAP_TAPCELL_ROW_2_58,VGND,li1,44.3900,16.6110,0.000002
TAP_TAPCELL_ROW_2_57,VGND,li1,18.6300,16.6110,0.000000
TAP_TAPCELL_ROW_1_56,VGND,li1,57.2700,16.0280,0.000004
TAP_TAPCELL_ROW_1_55,VGND,li1,31.5100,16.0280,0.000001
TAP_TAPCELL_ROW_0_54,VGND,li1,70.1500,11.1710,0.000000
TAP_TAPCELL_ROW_0_53,VGND,li1,57.2700,11.1710,0.000001
TAP_TAPCELL_ROW_0_52,VGND,li1,44.3900,11.1710,0.000001
TAP_TAPCELL_ROW_0_51,VGND,li1,31.5100,11.1710,0.000002
TAP_TAPCELL_ROW_0_50,VGND,li1,18.6300,11.1710,0.000004
PHY_EDGE_ROW_24_Left_49,VGND,li1,6.2100,76.1600,0.000005
PHY_EDGE_ROW_23_Left_48,VGND,li1,6.2100,76.1600,0.000005
PHY_EDGE_ROW_22_Left_47,VGND,li1,6.2100,70.7200,0.000008
PHY_EDGE_ROW_21_Left_46,VGND,li1,6.2100,70.7200,0.000008
PHY_EDGE_ROW_20_Left_45,VGND,li1,6.2100,65.2800,0.000008
PHY_EDGE_ROW_19_Left_44,VGND,li1,6.2100,65.2800,0.000008
PHY_EDGE_ROW_18_Left_43,VGND,li1,6.2100,59.8400,0.000016
PHY_EDGE_ROW_17_Left_42,VGND,li1,6.2100,59.8400,0.000016
PHY_EDGE_ROW_16_Left_41,VGND,li1,6.2100,54.4000,0.000003
PHY_EDGE_ROW_15_Left_40,VGND,li1,6.2100,54.4000,0.000003
PHY_EDGE_ROW_14_Left_39,VGND,li1,6.2100,48.9600,0.000005
PHY_EDGE_ROW_13_Left_38,VGND,li1,6.2100,48.9600,0.000005
PHY_EDGE_ROW_12_Left_37,VGND,li1,6.2100,43.5200,0.000016
PHY_EDGE_ROW_11_Left_36,VGND,li1,6.2100,43.5200,0.000016
PHY_EDGE_ROW_10_Left_35,VGND,li1,6.2100,38.0800,0.000008
PHY_EDGE_ROW_9_Left_34,VGND,li1,6.2100,38.0800,0.000008
PHY_EDGE_ROW_8_Left_33,VGND,li1,6.2100,32.6400,0.000016
PHY_EDGE_ROW_7_Left_32,VGND,li1,6.2100,32.6400,0.000016
PHY_EDGE_ROW_6_Left_31,VGND,li1,6.2100,27.2000,0.000005
PHY_EDGE_ROW_5_Left_30,VGND,li1,6.2100,27.2000,0.000005
PHY_EDGE_ROW_4_Left_29,VGND,li1,6.2100,21.7600,0.000002
PHY_EDGE_ROW_3_Left_28,VGND,li1,6.2100,21.7600,0.000002
PHY_EDGE_ROW_2_Left_27,VGND,li1,6.2100,16.3200,0.000000
PHY_EDGE_ROW_1_Left_26,VGND,li1,6.2100,16.3200,0.000000
PHY_EDGE_ROW_0_Left_25,VGND,li1,6.2100,10.8800,0.000005
PHY_EDGE_ROW_24_Right_24,VGND,li1,73.3700,76.1600,0.000002
PHY_EDGE_ROW_23_Right_23,VGND,li1,73.3700,76.1600,0.000002
PHY_EDGE_ROW_22_Right_22,VGND,li1,73.3700,70.7200,0.000004
PHY_EDGE_ROW_21_Right_21,VGND,li1,73.3700,70.7200,0.000004
PHY_EDGE_ROW_20_Right_20,VGND,li1,73.3700,65.2800,0.000026
PHY_EDGE_ROW_19_Right_19,VGND,li1,73.3700,65.2800,0.000026
PHY_EDGE_ROW_18_Right_18,VGND,li1,73.3700,59.8400,0.000013
PHY_EDGE_ROW_17_Right_17,VGND,li1,73.3700,59.8400,0.000013
PHY_EDGE_ROW_16_Right_16,VGND,li1,73.3700,54.4000,0.000003
PHY_EDGE_ROW_15_Right_15,VGND,li1,73.3700,54.4000,0.000003
PHY_EDGE_ROW_14_Right_14,VGND,li1,73.3700,48.9600,0.000005
PHY_EDGE_ROW_13_Right_13,VGND,li1,73.3700,48.9600,0.000005
PHY_EDGE_ROW_12_Right_12,VGND,li1,73.3700,43.5200,0.000015
PHY_EDGE_ROW_11_Right_11,VGND,li1,73.3700,43.5200,0.000015
PHY_EDGE_ROW_10_Right_10,VGND,li1,73.3700,38.0800,0.000005
PHY_EDGE_ROW_9_Right_9,VGND,li1,73.3700,38.0800,0.000005
PHY_EDGE_ROW_8_Right_8,VGND,li1,73.3700,32.6400,0.000040
PHY_EDGE_ROW_7_Right_7,VGND,li1,73.3700,32.6400,0.000040
PHY_EDGE_ROW_6_Right_6,VGND,li1,73.3700,27.2000,0.000016
PHY_EDGE_ROW_5_Right_5,VGND,li1,73.3700,27.2000,0.000016
PHY_EDGE_ROW_4_Right_4,VGND,li1,73.3700,21.7600,0.000001
PHY_EDGE_ROW_3_Right_3,VGND,li1,73.3700,21.7600,0.000001
PHY_EDGE_ROW_2_Right_2,VGND,li1,73.3700,16.3200,0.000006
PHY_EDGE_ROW_1_Right_1,VGND,li1,73.3700,16.3200,0.000006
PHY_EDGE_ROW_0_Right_0,VGND,li1,73.3700,10.8800,0.000000
_370_,VGND,li1,8.9700,27.2000,0.000005
_361_,VGND,li1,16.7900,70.7200,0.000011
_360_,VGND,li1,27.8300,54.4000,0.000008
_359_,VGND,li1,26.9100,59.8400,0.000039
_358_,VGND,li1,64.6300,27.2000,0.000014
_357_,VGND,li1,31.0500,27.2000,0.000013
_356_,VGND,li1,37.2600,48.9600,0.000010
_355_,VGND,li1,51.7500,43.5200,0.000032
_354_,VGND,li1,65.0900,65.2800,0.000026
_353_,VGND,li1,49.2200,70.7200,0.000009
_352_,VGND,li1,12.4200,10.8800,0.000005
_351_,VGND,li1,22.0800,43.5200,0.000030
_350_,VGND,li1,38.6400,76.1600,0.000005
_349_,VGND,li1,18.4000,76.1600,0.000008
_348_,VGND,li1,24.1500,70.7200,0.000012
_347_,VGND,li1,31.0500,65.2800,0.000022
_346_,VGND,li1,39.3300,27.2000,0.000011
_345_,VGND,li1,26.6800,48.9600,0.000011
_344_,VGND,li1,65.3200,32.6400,0.000038
_343_,VGND,li1,16.3300,38.0800,0.000009
_342_,VGND,li1,67.3900,27.2000,0.000016
_341_,VGND,li1,47.8400,43.5200,0.000036
_340_,VGND,li1,50.8300,65.2800,0.000053
_339_,VGND,li1,25.7600,38.0800,0.000011
_338_,VGND,li1,24.1500,43.5200,0.000032
_337_,VGND,li1,49.2200,54.4000,0.000008
_336_,VGND,li1,52.4400,48.9600,0.000010
_335_,VGND,li1,64.4000,16.3200,0.000006
_334_,VGND,li1,33.8100,21.7600,0.000005
_333_,VGND,li1,52.4400,27.2000,0.000016
_332_,VGND,li1,62.1000,38.0800,0.000006
_331_,VGND,li1,66.4700,32.6400,0.000040
_330_,VGND,li1,51.7500,59.8400,0.000031
_329_,VGND,li1,45.7700,32.6400,0.000049
_328_,VGND,li1,36.5700,27.2000,0.000012
_327_,VGND,li1,23.6900,65.2800,0.000017
_326_,VGND,li1,42.0900,21.7600,0.000003
_325_,VGND,li1,67.3900,38.0800,0.000005
_324_,VGND,li1,71.9900,21.7600,0.000001
_323_,VGND,li1,29.6700,43.5200,0.000034
_322_,VGND,li1,15.4100,32.6400,0.000020
_321_,VGND,li1,69.6900,43.5200,0.000015
_320_,VGND,li1,49.4500,48.9600,0.000010
_319_,VGND,li1,71.0700,76.1600,0.000002
_318_,VGND,li1,30.1300,70.7200,0.000009
_317_,VGND,li1,58.8800,43.5200,0.000024
_316_,VGND,li1,61.8700,54.4000,0.000004
_315_,VGND,li1,63.2500,70.7200,0.000004
_314_,VGND,li1,17.7100,21.7600,0.000002
_313_,VGND,li1,45.3100,10.8800,0.000001
_312_,VGND,li1,40.2500,54.4000,0.000006
_311_,VGND,li1,53.1300,48.9600,0.000010
_310_,VGND,li1,35.6500,59.8400,0.000042
_309_,VGND,li1,58.1900,48.9600,0.000008
_308_,VGND,li1,71.0700,32.6400,0.000040
_307_,VGND,li1,71.0700,65.2800,0.000026
_306_,VGND,li1,68.5400,54.4000,0.000003
_305_,VGND,li1,58.1900,76.1600,0.000003
_304_,VGND,li1,58.1900,65.2800,0.000038
_303_,VGND,li1,70.6100,21.7600,0.000001
_302_,VGND,li1,9.4300,65.2800,0.000008
_301_,VGND,li1,63.2500,21.7600,0.000001
_300_,VGND,li1,32.8900,32.6400,0.000047
_299_,VGND,li1,63.2500,48.9600,0.000005
_298_,VGND,li1,36.1100,76.1600,0.000006
_297_,VGND,li1,23.6900,59.8400,0.000034
_296_,VGND,li1,23.6900,32.6400,0.000031
_295_,VGND,li1,61.1800,21.7600,0.000001
_294_,VGND,li1,52.9000,32.6400,0.000059
_293_,VGND,li1,26.4500,21.7600,0.000004
_292_,VGND,li1,46.6900,27.2000,0.000014
_291_,VGND,li1,71.5300,65.2800,0.000026
_290_,VGND,li1,20.4700,65.2800,0.000013
_289_,VGND,li1,10.5800,70.7200,0.000008
_288_,VGND,li1,66.4700,43.5200,0.000015
_287_,VGND,li1,14.0300,48.9600,0.000005
_286_,VGND,li1,52.6700,59.8400,0.000028
_285_,VGND,li1,66.4700,54.4000,0.000003
_284_,VGND,li1,46.4600,21.7600,0.000003
_283_,VGND,li1,33.5800,59.8400,0.000041
_282_,VGND,li1,11.7300,43.5200,0.000016
_281_,VGND,li1,66.4700,59.8400,0.000013
_280_,VGND,li1,16.3300,54.4000,0.000004
_279_,VGND,li1,33.8100,65.2800,0.000023
_278_,VGND,li1,34.9600,38.0800,0.000007
_277_,VGND,li1,22.7700,65.2800,0.000015
_276_,VGND,li1,37.2600,65.2800,0.000024
_275_,VGND,li1,36.3400,32.6400,0.000046
_274_,VGND,li1,32.8900,27.2000,0.000012
_273_,VGND,li1,39.7900,38.0800,0.000005
_272_,VGND,li1,30.5900,54.4000,0.000007
_271_,VGND,li1,27.3700,27.2000,0.000010
_270_,VGND,li1,25.9900,38.0800,0.000010
_269_,VGND,li1,53.5900,43.5200,0.000029
_268_,VGND,li1,23.0000,27.2000,0.000008
_267_,VGND,li1,47.6100,10.8800,0.000001
_266_,VGND,li1,26.9100,32.6400,0.000037
_265_,VGND,li1,61.8700,65.2800,0.000029
_264_,VGND,li1,71.5300,43.5200,0.000015
_263_,VGND,li1,58.6500,43.5200,0.000024
_262_,VGND,li1,34.2700,76.1600,0.000006
_261_,VGND,li1,60.9500,43.5200,0.000018
_260_,VGND,li1,46.6900,70.7200,0.000009
_259_,VGND,li1,71.9900,38.0800,0.000005
_258_,VGND,li1,59.1100,32.6400,0.000051
_257_,VGND,li1,33.3500,48.9600,0.000010
_256_,VGND,li1,26.6800,54.4000,0.000008
_255_,VGND,li1,58.4200,21.7600,0.000001
_254_,VGND,li1,37.9500,48.9600,0.000008
_253_,VGND,li1,58.6500,27.2000,0.000015
_252_,VGND,li1,36.5700,38.0800,0.000006
_251_,VGND,li1,29.2100,43.5200,0.000034
_250_,VGND,li1,56.3500,32.6400,0.000062
_249_,VGND,li1,30.1300,32.6400,0.000044
_248_,VGND,li1,28.2900,76.1600,0.000007
_247_,VGND,li1,24.1500,38.0800,0.000011
_246_,VGND,li1,35.4200,16.3200,0.000001
_245_,VGND,li1,15.6400,54.4000,0.000004
_244_,VGND,li1,15.4100,27.2000,0.000005
_243_,VGND,li1,27.3700,38.0800,0.000010
_242_,VGND,li1,52.2100,76.1600,0.000003
_241_,VGND,li1,30.1300,27.2000,0.000011
_240_,VGND,li1,43.9300,65.2800,0.000036
_239_,VGND,li1,20.0100,38.0800,0.000010
_238_,VGND,li1,28.7500,59.8400,0.000040
_237_,VGND,li1,21.3900,48.9600,0.000008
_236_,VGND,li1,37.4900,54.4000,0.000005
_235_,VGND,li1,8.7400,76.1600,0.000005
_234_,VGND,li1,63.9400,59.8400,0.000013
_233_,VGND,li1,46.2300,43.5200,0.000036
_232_,VGND,li1,71.5300,27.2000,0.000016
_231_,VGND,li1,25.0700,27.2000,0.000009
_230_,VGND,li1,54.9700,21.7600,0.000002
_229_,VGND,li1,16.5600,16.3200,0.000000
_228_,VGND,li1,58.8800,27.2000,0.000015
_227_,VGND,li1,18.4000,59.8400,0.000025
_226_,VGND,li1,58.1900,10.8800,0.000001
_225_,VGND,li1,8.0500,70.7200,0.000008
_224_,VGND,li1,63.2500,48.9600,0.000005
_223_,VGND,li1,64.1700,54.4000,0.000003
_222_,VGND,li1,19.7800,54.4000,0.000006
_221_,VGND,li1,41.4000,16.3200,0.000002
_220_,VGND,li1,39.5600,27.2000,0.000011
_219_,VGND,li1,59.5700,76.1600,0.000002
_218_,VGND,li1,41.6300,70.7200,0.000007
_217_,VGND,li1,59.5700,65.2800,0.000034
_216_,VGND,li1,21.8500,38.0800,0.000011
_215_,VGND,li1,70.3800,16.3200,0.000006
_214_,VGND,li1,48.0700,76.1600,0.000004
_213_,VGND,li1,14.4900,65.2800,0.000008
_212_,VGND,li1,58.6500,16.3200,0.000004
_211_,VGND,li1,56.3500,38.0800,0.000006
_210_,VGND,li1,71.0700,70.7200,0.000004
_209_,VGND,li1,41.4000,27.2000,0.000012
_208_,VGND,li1,20.0100,27.2000,0.000007
_207_,VGND,li1,44.1600,16.3200,0.000002
_206_,VGND,li1,26.9100,32.6400,0.000037
_205_,VGND,li1,71.5300,16.3200,0.000006
_204_,VGND,li1,32.8900,38.0800,0.000008
_203_,VGND,li1,30.5900,65.2800,0.000022
_202_,VGND,li1,15.6400,21.7600,0.000002
_201_,VGND,li1,23.2300,70.7200,0.000012
_200_,VGND,li1,55.8900,38.0800,0.000006
_199_,VGND,li1,51.7500,16.3200,0.000003
_198_,VGND,li1,61.8700,48.9600,0.000006
_197_,VGND,li1,47.6100,16.3200,0.000003
_196_,VGND,li1,71.3000,54.4000,0.000003
_195_,VGND,li1,51.9800,38.0800,0.000006
_194_,VGND,li1,71.9900,10.8800,0.000000
_193_,VGND,li1,20.0100,65.2800,0.000013
_192_,VGND,li1,28.7500,32.6400,0.000041
_191_,VGND,li1,11.7300,54.4000,0.000003
_190_,VGND,li1,34.2700,38.0800,0.000007
_189_,VGND,li1,32.6600,43.5200,0.000035
_188_,VGND,li1,45.7700,16.3200,0.000002
_187_,VGND,li1,49.6800,54.4000,0.000008
_186_,VGND,li1,12.4200,21.7600,0.000002
_185_,VGND,li1,54.9700,10.8800,0.000001
_184_,VGND,li1,66.4700,70.7200,0.000004
_183_,VGND,li1,20.7000,32.6400,0.000027
_182_,VGND,li1,44.6200,59.8400,0.000034
_181_,VGND,li1,65.7800,48.9600,0.000005
_180_,VGND,li1,64.1700,76.1600,0.000002
_179_,VGND,li1,20.2400,76.1600,0.000007
_178_,VGND,li1,45.7700,48.9600,0.000009
_177_,VGND,li1,59.3400,59.8400,0.000020
_176_,VGND,li1,17.9400,48.9600,0.000006
_175_,VGND,li1,68.3100,59.8400,0.000013
_174_,VGND,li1,34.0400,54.4000,0.000006
_173_,VGND,li1,8.2800,16.3200,0.000000
_172_,VGND,li1,51.7500,48.9600,0.000010
_171_,VGND,li1,54.7400,76.1600,0.000003
_170_,VGND,li1,13.1100,21.7600,0.000002
_169_,VGND,li1,65.0900,16.3200,0.000006
_168_,VGND,li1,15.6400,59.8400,0.000021
_167_,VGND,li1,9.4300,21.7600,0.000002
_166_,VGND,li1,11.7300,38.0800,0.000008
_165_,VGND,li1,63.2500,54.4000,0.000003
_164_,VGND,li1,34.2700,21.7600,0.000005
_163_,VGND,li1,7.5900,38.0800,0.000008
_162_,VGND,li1,40.2500,21.7600,0.000003
