
Cell sky130_fd_sc_hd__decap_6 (0) disconnected node: VGND
Cell sky130_fd_sc_hd__decap_6 (0) disconnected node: VNB
Cell sky130_fd_sc_hd__decap_6 (0) disconnected node: VPB
Cell sky130_fd_sc_hd__decap_6 (0) disconnected node: VPWR
Warning: Equate pins:  cell sky130_fd_sc_hd__decap_6 is a placeholder, treated as a black box.

Subcircuit pins:
Circuit 1: sky130_fd_sc_hd__decap_6        |Circuit 2: sky130_fd_sc_hd__decap_6        
-------------------------------------------|-------------------------------------------
VGND                                       |VGND                                       
VNB                                        |VNB                                        
VPB                                        |VPB                                        
VPWR                                       |VPWR                                       
---------------------------------------------------------------------------------------
Cell pin lists are equivalent.
Device classes sky130_fd_sc_hd__decap_6 and sky130_fd_sc_hd__decap_6 are equivalent.

Cell sky130_ef_sc_hd__decap_12 (0) disconnected node: VPWR
Cell sky130_ef_sc_hd__decap_12 (0) disconnected node: VGND
Cell sky130_ef_sc_hd__decap_12 (0) disconnected node: VPB
Cell sky130_ef_sc_hd__decap_12 (0) disconnected node: VNB
Warning: Equate pins:  cell sky130_ef_sc_hd__decap_12 is a placeholder, treated as a black box.

Subcircuit pins:
Circuit 1: sky130_ef_sc_hd__decap_12       |Circuit 2: sky130_ef_sc_hd__decap_12       
-------------------------------------------|-------------------------------------------
VPWR                                       |VPWR                                       
VGND                                       |VGND                                       
VPB                                        |VPB                                        
VNB                                        |VNB                                        
---------------------------------------------------------------------------------------
Cell pin lists are equivalent.
Device classes sky130_ef_sc_hd__decap_12 and sky130_ef_sc_hd__decap_12 are equivalent.

Cell sky130_fd_sc_hd__conb_1 (0) disconnected node: VGND
Cell sky130_fd_sc_hd__conb_1 (0) disconnected node: VNB
Cell sky130_fd_sc_hd__conb_1 (0) disconnected node: VPB
Cell sky130_fd_sc_hd__conb_1 (0) disconnected node: VPWR
Cell sky130_fd_sc_hd__conb_1 (0) disconnected node: HI
Cell sky130_fd_sc_hd__conb_1 (0) disconnected node: LO
Warning: Equate pins:  cell sky130_fd_sc_hd__conb_1 is a placeholder, treated as a black box.

Subcircuit pins:
Circuit 1: sky130_fd_sc_hd__conb_1         |Circuit 2: sky130_fd_sc_hd__conb_1         
-------------------------------------------|-------------------------------------------
VGND                                       |VGND                                       
VNB                                        |VNB                                        
VPB                                        |VPB                                        
VPWR                                       |VPWR                                       
LO                                         |LO                                         
HI                                         |(no matching pin)                          
---------------------------------------------------------------------------------------
Cell pin lists are equivalent.
Device classes sky130_fd_sc_hd__conb_1 and sky130_fd_sc_hd__conb_1 are equivalent.

Cell sky130_fd_sc_hd__fill_1 (0) disconnected node: VGND
Cell sky130_fd_sc_hd__fill_1 (0) disconnected node: VNB
Cell sky130_fd_sc_hd__fill_1 (0) disconnected node: VPB
Cell sky130_fd_sc_hd__fill_1 (0) disconnected node: VPWR
Warning: Equate pins:  cell sky130_fd_sc_hd__fill_1 is a placeholder, treated as a black box.

Subcircuit pins:
Circuit 1: sky130_fd_sc_hd__fill_1         |Circuit 2: sky130_fd_sc_hd__fill_1         
-------------------------------------------|-------------------------------------------
VGND                                       |VGND                                       
VNB                                        |VNB                                        
VPB                                        |VPB                                        
VPWR                                       |VPWR                                       
---------------------------------------------------------------------------------------
Cell pin lists are equivalent.
Device classes sky130_fd_sc_hd__fill_1 and sky130_fd_sc_hd__fill_1 are equivalent.

Cell sky130_fd_sc_hd__tapvpwrvgnd_1 (0) disconnected node: VGND
Cell sky130_fd_sc_hd__tapvpwrvgnd_1 (0) disconnected node: VPWR
Warning: Equate pins:  cell sky130_fd_sc_hd__tapvpwrvgnd_1 is a placeholder, treated as a black box.

Subcircuit pins:
Circuit 1: sky130_fd_sc_hd__tapvpwrvgnd_1  |Circuit 2: sky130_fd_sc_hd__tapvpwrvgnd_1  
-------------------------------------------|-------------------------------------------
VGND                                       |VGND                                       
VPWR                                       |VPWR                                       
---------------------------------------------------------------------------------------
Cell pin lists are equivalent.
Device classes sky130_fd_sc_hd__tapvpwrvgnd_1 and sky130_fd_sc_hd__tapvpwrvgnd_1 are equivalent.

Cell sky130_fd_sc_hd__decap_4 (0) disconnected node: VGND
Cell sky130_fd_sc_hd__decap_4 (0) disconnected node: VNB
Cell sky130_fd_sc_hd__decap_4 (0) disconnected node: VPB
Cell sky130_fd_sc_hd__decap_4 (0) disconnected node: VPWR
Warning: Equate pins:  cell sky130_fd_sc_hd__decap_4 is a placeholder, treated as a black box.

Subcircuit pins:
Circuit 1: sky130_fd_sc_hd__decap_4        |Circuit 2: sky130_fd_sc_hd__decap_4        
-------------------------------------------|-------------------------------------------
VGND                                       |VGND                                       
VNB                                        |VNB                                        
VPB                                        |VPB                                        
VPWR                                       |VPWR                                       
---------------------------------------------------------------------------------------
Cell pin lists are equivalent.
Device classes sky130_fd_sc_hd__decap_4 and sky130_fd_sc_hd__decap_4 are equivalent.

Cell sky130_fd_sc_hd__decap_3 (0) disconnected node: VGND
Cell sky130_fd_sc_hd__decap_3 (0) disconnected node: VNB
Cell sky130_fd_sc_hd__decap_3 (0) disconnected node: VPB
Cell sky130_fd_sc_hd__decap_3 (0) disconnected node: VPWR
Warning: Equate pins:  cell sky130_fd_sc_hd__decap_3 is a placeholder, treated as a black box.

Subcircuit pins:
Circuit 1: sky130_fd_sc_hd__decap_3        |Circuit 2: sky130_fd_sc_hd__decap_3        
-------------------------------------------|-------------------------------------------
VGND                                       |VGND                                       
VNB                                        |VNB                                        
VPB                                        |VPB                                        
VPWR                                       |VPWR                                       
---------------------------------------------------------------------------------------
Cell pin lists are equivalent.
Device classes sky130_fd_sc_hd__decap_3 and sky130_fd_sc_hd__decap_3 are equivalent.

Cell sky130_fd_sc_hd__decap_8 (0) disconnected node: VGND
Cell sky130_fd_sc_hd__decap_8 (0) disconnected node: VNB
Cell sky130_fd_sc_hd__decap_8 (0) disconnected node: VPB
Cell sky130_fd_sc_hd__decap_8 (0) disconnected node: VPWR
Warning: Equate pins:  cell sky130_fd_sc_hd__decap_8 is a placeholder, treated as a black box.

Subcircuit pins:
Circuit 1: sky130_fd_sc_hd__decap_8        |Circuit 2: sky130_fd_sc_hd__decap_8        
-------------------------------------------|-------------------------------------------
VGND                                       |VGND                                       
VNB                                        |VNB                                        
VPB                                        |VPB                                        
VPWR                                       |VPWR                                       
---------------------------------------------------------------------------------------
Cell pin lists are equivalent.
Device classes sky130_fd_sc_hd__decap_8 and sky130_fd_sc_hd__decap_8 are equivalent.

Cell top_module (0) disconnected node: clk
Cell top_module (0) disconnected node: control
Cell top_module (0) disconnected node: reset
Cell top_module (1) disconnected node: clk
Cell top_module (1) disconnected node: control
Cell top_module (1) disconnected node: reset
Class top_module (0):  Merged 8189 parallel devices.
Class top_module (1):  Merged 8189 parallel devices.
Cell top_module (0) disconnected node: clk
Cell top_module (0) disconnected node: control
Cell top_module (0) disconnected node: reset
Cell top_module (1) disconnected node: clk
Cell top_module (1) disconnected node: control
Cell top_module (1) disconnected node: reset
Subcircuit summary:
Circuit 1: top_module                      |Circuit 2: top_module                      
-------------------------------------------|-------------------------------------------
sky130_fd_sc_hd__decap_6 (1000->1)         |sky130_fd_sc_hd__decap_6 (1000->1)         
sky130_ef_sc_hd__decap_12 (4506->1)        |sky130_ef_sc_hd__decap_12 (4506->1)        
sky130_fd_sc_hd__conb_1 (64)               |sky130_fd_sc_hd__conb_1 (64)               
sky130_fd_sc_hd__fill_1 (1166->1)          |sky130_fd_sc_hd__fill_1 (1166->1)          
sky130_fd_sc_hd__tapvpwrvgnd_1 (1144->1)   |sky130_fd_sc_hd__tapvpwrvgnd_1 (1144->1)   
sky130_fd_sc_hd__decap_4 (82->1)           |sky130_fd_sc_hd__decap_4 (82->1)           
sky130_fd_sc_hd__decap_3 (246->1)          |sky130_fd_sc_hd__decap_3 (246->1)          
sky130_fd_sc_hd__decap_8 (52->1)           |sky130_fd_sc_hd__decap_8 (52->1)           
Number of devices: 71                      |Number of devices: 71                      
Number of nets: 130                        |Number of nets: 130                        
---------------------------------------------------------------------------------------
Resolving symmetries by property value.
Resolving symmetries by pin name.
Netlists match uniquely.

Subcircuit pins:
Circuit 1: top_module                      |Circuit 2: top_module                      
-------------------------------------------|-------------------------------------------
result1[5]                                 |result1[5]                                 
result1[4]                                 |result1[4]                                 
result1[3]                                 |result1[3]                                 
result1[2]                                 |result1[2]                                 
result1[1]                                 |result1[1]                                 
result1[0]                                 |result1[0]                                 
result1[18]                                |result1[18]                                
result1[28]                                |result1[28]                                
result1[17]                                |result1[17]                                
result2[6]                                 |result2[6]                                 
result1[16]                                |result1[16]                                
result1[27]                                |result1[27]                                
result2[16]                                |result2[16]                                
result2[5]                                 |result2[5]                                 
result1[15]                                |result1[15]                                
result1[26]                                |result1[26]                                
result2[26]                                |result2[26]                                
result2[15]                                |result2[15]                                
result1[14]                                |result1[14]                                
result1[25]                                |result1[25]                                
result2[4]                                 |result2[4]                                 
result2[25]                                |result2[25]                                
result2[14]                                |result2[14]                                
result1[13]                                |result1[13]                                
result1[24]                                |result1[24]                                
result2[3]                                 |result2[3]                                 
result2[24]                                |result2[24]                                
result1[23]                                |result1[23]                                
result2[13]                                |result2[13]                                
result2[2]                                 |result2[2]                                 
result1[12]                                |result1[12]                                
result2[23]                                |result2[23]                                
result1[22]                                |result1[22]                                
result2[12]                                |result2[12]                                
result2[1]                                 |result2[1]                                 
result1[11]                                |result1[11]                                
result2[22]                                |result2[22]                                
result2[11]                                |result2[11]                                
result2[0]                                 |result2[0]                                 
result1[10]                                |result1[10]                                
result1[21]                                |result1[21]                                
result2[21]                                |result2[21]                                
result1[31]                                |result1[31]                                
result2[10]                                |result2[10]                                
result1[9]                                 |result1[9]                                 
result1[20]                                |result1[20]                                
result2[20]                                |result2[20]                                
result2[31]                                |result2[31]                                
result2[9]                                 |result2[9]                                 
result1[19]                                |result1[19]                                
result1[30]                                |result1[30]                                
result2[19]                                |result2[19]                                
result2[30]                                |result2[30]                                
result2[8]                                 |result2[8]                                 
result1[29]                                |result1[29]                                
result2[18]                                |result2[18]                                
result2[29]                                |result2[29]                                
result2[7]                                 |result2[7]                                 
result2[17]                                |result2[17]                                
result2[28]                                |result2[28]                                
result2[27]                                |result2[27]                                
result1[8]                                 |result1[8]                                 
result1[7]                                 |result1[7]                                 
result1[6]                                 |result1[6]                                 
VGND                                       |VGND                                       
VPWR                                       |VPWR                                       
clk                                        |clk                                        
control                                    |control                                    
reset                                      |reset                                      
---------------------------------------------------------------------------------------
Cell pin lists are equivalent.
Device classes top_module and top_module are equivalent.

Final result: Circuits match uniquely.
.
